[2022-12-11 21:59:28] [INFO   ] cannot read configuration file config.properties trying from resources.
[2022-12-11 21:59:28] [INFO   ] configuration file was loaded from resources directory.
[2022-12-11 21:59:28] [SEVERE ] placing card 68 in slot 0
[2022-12-11 21:59:28] [SEVERE ] placing card 25 in slot 1
[2022-12-11 21:59:28] [SEVERE ] placing card 22 in slot 2
[2022-12-11 21:59:29] [SEVERE ] placing card 4 in slot 3
[2022-12-11 21:59:29] [SEVERE ] placing card 49 in slot 4
[2022-12-11 21:59:29] [SEVERE ] Key 65 was pressed by player 0
[2022-12-11 21:59:29] [SEVERE ] placing card 2 in slot 5
[2022-12-11 21:59:29] [SEVERE ] Key 65 was pressed by player 0
[2022-12-11 21:59:29] [SEVERE ] placing card 55 in slot 6
[2022-12-11 21:59:29] [SEVERE ] placing card 58 in slot 7
[2022-12-11 21:59:29] [SEVERE ] Key 65 was pressed by player 0
[2022-12-11 21:59:29] [SEVERE ] placing card 44 in slot 8
[2022-12-11 21:59:29] [SEVERE ] placing card 20 in slot 9
[2022-12-11 21:59:29] [SEVERE ] Key 65 was pressed by player 0
[2022-12-11 21:59:29] [SEVERE ] placing card 78 in slot 10
[2022-12-11 21:59:29] [SEVERE ] Key 65 was pressed by player 0
[2022-12-11 21:59:29] [SEVERE ] placing card 56 in slot 11
[2022-12-11 21:59:29] [SEVERE ] setting player 0 freeze to -1670788769926
[2022-12-11 21:59:29] [SEVERE ] setting player 1 freeze to -1670788769926
[2022-12-11 21:59:30] [SEVERE ] Key 65 was pressed by player 0
[2022-12-11 21:59:30] [SEVERE ] Key 65 was pressed by player 0
[2022-12-11 21:59:30] [SEVERE ] Key 65 was pressed by player 0
[2022-12-11 21:59:30] [SEVERE ] Key 65 was pressed by player 0
[2022-12-11 21:59:30] [SEVERE ] Key 65 was pressed by player 0
[2022-12-11 21:59:30] [SEVERE ] setting player 0 freeze to -1670788770936
[2022-12-11 21:59:30] [SEVERE ] setting player 1 freeze to -1670788770937
[2022-12-11 21:59:31] [SEVERE ] Key 65 was pressed by player 0
[2022-12-11 21:59:31] [SEVERE ] player 0 placing token on slot 4
[2022-12-11 21:59:31] [SEVERE ] Key 65 was pressed by player 0
[2022-12-11 21:59:31] [SEVERE ] removing player 0 token from slot 4
[2022-12-11 21:59:31] [SEVERE ] Key 65 was pressed by player 0
[2022-12-11 21:59:31] [SEVERE ] player 0 placing token on slot 4
[2022-12-11 21:59:31] [SEVERE ] Key 65 was pressed by player 0
[2022-12-11 21:59:31] [SEVERE ] removing player 0 token from slot 4
[2022-12-11 21:59:31] [SEVERE ] Key 65 was pressed by player 0
[2022-12-11 21:59:31] [SEVERE ] player 0 placing token on slot 4
[2022-12-11 21:59:31] [SEVERE ] setting player 0 freeze to -1670788771947
[2022-12-11 21:59:31] [SEVERE ] setting player 1 freeze to -1670788771947
[2022-12-11 21:59:32] [SEVERE ] Key 83 was pressed by player 0
[2022-12-11 21:59:32] [SEVERE ] player 0 placing token on slot 5
[2022-12-11 21:59:32] [SEVERE ] Key 68 was pressed by player 0
[2022-12-11 21:59:32] [SEVERE ] player 0 placing token on slot 6
[2022-12-11 21:59:32] [SEVERE ] setting player 0 freeze to 3000
[2022-12-11 21:59:32] [SEVERE ] setting player 1 freeze to -1670788772226
[2022-12-11 21:59:32] [SEVERE ] Key 68 was pressed by player 0
[2022-12-11 21:59:32] [SEVERE ] Key 83 was pressed by player 0
[2022-12-11 21:59:32] [SEVERE ] Key 65 was pressed by player 0
[2022-12-11 21:59:33] [SEVERE ] setting player 0 freeze to 1988
[2022-12-11 21:59:33] [SEVERE ] setting player 1 freeze to -1670788773239
[2022-12-11 21:59:33] [SEVERE ] Key 65 was pressed by player 0
[2022-12-11 21:59:33] [SEVERE ] Key 83 was pressed by player 0
[2022-12-11 21:59:33] [SEVERE ] Key 68 was pressed by player 0
[2022-12-11 21:59:33] [SEVERE ] Key 83 was pressed by player 0
[2022-12-11 21:59:34] [SEVERE ] Key 65 was pressed by player 0
[2022-12-11 21:59:34] [SEVERE ] setting player 0 freeze to 975
[2022-12-11 21:59:34] [SEVERE ] setting player 1 freeze to -1670788774251
[2022-12-11 21:59:34] [SEVERE ] Key 65 was pressed by player 0
[2022-12-11 21:59:34] [SEVERE ] Key 83 was pressed by player 0
[2022-12-11 21:59:34] [SEVERE ] Key 68 was pressed by player 0
[2022-12-11 21:59:35] [SEVERE ] setting player 0 freeze to -33
[2022-12-11 21:59:35] [SEVERE ] setting player 1 freeze to -1670788775260
[2022-12-11 21:59:35] [SEVERE ] Exit button pressed
[2022-12-11 21:59:36] [SEVERE ] setting player 0 freeze to -1045
[2022-12-11 21:59:36] [SEVERE ] setting player 1 freeze to -1670788776271
[2022-12-11 21:59:36] [SEVERE ] setting player 0 freeze to -1045
[2022-12-11 21:59:36] [SEVERE ] setting player 1 freeze to -1670788776271
[2022-12-11 21:59:36] [SEVERE ] removing player 0 token from slot 4
[2022-12-11 21:59:36] [SEVERE ] removing player 0 token from slot 5
[2022-12-11 21:59:36] [SEVERE ] removing player 0 token from slot 6
[2022-12-11 21:59:36] [SEVERE ] removing card from slot 0
[2022-12-11 21:59:36] [SEVERE ] removing card from slot 1
[2022-12-11 21:59:36] [SEVERE ] removing card from slot 2
[2022-12-11 21:59:36] [SEVERE ] removing card from slot 3
[2022-12-11 21:59:36] [SEVERE ] removing card from slot 4
[2022-12-11 21:59:36] [SEVERE ] removing card from slot 5
[2022-12-11 21:59:37] [SEVERE ] removing card from slot 6
[2022-12-11 21:59:37] [SEVERE ] removing card from slot 7
[2022-12-11 21:59:37] [SEVERE ] removing card from slot 8
[2022-12-11 21:59:37] [SEVERE ] removing card from slot 9
[2022-12-11 21:59:37] [SEVERE ] removing card from slot 10
[2022-12-11 21:59:37] [SEVERE ] removing card from slot 11
[2022-12-11 21:59:37] [SEVERE ] setting player 0 freeze to -1670788777576
[2022-12-11 21:59:37] [SEVERE ] setting player 1 freeze to -1670788777577
[2022-12-11 21:59:37] [INFO   ] Thread main terminated.
