[2022-12-11 18:10:37] [INFO   ] cannot read configuration file config.properties trying from resources.
[2022-12-11 18:10:37] [INFO   ] configuration file was loaded from resources directory.
[2022-12-11 18:10:38] [SEVERE ] placing card 33 in slot 0
[2022-12-11 18:10:38] [SEVERE ] placing card 38 in slot 1
[2022-12-11 18:10:38] [SEVERE ] placing card 12 in slot 2
[2022-12-11 18:10:38] [SEVERE ] placing card 0 in slot 3
[2022-12-11 18:10:38] [SEVERE ] placing card 73 in slot 4
[2022-12-11 18:10:39] [SEVERE ] placing card 6 in slot 5
[2022-12-11 18:10:39] [SEVERE ] placing card 4 in slot 6
[2022-12-11 18:10:39] [SEVERE ] placing card 58 in slot 7
[2022-12-11 18:10:39] [SEVERE ] placing card 49 in slot 8
[2022-12-11 18:10:39] [SEVERE ] placing card 7 in slot 9
[2022-12-11 18:10:39] [SEVERE ] placing card 20 in slot 10
[2022-12-11 18:10:39] [SEVERE ] placing card 11 in slot 11
[2022-12-11 18:10:39] [SEVERE ] setting player 0 freeze to -1670775039769
[2022-12-11 18:10:39] [SEVERE ] setting player 1 freeze to -1670775039769
[2022-12-11 18:10:40] [SEVERE ] setting player 0 freeze to -1670775040790
[2022-12-11 18:10:40] [SEVERE ] setting player 1 freeze to -1670775040791
[2022-12-11 18:10:41] [SEVERE ] setting player 0 freeze to -1670775041792
[2022-12-11 18:10:41] [SEVERE ] setting player 1 freeze to -1670775041792
[2022-12-11 18:10:42] [SEVERE ] setting player 0 freeze to -1670775042808
[2022-12-11 18:10:42] [SEVERE ] setting player 1 freeze to -1670775042809
[2022-12-11 18:10:43] [SEVERE ] setting player 0 freeze to -1670775043820
[2022-12-11 18:10:43] [SEVERE ] setting player 1 freeze to -1670775043820
[2022-12-11 18:10:44] [SEVERE ] Key 65 was pressed by player 0
[2022-12-11 18:10:44] [SEVERE ] Key 83 was pressed by player 0
[2022-12-11 18:10:44] [SEVERE ] setting player 0 freeze to -1670775044823
[2022-12-11 18:10:44] [SEVERE ] setting player 1 freeze to -1670775044823
[2022-12-11 18:10:44] [SEVERE ] Key 68 was pressed by player 0
[2022-12-11 18:10:45] [SEVERE ] setting player 0 freeze to -1670775045827
[2022-12-11 18:10:45] [SEVERE ] setting player 1 freeze to -1670775045828
[2022-12-11 18:10:46] [SEVERE ] setting player 0 freeze to -1670775046837
[2022-12-11 18:10:46] [SEVERE ] setting player 1 freeze to -1670775046837
[2022-12-11 18:10:46] [SEVERE ] Exit button pressed
[2022-12-11 18:10:47] [SEVERE ] setting player 0 freeze to -1670775047841
[2022-12-11 18:10:47] [SEVERE ] setting player 1 freeze to -1670775047842
[2022-12-11 18:10:47] [SEVERE ] setting player 0 freeze to -1670775047842
[2022-12-11 18:10:47] [SEVERE ] setting player 1 freeze to -1670775047842
[2022-12-11 18:10:47] [SEVERE ] removing card from slot 0
[2022-12-11 18:10:48] [SEVERE ] removing card from slot 1
[2022-12-11 18:10:48] [SEVERE ] removing card from slot 2
[2022-12-11 18:10:48] [SEVERE ] removing card from slot 3
[2022-12-11 18:10:48] [SEVERE ] removing card from slot 4
[2022-12-11 18:10:48] [SEVERE ] removing card from slot 5
[2022-12-11 18:10:48] [SEVERE ] removing card from slot 6
[2022-12-11 18:10:48] [SEVERE ] removing card from slot 7
[2022-12-11 18:10:48] [SEVERE ] removing card from slot 8
[2022-12-11 18:10:48] [SEVERE ] removing card from slot 9
[2022-12-11 18:10:49] [SEVERE ] removing card from slot 10
[2022-12-11 18:10:49] [SEVERE ] removing card from slot 11
[2022-12-11 18:10:49] [SEVERE ] setting player 0 freeze to -1670775049149
[2022-12-11 18:10:49] [SEVERE ] setting player 1 freeze to -1670775049149
[2022-12-11 18:10:49] [INFO   ] Thread main terminated.
