[2022-12-11 22:12:12] [INFO   ] cannot read configuration file config.properties trying from resources.
[2022-12-11 22:12:12] [INFO   ] configuration file was loaded from resources directory.
[2022-12-11 22:12:12] [SEVERE ] placing card 1 in slot 0
[2022-12-11 22:12:12] [SEVERE ] placing card 26 in slot 1
[2022-12-11 22:12:12] [SEVERE ] placing card 28 in slot 2
[2022-12-11 22:12:13] [SEVERE ] placing card 54 in slot 3
[2022-12-11 22:12:13] [SEVERE ] placing card 70 in slot 4
[2022-12-11 22:12:13] [SEVERE ] placing card 45 in slot 5
[2022-12-11 22:12:13] [SEVERE ] placing card 62 in slot 6
[2022-12-11 22:12:13] [SEVERE ] placing card 13 in slot 7
[2022-12-11 22:12:13] [SEVERE ] placing card 48 in slot 8
[2022-12-11 22:12:13] [SEVERE ] placing card 73 in slot 9
[2022-12-11 22:12:13] [SEVERE ] placing card 30 in slot 10
[2022-12-11 22:12:13] [SEVERE ] placing card 31 in slot 11
[2022-12-11 22:12:13] [SEVERE ] setting player 0 freeze to -1670789533955
[2022-12-11 22:12:13] [SEVERE ] setting player 1 freeze to -1670789533955
[2022-12-11 22:12:14] [SEVERE ] setting player 0 freeze to -1670789534970
[2022-12-11 22:12:14] [SEVERE ] setting player 1 freeze to -1670789534970
[2022-12-11 22:12:14] [SEVERE ] player 0 placing token on slot 0
[2022-12-11 22:12:14] [SEVERE ] player 1 placing token on slot 9
[2022-12-11 22:12:14] [SEVERE ] player 0 placing token on slot 9
[2022-12-11 22:12:14] [SEVERE ] player 1 placing token on slot 11
[2022-12-11 22:12:14] [SEVERE ] player 0 placing token on slot 8
[2022-12-11 22:12:14] [SEVERE ] player 1 placing token on slot 7
[2022-12-11 22:12:14] [SEVERE ] removing player 0 token from slot 0
[2022-12-11 22:12:14] [SEVERE ] removing player 1 token from slot 11
[2022-12-11 22:12:14] [SEVERE ] player 0 placing token on slot 10
[2022-12-11 22:12:14] [SEVERE ] player 1 placing token on slot 8
[2022-12-11 22:12:14] [SEVERE ] removing player 1 token from slot 7
[2022-12-11 22:12:14] [SEVERE ] player 1 placing token on slot 6
[2022-12-11 22:12:14] [SEVERE ] removing player 1 token from slot 9
[2022-12-11 22:12:14] [SEVERE ] player 1 placing token on slot 1
[2022-12-11 22:12:14] [SEVERE ] removing player 1 token from slot 6
[2022-12-11 22:12:14] [SEVERE ] player 1 placing token on slot 3
[2022-12-11 22:12:14] [SEVERE ] removing player 1 token from slot 1
[2022-12-11 22:12:14] [SEVERE ] player 1 placing token on slot 10
[2022-12-11 22:12:14] [SEVERE ] removing player 1 token from slot 3
[2022-12-11 22:12:14] [SEVERE ] player 1 placing token on slot 11
[2022-12-11 22:12:14] [SEVERE ] removing player 0 token from slot 8
[2022-12-11 22:12:14] [SEVERE ] player 0 placing token on slot 1
[2022-12-11 22:12:14] [SEVERE ] removing player 0 token from slot 1
[2022-12-11 22:12:14] [SEVERE ] player 0 placing token on slot 0
[2022-12-11 22:12:14] [SEVERE ] removing player 0 token from slot 10
[2022-12-11 22:12:14] [SEVERE ] player 0 placing token on slot 8
[2022-12-11 22:12:14] [SEVERE ] removing player 1 token from slot 11
[2022-12-11 22:12:14] [SEVERE ] player 1 placing token on slot 0
[2022-12-11 22:12:14] [SEVERE ] removing player 1 token from slot 10
[2022-12-11 22:12:14] [SEVERE ] player 1 placing token on slot 10
[2022-12-11 22:12:14] [SEVERE ] removing player 1 token from slot 10
[2022-12-11 22:12:14] [SEVERE ] player 1 placing token on slot 5
[2022-12-11 22:12:14] [SEVERE ] removing player 0 token from slot 9
[2022-12-11 22:12:14] [SEVERE ] player 0 placing token on slot 1
[2022-12-11 22:12:14] [SEVERE ] removing player 1 token from slot 0
[2022-12-11 22:12:14] [SEVERE ] removing player 0 token from slot 0
[2022-12-11 22:12:14] [SEVERE ] player 1 placing token on slot 6
[2022-12-11 22:12:14] [SEVERE ] player 0 placing token on slot 7
[2022-12-11 22:12:14] [SEVERE ] removing player 1 token from slot 5
[2022-12-11 22:12:14] [SEVERE ] removing player 0 token from slot 1
[2022-12-11 22:12:14] [SEVERE ] player 0 placing token on slot 5
[2022-12-11 22:12:14] [SEVERE ] player 1 placing token on slot 9
[2022-12-11 22:12:14] [SEVERE ] removing player 1 token from slot 8
[2022-12-11 22:12:14] [SEVERE ] removing player 1 token from slot 6
[2022-12-11 22:12:14] [SEVERE ] removing player 1 token from slot 9
[2022-12-11 22:12:14] [SEVERE ] removing player 0 token from slot 5
[2022-12-11 22:12:14] [SEVERE ] player 1 placing token on slot 0
[2022-12-11 22:12:14] [SEVERE ] player 0 placing token on slot 3
[2022-12-11 22:12:14] [SEVERE ] player 1 placing token on slot 6
[2022-12-11 22:12:14] [SEVERE ] removing player 0 token from slot 7
[2022-12-11 22:12:14] [SEVERE ] player 1 placing token on slot 7
[2022-12-11 22:12:14] [SEVERE ] player 0 placing token on slot 7
[2022-12-11 22:12:14] [SEVERE ] removing player 1 token from slot 6
[2022-12-11 22:12:14] [SEVERE ] removing player 0 token from slot 7
[2022-12-11 22:12:14] [SEVERE ] removing player 1 token from slot 7
[2022-12-11 22:12:14] [SEVERE ] player 1 placing token on slot 6
[2022-12-11 22:12:14] [SEVERE ] player 1 placing token on slot 8
[2022-12-11 22:12:14] [SEVERE ] removing player 1 token from slot 6
[2022-12-11 22:12:14] [SEVERE ] player 1 placing token on slot 3
[2022-12-11 22:12:14] [SEVERE ] player 0 placing token on slot 9
[2022-12-11 22:12:14] [SEVERE ] removing player 1 token from slot 3
[2022-12-11 22:12:14] [SEVERE ] removing player 0 token from slot 9
[2022-12-11 22:12:14] [SEVERE ] player 1 placing token on slot 10
[2022-12-11 22:12:14] [SEVERE ] player 0 placing token on slot 4
[2022-12-11 22:12:14] [SEVERE ] removing player 1 token from slot 10
[2022-12-11 22:12:14] [SEVERE ] player 1 placing token on slot 7
[2022-12-11 22:12:14] [SEVERE ] removing player 0 token from slot 8
[2022-12-11 22:12:14] [SEVERE ] player 0 placing token on slot 5
[2022-12-11 22:12:14] [SEVERE ] removing player 0 token from slot 5
[2022-12-11 22:12:14] [SEVERE ] removing player 1 token from slot 0
[2022-12-11 22:12:14] [SEVERE ] player 0 placing token on slot 6
[2022-12-11 22:12:14] [SEVERE ] removing player 1 token from slot 7
[2022-12-11 22:12:14] [SEVERE ] removing player 0 token from slot 4
[2022-12-11 22:12:14] [SEVERE ] player 1 placing token on slot 10
[2022-12-11 22:12:14] [SEVERE ] removing player 0 token from slot 3
[2022-12-11 22:12:14] [SEVERE ] player 1 placing token on slot 11
[2022-12-11 22:12:14] [SEVERE ] removing player 1 token from slot 11
[2022-12-11 22:12:14] [SEVERE ] player 1 placing token on slot 5
[2022-12-11 22:12:14] [SEVERE ] removing player 1 token from slot 10
[2022-12-11 22:12:14] [SEVERE ] player 1 placing token on slot 0
[2022-12-11 22:12:14] [SEVERE ] removing player 1 token from slot 5
[2022-12-11 22:12:14] [SEVERE ] removing player 1 token from slot 8
[2022-12-11 22:12:14] [SEVERE ] player 1 placing token on slot 10
[2022-12-11 22:12:14] [SEVERE ] removing player 1 token from slot 10
[2022-12-11 22:12:14] [SEVERE ] player 1 placing token on slot 10
[2022-12-11 22:12:14] [SEVERE ] player 1 placing token on slot 3
[2022-12-11 22:12:14] [SEVERE ] removing player 1 token from slot 10
[2022-12-11 22:12:14] [SEVERE ] player 1 placing token on slot 6
[2022-12-11 22:12:14] [SEVERE ] removing player 0 token from slot 6
[2022-12-11 22:12:14] [SEVERE ] player 0 placing token on slot 4
[2022-12-11 22:12:14] [SEVERE ] player 0 placing token on slot 0
[2022-12-11 22:12:14] [SEVERE ] removing player 1 token from slot 6
[2022-12-11 22:12:14] [SEVERE ] player 1 placing token on slot 5
[2022-12-11 22:12:14] [SEVERE ] player 0 placing token on slot 3
[2022-12-11 22:12:14] [SEVERE ] removing player 1 token from slot 5
[2022-12-11 22:12:14] [SEVERE ] removing player 0 token from slot 4
[2022-12-11 22:12:14] [SEVERE ] player 1 placing token on slot 10
[2022-12-11 22:12:14] [SEVERE ] removing player 1 token from slot 3
[2022-12-11 22:12:14] [SEVERE ] player 1 placing token on slot 2
[2022-12-11 22:12:14] [SEVERE ] removing player 1 token from slot 10
[2022-12-11 22:12:14] [SEVERE ] removing player 0 token from slot 0
[2022-12-11 22:12:14] [SEVERE ] player 1 placing token on slot 6
[2022-12-11 22:12:14] [SEVERE ] removing player 0 token from slot 3
[2022-12-11 22:12:14] [SEVERE ] player 0 placing token on slot 6
[2022-12-11 22:12:14] [SEVERE ] removing player 1 token from slot 6
[2022-12-11 22:12:14] [SEVERE ] player 0 placing token on slot 0
[2022-12-11 22:12:14] [SEVERE ] player 1 placing token on slot 10
[2022-12-11 22:12:14] [SEVERE ] player 0 placing token on slot 4
[2022-12-11 22:12:14] [SEVERE ] removing player 1 token from slot 2
[2022-12-11 22:12:14] [SEVERE ] player 1 placing token on slot 1
[2022-12-11 22:12:14] [SEVERE ] removing player 0 token from slot 0
[2022-12-11 22:12:14] [SEVERE ] removing player 1 token from slot 1
[2022-12-11 22:12:14] [SEVERE ] player 0 placing token on slot 10
[2022-12-11 22:12:14] [SEVERE ] player 1 placing token on slot 7
[2022-12-11 22:12:14] [SEVERE ] removing player 1 token from slot 0
[2022-12-11 22:12:14] [SEVERE ] removing player 0 token from slot 4
[2022-12-11 22:12:14] [SEVERE ] player 0 placing token on slot 1
[2022-12-11 22:12:14] [SEVERE ] player 1 placing token on slot 3
[2022-12-11 22:12:14] [SEVERE ] removing player 0 token from slot 6
[2022-12-11 22:12:14] [SEVERE ] removing player 1 token from slot 7
[2022-12-11 22:12:14] [SEVERE ] removing player 0 token from slot 1
[2022-12-11 22:12:14] [SEVERE ] player 1 placing token on slot 11
[2022-12-11 22:12:14] [SEVERE ] player 0 placing token on slot 6
[2022-12-11 22:12:14] [SEVERE ] removing player 1 token from slot 3
[2022-12-11 22:12:14] [SEVERE ] player 0 placing token on slot 9
[2022-12-11 22:12:14] [SEVERE ] player 1 placing token on slot 1
[2022-12-11 22:12:14] [SEVERE ] removing player 0 token from slot 10
[2022-12-11 22:12:14] [SEVERE ] player 0 placing token on slot 11
[2022-12-11 22:12:14] [SEVERE ] setting player 0 freeze to 0
[2022-12-11 22:12:14] [SEVERE ] removing player 1 token from slot 1
[2022-12-11 22:12:14] [SEVERE ] player 1 placing token on slot 7
[2022-12-11 22:12:14] [SEVERE ] removing player 1 token from slot 7
[2022-12-11 22:12:14] [SEVERE ] removing player 1 token from slot 11
[2022-12-11 22:12:14] [SEVERE ] player 1 placing token on slot 0
[2022-12-11 22:12:14] [SEVERE ] setting player 1 freeze to -1
[2022-12-11 22:12:14] [SEVERE ] player 1 placing token on slot 9
[2022-12-11 22:12:14] [SEVERE ] removing player 0 token from slot 6
[2022-12-11 22:12:14] [SEVERE ] removing player 1 token from slot 10
[2022-12-11 22:12:14] [SEVERE ] removing player 0 token from slot 11
[2022-12-11 22:12:14] [SEVERE ] setting player 0 freeze to -2
[2022-12-11 22:12:14] [SEVERE ] player 0 placing token on slot 8
[2022-12-11 22:12:14] [SEVERE ] player 1 placing token on slot 8
[2022-12-11 22:12:14] [SEVERE ] player 0 placing token on slot 5
[2022-12-11 22:12:14] [SEVERE ] setting player 1 freeze to 0
[2022-12-11 22:12:14] [SEVERE ] removing player 0 token from slot 9
[2022-12-11 22:12:14] [SEVERE ] removing player 1 token from slot 8
[2022-12-11 22:12:14] [SEVERE ] player 0 placing token on slot 7
[2022-12-11 22:12:14] [SEVERE ] player 1 placing token on slot 6
[2022-12-11 22:12:14] [SEVERE ] removing player 0 token from slot 5
[2022-12-11 22:12:14] [SEVERE ] removing player 1 token from slot 9
[2022-12-11 22:12:14] [SEVERE ] player 0 placing token on slot 4
[2022-12-11 22:12:14] [SEVERE ] player 1 placing token on slot 5
[2022-12-11 22:12:14] [SEVERE ] removing player 0 token from slot 8
[2022-12-11 22:12:14] [SEVERE ] removing player 0 token from slot 4
[2022-12-11 22:12:14] [SEVERE ] player 0 placing token on slot 4
[2022-12-11 22:12:14] [SEVERE ] player 0 placing token on slot 9
[2022-12-11 22:12:15] [SEVERE ] removing player 1 token from slot 5
[2022-12-11 22:12:15] [SEVERE ] removing player 0 token from slot 7
[2022-12-11 22:12:15] [SEVERE ] removing player 1 token from slot 6
[2022-12-11 22:12:15] [SEVERE ] player 0 placing token on slot 5
[2022-12-11 22:12:15] [SEVERE ] setting player 0 freeze to 0
[2022-12-11 22:12:15] [SEVERE ] player 1 placing token on slot 1
[2022-12-11 22:12:15] [SEVERE ] removing player 0 token from slot 4
[2022-12-11 22:12:15] [SEVERE ] player 0 placing token on slot 7
[2022-12-11 22:12:15] [SEVERE ] setting player 1 freeze to -1
[2022-12-11 22:12:15] [SEVERE ] removing player 0 token from slot 9
[2022-12-11 22:12:15] [SEVERE ] player 1 placing token on slot 2
[2022-12-11 22:12:15] [SEVERE ] player 0 placing token on slot 1
[2022-12-11 22:12:15] [SEVERE ] removing player 1 token from slot 0
[2022-12-11 22:12:15] [SEVERE ] removing player 0 token from slot 5
[2022-12-11 22:12:15] [SEVERE ] removing player 1 token from slot 2
[2022-12-11 22:12:15] [SEVERE ] player 0 placing token on slot 2
[2022-12-11 22:12:15] [SEVERE ] player 1 placing token on slot 0
[2022-12-11 22:12:15] [SEVERE ] removing player 0 token from slot 7
[2022-12-11 22:12:15] [SEVERE ] player 1 placing token on slot 8
[2022-12-11 22:12:15] [SEVERE ] removing player 0 token from slot 1
[2022-12-11 22:12:15] [SEVERE ] removing player 1 token from slot 1
[2022-12-11 22:12:15] [SEVERE ] player 0 placing token on slot 5
[2022-12-11 22:12:15] [SEVERE ] removing player 1 token from slot 8
[2022-12-11 22:12:15] [SEVERE ] player 0 placing token on slot 0
[2022-12-11 22:12:15] [SEVERE ] removing player 1 token from slot 0
[2022-12-11 22:12:15] [SEVERE ] removing player 0 token from slot 0
[2022-12-11 22:12:15] [SEVERE ] player 1 placing token on slot 5
[2022-12-11 22:12:15] [SEVERE ] removing player 0 token from slot 5
[2022-12-11 22:12:15] [SEVERE ] removing player 1 token from slot 5
[2022-12-11 22:12:15] [SEVERE ] removing player 0 token from slot 2
[2022-12-11 22:12:15] [SEVERE ] player 1 placing token on slot 3
[2022-12-11 22:12:15] [SEVERE ] player 0 placing token on slot 1
[2022-12-11 22:12:15] [SEVERE ] player 1 placing token on slot 9
[2022-12-11 22:12:15] [SEVERE ] removing player 0 token from slot 1
[2022-12-11 22:12:15] [SEVERE ] player 1 placing token on slot 1
[2022-12-11 22:12:15] [SEVERE ] player 0 placing token on slot 1
[2022-12-11 22:12:15] [SEVERE ] removing player 1 token from slot 9
[2022-12-11 22:12:15] [SEVERE ] removing player 0 token from slot 1
[2022-12-11 22:12:15] [SEVERE ] setting player 0 freeze to -5
[2022-12-11 22:12:15] [SEVERE ] player 1 placing token on slot 9
[2022-12-11 22:12:15] [SEVERE ] player 0 placing token on slot 6
[2022-12-11 22:12:15] [SEVERE ] player 0 placing token on slot 8
[2022-12-11 22:12:15] [SEVERE ] player 0 placing token on slot 11
[2022-12-11 22:12:15] [SEVERE ] setting player 1 freeze to -1
[2022-12-11 22:12:15] [SEVERE ] removing player 1 token from slot 3
[2022-12-11 22:12:15] [SEVERE ] removing player 0 token from slot 6
[2022-12-11 22:12:15] [SEVERE ] removing player 1 token from slot 9
[2022-12-11 22:12:15] [SEVERE ] player 0 placing token on slot 10
[2022-12-11 22:12:15] [SEVERE ] player 1 placing token on slot 2
[2022-12-11 22:12:15] [SEVERE ] player 1 placing token on slot 5
[2022-12-11 22:12:15] [SEVERE ] setting player 0 freeze to 0
[2022-12-11 22:12:15] [SEVERE ] setting player 1 freeze to -3
[2022-12-11 22:12:15] [SEVERE ] removing player 1 token from slot 1
[2022-12-11 22:12:15] [SEVERE ] removing player 0 token from slot 10
[2022-12-11 22:12:15] [SEVERE ] player 1 placing token on slot 9
[2022-12-11 22:12:15] [SEVERE ] removing player 1 token from slot 2
[2022-12-11 22:12:15] [SEVERE ] player 0 placing token on slot 6
[2022-12-11 22:12:15] [SEVERE ] player 1 placing token on slot 6
[2022-12-11 22:12:15] [SEVERE ] setting player 0 freeze to 0
[2022-12-11 22:12:15] [SEVERE ] removing player 1 token from slot 6
[2022-12-11 22:12:15] [SEVERE ] removing player 0 token from slot 8
[2022-12-11 22:12:15] [SEVERE ] player 1 placing token on slot 10
[2022-12-11 22:12:15] [SEVERE ] setting player 1 freeze to -2
[2022-12-11 22:12:15] [SEVERE ] removing player 1 token from slot 9
[2022-12-11 22:12:15] [SEVERE ] player 0 placing token on slot 8
[2022-12-11 22:12:15] [SEVERE ] removing player 0 token from slot 6
[2022-12-11 22:12:15] [SEVERE ] player 0 placing token on slot 0
[2022-12-11 22:12:15] [SEVERE ] player 1 placing token on slot 2
[2022-12-11 22:12:15] [SEVERE ] removing player 1 token from slot 5
[2022-12-11 22:12:15] [SEVERE ] player 1 placing token on slot 0
[2022-12-11 22:12:15] [SEVERE ] removing player 1 token from slot 0
[2022-12-11 22:12:15] [SEVERE ] player 1 placing token on slot 1
[2022-12-11 22:12:15] [SEVERE ] removing player 0 token from slot 0
[2022-12-11 22:12:15] [SEVERE ] player 0 placing token on slot 4
[2022-12-11 22:12:15] [SEVERE ] setting player 0 freeze to -4
[2022-12-11 22:12:15] [SEVERE ] removing player 1 token from slot 10
[2022-12-11 22:12:15] [SEVERE ] setting player 1 freeze to -1
[2022-12-11 22:12:15] [SEVERE ] removing player 0 token from slot 8
[2022-12-11 22:12:15] [SEVERE ] player 0 placing token on slot 9
[2022-12-11 22:12:15] [SEVERE ] player 1 placing token on slot 3
[2022-12-11 22:12:15] [SEVERE ] removing player 1 token from slot 2
[2022-12-11 22:12:15] [SEVERE ] player 1 placing token on slot 11
[2022-12-11 22:12:15] [SEVERE ] removing player 1 token from slot 1
[2022-12-11 22:12:15] [SEVERE ] player 1 placing token on slot 8
[2022-12-11 22:12:15] [SEVERE ] removing player 1 token from slot 8
[2022-12-11 22:12:15] [SEVERE ] removing player 0 token from slot 9
[2022-12-11 22:12:15] [SEVERE ] player 1 placing token on slot 5
[2022-12-11 22:12:15] [SEVERE ] removing player 0 token from slot 11
[2022-12-11 22:12:15] [SEVERE ] removing player 1 token from slot 3
[2022-12-11 22:12:15] [SEVERE ] player 0 placing token on slot 8
[2022-12-11 22:12:15] [SEVERE ] player 1 placing token on slot 8
[2022-12-11 22:12:15] [SEVERE ] player 0 placing token on slot 1
[2022-12-11 22:12:15] [SEVERE ] removing player 1 token from slot 8
[2022-12-11 22:12:15] [SEVERE ] removing player 0 token from slot 8
[2022-12-11 22:12:15] [SEVERE ] player 1 placing token on slot 7
[2022-12-11 22:12:15] [SEVERE ] player 0 placing token on slot 8
[2022-12-11 22:12:15] [SEVERE ] removing player 1 token from slot 11
[2022-12-11 22:12:15] [SEVERE ] removing player 1 token from slot 5
[2022-12-11 22:12:15] [SEVERE ] setting player 0 freeze to 0
[2022-12-11 22:12:15] [SEVERE ] player 1 placing token on slot 1
[2022-12-11 22:12:15] [SEVERE ] setting player 1 freeze to -4
[2022-12-11 22:12:15] [SEVERE ] removing player 0 token from slot 1
[2022-12-11 22:12:15] [SEVERE ] setting player 0 freeze to -1
[2022-12-11 22:12:15] [SEVERE ] player 1 placing token on slot 3
[2022-12-11 22:12:15] [SEVERE ] setting player 1 freeze to -5
[2022-12-11 22:12:15] [SEVERE ] player 0 placing token on slot 6
[2022-12-11 22:12:15] [SEVERE ] removing player 1 token from slot 7
[2022-12-11 22:12:15] [SEVERE ] removing player 0 token from slot 4
[2022-12-11 22:12:15] [SEVERE ] player 1 placing token on slot 5
[2022-12-11 22:12:15] [SEVERE ] player 0 placing token on slot 11
[2022-12-11 22:12:15] [SEVERE ] removing player 1 token from slot 3
[2022-12-11 22:12:15] [SEVERE ] removing player 0 token from slot 6
[2022-12-11 22:12:15] [SEVERE ] player 1 placing token on slot 11
[2022-12-11 22:12:15] [SEVERE ] removing player 0 token from slot 8
[2022-12-11 22:12:15] [SEVERE ] player 0 placing token on slot 1
[2022-12-11 22:12:15] [SEVERE ] player 0 placing token on slot 4
[2022-12-11 22:12:15] [SEVERE ] removing player 0 token from slot 1
[2022-12-11 22:12:15] [SEVERE ] player 0 placing token on slot 7
[2022-12-11 22:12:15] [SEVERE ] removing player 1 token from slot 5
[2022-12-11 22:12:15] [SEVERE ] removing player 0 token from slot 4
[2022-12-11 22:12:15] [SEVERE ] player 1 placing token on slot 9
[2022-12-11 22:12:15] [SEVERE ] player 0 placing token on slot 6
[2022-12-11 22:12:15] [SEVERE ] removing player 1 token from slot 11
[2022-12-11 22:12:15] [SEVERE ] removing player 0 token from slot 7
[2022-12-11 22:12:15] [SEVERE ] player 1 placing token on slot 0
[2022-12-11 22:12:15] [SEVERE ] removing player 0 token from slot 6
[2022-12-11 22:12:15] [SEVERE ] removing player 1 token from slot 1
[2022-12-11 22:12:15] [SEVERE ] player 0 placing token on slot 0
[2022-12-11 22:12:15] [SEVERE ] player 1 placing token on slot 5
[2022-12-11 22:12:15] [SEVERE ] player 0 placing token on slot 10
[2022-12-11 22:12:15] [SEVERE ] removing player 1 token from slot 5
[2022-12-11 22:12:15] [SEVERE ] removing player 0 token from slot 0
[2022-12-11 22:12:15] [SEVERE ] player 1 placing token on slot 6
[2022-12-11 22:12:15] [SEVERE ] player 0 placing token on slot 9
[2022-12-11 22:12:15] [SEVERE ] removing player 1 token from slot 9
[2022-12-11 22:12:15] [SEVERE ] removing player 0 token from slot 10
[2022-12-11 22:12:15] [SEVERE ] player 1 placing token on slot 10
[2022-12-11 22:12:15] [SEVERE ] player 0 placing token on slot 1
[2022-12-11 22:12:15] [SEVERE ] removing player 1 token from slot 0
[2022-12-11 22:12:15] [SEVERE ] removing player 0 token from slot 9
[2022-12-11 22:12:15] [SEVERE ] player 1 placing token on slot 8
[2022-12-11 22:12:15] [SEVERE ] player 0 placing token on slot 2
[2022-12-11 22:12:15] [SEVERE ] removing player 1 token from slot 6
[2022-12-11 22:12:15] [SEVERE ] removing player 0 token from slot 1
[2022-12-11 22:12:15] [SEVERE ] player 1 placing token on slot 2
[2022-12-11 22:12:15] [SEVERE ] player 0 placing token on slot 0
[2022-12-11 22:12:15] [SEVERE ] removing player 1 token from slot 2
[2022-12-11 22:12:15] [SEVERE ] removing player 0 token from slot 0
[2022-12-11 22:12:15] [SEVERE ] player 1 placing token on slot 1
[2022-12-11 22:12:15] [SEVERE ] player 0 placing token on slot 5
[2022-12-11 22:12:15] [SEVERE ] removing player 1 token from slot 8
[2022-12-11 22:12:15] [SEVERE ] removing player 0 token from slot 2
[2022-12-11 22:12:15] [SEVERE ] removing player 1 token from slot 1
[2022-12-11 22:12:15] [SEVERE ] player 0 placing token on slot 3
[2022-12-11 22:12:15] [SEVERE ] player 1 placing token on slot 9
[2022-12-11 22:12:15] [SEVERE ] removing player 0 token from slot 11
[2022-12-11 22:12:15] [SEVERE ] player 1 placing token on slot 2
[2022-12-11 22:12:15] [SEVERE ] player 0 placing token on slot 1
[2022-12-11 22:12:15] [SEVERE ] removing player 1 token from slot 10
[2022-12-11 22:12:15] [SEVERE ] removing player 0 token from slot 3
[2022-12-11 22:12:15] [SEVERE ] player 1 placing token on slot 8
[2022-12-11 22:12:15] [SEVERE ] removing player 1 token from slot 8
[2022-12-11 22:12:15] [SEVERE ] removing player 0 token from slot 5
[2022-12-11 22:12:15] [SEVERE ] player 1 placing token on slot 0
[2022-12-11 22:12:15] [SEVERE ] player 0 placing token on slot 11
[2022-12-11 22:12:15] [SEVERE ] removing player 1 token from slot 9
[2022-12-11 22:12:15] [SEVERE ] player 0 placing token on slot 8
[2022-12-11 22:12:15] [SEVERE ] player 1 placing token on slot 11
[2022-12-11 22:12:15] [SEVERE ] removing player 0 token from slot 11
[2022-12-11 22:12:15] [SEVERE ] player 0 placing token on slot 2
[2022-12-11 22:12:15] [SEVERE ] removing player 1 token from slot 11
[2022-12-11 22:12:15] [SEVERE ] removing player 0 token from slot 2
[2022-12-11 22:12:15] [SEVERE ] player 1 placing token on slot 11
[2022-12-11 22:12:15] [SEVERE ] player 0 placing token on slot 6
[2022-12-11 22:12:15] [SEVERE ] removing player 1 token from slot 0
[2022-12-11 22:12:15] [SEVERE ] removing player 0 token from slot 6
[2022-12-11 22:12:15] [SEVERE ] player 1 placing token on slot 9
[2022-12-11 22:12:15] [SEVERE ] removing player 0 token from slot 1
[2022-12-11 22:12:15] [SEVERE ] removing player 1 token from slot 11
[2022-12-11 22:12:15] [SEVERE ] player 0 placing token on slot 3
[2022-12-11 22:12:15] [SEVERE ] removing player 1 token from slot 9
[2022-12-11 22:12:15] [SEVERE ] player 0 placing token on slot 9
[2022-12-11 22:12:15] [SEVERE ] player 1 placing token on slot 10
[2022-12-11 22:12:15] [SEVERE ] removing player 0 token from slot 3
[2022-12-11 22:12:15] [SEVERE ] player 1 placing token on slot 5
[2022-12-11 22:12:15] [SEVERE ] player 0 placing token on slot 11
[2022-12-11 22:12:15] [SEVERE ] removing player 1 token from slot 5
[2022-12-11 22:12:15] [SEVERE ] removing player 0 token from slot 11
[2022-12-11 22:12:15] [SEVERE ] player 1 placing token on slot 0
[2022-12-11 22:12:15] [SEVERE ] player 0 placing token on slot 1
[2022-12-11 22:12:15] [SEVERE ] removing player 1 token from slot 0
[2022-12-11 22:12:15] [SEVERE ] removing player 0 token from slot 8
[2022-12-11 22:12:15] [SEVERE ] player 1 placing token on slot 8
[2022-12-11 22:12:15] [SEVERE ] player 0 placing token on slot 2
[2022-12-11 22:12:15] [SEVERE ] removing player 1 token from slot 8
[2022-12-11 22:12:15] [SEVERE ] removing player 0 token from slot 1
[2022-12-11 22:12:15] [SEVERE ] player 1 placing token on slot 4
[2022-12-11 22:12:15] [SEVERE ] player 0 placing token on slot 3
[2022-12-11 22:12:15] [SEVERE ] removing player 1 token from slot 10
[2022-12-11 22:12:15] [SEVERE ] removing player 0 token from slot 2
[2022-12-11 22:12:15] [SEVERE ] player 1 placing token on slot 11
[2022-12-11 22:12:15] [SEVERE ] removing player 0 token from slot 3
[2022-12-11 22:12:15] [SEVERE ] removing player 1 token from slot 2
[2022-12-11 22:12:15] [SEVERE ] player 0 placing token on slot 2
[2022-12-11 22:12:15] [SEVERE ] player 1 placing token on slot 3
[2022-12-11 22:12:15] [SEVERE ] player 0 placing token on slot 4
[2022-12-11 22:12:15] [SEVERE ] removing player 1 token from slot 4
[2022-12-11 22:12:15] [SEVERE ] removing player 0 token from slot 2
[2022-12-11 22:12:15] [SEVERE ] player 1 placing token on slot 8
[2022-12-11 22:12:15] [SEVERE ] player 0 placing token on slot 10
[2022-12-11 22:12:15] [SEVERE ] removing player 1 token from slot 3
[2022-12-11 22:12:15] [SEVERE ] removing player 0 token from slot 9
[2022-12-11 22:12:15] [SEVERE ] player 1 placing token on slot 3
[2022-12-11 22:12:15] [SEVERE ] player 0 placing token on slot 6
[2022-12-11 22:12:15] [SEVERE ] removing player 1 token from slot 3
[2022-12-11 22:12:15] [SEVERE ] removing player 0 token from slot 10
[2022-12-11 22:12:15] [SEVERE ] player 1 placing token on slot 9
[2022-12-11 22:12:15] [SEVERE ] removing player 0 token from slot 4
[2022-12-11 22:12:15] [SEVERE ] removing player 1 token from slot 8
[2022-12-11 22:12:15] [SEVERE ] player 0 placing token on slot 8
[2022-12-11 22:12:15] [SEVERE ] player 1 placing token on slot 4
[2022-12-11 22:12:15] [SEVERE ] player 0 placing token on slot 2
[2022-12-11 22:12:15] [SEVERE ] removing player 1 token from slot 4
[2022-12-11 22:12:15] [SEVERE ] removing player 0 token from slot 2
[2022-12-11 22:12:15] [SEVERE ] player 1 placing token on slot 4
[2022-12-11 22:12:15] [SEVERE ] player 0 placing token on slot 3
[2022-12-11 22:12:15] [SEVERE ] removing player 1 token from slot 11
[2022-12-11 22:12:15] [SEVERE ] removing player 0 token from slot 8
[2022-12-11 22:12:15] [SEVERE ] removing player 1 token from slot 9
[2022-12-11 22:12:15] [SEVERE ] player 0 placing token on slot 1
[2022-12-11 22:12:15] [SEVERE ] player 1 placing token on slot 1
[2022-12-11 22:12:15] [SEVERE ] player 1 placing token on slot 8
[2022-12-11 22:12:15] [SEVERE ] removing player 0 token from slot 3
[2022-12-11 22:12:15] [SEVERE ] removing player 1 token from slot 8
[2022-12-11 22:12:15] [SEVERE ] removing player 1 token from slot 4
[2022-12-11 22:12:15] [SEVERE ] player 0 placing token on slot 8
[2022-12-11 22:12:15] [SEVERE ] player 1 placing token on slot 11
[2022-12-11 22:12:15] [SEVERE ] removing player 0 token from slot 8
[2022-12-11 22:12:15] [SEVERE ] player 1 placing token on slot 2
[2022-12-11 22:12:15] [SEVERE ] player 0 placing token on slot 7
[2022-12-11 22:12:15] [SEVERE ] removing player 1 token from slot 11
[2022-12-11 22:12:15] [SEVERE ] removing player 0 token from slot 7
[2022-12-11 22:12:15] [SEVERE ] player 1 placing token on slot 10
[2022-12-11 22:12:15] [SEVERE ] player 0 placing token on slot 2
[2022-12-11 22:12:15] [SEVERE ] removing player 1 token from slot 10
[2022-12-11 22:12:15] [SEVERE ] removing player 0 token from slot 2
[2022-12-11 22:12:15] [SEVERE ] player 1 placing token on slot 4
[2022-12-11 22:12:15] [SEVERE ] player 0 placing token on slot 10
[2022-12-11 22:12:15] [SEVERE ] removing player 1 token from slot 2
[2022-12-11 22:12:15] [SEVERE ] removing player 0 token from slot 6
[2022-12-11 22:12:15] [SEVERE ] removing player 1 token from slot 1
[2022-12-11 22:12:15] [SEVERE ] player 0 placing token on slot 5
[2022-12-11 22:12:15] [SEVERE ] player 1 placing token on slot 10
[2022-12-11 22:12:15] [SEVERE ] removing player 0 token from slot 1
[2022-12-11 22:12:15] [SEVERE ] player 1 placing token on slot 8
[2022-12-11 22:12:15] [SEVERE ] removing player 0 token from slot 10
[2022-12-11 22:12:15] [SEVERE ] removing player 1 token from slot 10
[2022-12-11 22:12:15] [SEVERE ] player 0 placing token on slot 8
[2022-12-11 22:12:15] [SEVERE ] player 1 placing token on slot 0
[2022-12-11 22:12:15] [SEVERE ] player 0 placing token on slot 1
[2022-12-11 22:12:15] [SEVERE ] removing player 1 token from slot 0
[2022-12-11 22:12:15] [SEVERE ] removing player 0 token from slot 5
[2022-12-11 22:12:15] [SEVERE ] player 1 placing token on slot 2
[2022-12-11 22:12:15] [SEVERE ] removing player 0 token from slot 1
[2022-12-11 22:12:15] [SEVERE ] removing player 1 token from slot 4
[2022-12-11 22:12:15] [SEVERE ] removing player 0 token from slot 8
[2022-12-11 22:12:15] [SEVERE ] player 1 placing token on slot 5
[2022-12-11 22:12:15] [SEVERE ] player 0 placing token on slot 7
[2022-12-11 22:12:15] [SEVERE ] removing player 1 token from slot 8
[2022-12-11 22:12:15] [SEVERE ] player 0 placing token on slot 2
[2022-12-11 22:12:15] [SEVERE ] player 1 placing token on slot 9
[2022-12-11 22:12:15] [SEVERE ] player 0 placing token on slot 4
[2022-12-11 22:12:15] [SEVERE ] removing player 1 token from slot 2
[2022-12-11 22:12:15] [SEVERE ] removing player 0 token from slot 7
[2022-12-11 22:12:15] [SEVERE ] player 1 placing token on slot 4
[2022-12-11 22:12:15] [SEVERE ] player 0 placing token on slot 11
[2022-12-11 22:12:15] [SEVERE ] removing player 1 token from slot 9
[2022-12-11 22:12:15] [SEVERE ] removing player 0 token from slot 4
[2022-12-11 22:12:15] [SEVERE ] player 1 placing token on slot 3
[2022-12-11 22:12:15] [SEVERE ] player 0 placing token on slot 9
[2022-12-11 22:12:15] [SEVERE ] removing player 1 token from slot 4
[2022-12-11 22:12:15] [SEVERE ] removing player 0 token from slot 2
[2022-12-11 22:12:15] [SEVERE ] player 1 placing token on slot 10
[2022-12-11 22:12:15] [SEVERE ] player 0 placing token on slot 0
[2022-12-11 22:12:15] [SEVERE ] removing player 1 token from slot 5
[2022-12-11 22:12:15] [SEVERE ] removing player 0 token from slot 11
[2022-12-11 22:12:15] [SEVERE ] player 1 placing token on slot 1
[2022-12-11 22:12:15] [SEVERE ] player 0 placing token on slot 2
[2022-12-11 22:12:15] [SEVERE ] removing player 1 token from slot 1
[2022-12-11 22:12:15] [SEVERE ] removing player 0 token from slot 0
[2022-12-11 22:12:15] [SEVERE ] player 1 placing token on slot 7
[2022-12-11 22:12:15] [SEVERE ] removing player 0 token from slot 2
[2022-12-11 22:12:15] [SEVERE ] removing player 1 token from slot 3
[2022-12-11 22:12:15] [SEVERE ] player 0 placing token on slot 6
[2022-12-11 22:12:15] [SEVERE ] removing player 1 token from slot 7
[2022-12-11 22:12:15] [SEVERE ] player 0 placing token on slot 3
[2022-12-11 22:12:15] [SEVERE ] player 1 placing token on slot 1
[2022-12-11 22:12:15] [SEVERE ] removing player 0 token from slot 6
[2022-12-11 22:12:15] [SEVERE ] player 1 placing token on slot 0
[2022-12-11 22:12:15] [SEVERE ] removing player 0 token from slot 9
[2022-12-11 22:12:15] [SEVERE ] removing player 1 token from slot 0
[2022-12-11 22:12:15] [SEVERE ] player 0 placing token on slot 9
[2022-12-11 22:12:15] [SEVERE ] player 1 placing token on slot 9
[2022-12-11 22:12:15] [SEVERE ] player 0 placing token on slot 11
[2022-12-11 22:12:15] [SEVERE ] removing player 1 token from slot 1
[2022-12-11 22:12:15] [SEVERE ] removing player 0 token from slot 3
[2022-12-11 22:12:15] [SEVERE ] player 1 placing token on slot 5
[2022-12-11 22:12:15] [SEVERE ] player 0 placing token on slot 0
[2022-12-11 22:12:15] [SEVERE ] removing player 1 token from slot 5
[2022-12-11 22:12:15] [SEVERE ] removing player 0 token from slot 0
[2022-12-11 22:12:15] [SEVERE ] player 1 placing token on slot 7
[2022-12-11 22:12:15] [SEVERE ] player 0 placing token on slot 1
[2022-12-11 22:12:15] [SEVERE ] removing player 1 token from slot 7
[2022-12-11 22:12:15] [SEVERE ] removing player 0 token from slot 11
[2022-12-11 22:12:15] [SEVERE ] player 1 placing token on slot 8
[2022-12-11 22:12:15] [SEVERE ] player 0 placing token on slot 8
[2022-12-11 22:12:15] [SEVERE ] removing player 1 token from slot 9
[2022-12-11 22:12:15] [SEVERE ] removing player 0 token from slot 9
[2022-12-11 22:12:15] [SEVERE ] removing player 1 token from slot 10
[2022-12-11 22:12:15] [SEVERE ] player 0 placing token on slot 11
[2022-12-11 22:12:15] [SEVERE ] player 1 placing token on slot 3
[2022-12-11 22:12:15] [SEVERE ] player 1 placing token on slot 6
[2022-12-11 22:12:15] [SEVERE ] removing player 1 token from slot 3
[2022-12-11 22:12:15] [SEVERE ] player 1 placing token on slot 10
[2022-12-11 22:12:15] [SEVERE ] removing player 1 token from slot 8
[2022-12-11 22:12:15] [SEVERE ] player 1 placing token on slot 8
[2022-12-11 22:12:15] [SEVERE ] removing player 1 token from slot 6
[2022-12-11 22:12:15] [SEVERE ] player 1 placing token on slot 5
[2022-12-11 22:12:15] [SEVERE ] removing player 1 token from slot 10
[2022-12-11 22:12:15] [SEVERE ] player 1 placing token on slot 2
[2022-12-11 22:12:15] [SEVERE ] removing player 0 token from slot 1
[2022-12-11 22:12:15] [SEVERE ] removing player 1 token from slot 5
[2022-12-11 22:12:15] [SEVERE ] player 0 placing token on slot 10
[2022-12-11 22:12:15] [SEVERE ] removing player 1 token from slot 2
[2022-12-11 22:12:15] [SEVERE ] removing player 0 token from slot 11
[2022-12-11 22:12:15] [SEVERE ] player 1 placing token on slot 4
[2022-12-11 22:12:15] [SEVERE ] player 0 placing token on slot 3
[2022-12-11 22:12:15] [SEVERE ] player 1 placing token on slot 0
[2022-12-11 22:12:15] [SEVERE ] removing player 0 token from slot 3
[2022-12-11 22:12:15] [SEVERE ] removing player 1 token from slot 4
[2022-12-11 22:12:15] [SEVERE ] player 0 placing token on slot 7
[2022-12-11 22:12:15] [SEVERE ] player 1 placing token on slot 6
[2022-12-11 22:12:15] [SEVERE ] removing player 0 token from slot 7
[2022-12-11 22:12:15] [SEVERE ] removing player 1 token from slot 6
[2022-12-11 22:12:15] [SEVERE ] removing player 0 token from slot 8
[2022-12-11 22:12:15] [SEVERE ] player 1 placing token on slot 7
[2022-12-11 22:12:15] [SEVERE ] player 0 placing token on slot 8
[2022-12-11 22:12:15] [SEVERE ] removing player 1 token from slot 0
[2022-12-11 22:12:15] [SEVERE ] player 0 placing token on slot 7
[2022-12-11 22:12:15] [SEVERE ] player 1 placing token on slot 1
[2022-12-11 22:12:15] [SEVERE ] removing player 0 token from slot 8
[2022-12-11 22:12:15] [SEVERE ] removing player 1 token from slot 1
[2022-12-11 22:12:15] [SEVERE ] player 0 placing token on slot 6
[2022-12-11 22:12:15] [SEVERE ] player 1 placing token on slot 4
[2022-12-11 22:12:15] [SEVERE ] removing player 0 token from slot 7
[2022-12-11 22:12:15] [SEVERE ] removing player 1 token from slot 7
[2022-12-11 22:12:15] [SEVERE ] removing player 0 token from slot 6
[2022-12-11 22:12:15] [SEVERE ] removing player 1 token from slot 8
[2022-12-11 22:12:15] [SEVERE ] player 0 placing token on slot 0
[2022-12-11 22:12:15] [SEVERE ] player 1 placing token on slot 0
[2022-12-11 22:12:15] [SEVERE ] player 0 placing token on slot 3
[2022-12-11 22:12:15] [SEVERE ] player 1 placing token on slot 1
[2022-12-11 22:12:15] [SEVERE ] removing player 0 token from slot 10
[2022-12-11 22:12:15] [SEVERE ] removing player 1 token from slot 4
[2022-12-11 22:12:15] [SEVERE ] player 0 placing token on slot 6
[2022-12-11 22:12:15] [SEVERE ] removing player 1 token from slot 1
[2022-12-11 22:12:15] [SEVERE ] removing player 0 token from slot 6
[2022-12-11 22:12:15] [SEVERE ] player 1 placing token on slot 9
[2022-12-11 22:12:15] [SEVERE ] player 0 placing token on slot 8
[2022-12-11 22:12:15] [SEVERE ] player 1 placing token on slot 1
[2022-12-11 22:12:15] [SEVERE ] removing player 0 token from slot 3
[2022-12-11 22:12:15] [SEVERE ] removing player 1 token from slot 0
[2022-12-11 22:12:15] [SEVERE ] removing player 0 token from slot 0
[2022-12-11 22:12:15] [SEVERE ] player 1 placing token on slot 7
[2022-12-11 22:12:15] [SEVERE ] player 0 placing token on slot 4
[2022-12-11 22:12:15] [SEVERE ] removing player 1 token from slot 9
[2022-12-11 22:12:15] [SEVERE ] player 0 placing token on slot 6
[2022-12-11 22:12:15] [SEVERE ] player 1 placing token on slot 5
[2022-12-11 22:12:15] [SEVERE ] removing player 0 token from slot 8
[2022-12-11 22:12:15] [SEVERE ] removing player 1 token from slot 5
[2022-12-11 22:12:15] [SEVERE ] player 0 placing token on slot 0
[2022-12-11 22:12:15] [SEVERE ] removing player 1 token from slot 1
[2022-12-11 22:12:15] [SEVERE ] removing player 0 token from slot 4
[2022-12-11 22:12:15] [SEVERE ] player 1 placing token on slot 1
[2022-12-11 22:12:15] [SEVERE ] removing player 0 token from slot 6
[2022-12-11 22:12:15] [SEVERE ] player 1 placing token on slot 10
[2022-12-11 22:12:15] [SEVERE ] player 0 placing token on slot 7
[2022-12-11 22:12:15] [SEVERE ] removing player 1 token from slot 7
[2022-12-11 22:12:15] [SEVERE ] player 0 placing token on slot 5
[2022-12-11 22:12:15] [SEVERE ] player 1 placing token on slot 4
[2022-12-11 22:12:15] [SEVERE ] removing player 1 token from slot 4
[2022-12-11 22:12:15] [SEVERE ] removing player 0 token from slot 0
[2022-12-11 22:12:15] [SEVERE ] player 1 placing token on slot 3
[2022-12-11 22:12:15] [SEVERE ] player 0 placing token on slot 1
[2022-12-11 22:12:15] [SEVERE ] removing player 1 token from slot 1
[2022-12-11 22:12:15] [SEVERE ] removing player 0 token from slot 1
[2022-12-11 22:12:15] [SEVERE ] player 1 placing token on slot 1
[2022-12-11 22:12:15] [SEVERE ] player 0 placing token on slot 0
[2022-12-11 22:12:15] [SEVERE ] removing player 0 token from slot 0
[2022-12-11 22:12:15] [SEVERE ] removing player 1 token from slot 10
[2022-12-11 22:12:15] [SEVERE ] player 0 placing token on slot 8
[2022-12-11 22:12:15] [SEVERE ] player 1 placing token on slot 6
[2022-12-11 22:12:15] [SEVERE ] removing player 0 token from slot 8
[2022-12-11 22:12:15] [SEVERE ] removing player 1 token from slot 1
[2022-12-11 22:12:15] [SEVERE ] player 0 placing token on slot 1
[2022-12-11 22:12:15] [SEVERE ] player 1 placing token on slot 2
[2022-12-11 22:12:15] [SEVERE ] removing player 0 token from slot 1
[2022-12-11 22:12:15] [SEVERE ] removing player 1 token from slot 6
[2022-12-11 22:12:15] [SEVERE ] player 0 placing token on slot 8
[2022-12-11 22:12:15] [SEVERE ] removing player 0 token from slot 5
[2022-12-11 22:12:15] [SEVERE ] player 0 placing token on slot 3
[2022-12-11 22:12:15] [SEVERE ] removing player 0 token from slot 7
[2022-12-11 22:12:15] [SEVERE ] player 0 placing token on slot 2
[2022-12-11 22:12:15] [SEVERE ] removing player 0 token from slot 8
[2022-12-11 22:12:15] [SEVERE ] removing player 0 token from slot 2
[2022-12-11 22:12:15] [SEVERE ] player 1 placing token on slot 8
[2022-12-11 22:12:15] [SEVERE ] player 0 placing token on slot 10
[2022-12-11 22:12:15] [SEVERE ] removing player 1 token from slot 3
[2022-12-11 22:12:15] [SEVERE ] player 0 placing token on slot 4
[2022-12-11 22:12:15] [SEVERE ] player 1 placing token on slot 7
[2022-12-11 22:12:15] [SEVERE ] removing player 0 token from slot 3
[2022-12-11 22:12:15] [SEVERE ] removing player 1 token from slot 8
[2022-12-11 22:12:15] [SEVERE ] player 0 placing token on slot 2
[2022-12-11 22:12:15] [SEVERE ] player 1 placing token on slot 9
[2022-12-11 22:12:15] [SEVERE ] removing player 0 token from slot 10
[2022-12-11 22:12:15] [SEVERE ] removing player 1 token from slot 2
[2022-12-11 22:12:15] [SEVERE ] removing player 0 token from slot 2
[2022-12-11 22:12:15] [SEVERE ] player 1 placing token on slot 6
[2022-12-11 22:12:15] [SEVERE ] player 0 placing token on slot 3
[2022-12-11 22:12:15] [SEVERE ] removing player 1 token from slot 6
[2022-12-11 22:12:15] [SEVERE ] player 0 placing token on slot 10
[2022-12-11 22:12:15] [SEVERE ] player 1 placing token on slot 0
[2022-12-11 22:12:15] [SEVERE ] removing player 0 token from slot 4
[2022-12-11 22:12:15] [SEVERE ] removing player 1 token from slot 0
[2022-12-11 22:12:15] [SEVERE ] removing player 0 token from slot 3
[2022-12-11 22:12:15] [SEVERE ] player 1 placing token on slot 2
[2022-12-11 22:12:15] [SEVERE ] player 0 placing token on slot 0
[2022-12-11 22:12:15] [SEVERE ] removing player 1 token from slot 9
[2022-12-11 22:12:15] [SEVERE ] player 0 placing token on slot 4
[2022-12-11 22:12:15] [SEVERE ] player 1 placing token on slot 10
[2022-12-11 22:12:15] [SEVERE ] removing player 0 token from slot 10
[2022-12-11 22:12:15] [SEVERE ] removing player 1 token from slot 10
[2022-12-11 22:12:15] [SEVERE ] player 0 placing token on slot 7
[2022-12-11 22:12:15] [SEVERE ] removing player 0 token from slot 4
[2022-12-11 22:12:15] [SEVERE ] player 1 placing token on slot 9
[2022-12-11 22:12:15] [SEVERE ] player 0 placing token on slot 9
[2022-12-11 22:12:15] [SEVERE ] removing player 1 token from slot 2
[2022-12-11 22:12:15] [SEVERE ] removing player 1 token from slot 9
[2022-12-11 22:12:15] [SEVERE ] player 1 placing token on slot 1
[2022-12-11 22:12:15] [SEVERE ] player 1 placing token on slot 3
[2022-12-11 22:12:15] [SEVERE ] removing player 1 token from slot 3
[2022-12-11 22:12:15] [SEVERE ] removing player 1 token from slot 1
[2022-12-11 22:12:15] [SEVERE ] removing player 0 token from slot 7
[2022-12-11 22:12:15] [SEVERE ] player 1 placing token on slot 1
[2022-12-11 22:12:15] [SEVERE ] player 1 placing token on slot 5
[2022-12-11 22:12:15] [SEVERE ] removing player 1 token from slot 5
[2022-12-11 22:12:15] [SEVERE ] player 1 placing token on slot 0
[2022-12-11 22:12:15] [SEVERE ] removing player 0 token from slot 9
[2022-12-11 22:12:15] [SEVERE ] removing player 1 token from slot 7
[2022-12-11 22:12:15] [SEVERE ] player 0 placing token on slot 7
[2022-12-11 22:12:15] [SEVERE ] player 1 placing token on slot 8
[2022-12-11 22:12:15] [SEVERE ] player 0 placing token on slot 3
[2022-12-11 22:12:15] [SEVERE ] removing player 1 token from slot 1
[2022-12-11 22:12:15] [SEVERE ] removing player 1 token from slot 8
[2022-12-11 22:12:15] [SEVERE ] player 1 placing token on slot 4
[2022-12-11 22:12:15] [SEVERE ] player 1 placing token on slot 9
[2022-12-11 22:12:15] [SEVERE ] removing player 1 token from slot 0
[2022-12-11 22:12:15] [SEVERE ] player 1 placing token on slot 1
[2022-12-11 22:12:15] [SEVERE ] removing player 1 token from slot 4
[2022-12-11 22:12:15] [SEVERE ] player 1 placing token on slot 4
[2022-12-11 22:12:15] [SEVERE ] removing player 1 token from slot 9
[2022-12-11 22:12:15] [SEVERE ] removing player 1 token from slot 1
[2022-12-11 22:12:15] [SEVERE ] player 1 placing token on slot 11
[2022-12-11 22:12:15] [SEVERE ] player 1 placing token on slot 2
[2022-12-11 22:12:15] [SEVERE ] removing player 0 token from slot 0
[2022-12-11 22:12:15] [SEVERE ] removing player 1 token from slot 4
[2022-12-11 22:12:15] [SEVERE ] player 0 placing token on slot 9
[2022-12-11 22:12:15] [SEVERE ] removing player 1 token from slot 11
[2022-12-11 22:12:15] [SEVERE ] player 1 placing token on slot 6
[2022-12-11 22:12:15] [SEVERE ] removing player 0 token from slot 9
[2022-12-11 22:12:15] [SEVERE ] player 1 placing token on slot 5
[2022-12-11 22:12:15] [SEVERE ] player 0 placing token on slot 11
[2022-12-11 22:12:15] [SEVERE ] removing player 1 token from slot 6
[2022-12-11 22:12:15] [SEVERE ] removing player 0 token from slot 7
[2022-12-11 22:12:15] [SEVERE ] player 1 placing token on slot 0
[2022-12-11 22:12:15] [SEVERE ] player 0 placing token on slot 7
[2022-12-11 22:12:15] [SEVERE ] removing player 1 token from slot 0
[2022-12-11 22:12:15] [SEVERE ] removing player 0 token from slot 11
[2022-12-11 22:12:15] [SEVERE ] player 1 placing token on slot 6
[2022-12-11 22:12:15] [SEVERE ] player 0 placing token on slot 1
[2022-12-11 22:12:15] [SEVERE ] removing player 1 token from slot 5
[2022-12-11 22:12:15] [SEVERE ] removing player 0 token from slot 3
[2022-12-11 22:12:15] [SEVERE ] player 1 placing token on slot 8
[2022-12-11 22:12:15] [SEVERE ] player 0 placing token on slot 0
[2022-12-11 22:12:15] [SEVERE ] removing player 1 token from slot 2
[2022-12-11 22:12:15] [SEVERE ] player 1 placing token on slot 0
[2022-12-11 22:12:15] [SEVERE ] removing player 1 token from slot 6
[2022-12-11 22:12:15] [SEVERE ] player 1 placing token on slot 4
[2022-12-11 22:12:15] [SEVERE ] removing player 1 token from slot 8
[2022-12-11 22:12:15] [SEVERE ] removing player 1 token from slot 0
[2022-12-11 22:12:15] [SEVERE ] player 1 placing token on slot 11
[2022-12-11 22:12:15] [SEVERE ] player 1 placing token on slot 6
[2022-12-11 22:12:15] [SEVERE ] removing player 1 token from slot 4
[2022-12-11 22:12:15] [SEVERE ] player 1 placing token on slot 10
[2022-12-11 22:12:15] [SEVERE ] removing player 1 token from slot 11
[2022-12-11 22:12:15] [SEVERE ] player 1 placing token on slot 0
[2022-12-11 22:12:15] [SEVERE ] removing player 0 token from slot 7
[2022-12-11 22:12:15] [SEVERE ] removing player 0 token from slot 0
[2022-12-11 22:12:15] [SEVERE ] removing player 0 token from slot 6
[2022-12-11 22:12:15] [SEVERE ] removing player 0 token from slot 10
[2022-12-11 22:12:15] [SEVERE ] removing player 1 token from slot 0
[2022-12-11 22:12:15] [SEVERE ] removing player 1 token from slot 6
[2022-12-11 22:12:15] [SEVERE ] removing player 1 token from slot 10
[2022-12-11 22:12:15] [SEVERE ] setting player 1 score to 1
[2022-12-11 22:12:15] [SEVERE ] player 1 placing token on slot 5
[2022-12-11 22:12:15] [SEVERE ] setting player 0 freeze to -10
[2022-12-11 22:12:15] [SEVERE ] setting player 1 freeze to -4
[2022-12-11 22:12:15] [SEVERE ] removing card from slot 0
[2022-12-11 22:12:15] [SEVERE ] removing card from slot 6
[2022-12-11 22:12:15] [SEVERE ] removing card from slot 10
[2022-12-11 22:12:15] [SEVERE ] placing card 65 in slot 0
[2022-12-11 22:12:15] [SEVERE ] placing card 63 in slot 6
[2022-12-11 22:12:15] [SEVERE ] placing card 53 in slot 10
[2022-12-11 22:12:15] [SEVERE ] setting player 0 freeze to -1670789535615
[2022-12-11 22:12:15] [SEVERE ] setting player 1 freeze to -1670789535615
[2022-12-11 22:12:15] [SEVERE ] player 0 placing token on slot 5
[2022-12-11 22:12:15] [SEVERE ] player 0 placing token on slot 6
[2022-12-11 22:12:15] [SEVERE ] removing player 0 token from slot 5
[2022-12-11 22:12:15] [SEVERE ] player 0 placing token on slot 0
[2022-12-11 22:12:15] [SEVERE ] removing player 0 token from slot 6
[2022-12-11 22:12:15] [SEVERE ] setting player 0 freeze to 0
[2022-12-11 22:12:15] [SEVERE ] removing player 0 token from slot 1
[2022-12-11 22:12:15] [SEVERE ] setting player 1 freeze to -1670789535619
[2022-12-11 22:12:15] [SEVERE ] player 0 placing token on slot 6
[2022-12-11 22:12:15] [SEVERE ] setting player 0 freeze to -1
[2022-12-11 22:12:15] [SEVERE ] player 0 placing token on slot 9
[2022-12-11 22:12:15] [SEVERE ] setting player 1 freeze to -1670789535619
[2022-12-11 22:12:15] [SEVERE ] removing player 0 token from slot 9
[2022-12-11 22:12:15] [SEVERE ] player 0 placing token on slot 8
[2022-12-11 22:12:15] [SEVERE ] removing player 0 token from slot 6
[2022-12-11 22:12:15] [SEVERE ] player 0 placing token on slot 3
[2022-12-11 22:12:15] [SEVERE ] removing player 0 token from slot 0
[2022-12-11 22:12:15] [SEVERE ] player 0 placing token on slot 10
[2022-12-11 22:12:15] [SEVERE ] removing player 0 token from slot 10
[2022-12-11 22:12:15] [SEVERE ] player 0 placing token on slot 5
[2022-12-11 22:12:15] [SEVERE ] removing player 0 token from slot 5
[2022-12-11 22:12:15] [SEVERE ] setting player 0 freeze to 0
[2022-12-11 22:12:15] [SEVERE ] player 0 placing token on slot 2
[2022-12-11 22:12:15] [SEVERE ] setting player 1 freeze to -1670789535620
[2022-12-11 22:12:15] [SEVERE ] setting player 0 freeze to 0
[2022-12-11 22:12:15] [SEVERE ] setting player 1 freeze to -1670789535620
[2022-12-11 22:12:15] [SEVERE ] removing player 0 token from slot 3
[2022-12-11 22:12:15] [SEVERE ] player 0 placing token on slot 11
[2022-12-11 22:12:15] [SEVERE ] removing player 0 token from slot 11
[2022-12-11 22:12:15] [SEVERE ] player 0 placing token on slot 4
[2022-12-11 22:12:15] [SEVERE ] removing player 0 token from slot 8
[2022-12-11 22:12:15] [SEVERE ] setting player 0 freeze to 0
[2022-12-11 22:12:15] [SEVERE ] player 0 placing token on slot 7
[2022-12-11 22:12:15] [SEVERE ] setting player 1 freeze to -1670789535621
[2022-12-11 22:12:15] [SEVERE ] setting player 0 freeze to 0
[2022-12-11 22:12:15] [SEVERE ] setting player 1 freeze to -1670789535621
[2022-12-11 22:12:15] [SEVERE ] removing player 0 token from slot 4
[2022-12-11 22:12:15] [SEVERE ] player 0 placing token on slot 3
[2022-12-11 22:12:15] [SEVERE ] removing player 0 token from slot 3
[2022-12-11 22:12:15] [SEVERE ] player 0 placing token on slot 11
[2022-12-11 22:12:15] [SEVERE ] removing player 0 token from slot 11
[2022-12-11 22:12:15] [SEVERE ] player 0 placing token on slot 3
[2022-12-11 22:12:15] [SEVERE ] removing player 0 token from slot 3
[2022-12-11 22:12:15] [SEVERE ] player 0 placing token on slot 8
[2022-12-11 22:12:15] [SEVERE ] removing player 0 token from slot 8
[2022-12-11 22:12:15] [SEVERE ] player 0 placing token on slot 4
[2022-12-11 22:12:15] [SEVERE ] removing player 0 token from slot 4
[2022-12-11 22:12:15] [SEVERE ] player 0 placing token on slot 11
[2022-12-11 22:12:15] [SEVERE ] removing player 0 token from slot 11
[2022-12-11 22:12:15] [SEVERE ] removing player 0 token from slot 2
[2022-12-11 22:12:15] [SEVERE ] player 0 placing token on slot 9
[2022-12-11 22:12:15] [SEVERE ] player 0 placing token on slot 3
[2022-12-11 22:12:15] [SEVERE ] removing player 0 token from slot 7
[2022-12-11 22:12:15] [SEVERE ] player 0 placing token on slot 4
[2022-12-11 22:12:15] [SEVERE ] setting player 0 freeze to 0
[2022-12-11 22:12:15] [SEVERE ] setting player 1 freeze to -1670789535623
[2022-12-11 22:12:15] [SEVERE ] setting player 0 freeze to 0
[2022-12-11 22:12:15] [SEVERE ] setting player 1 freeze to -1670789535623
[2022-12-11 22:12:15] [SEVERE ] removing player 0 token from slot 4
[2022-12-11 22:12:15] [SEVERE ] removing player 0 token from slot 9
[2022-12-11 22:12:15] [SEVERE ] player 0 placing token on slot 2
[2022-12-11 22:12:15] [SEVERE ] player 0 placing token on slot 6
[2022-12-11 22:12:15] [SEVERE ] removing player 0 token from slot 6
[2022-12-11 22:12:15] [SEVERE ] player 0 placing token on slot 5
[2022-12-11 22:12:15] [SEVERE ] setting player 0 freeze to 0
[2022-12-11 22:12:15] [SEVERE ] setting player 1 freeze to -1670789535624
[2022-12-11 22:12:15] [SEVERE ] setting player 0 freeze to 0
[2022-12-11 22:12:15] [SEVERE ] setting player 1 freeze to -1670789535625
[2022-12-11 22:12:15] [SEVERE ] removing player 0 token from slot 5
[2022-12-11 22:12:15] [SEVERE ] player 0 placing token on slot 9
[2022-12-11 22:12:15] [SEVERE ] removing player 0 token from slot 3
[2022-12-11 22:12:15] [SEVERE ] player 0 placing token on slot 6
[2022-12-11 22:12:15] [SEVERE ] setting player 0 freeze to 0
[2022-12-11 22:12:15] [SEVERE ] setting player 1 freeze to -1670789535625
[2022-12-11 22:12:15] [SEVERE ] removing player 0 token from slot 2
[2022-12-11 22:12:15] [SEVERE ] player 0 placing token on slot 11
[2022-12-11 22:12:15] [SEVERE ] setting player 0 freeze to 0
[2022-12-11 22:12:15] [SEVERE ] setting player 1 freeze to -1670789535625
[2022-12-11 22:12:15] [SEVERE ] setting player 0 freeze to 0
[2022-12-11 22:12:15] [SEVERE ] setting player 1 freeze to -1670789535626
[2022-12-11 22:12:15] [SEVERE ] removing player 0 token from slot 11
[2022-12-11 22:12:15] [SEVERE ] player 0 placing token on slot 1
[2022-12-11 22:12:15] [SEVERE ] removing player 0 token from slot 9
[2022-12-11 22:12:15] [SEVERE ] setting player 0 freeze to 0
[2022-12-11 22:12:15] [SEVERE ] setting player 1 freeze to -1670789535626
[2022-12-11 22:12:15] [SEVERE ] player 0 placing token on slot 5
[2022-12-11 22:12:15] [SEVERE ] removing player 0 token from slot 1
[2022-12-11 22:12:15] [SEVERE ] player 0 placing token on slot 7
[2022-12-11 22:12:15] [SEVERE ] removing player 0 token from slot 7
[2022-12-11 22:12:15] [SEVERE ] player 0 placing token on slot 10
[2022-12-11 22:12:15] [SEVERE ] removing player 0 token from slot 6
[2022-12-11 22:12:15] [SEVERE ] player 0 placing token on slot 0
[2022-12-11 22:12:15] [SEVERE ] removing player 0 token from slot 10
[2022-12-11 22:12:15] [SEVERE ] player 0 placing token on slot 9
[2022-12-11 22:12:15] [SEVERE ] removing player 0 token from slot 5
[2022-12-11 22:12:15] [SEVERE ] player 0 placing token on slot 8
[2022-12-11 22:12:15] [SEVERE ] removing player 0 token from slot 8
[2022-12-11 22:12:15] [SEVERE ] removing player 0 token from slot 0
[2022-12-11 22:12:15] [SEVERE ] player 0 placing token on slot 2
[2022-12-11 22:12:15] [SEVERE ] removing player 0 token from slot 9
[2022-12-11 22:12:15] [SEVERE ] player 0 placing token on slot 0
[2022-12-11 22:12:15] [SEVERE ] removing player 0 token from slot 0
[2022-12-11 22:12:15] [SEVERE ] setting player 0 freeze to -2
[2022-12-11 22:12:15] [SEVERE ] player 0 placing token on slot 4
[2022-12-11 22:12:15] [SEVERE ] setting player 1 freeze to -1670789535628
[2022-12-11 22:12:15] [SEVERE ] player 0 placing token on slot 1
[2022-12-11 22:12:15] [SEVERE ] removing player 0 token from slot 4
[2022-12-11 22:12:15] [SEVERE ] setting player 0 freeze to -2
[2022-12-11 22:12:15] [SEVERE ] player 0 placing token on slot 3
[2022-12-11 22:12:15] [SEVERE ] setting player 1 freeze to -1670789535629
[2022-12-11 22:12:15] [SEVERE ] removing player 0 token from slot 2
[2022-12-11 22:12:15] [SEVERE ] player 0 placing token on slot 0
[2022-12-11 22:12:15] [SEVERE ] removing player 0 token from slot 0
[2022-12-11 22:12:15] [SEVERE ] player 0 placing token on slot 4
[2022-12-11 22:12:15] [SEVERE ] setting player 0 freeze to 0
[2022-12-11 22:12:15] [SEVERE ] setting player 1 freeze to -1670789535629
[2022-12-11 22:12:15] [SEVERE ] setting player 0 freeze to 0
[2022-12-11 22:12:15] [SEVERE ] setting player 1 freeze to -1670789535629
[2022-12-11 22:12:15] [SEVERE ] removing player 0 token from slot 3
[2022-12-11 22:12:15] [SEVERE ] player 0 placing token on slot 6
[2022-12-11 22:12:15] [SEVERE ] removing player 0 token from slot 1
[2022-12-11 22:12:15] [SEVERE ] player 0 placing token on slot 11
[2022-12-11 22:12:15] [SEVERE ] removing player 0 token from slot 4
[2022-12-11 22:12:15] [SEVERE ] setting player 0 freeze to 0
[2022-12-11 22:12:15] [SEVERE ] player 0 placing token on slot 1
[2022-12-11 22:12:15] [SEVERE ] setting player 1 freeze to -1670789535630
[2022-12-11 22:12:15] [SEVERE ] removing player 0 token from slot 1
[2022-12-11 22:12:15] [SEVERE ] removing player 0 token from slot 6
[2022-12-11 22:12:15] [SEVERE ] removing player 0 token from slot 11
[2022-12-11 22:12:15] [SEVERE ] removing player 1 token from slot 1
[2022-12-11 22:12:15] [SEVERE ] removing player 1 token from slot 6
[2022-12-11 22:12:15] [SEVERE ] removing player 1 token from slot 11
[2022-12-11 22:12:15] [SEVERE ] setting player 0 score to 1
[2022-12-11 22:12:15] [SEVERE ] setting player 0 freeze to 0
[2022-12-11 22:12:15] [SEVERE ] setting player 1 freeze to -1670789535631
[2022-12-11 22:12:15] [SEVERE ] removing card from slot 1
[2022-12-11 22:12:15] [SEVERE ] removing card from slot 6
[2022-12-11 22:12:15] [SEVERE ] removing card from slot 11
[2022-12-11 22:12:16] [SEVERE ] placing card 5 in slot 1
[2022-12-11 22:12:16] [SEVERE ] placing card 50 in slot 6
[2022-12-11 22:12:16] [SEVERE ] placing card 79 in slot 11
[2022-12-11 22:12:16] [SEVERE ] setting player 0 freeze to -1670789536294
[2022-12-11 22:12:16] [SEVERE ] setting player 1 freeze to -1670789536294
[2022-12-11 22:12:16] [SEVERE ] player 0 placing token on slot 6
[2022-12-11 22:12:16] [SEVERE ] player 0 placing token on slot 10
[2022-12-11 22:12:16] [SEVERE ] player 0 placing token on slot 2
[2022-12-11 22:12:16] [SEVERE ] removing player 0 token from slot 2
[2022-12-11 22:12:16] [SEVERE ] removing player 0 token from slot 6
[2022-12-11 22:12:16] [SEVERE ] player 0 placing token on slot 2
[2022-12-11 22:12:16] [SEVERE ] player 0 placing token on slot 6
[2022-12-11 22:12:16] [SEVERE ] setting player 0 freeze to 0
[2022-12-11 22:12:16] [SEVERE ] setting player 1 freeze to -1670789536296
[2022-12-11 22:12:16] [SEVERE ] removing player 0 token from slot 6
[2022-12-11 22:12:16] [SEVERE ] setting player 0 freeze to -1
[2022-12-11 22:12:16] [SEVERE ] player 0 placing token on slot 11
[2022-12-11 22:12:16] [SEVERE ] setting player 1 freeze to -1670789536297
[2022-12-11 22:12:16] [SEVERE ] removing player 0 token from slot 11
[2022-12-11 22:12:16] [SEVERE ] player 0 placing token on slot 0
[2022-12-11 22:12:16] [SEVERE ] removing player 0 token from slot 2
[2022-12-11 22:12:16] [SEVERE ] removing player 0 token from slot 10
[2022-12-11 22:12:16] [SEVERE ] player 0 placing token on slot 1
[2022-12-11 22:12:16] [SEVERE ] removing player 0 token from slot 1
[2022-12-11 22:12:16] [SEVERE ] player 0 placing token on slot 11
[2022-12-11 22:12:16] [SEVERE ] player 0 placing token on slot 9
[2022-12-11 22:12:16] [SEVERE ] removing player 0 token from slot 9
[2022-12-11 22:12:16] [SEVERE ] setting player 0 freeze to 0
[2022-12-11 22:12:16] [SEVERE ] removing player 0 token from slot 0
[2022-12-11 22:12:16] [SEVERE ] setting player 1 freeze to -1670789536298
[2022-12-11 22:12:16] [SEVERE ] player 0 placing token on slot 1
[2022-12-11 22:12:16] [SEVERE ] setting player 0 freeze to -1
[2022-12-11 22:12:16] [SEVERE ] setting player 1 freeze to -1670789536298
[2022-12-11 22:12:16] [SEVERE ] player 0 placing token on slot 4
[2022-12-11 22:12:16] [SEVERE ] removing player 0 token from slot 11
[2022-12-11 22:12:16] [SEVERE ] player 0 placing token on slot 7
[2022-12-11 22:12:16] [SEVERE ] removing player 0 token from slot 1
[2022-12-11 22:12:16] [SEVERE ] player 0 placing token on slot 6
[2022-12-11 22:12:16] [SEVERE ] setting player 0 freeze to 0
[2022-12-11 22:12:16] [SEVERE ] setting player 1 freeze to -1670789536298
[2022-12-11 22:12:16] [SEVERE ] setting player 0 freeze to 0
[2022-12-11 22:12:16] [SEVERE ] removing player 0 token from slot 4
[2022-12-11 22:12:16] [SEVERE ] setting player 1 freeze to -1670789536299
[2022-12-11 22:12:16] [SEVERE ] player 0 placing token on slot 11
[2022-12-11 22:12:16] [SEVERE ] removing player 0 token from slot 7
[2022-12-11 22:12:16] [SEVERE ] player 0 placing token on slot 1
[2022-12-11 22:12:16] [SEVERE ] setting player 0 freeze to 0
[2022-12-11 22:12:16] [SEVERE ] setting player 1 freeze to -1670789536299
[2022-12-11 22:12:16] [SEVERE ] setting player 0 freeze to 0
[2022-12-11 22:12:16] [SEVERE ] removing player 0 token from slot 1
[2022-12-11 22:12:16] [SEVERE ] setting player 1 freeze to -1670789536300
[2022-12-11 22:12:16] [SEVERE ] player 0 placing token on slot 5
[2022-12-11 22:12:16] [SEVERE ] removing player 0 token from slot 6
[2022-12-11 22:12:16] [SEVERE ] player 0 placing token on slot 7
[2022-12-11 22:12:16] [SEVERE ] removing player 0 token from slot 11
[2022-12-11 22:12:16] [SEVERE ] player 0 placing token on slot 6
[2022-12-11 22:12:16] [SEVERE ] removing player 0 token from slot 6
[2022-12-11 22:12:16] [SEVERE ] setting player 0 freeze to 0
[2022-12-11 22:12:16] [SEVERE ] player 0 placing token on slot 9
[2022-12-11 22:12:16] [SEVERE ] setting player 1 freeze to -1670789536300
[2022-12-11 22:12:16] [SEVERE ] setting player 0 freeze to 0
[2022-12-11 22:12:16] [SEVERE ] setting player 1 freeze to -1670789536301
[2022-12-11 22:12:16] [SEVERE ] removing player 0 token from slot 9
[2022-12-11 22:12:16] [SEVERE ] player 0 placing token on slot 11
[2022-12-11 22:12:16] [SEVERE ] removing player 0 token from slot 5
[2022-12-11 22:12:16] [SEVERE ] player 0 placing token on slot 6
[2022-12-11 22:12:16] [SEVERE ] removing player 0 token from slot 7
[2022-12-11 22:12:16] [SEVERE ] player 0 placing token on slot 2
[2022-12-11 22:12:16] [SEVERE ] removing player 0 token from slot 11
[2022-12-11 22:12:16] [SEVERE ] player 0 placing token on slot 10
[2022-12-11 22:12:16] [SEVERE ] removing player 0 token from slot 2
[2022-12-11 22:12:16] [SEVERE ] player 0 placing token on slot 9
[2022-12-11 22:12:16] [SEVERE ] removing player 0 token from slot 6
[2022-12-11 22:12:16] [SEVERE ] player 0 placing token on slot 6
[2022-12-11 22:12:16] [SEVERE ] removing player 0 token from slot 6
[2022-12-11 22:12:16] [SEVERE ] player 0 placing token on slot 2
[2022-12-11 22:12:16] [SEVERE ] removing player 0 token from slot 2
[2022-12-11 22:12:16] [SEVERE ] player 0 placing token on slot 0
[2022-12-11 22:12:16] [SEVERE ] removing player 0 token from slot 10
[2022-12-11 22:12:16] [SEVERE ] player 0 placing token on slot 11
[2022-12-11 22:12:16] [SEVERE ] removing player 0 token from slot 9
[2022-12-11 22:12:16] [SEVERE ] setting player 0 freeze to 0
[2022-12-11 22:12:16] [SEVERE ] setting player 1 freeze to -1670789536302
[2022-12-11 22:12:16] [SEVERE ] setting player 0 freeze to 0
[2022-12-11 22:12:16] [SEVERE ] setting player 1 freeze to -1670789536302
[2022-12-11 22:12:16] [SEVERE ] player 0 placing token on slot 9
[2022-12-11 22:12:16] [SEVERE ] removing player 0 token from slot 0
[2022-12-11 22:12:16] [SEVERE ] player 0 placing token on slot 3
[2022-12-11 22:12:16] [SEVERE ] removing player 0 token from slot 3
[2022-12-11 22:12:16] [SEVERE ] player 0 placing token on slot 3
[2022-12-11 22:12:16] [SEVERE ] setting player 0 freeze to 0
[2022-12-11 22:12:16] [SEVERE ] setting player 1 freeze to -1670789536303
[2022-12-11 22:12:16] [SEVERE ] setting player 0 freeze to 0
[2022-12-11 22:12:16] [SEVERE ] setting player 1 freeze to -1670789536303
[2022-12-11 22:12:16] [SEVERE ] removing player 0 token from slot 9
[2022-12-11 22:12:16] [SEVERE ] player 0 placing token on slot 8
[2022-12-11 22:12:16] [SEVERE ] removing player 0 token from slot 3
[2022-12-11 22:12:16] [SEVERE ] player 0 placing token on slot 7
[2022-12-11 22:12:16] [SEVERE ] removing player 0 token from slot 7
[2022-12-11 22:12:16] [SEVERE ] player 0 placing token on slot 6
[2022-12-11 22:12:16] [SEVERE ] removing player 0 token from slot 11
[2022-12-11 22:12:16] [SEVERE ] removing player 0 token from slot 8
[2022-12-11 22:12:16] [SEVERE ] player 0 placing token on slot 9
[2022-12-11 22:12:16] [SEVERE ] removing player 0 token from slot 9
[2022-12-11 22:12:16] [SEVERE ] player 0 placing token on slot 9
[2022-12-11 22:12:16] [SEVERE ] player 0 placing token on slot 4
[2022-12-11 22:12:16] [SEVERE ] removing player 0 token from slot 6
[2022-12-11 22:12:16] [SEVERE ] player 0 placing token on slot 2
[2022-12-11 22:12:16] [SEVERE ] removing player 0 token from slot 9
[2022-12-11 22:12:16] [SEVERE ] player 0 placing token on slot 6
[2022-12-11 22:12:16] [SEVERE ] removing player 0 token from slot 4
[2022-12-11 22:12:16] [SEVERE ] player 0 placing token on slot 4
[2022-12-11 22:12:16] [SEVERE ] setting player 0 freeze to 0
[2022-12-11 22:12:16] [SEVERE ] setting player 1 freeze to -1670789536304
[2022-12-11 22:12:16] [SEVERE ] setting player 0 freeze to 0
[2022-12-11 22:12:16] [SEVERE ] setting player 1 freeze to -1670789536304
[2022-12-11 22:12:16] [SEVERE ] removing player 0 token from slot 2
[2022-12-11 22:12:16] [SEVERE ] player 0 placing token on slot 0
[2022-12-11 22:12:16] [SEVERE ] removing player 0 token from slot 6
[2022-12-11 22:12:16] [SEVERE ] removing player 0 token from slot 0
[2022-12-11 22:12:16] [SEVERE ] player 0 placing token on slot 9
[2022-12-11 22:12:16] [SEVERE ] player 0 placing token on slot 0
[2022-12-11 22:12:16] [SEVERE ] removing player 0 token from slot 0
[2022-12-11 22:12:16] [SEVERE ] player 0 placing token on slot 5
[2022-12-11 22:12:16] [SEVERE ] removing player 0 token from slot 9
[2022-12-11 22:12:16] [SEVERE ] removing player 0 token from slot 5
[2022-12-11 22:12:16] [SEVERE ] player 0 placing token on slot 7
[2022-12-11 22:12:16] [SEVERE ] player 0 placing token on slot 11
[2022-12-11 22:12:16] [SEVERE ] removing player 0 token from slot 11
[2022-12-11 22:12:16] [SEVERE ] player 0 placing token on slot 10
[2022-12-11 22:12:16] [SEVERE ] removing player 0 token from slot 10
[2022-12-11 22:12:16] [SEVERE ] player 0 placing token on slot 3
[2022-12-11 22:12:16] [SEVERE ] removing player 0 token from slot 3
[2022-12-11 22:12:16] [SEVERE ] setting player 0 freeze to 0
[2022-12-11 22:12:16] [SEVERE ] removing player 0 token from slot 4
[2022-12-11 22:12:16] [SEVERE ] removing player 0 token from slot 7
[2022-12-11 22:12:16] [SEVERE ] player 0 placing token on slot 8
[2022-12-11 22:12:16] [SEVERE ] player 0 placing token on slot 5
[2022-12-11 22:12:16] [SEVERE ] player 0 placing token on slot 3
[2022-12-11 22:12:16] [SEVERE ] removing player 0 token from slot 3
[2022-12-11 22:12:16] [SEVERE ] player 0 placing token on slot 6
[2022-12-11 22:12:16] [SEVERE ] removing player 0 token from slot 8
[2022-12-11 22:12:16] [SEVERE ] player 0 placing token on slot 9
[2022-12-11 22:12:16] [SEVERE ] removing player 0 token from slot 5
[2022-12-11 22:12:16] [SEVERE ] player 0 placing token on slot 4
[2022-12-11 22:12:16] [SEVERE ] removing player 0 token from slot 6
[2022-12-11 22:12:16] [SEVERE ] player 0 placing token on slot 5
[2022-12-11 22:12:16] [SEVERE ] removing player 0 token from slot 4
[2022-12-11 22:12:16] [SEVERE ] removing player 0 token from slot 5
[2022-12-11 22:12:16] [SEVERE ] player 0 placing token on slot 6
[2022-12-11 22:12:16] [SEVERE ] player 0 placing token on slot 3
[2022-12-11 22:12:16] [SEVERE ] removing player 0 token from slot 9
[2022-12-11 22:12:16] [SEVERE ] player 0 placing token on slot 1
[2022-12-11 22:12:16] [SEVERE ] removing player 0 token from slot 6
[2022-12-11 22:12:16] [SEVERE ] removing player 0 token from slot 3
[2022-12-11 22:12:16] [SEVERE ] player 0 placing token on slot 6
[2022-12-11 22:12:16] [SEVERE ] player 0 placing token on slot 3
[2022-12-11 22:12:16] [SEVERE ] removing player 0 token from slot 3
[2022-12-11 22:12:16] [SEVERE ] player 0 placing token on slot 7
[2022-12-11 22:12:16] [SEVERE ] removing player 0 token from slot 6
[2022-12-11 22:12:16] [SEVERE ] player 0 placing token on slot 0
[2022-12-11 22:12:16] [SEVERE ] removing player 0 token from slot 1
[2022-12-11 22:12:16] [SEVERE ] player 0 placing token on slot 3
[2022-12-11 22:12:16] [SEVERE ] removing player 0 token from slot 3
[2022-12-11 22:12:16] [SEVERE ] player 0 placing token on slot 11
[2022-12-11 22:12:16] [SEVERE ] removing player 0 token from slot 7
[2022-12-11 22:12:16] [SEVERE ] player 0 placing token on slot 5
[2022-12-11 22:12:16] [SEVERE ] removing player 0 token from slot 11
[2022-12-11 22:12:16] [SEVERE ] removing player 0 token from slot 5
[2022-12-11 22:12:16] [SEVERE ] player 0 placing token on slot 3
[2022-12-11 22:12:16] [SEVERE ] player 0 placing token on slot 5
[2022-12-11 22:12:16] [SEVERE ] removing player 0 token from slot 5
[2022-12-11 22:12:16] [SEVERE ] player 0 placing token on slot 4
[2022-12-11 22:12:16] [SEVERE ] removing player 0 token from slot 4
[2022-12-11 22:12:16] [SEVERE ] player 0 placing token on slot 5
[2022-12-11 22:12:16] [SEVERE ] removing player 0 token from slot 5
[2022-12-11 22:12:16] [SEVERE ] player 0 placing token on slot 2
[2022-12-11 22:12:16] [SEVERE ] removing player 0 token from slot 0
[2022-12-11 22:12:16] [SEVERE ] player 0 placing token on slot 7
[2022-12-11 22:12:16] [SEVERE ] removing player 0 token from slot 3
[2022-12-11 22:12:16] [SEVERE ] setting player 1 freeze to -1670789536306
[2022-12-11 22:12:16] [SEVERE ] removing player 0 token from slot 2
[2022-12-11 22:12:16] [SEVERE ] removing player 0 token from slot 7
[2022-12-11 22:12:16] [SEVERE ] player 0 placing token on slot 0
[2022-12-11 22:12:16] [SEVERE ] player 0 placing token on slot 7
[2022-12-11 22:12:16] [SEVERE ] player 0 placing token on slot 11
[2022-12-11 22:12:16] [SEVERE ] removing player 0 token from slot 0
[2022-12-11 22:12:16] [SEVERE ] removing player 0 token from slot 11
[2022-12-11 22:12:16] [SEVERE ] player 0 placing token on slot 1
[2022-12-11 22:12:16] [SEVERE ] player 0 placing token on slot 11
[2022-12-11 22:12:16] [SEVERE ] removing player 0 token from slot 11
[2022-12-11 22:12:16] [SEVERE ] player 0 placing token on slot 10
[2022-12-11 22:12:16] [SEVERE ] removing player 0 token from slot 7
[2022-12-11 22:12:16] [SEVERE ] player 0 placing token on slot 4
[2022-12-11 22:12:16] [SEVERE ] removing player 0 token from slot 10
[2022-12-11 22:12:16] [SEVERE ] player 0 placing token on slot 7
[2022-12-11 22:12:16] [SEVERE ] setting player 0 freeze to 0
[2022-12-11 22:12:16] [SEVERE ] setting player 1 freeze to -1670789536313
[2022-12-11 22:12:16] [SEVERE ] removing player 0 token from slot 4
[2022-12-11 22:12:16] [SEVERE ] removing player 0 token from slot 7
[2022-12-11 22:12:16] [SEVERE ] setting player 0 freeze to -1
[2022-12-11 22:12:16] [SEVERE ] player 0 placing token on slot 6
[2022-12-11 22:12:16] [SEVERE ] setting player 1 freeze to -1670789536314
[2022-12-11 22:12:16] [SEVERE ] player 0 placing token on slot 10
[2022-12-11 22:12:16] [SEVERE ] removing player 0 token from slot 10
[2022-12-11 22:12:16] [SEVERE ] player 0 placing token on slot 11
[2022-12-11 22:12:16] [SEVERE ] removing player 0 token from slot 1
[2022-12-11 22:12:16] [SEVERE ] player 0 placing token on slot 4
[2022-12-11 22:12:16] [SEVERE ] setting player 0 freeze to -1
[2022-12-11 22:12:16] [SEVERE ] removing player 0 token from slot 6
[2022-12-11 22:12:16] [SEVERE ] setting player 1 freeze to -1670789536314
[2022-12-11 22:12:16] [SEVERE ] player 0 placing token on slot 5
[2022-12-11 22:12:16] [SEVERE ] setting player 0 freeze to 0
[2022-12-11 22:12:16] [SEVERE ] setting player 1 freeze to -1670789536315
[2022-12-11 22:12:16] [SEVERE ] setting player 0 freeze to 0
[2022-12-11 22:12:16] [SEVERE ] setting player 1 freeze to -1670789536315
[2022-12-11 22:12:16] [SEVERE ] removing player 0 token from slot 4
[2022-12-11 22:12:16] [SEVERE ] player 0 placing token on slot 8
[2022-12-11 22:12:16] [SEVERE ] removing player 0 token from slot 8
[2022-12-11 22:12:16] [SEVERE ] removing player 0 token from slot 5
[2022-12-11 22:12:16] [SEVERE ] player 0 placing token on slot 4
[2022-12-11 22:12:16] [SEVERE ] removing player 0 token from slot 4
[2022-12-11 22:12:16] [SEVERE ] player 0 placing token on slot 5
[2022-12-11 22:12:16] [SEVERE ] removing player 0 token from slot 5
[2022-12-11 22:12:16] [SEVERE ] player 0 placing token on slot 1
[2022-12-11 22:12:16] [SEVERE ] player 0 placing token on slot 0
[2022-12-11 22:12:16] [SEVERE ] removing player 0 token from slot 11
[2022-12-11 22:12:16] [SEVERE ] player 0 placing token on slot 10
[2022-12-11 22:12:16] [SEVERE ] removing player 0 token from slot 0
[2022-12-11 22:12:16] [SEVERE ] removing player 0 token from slot 1
[2022-12-11 22:12:16] [SEVERE ] removing player 0 token from slot 10
[2022-12-11 22:12:16] [SEVERE ] removing player 1 token from slot 0
[2022-12-11 22:12:16] [SEVERE ] removing player 1 token from slot 1
[2022-12-11 22:12:16] [SEVERE ] removing player 1 token from slot 10
[2022-12-11 22:12:16] [SEVERE ] setting player 0 score to 2
[2022-12-11 22:12:16] [SEVERE ] setting player 0 freeze to 0
[2022-12-11 22:12:16] [SEVERE ] setting player 1 freeze to -1670789536317
[2022-12-11 22:12:16] [SEVERE ] removing card from slot 0
[2022-12-11 22:12:16] [SEVERE ] player 0 placing token on slot 4
[2022-12-11 22:12:16] [SEVERE ] removing card from slot 1
[2022-12-11 22:12:16] [SEVERE ] removing card from slot 10
[2022-12-11 22:12:16] [SEVERE ] placing card 2 in slot 0
[2022-12-11 22:12:16] [SEVERE ] placing card 12 in slot 1
[2022-12-11 22:12:16] [SEVERE ] placing card 60 in slot 10
[2022-12-11 22:12:16] [SEVERE ] setting player 0 freeze to -1670789536863
[2022-12-11 22:12:16] [SEVERE ] setting player 1 freeze to -1670789536863
[2022-12-11 22:12:17] [SEVERE ] setting player 0 freeze to -1670789537875
[2022-12-11 22:12:17] [SEVERE ] setting player 1 freeze to -1670789537875
[2022-12-11 22:12:18] [SEVERE ] setting player 0 freeze to -1670789538887
[2022-12-11 22:12:18] [SEVERE ] setting player 1 freeze to -1670789538887
[2022-12-11 22:12:19] [SEVERE ] setting player 0 freeze to -1670789539899
[2022-12-11 22:12:19] [SEVERE ] setting player 1 freeze to -1670789539899
[2022-12-11 22:12:20] [SEVERE ] setting player 0 freeze to -1670789540914
[2022-12-11 22:12:20] [SEVERE ] setting player 1 freeze to -1670789540914
[2022-12-11 22:12:21] [SEVERE ] setting player 0 freeze to -1670789541921
[2022-12-11 22:12:21] [SEVERE ] setting player 1 freeze to -1670789541921
[2022-12-11 22:12:22] [SEVERE ] setting player 0 freeze to -1670789542930
[2022-12-11 22:12:22] [SEVERE ] setting player 1 freeze to -1670789542939
[2022-12-11 22:12:23] [SEVERE ] setting player 0 freeze to -1670789543945
[2022-12-11 22:12:23] [SEVERE ] setting player 1 freeze to -1670789543946
[2022-12-11 22:12:24] [SEVERE ] setting player 0 freeze to -1670789544958
[2022-12-11 22:12:24] [SEVERE ] setting player 1 freeze to -1670789544958
[2022-12-11 22:12:25] [SEVERE ] setting player 0 freeze to -1670789545967
[2022-12-11 22:12:25] [SEVERE ] setting player 1 freeze to -1670789545967
