[2022-12-11 18:13:49] [INFO   ] cannot read configuration file config.properties trying from resources.
[2022-12-11 18:13:49] [INFO   ] configuration file was loaded from resources directory.
[2022-12-11 18:13:49] [SEVERE ] placing card 72 in slot 0
[2022-12-11 18:13:49] [SEVERE ] placing card 32 in slot 1
[2022-12-11 18:13:49] [SEVERE ] placing card 42 in slot 2
[2022-12-11 18:13:50] [SEVERE ] placing card 30 in slot 3
[2022-12-11 18:13:50] [SEVERE ] placing card 14 in slot 4
[2022-12-11 18:13:50] [SEVERE ] placing card 61 in slot 5
[2022-12-11 18:13:50] [SEVERE ] placing card 19 in slot 6
[2022-12-11 18:13:50] [SEVERE ] placing card 11 in slot 7
[2022-12-11 18:13:50] [SEVERE ] placing card 44 in slot 8
[2022-12-11 18:13:50] [SEVERE ] placing card 75 in slot 9
[2022-12-11 18:13:50] [SEVERE ] placing card 35 in slot 10
[2022-12-11 18:13:51] [SEVERE ] placing card 25 in slot 11
[2022-12-11 18:13:51] [SEVERE ] setting player 0 freeze to -1670775231007
[2022-12-11 18:13:51] [SEVERE ] setting player 1 freeze to -1670775231008
[2022-12-11 18:13:52] [SEVERE ] setting player 0 freeze to -1670775232020
[2022-12-11 18:13:52] [SEVERE ] setting player 1 freeze to -1670775232021
[2022-12-11 18:13:53] [SEVERE ] setting player 0 freeze to -1670775233029
[2022-12-11 18:13:53] [SEVERE ] setting player 1 freeze to -1670775233029
[2022-12-11 18:13:54] [SEVERE ] setting player 0 freeze to -1670775234041
[2022-12-11 18:13:54] [SEVERE ] setting player 1 freeze to -1670775234042
[2022-12-11 18:13:55] [SEVERE ] setting player 0 freeze to -1670775235055
[2022-12-11 18:13:55] [SEVERE ] setting player 1 freeze to -1670775235055
[2022-12-11 18:13:56] [SEVERE ] setting player 0 freeze to -1670775236068
[2022-12-11 18:13:56] [SEVERE ] setting player 1 freeze to -1670775236069
[2022-12-11 18:13:57] [SEVERE ] setting player 0 freeze to -1670775237079
[2022-12-11 18:13:57] [SEVERE ] setting player 1 freeze to -1670775237079
[2022-12-11 18:13:58] [SEVERE ] setting player 0 freeze to -1670775238092
[2022-12-11 18:13:58] [SEVERE ] setting player 1 freeze to -1670775238093
[2022-12-11 18:13:59] [SEVERE ] setting player 0 freeze to -1670775239105
[2022-12-11 18:13:59] [SEVERE ] setting player 1 freeze to -1670775239105
[2022-12-11 18:14:00] [SEVERE ] setting player 0 freeze to -1670775240120
[2022-12-11 18:14:00] [SEVERE ] setting player 1 freeze to -1670775240121
[2022-12-11 18:14:01] [SEVERE ] setting player 0 freeze to -1670775241135
[2022-12-11 18:14:01] [SEVERE ] setting player 1 freeze to -1670775241136
[2022-12-11 18:14:02] [SEVERE ] setting player 0 freeze to -1670775242150
[2022-12-11 18:14:02] [SEVERE ] setting player 1 freeze to -1670775242151
[2022-12-11 18:14:03] [SEVERE ] setting player 0 freeze to -1670775243166
[2022-12-11 18:14:03] [SEVERE ] setting player 1 freeze to -1670775243166
[2022-12-11 18:14:04] [SEVERE ] setting player 0 freeze to -1670775244178
[2022-12-11 18:14:04] [SEVERE ] setting player 1 freeze to -1670775244180
[2022-12-11 18:14:05] [SEVERE ] setting player 0 freeze to -1670775245189
[2022-12-11 18:14:05] [SEVERE ] setting player 1 freeze to -1670775245190
[2022-12-11 18:14:06] [SEVERE ] setting player 0 freeze to -1670775246199
[2022-12-11 18:14:06] [SEVERE ] setting player 1 freeze to -1670775246200
[2022-12-11 18:14:07] [SEVERE ] setting player 0 freeze to -1670775247208
[2022-12-11 18:14:07] [SEVERE ] setting player 1 freeze to -1670775247209
[2022-12-11 18:14:08] [SEVERE ] setting player 0 freeze to -1670775248217
[2022-12-11 18:14:08] [SEVERE ] setting player 1 freeze to -1670775248218
[2022-12-11 18:14:09] [SEVERE ] setting player 0 freeze to -1670775249232
[2022-12-11 18:14:09] [SEVERE ] setting player 1 freeze to -1670775249233
[2022-12-11 18:14:10] [SEVERE ] setting player 0 freeze to -1670775250243
[2022-12-11 18:14:10] [SEVERE ] setting player 1 freeze to -1670775250244
[2022-12-11 18:14:11] [SEVERE ] setting player 0 freeze to -1670775251257
[2022-12-11 18:14:11] [SEVERE ] setting player 1 freeze to -1670775251258
[2022-12-11 18:14:12] [SEVERE ] setting player 0 freeze to -1670775252264
[2022-12-11 18:14:12] [SEVERE ] setting player 1 freeze to -1670775252265
[2022-12-11 18:14:13] [SEVERE ] setting player 0 freeze to -1670775253280
[2022-12-11 18:14:13] [SEVERE ] setting player 1 freeze to -1670775253280
[2022-12-11 18:14:13] [SEVERE ] Key 65 was pressed by player 0
[2022-12-11 18:14:13] [SEVERE ] player 0 placing token on slot 4
[2022-12-11 18:14:13] [SEVERE ] Key 83 was pressed by player 0
[2022-12-11 18:14:13] [SEVERE ] player 0 placing token on slot 5
[2022-12-11 18:14:13] [SEVERE ] Key 68 was pressed by player 0
[2022-12-11 18:14:13] [SEVERE ] player 0 placing token on slot 6
[2022-12-11 18:14:14] [SEVERE ] setting player 0 freeze to 2999
[2022-12-11 18:14:14] [SEVERE ] setting player 1 freeze to -1670775254296
[2022-12-11 18:14:15] [SEVERE ] setting player 0 freeze to 1991
[2022-12-11 18:14:15] [SEVERE ] setting player 1 freeze to -1670775255304
[2022-12-11 18:14:16] [SEVERE ] setting player 0 freeze to 982
[2022-12-11 18:14:16] [SEVERE ] setting player 1 freeze to -1670775256313
[2022-12-11 18:14:17] [SEVERE ] setting player 0 freeze to -30
[2022-12-11 18:14:17] [SEVERE ] setting player 1 freeze to -1670775257326
[2022-12-11 18:14:18] [SEVERE ] setting player 0 freeze to -1041
[2022-12-11 18:14:18] [SEVERE ] setting player 1 freeze to -1670775258337
[2022-12-11 18:14:19] [SEVERE ] setting player 0 freeze to -2054
[2022-12-11 18:14:19] [SEVERE ] setting player 1 freeze to -1670775259350
[2022-12-11 18:14:19] [SEVERE ] Key 81 was pressed by player 0
[2022-12-11 18:14:20] [SEVERE ] setting player 0 freeze to -3066
[2022-12-11 18:14:20] [SEVERE ] setting player 1 freeze to -1670775260362
[2022-12-11 18:14:21] [SEVERE ] Key 68 was pressed by player 0
[2022-12-11 18:14:21] [SEVERE ] removing player 0 token from slot 6
[2022-12-11 18:14:21] [SEVERE ] setting player 0 freeze to -4079
[2022-12-11 18:14:21] [SEVERE ] setting player 1 freeze to -1670775261375
[2022-12-11 18:14:22] [SEVERE ] Key 83 was pressed by player 0
[2022-12-11 18:14:22] [SEVERE ] removing player 0 token from slot 5
[2022-12-11 18:14:22] [SEVERE ] setting player 0 freeze to -5082
[2022-12-11 18:14:22] [SEVERE ] setting player 1 freeze to -1670775262377
[2022-12-11 18:14:23] [SEVERE ] Key 65 was pressed by player 0
[2022-12-11 18:14:23] [SEVERE ] removing player 0 token from slot 4
[2022-12-11 18:14:23] [SEVERE ] setting player 0 freeze to -6092
[2022-12-11 18:14:23] [SEVERE ] setting player 1 freeze to -1670775263388
[2022-12-11 18:14:24] [SEVERE ] setting player 0 freeze to -7107
[2022-12-11 18:14:24] [SEVERE ] setting player 1 freeze to -1670775264402
[2022-12-11 18:14:25] [SEVERE ] setting player 0 freeze to -8120
[2022-12-11 18:14:25] [SEVERE ] setting player 1 freeze to -1670775265415
[2022-12-11 18:14:25] [SEVERE ] Key 70 was pressed by player 0
[2022-12-11 18:14:25] [SEVERE ] player 0 placing token on slot 7
[2022-12-11 18:14:25] [SEVERE ] Key 68 was pressed by player 0
[2022-12-11 18:14:25] [SEVERE ] player 0 placing token on slot 6
[2022-12-11 18:14:25] [SEVERE ] Key 69 was pressed by player 0
[2022-12-11 18:14:25] [SEVERE ] player 0 placing token on slot 2
[2022-12-11 18:14:25] [SEVERE ] Key 82 was pressed by player 0
[2022-12-11 18:14:25] [SEVERE ] Key 65 was pressed by player 0
[2022-12-11 18:14:25] [SEVERE ] Key 81 was pressed by player 0
[2022-12-11 18:14:25] [SEVERE ] Key 83 was pressed by player 0
[2022-12-11 18:14:25] [SEVERE ] Key 82 was pressed by player 0
[2022-12-11 18:14:25] [SEVERE ] Key 87 was pressed by player 0
[2022-12-11 18:14:25] [SEVERE ] Key 70 was pressed by player 0
[2022-12-11 18:14:25] [SEVERE ] removing player 0 token from slot 7
[2022-12-11 18:14:25] [SEVERE ] Key 69 was pressed by player 0
[2022-12-11 18:14:25] [SEVERE ] removing player 0 token from slot 2
[2022-12-11 18:14:26] [SEVERE ] Key 83 was pressed by player 0
[2022-12-11 18:14:26] [SEVERE ] player 0 placing token on slot 5
[2022-12-11 18:14:26] [SEVERE ] Key 87 was pressed by player 0
[2022-12-11 18:14:26] [SEVERE ] player 0 placing token on slot 1
[2022-12-11 18:14:26] [SEVERE ] Key 81 was pressed by player 0
[2022-12-11 18:14:26] [SEVERE ] Key 82 was pressed by player 0
[2022-12-11 18:14:26] [SEVERE ] setting player 0 score to 1
[2022-12-11 18:14:26] [SEVERE ] setting player 0 freeze to 998
[2022-12-11 18:14:26] [SEVERE ] setting player 1 freeze to -1670775266429
[2022-12-11 18:14:26] [SEVERE ] Key 65 was pressed by player 0
[2022-12-11 18:14:26] [SEVERE ] Key 68 was pressed by player 0
[2022-12-11 18:14:26] [SEVERE ] Key 70 was pressed by player 0
[2022-12-11 18:14:26] [SEVERE ] Key 69 was pressed by player 0
[2022-12-11 18:14:26] [SEVERE ] Key 83 was pressed by player 0
[2022-12-11 18:14:26] [SEVERE ] Key 87 was pressed by player 0
[2022-12-11 18:14:26] [SEVERE ] Key 81 was pressed by player 0
[2022-12-11 18:14:26] [SEVERE ] Key 70 was pressed by player 0
[2022-12-11 18:14:27] [SEVERE ] setting player 0 freeze to -11
[2022-12-11 18:14:27] [SEVERE ] setting player 1 freeze to -1670775267438
[2022-12-11 18:14:28] [SEVERE ] setting player 0 freeze to -1023
[2022-12-11 18:14:28] [SEVERE ] setting player 1 freeze to -1670775268450
[2022-12-11 18:14:29] [SEVERE ] setting player 0 freeze to -2036
[2022-12-11 18:14:29] [SEVERE ] setting player 1 freeze to -1670775269462
[2022-12-11 18:14:29] [SEVERE ] Key 46 was pressed by player 1
[2022-12-11 18:14:29] [SEVERE ] player 1 placing token on slot 10
[2022-12-11 18:14:29] [SEVERE ] Key 76 was pressed by player 1
[2022-12-11 18:14:29] [SEVERE ] player 1 placing token on slot 6
[2022-12-11 18:14:29] [SEVERE ] Key 59 was pressed by player 1
[2022-12-11 18:14:29] [SEVERE ] player 1 placing token on slot 7
[2022-12-11 18:14:29] [SEVERE ] Key 59 was pressed by player 1
[2022-12-11 18:14:29] [SEVERE ] removing player 1 token from slot 7
[2022-12-11 18:14:29] [SEVERE ] Key 79 was pressed by player 1
[2022-12-11 18:14:29] [SEVERE ] player 1 placing token on slot 2
[2022-12-11 18:14:29] [SEVERE ] Key 79 was pressed by player 1
[2022-12-11 18:14:29] [SEVERE ] removing player 1 token from slot 2
[2022-12-11 18:14:29] [SEVERE ] Key 46 was pressed by player 1
[2022-12-11 18:14:29] [SEVERE ] removing player 1 token from slot 10
[2022-12-11 18:14:29] [SEVERE ] Key 59 was pressed by player 1
[2022-12-11 18:14:29] [SEVERE ] player 1 placing token on slot 7
[2022-12-11 18:14:29] [SEVERE ] Key 46 was pressed by player 1
[2022-12-11 18:14:29] [SEVERE ] player 1 placing token on slot 10
[2022-12-11 18:14:30] [SEVERE ] Key 59 was pressed by player 1
[2022-12-11 18:14:30] [SEVERE ] removing player 1 token from slot 7
[2022-12-11 18:14:30] [SEVERE ] Key 79 was pressed by player 1
[2022-12-11 18:14:30] [SEVERE ] player 1 placing token on slot 2
[2022-12-11 18:14:30] [SEVERE ] Key 76 was pressed by player 1
[2022-12-11 18:14:30] [SEVERE ] removing player 1 token from slot 6
[2022-12-11 18:14:30] [SEVERE ] Key 46 was pressed by player 1
[2022-12-11 18:14:30] [SEVERE ] removing player 1 token from slot 10
[2022-12-11 18:14:30] [SEVERE ] Key 73 was pressed by player 1
[2022-12-11 18:14:30] [SEVERE ] player 1 placing token on slot 1
[2022-12-11 18:14:30] [SEVERE ] Key 46 was pressed by player 1
[2022-12-11 18:14:30] [SEVERE ] player 1 placing token on slot 10
[2022-12-11 18:14:30] [SEVERE ] Key 59 was pressed by player 1
[2022-12-11 18:14:30] [SEVERE ] Key 46 was pressed by player 1
[2022-12-11 18:14:30] [SEVERE ] removing player 1 token from slot 10
[2022-12-11 18:14:30] [SEVERE ] Key 73 was pressed by player 1
[2022-12-11 18:14:30] [SEVERE ] removing player 1 token from slot 1
[2022-12-11 18:14:30] [SEVERE ] Key 59 was pressed by player 1
[2022-12-11 18:14:30] [SEVERE ] player 1 placing token on slot 7
[2022-12-11 18:14:30] [SEVERE ] setting player 0 freeze to -3048
[2022-12-11 18:14:30] [SEVERE ] setting player 1 freeze to -1670775270474
[2022-12-11 18:14:30] [SEVERE ] Key 73 was pressed by player 1
[2022-12-11 18:14:30] [SEVERE ] player 1 placing token on slot 1
[2022-12-11 18:14:30] [SEVERE ] Key 76 was pressed by player 1
[2022-12-11 18:14:30] [SEVERE ] Key 80 was pressed by player 1
[2022-12-11 18:14:30] [SEVERE ] Key 79 was pressed by player 1
[2022-12-11 18:14:30] [SEVERE ] removing player 1 token from slot 2
[2022-12-11 18:14:30] [SEVERE ] Key 59 was pressed by player 1
[2022-12-11 18:14:30] [SEVERE ] removing player 1 token from slot 7
[2022-12-11 18:14:30] [SEVERE ] Key 46 was pressed by player 1
[2022-12-11 18:14:30] [SEVERE ] player 1 placing token on slot 10
[2022-12-11 18:14:30] [SEVERE ] Key 80 was pressed by player 1
[2022-12-11 18:14:30] [SEVERE ] player 1 placing token on slot 3
[2022-12-11 18:14:30] [SEVERE ] Key 79 was pressed by player 1
[2022-12-11 18:14:30] [SEVERE ] Key 47 was pressed by player 1
[2022-12-11 18:14:30] [SEVERE ] Key 47 was pressed by player 1
[2022-12-11 18:14:30] [SEVERE ] Key 80 was pressed by player 1
[2022-12-11 18:14:30] [SEVERE ] removing player 1 token from slot 3
[2022-12-11 18:14:31] [SEVERE ] Key 47 was pressed by player 1
[2022-12-11 18:14:31] [SEVERE ] player 1 placing token on slot 11
[2022-12-11 18:14:31] [SEVERE ] Key 79 was pressed by player 1
[2022-12-11 18:14:31] [SEVERE ] Key 79 was pressed by player 1
[2022-12-11 18:14:31] [SEVERE ] Key 59 was pressed by player 1
[2022-12-11 18:14:31] [SEVERE ] Key 46 was pressed by player 1
[2022-12-11 18:14:31] [SEVERE ] removing player 1 token from slot 10
[2022-12-11 18:14:31] [SEVERE ] Key 79 was pressed by player 1
[2022-12-11 18:14:31] [SEVERE ] player 1 placing token on slot 2
[2022-12-11 18:14:31] [SEVERE ] Key 46 was pressed by player 1
[2022-12-11 18:14:31] [SEVERE ] Key 47 was pressed by player 1
[2022-12-11 18:14:31] [SEVERE ] removing player 1 token from slot 11
[2022-12-11 18:14:31] [SEVERE ] Key 59 was pressed by player 1
[2022-12-11 18:14:31] [SEVERE ] player 1 placing token on slot 7
[2022-12-11 18:14:31] [SEVERE ] setting player 0 freeze to -4050
[2022-12-11 18:14:31] [SEVERE ] setting player 1 freeze to 3000
[2022-12-11 18:14:31] [SEVERE ] Key 79 was pressed by player 1
[2022-12-11 18:14:31] [SEVERE ] Key 47 was pressed by player 1
[2022-12-11 18:14:31] [SEVERE ] Key 46 was pressed by player 1
[2022-12-11 18:14:31] [SEVERE ] Key 59 was pressed by player 1
[2022-12-11 18:14:31] [SEVERE ] Key 79 was pressed by player 1
[2022-12-11 18:14:31] [SEVERE ] Key 65 was pressed by player 0
[2022-12-11 18:14:31] [SEVERE ] Key 83 was pressed by player 0
[2022-12-11 18:14:31] [SEVERE ] Key 68 was pressed by player 0
[2022-12-11 18:14:31] [SEVERE ] Key 47 was pressed by player 1
[2022-12-11 18:14:31] [SEVERE ] Key 46 was pressed by player 1
[2022-12-11 18:14:31] [SEVERE ] Key 65 was pressed by player 0
[2022-12-11 18:14:31] [SEVERE ] Key 59 was pressed by player 1
[2022-12-11 18:14:31] [SEVERE ] Key 79 was pressed by player 1
[2022-12-11 18:14:32] [SEVERE ] Key 68 was pressed by player 0
[2022-12-11 18:14:32] [SEVERE ] Key 83 was pressed by player 0
[2022-12-11 18:14:32] [SEVERE ] Key 68 was pressed by player 0
[2022-12-11 18:14:32] [SEVERE ] Key 65 was pressed by player 0
[2022-12-11 18:14:32] [SEVERE ] Key 83 was pressed by player 0
[2022-12-11 18:14:32] [SEVERE ] setting player 0 freeze to -5063
[2022-12-11 18:14:32] [SEVERE ] setting player 1 freeze to 1987
[2022-12-11 18:14:33] [SEVERE ] setting player 0 freeze to -6075
[2022-12-11 18:14:33] [SEVERE ] setting player 1 freeze to 974
[2022-12-11 18:14:34] [SEVERE ] setting player 0 freeze to -7087
[2022-12-11 18:14:34] [SEVERE ] setting player 1 freeze to -38
[2022-12-11 18:14:35] [SEVERE ] setting player 0 freeze to -8101
[2022-12-11 18:14:35] [SEVERE ] setting player 1 freeze to -1051
[2022-12-11 18:14:36] [SEVERE ] setting player 0 freeze to -9112
[2022-12-11 18:14:36] [SEVERE ] setting player 1 freeze to -2062
[2022-12-11 18:14:36] [SEVERE ] Key 65 was pressed by player 0
[2022-12-11 18:14:36] [SEVERE ] Key 83 was pressed by player 0
[2022-12-11 18:14:36] [SEVERE ] Key 68 was pressed by player 0
[2022-12-11 18:14:37] [SEVERE ] Key 83 was pressed by player 0
[2022-12-11 18:14:37] [SEVERE ] Key 65 was pressed by player 0
[2022-12-11 18:14:37] [SEVERE ] Key 68 was pressed by player 0
[2022-12-11 18:14:37] [SEVERE ] Key 68 was pressed by player 0
[2022-12-11 18:14:37] [SEVERE ] Key 83 was pressed by player 0
[2022-12-11 18:14:37] [SEVERE ] Key 65 was pressed by player 0
[2022-12-11 18:14:37] [SEVERE ] setting player 0 freeze to -10123
[2022-12-11 18:14:37] [SEVERE ] setting player 1 freeze to -3074
[2022-12-11 18:14:38] [SEVERE ] Key 65 was pressed by player 0
[2022-12-11 18:14:38] [SEVERE ] Key 83 was pressed by player 0
[2022-12-11 18:14:38] [SEVERE ] Key 68 was pressed by player 0
[2022-12-11 18:14:38] [SEVERE ] setting player 0 freeze to -11135
[2022-12-11 18:14:38] [SEVERE ] setting player 1 freeze to -4085
[2022-12-11 18:14:39] [SEVERE ] setting player 0 freeze to -12146
[2022-12-11 18:14:39] [SEVERE ] setting player 1 freeze to -5096
[2022-12-11 18:14:40] [SEVERE ] setting player 0 freeze to -13159
[2022-12-11 18:14:40] [SEVERE ] setting player 1 freeze to -6109
[2022-12-11 18:14:41] [SEVERE ] setting player 0 freeze to -14170
[2022-12-11 18:14:41] [SEVERE ] setting player 1 freeze to -7120
[2022-12-11 18:14:42] [SEVERE ] setting player 0 freeze to -15180
[2022-12-11 18:14:42] [SEVERE ] setting player 1 freeze to -8130
[2022-12-11 18:14:43] [SEVERE ] setting player 0 freeze to -16190
[2022-12-11 18:14:43] [SEVERE ] setting player 1 freeze to -9140
[2022-12-11 18:14:44] [SEVERE ] setting player 0 freeze to -17203
[2022-12-11 18:14:44] [SEVERE ] setting player 1 freeze to -10153
[2022-12-11 18:14:45] [SEVERE ] setting player 0 freeze to -18214
[2022-12-11 18:14:45] [SEVERE ] setting player 1 freeze to -11164
[2022-12-11 18:14:46] [SEVERE ] setting player 0 freeze to -19230
[2022-12-11 18:14:46] [SEVERE ] setting player 1 freeze to -12181
[2022-12-11 18:14:47] [SEVERE ] Key 65 was pressed by player 0
[2022-12-11 18:14:47] [SEVERE ] Key 83 was pressed by player 0
[2022-12-11 18:14:47] [SEVERE ] Key 79 was pressed by player 1
[2022-12-11 18:14:47] [SEVERE ] Key 80 was pressed by player 1
[2022-12-11 18:14:47] [SEVERE ] Key 73 was pressed by player 1
[2022-12-11 18:14:47] [SEVERE ] Key 68 was pressed by player 0
[2022-12-11 18:14:47] [SEVERE ] Key 76 was pressed by player 1
[2022-12-11 18:14:47] [SEVERE ] setting player 0 freeze to -20245
[2022-12-11 18:14:47] [SEVERE ] setting player 1 freeze to -13196
[2022-12-11 18:14:47] [SEVERE ] Key 75 was pressed by player 1
[2022-12-11 18:14:47] [SEVERE ] Key 83 was pressed by player 0
[2022-12-11 18:14:47] [SEVERE ] Key 68 was pressed by player 0
[2022-12-11 18:14:48] [SEVERE ] Key 59 was pressed by player 1
[2022-12-11 18:14:48] [SEVERE ] Key 76 was pressed by player 1
[2022-12-11 18:14:48] [SEVERE ] Key 83 was pressed by player 0
[2022-12-11 18:14:48] [SEVERE ] Key 68 was pressed by player 0
[2022-12-11 18:14:48] [SEVERE ] Key 75 was pressed by player 1
[2022-12-11 18:14:48] [SEVERE ] setting player 0 freeze to -21261
[2022-12-11 18:14:48] [SEVERE ] setting player 1 freeze to -14211
[2022-12-11 18:14:49] [SEVERE ] setting player 0 freeze to -22273
[2022-12-11 18:14:49] [SEVERE ] setting player 1 freeze to -15224
[2022-12-11 18:14:50] [SEVERE ] setting player 0 freeze to -23284
[2022-12-11 18:14:50] [SEVERE ] setting player 1 freeze to -16234
[2022-12-11 18:14:51] [SEVERE ] setting player 0 freeze to -24294
[2022-12-11 18:14:51] [SEVERE ] setting player 1 freeze to -17245
[2022-12-11 18:14:51] [SEVERE ] setting player 0 freeze to -24295
[2022-12-11 18:14:51] [SEVERE ] setting player 1 freeze to -17245
[2022-12-11 18:14:51] [SEVERE ] removing card from slot 0
[2022-12-11 18:14:51] [SEVERE ] removing card from slot 1
[2022-12-11 18:14:52] [SEVERE ] removing card from slot 2
[2022-12-11 18:14:52] [SEVERE ] removing card from slot 3
[2022-12-11 18:14:52] [SEVERE ] removing card from slot 4
[2022-12-11 18:14:52] [SEVERE ] removing card from slot 5
[2022-12-11 18:14:52] [SEVERE ] removing card from slot 6
[2022-12-11 18:14:52] [SEVERE ] removing card from slot 7
[2022-12-11 18:14:52] [SEVERE ] removing card from slot 8
[2022-12-11 18:14:52] [SEVERE ] removing card from slot 9
[2022-12-11 18:14:52] [SEVERE ] removing card from slot 10
[2022-12-11 18:14:53] [SEVERE ] removing card from slot 11
[2022-12-11 18:14:53] [SEVERE ] removing player 1 token from slot 1
[2022-12-11 18:14:53] [SEVERE ] removing player 1 token from slot 2
[2022-12-11 18:14:53] [SEVERE ] removing player 1 token from slot 7
[2022-12-11 18:14:53] [SEVERE ] setting player 0 freeze to -1670775293031
[2022-12-11 18:14:53] [SEVERE ] setting player 1 freeze to -1670775293031
[2022-12-11 18:14:53] [SEVERE ] placing card 18 in slot 0
[2022-12-11 18:14:53] [SEVERE ] placing card 4 in slot 1
[2022-12-11 18:14:53] [SEVERE ] placing card 72 in slot 2
[2022-12-11 18:14:53] [SEVERE ] placing card 65 in slot 3
[2022-12-11 18:14:53] [SEVERE ] placing card 17 in slot 4
[2022-12-11 18:14:53] [SEVERE ] placing card 3 in slot 5
[2022-12-11 18:14:53] [SEVERE ] placing card 67 in slot 6
[2022-12-11 18:14:53] [SEVERE ] placing card 49 in slot 7
[2022-12-11 18:14:54] [SEVERE ] placing card 37 in slot 8
[2022-12-11 18:14:54] [SEVERE ] placing card 27 in slot 9
[2022-12-11 18:14:54] [SEVERE ] placing card 26 in slot 10
[2022-12-11 18:14:54] [SEVERE ] placing card 43 in slot 11
[2022-12-11 18:14:54] [SEVERE ] setting player 0 freeze to -1670775294339
[2022-12-11 18:14:54] [SEVERE ] setting player 1 freeze to -1670775294339
[2022-12-11 18:14:55] [SEVERE ] setting player 0 freeze to -1670775295342
[2022-12-11 18:14:55] [SEVERE ] setting player 1 freeze to -1670775295342
[2022-12-11 18:14:55] [SEVERE ] Key 65 was pressed by player 0
[2022-12-11 18:14:56] [SEVERE ] setting player 0 freeze to -1670775296348
[2022-12-11 18:14:56] [SEVERE ] setting player 1 freeze to -1670775296349
[2022-12-11 18:14:56] [SEVERE ] Key 65 was pressed by player 0
[2022-12-11 18:14:56] [SEVERE ] Key 83 was pressed by player 0
[2022-12-11 18:14:56] [SEVERE ] Key 68 was pressed by player 0
[2022-12-11 18:14:56] [SEVERE ] Key 81 was pressed by player 0
[2022-12-11 18:14:57] [SEVERE ] Key 87 was pressed by player 0
[2022-12-11 18:14:57] [SEVERE ] setting player 0 freeze to -1670775297361
[2022-12-11 18:14:57] [SEVERE ] setting player 1 freeze to -1670775297362
[2022-12-11 18:14:57] [SEVERE ] Key 68 was pressed by player 0
[2022-12-11 18:14:57] [SEVERE ] Key 83 was pressed by player 0
[2022-12-11 18:14:57] [SEVERE ] Key 65 was pressed by player 0
[2022-12-11 18:14:58] [SEVERE ] setting player 0 freeze to -1670775298371
[2022-12-11 18:14:58] [SEVERE ] setting player 1 freeze to -1670775298371
[2022-12-11 18:14:58] [SEVERE ] Key 83 was pressed by player 0
[2022-12-11 18:14:59] [SEVERE ] Key 68 was pressed by player 0
[2022-12-11 18:14:59] [SEVERE ] setting player 0 freeze to -1670775299378
[2022-12-11 18:14:59] [SEVERE ] setting player 1 freeze to -1670775299378
[2022-12-11 18:14:59] [SEVERE ] Key 87 was pressed by player 0
[2022-12-11 18:15:00] [SEVERE ] setting player 0 freeze to -1670775300390
[2022-12-11 18:15:00] [SEVERE ] setting player 1 freeze to -1670775300390
[2022-12-11 18:15:01] [SEVERE ] setting player 0 freeze to -1670775301402
[2022-12-11 18:15:01] [SEVERE ] setting player 1 freeze to -1670775301402
[2022-12-11 18:15:01] [SEVERE ] Exit button pressed
[2022-12-11 18:15:02] [SEVERE ] setting player 0 freeze to -1670775302416
[2022-12-11 18:15:02] [SEVERE ] setting player 1 freeze to -1670775302416
[2022-12-11 18:15:02] [SEVERE ] setting player 0 freeze to -1670775302417
[2022-12-11 18:15:02] [SEVERE ] setting player 1 freeze to -1670775302417
[2022-12-11 18:15:02] [SEVERE ] removing card from slot 0
[2022-12-11 18:15:02] [SEVERE ] removing card from slot 1
[2022-12-11 18:15:02] [SEVERE ] removing card from slot 2
[2022-12-11 18:15:02] [SEVERE ] removing card from slot 3
[2022-12-11 18:15:02] [SEVERE ] removing card from slot 4
[2022-12-11 18:15:03] [SEVERE ] removing card from slot 5
[2022-12-11 18:15:03] [SEVERE ] removing card from slot 6
[2022-12-11 18:15:03] [SEVERE ] removing card from slot 7
[2022-12-11 18:15:03] [SEVERE ] removing card from slot 8
[2022-12-11 18:15:03] [SEVERE ] removing card from slot 9
[2022-12-11 18:15:03] [SEVERE ] removing card from slot 10
[2022-12-11 18:15:03] [SEVERE ] removing card from slot 11
[2022-12-11 18:15:03] [SEVERE ] setting player 0 freeze to -1670775303720
[2022-12-11 18:15:03] [SEVERE ] setting player 1 freeze to -1670775303720
[2022-12-11 18:15:03] [INFO   ] Thread main terminated.
