[2022-12-11 21:57:06] [INFO   ] cannot read configuration file config.properties trying from resources.
[2022-12-11 21:57:06] [INFO   ] configuration file was loaded from resources directory.
[2022-12-11 21:57:06] [SEVERE ] placing card 74 in slot 0
[2022-12-11 21:57:06] [SEVERE ] placing card 0 in slot 1
[2022-12-11 21:57:07] [SEVERE ] placing card 9 in slot 2
[2022-12-11 21:57:07] [SEVERE ] placing card 44 in slot 3
[2022-12-11 21:57:07] [SEVERE ] Key 65 was pressed by player 0
[2022-12-11 21:57:07] [SEVERE ] Key 83 was pressed by player 0
[2022-12-11 21:57:07] [SEVERE ] placing card 47 in slot 4
[2022-12-11 21:57:07] [SEVERE ] Key 68 was pressed by player 0
[2022-12-11 21:57:07] [SEVERE ] placing card 80 in slot 5
[2022-12-11 21:57:07] [SEVERE ] placing card 1 in slot 6
[2022-12-11 21:57:07] [SEVERE ] placing card 45 in slot 7
[2022-12-11 21:57:07] [SEVERE ] placing card 2 in slot 8
[2022-12-11 21:57:07] [SEVERE ] placing card 20 in slot 9
[2022-12-11 21:57:07] [SEVERE ] placing card 67 in slot 10
[2022-12-11 21:57:07] [SEVERE ] Key 68 was pressed by player 0
[2022-12-11 21:57:08] [SEVERE ] Key 83 was pressed by player 0
[2022-12-11 21:57:08] [SEVERE ] placing card 56 in slot 11
[2022-12-11 21:57:08] [SEVERE ] setting player 0 freeze to -1670788628090
[2022-12-11 21:57:08] [SEVERE ] setting player 1 freeze to -1670788628090
[2022-12-11 21:57:08] [SEVERE ] Key 65 was pressed by player 0
[2022-12-11 21:57:08] [SEVERE ] player 0 placing token on slot 4
[2022-12-11 21:57:09] [SEVERE ] setting player 0 freeze to -1670788629101
[2022-12-11 21:57:09] [SEVERE ] setting player 1 freeze to -1670788629102
[2022-12-11 21:57:09] [SEVERE ] Key 65 was pressed by player 0
[2022-12-11 21:57:09] [SEVERE ] removing player 0 token from slot 4
[2022-12-11 21:57:10] [SEVERE ] setting player 0 freeze to -1670788630117
[2022-12-11 21:57:10] [SEVERE ] setting player 1 freeze to -1670788630118
[2022-12-11 21:57:11] [SEVERE ] setting player 0 freeze to -1670788631132
[2022-12-11 21:57:11] [SEVERE ] setting player 1 freeze to -1670788631132
[2022-12-11 21:57:11] [SEVERE ] Exit button pressed
[2022-12-11 21:57:12] [SEVERE ] setting player 0 freeze to -1670788632144
[2022-12-11 21:57:12] [SEVERE ] setting player 1 freeze to -1670788632145
[2022-12-11 21:57:12] [SEVERE ] setting player 0 freeze to -1670788632145
[2022-12-11 21:57:12] [SEVERE ] setting player 1 freeze to -1670788632145
[2022-12-11 21:57:12] [SEVERE ] removing card from slot 0
[2022-12-11 21:57:12] [SEVERE ] removing card from slot 1
[2022-12-11 21:57:12] [SEVERE ] removing card from slot 2
[2022-12-11 21:57:12] [SEVERE ] removing card from slot 3
[2022-12-11 21:57:12] [SEVERE ] removing card from slot 4
[2022-12-11 21:57:12] [SEVERE ] removing card from slot 5
[2022-12-11 21:57:12] [SEVERE ] removing card from slot 6
[2022-12-11 21:57:13] [SEVERE ] removing card from slot 7
[2022-12-11 21:57:13] [SEVERE ] removing card from slot 8
[2022-12-11 21:57:13] [SEVERE ] removing card from slot 9
[2022-12-11 21:57:13] [SEVERE ] removing card from slot 10
[2022-12-11 21:57:13] [SEVERE ] removing card from slot 11
[2022-12-11 21:57:13] [SEVERE ] setting player 0 freeze to -1670788633451
[2022-12-11 21:57:13] [SEVERE ] setting player 1 freeze to -1670788633452
[2022-12-11 21:57:13] [INFO   ] Thread main terminated.
