[2022-12-11 22:01:05] [INFO   ] cannot read configuration file config.properties trying from resources.
[2022-12-11 22:01:05] [INFO   ] configuration file was loaded from resources directory.
[2022-12-11 22:01:06] [SEVERE ] placing card 3 in slot 0
[2022-12-11 22:01:06] [SEVERE ] placing card 4 in slot 1
[2022-12-11 22:01:06] [SEVERE ] placing card 35 in slot 2
[2022-12-11 22:01:06] [SEVERE ] placing card 59 in slot 3
[2022-12-11 22:01:06] [SEVERE ] Key 65 was pressed by player 0
[2022-12-11 22:01:06] [SEVERE ] placing card 54 in slot 4
[2022-12-11 22:01:06] [SEVERE ] placing card 14 in slot 5
[2022-12-11 22:01:06] [SEVERE ] placing card 34 in slot 6
[2022-12-11 22:01:07] [SEVERE ] Key 65 was pressed by player 0
[2022-12-11 22:01:07] [SEVERE ] placing card 63 in slot 7
[2022-12-11 22:01:07] [SEVERE ] placing card 23 in slot 8
[2022-12-11 22:01:07] [SEVERE ] Key 65 was pressed by player 0
[2022-12-11 22:01:07] [SEVERE ] placing card 5 in slot 9
[2022-12-11 22:01:07] [SEVERE ] placing card 26 in slot 10
[2022-12-11 22:01:07] [SEVERE ] Key 65 was pressed by player 0
[2022-12-11 22:01:07] [SEVERE ] placing card 64 in slot 11
[2022-12-11 22:01:07] [SEVERE ] setting player 0 freeze to -1670788867477
[2022-12-11 22:01:07] [SEVERE ] setting player 1 freeze to -1670788867477
[2022-12-11 22:01:07] [SEVERE ] Key 65 was pressed by player 0
[2022-12-11 22:01:07] [SEVERE ] player 0 placing token on slot 4
[2022-12-11 22:01:07] [SEVERE ] Key 65 was pressed by player 0
[2022-12-11 22:01:07] [SEVERE ] removing player 0 token from slot 4
[2022-12-11 22:01:07] [SEVERE ] Key 65 was pressed by player 0
[2022-12-11 22:01:07] [SEVERE ] player 0 placing token on slot 4
[2022-12-11 22:01:08] [SEVERE ] Key 65 was pressed by player 0
[2022-12-11 22:01:08] [SEVERE ] removing player 0 token from slot 4
[2022-12-11 22:01:08] [SEVERE ] Key 65 was pressed by player 0
[2022-12-11 22:01:08] [SEVERE ] player 0 placing token on slot 4
[2022-12-11 22:01:08] [SEVERE ] Key 65 was pressed by player 0
[2022-12-11 22:01:08] [SEVERE ] removing player 0 token from slot 4
[2022-12-11 22:01:08] [SEVERE ] setting player 0 freeze to -1670788868487
[2022-12-11 22:01:08] [SEVERE ] setting player 1 freeze to -1670788868488
[2022-12-11 22:01:08] [SEVERE ] Key 65 was pressed by player 0
[2022-12-11 22:01:09] [SEVERE ] setting player 0 freeze to -1670788869501
[2022-12-11 22:01:09] [SEVERE ] setting player 1 freeze to -1670788869501
