[2022-12-11 22:02:05] [INFO   ] cannot read configuration file config.properties trying from resources.
[2022-12-11 22:02:05] [INFO   ] configuration file was loaded from resources directory.
[2022-12-11 22:02:05] [SEVERE ] placing card 50 in slot 0
[2022-12-11 22:02:05] [SEVERE ] placing card 52 in slot 1
[2022-12-11 22:02:05] [SEVERE ] placing card 53 in slot 2
[2022-12-11 22:02:06] [SEVERE ] Key 65 was pressed by player 0
[2022-12-11 22:02:06] [SEVERE ] placing card 7 in slot 3
[2022-12-11 22:02:06] [SEVERE ] Key 83 was pressed by player 0
[2022-12-11 22:02:06] [SEVERE ] placing card 24 in slot 4
[2022-12-11 22:02:06] [SEVERE ] Key 68 was pressed by player 0
[2022-12-11 22:02:06] [SEVERE ] placing card 70 in slot 5
[2022-12-11 22:02:06] [SEVERE ] placing card 35 in slot 6
[2022-12-11 22:02:06] [SEVERE ] Key 68 was pressed by player 0
[2022-12-11 22:02:06] [SEVERE ] placing card 66 in slot 7
[2022-12-11 22:02:06] [SEVERE ] Key 83 was pressed by player 0
[2022-12-11 22:02:06] [SEVERE ] placing card 71 in slot 8
[2022-12-11 22:02:06] [SEVERE ] Key 65 was pressed by player 0
[2022-12-11 22:02:06] [SEVERE ] placing card 32 in slot 9
[2022-12-11 22:02:06] [SEVERE ] placing card 6 in slot 10
[2022-12-11 22:02:06] [SEVERE ] Key 65 was pressed by player 0
[2022-12-11 22:02:06] [SEVERE ] placing card 14 in slot 11
[2022-12-11 22:02:06] [SEVERE ] setting player 0 freeze to -1670788926953
[2022-12-11 22:02:06] [SEVERE ] setting player 1 freeze to -1670788926953
[2022-12-11 22:02:06] [SEVERE ] Key 83 was pressed by player 0
[2022-12-11 22:02:07] [SEVERE ] Key 68 was pressed by player 0
[2022-12-11 22:02:07] [SEVERE ] Key 68 was pressed by player 0
[2022-12-11 22:02:07] [SEVERE ] Key 83 was pressed by player 0
[2022-12-11 22:02:07] [SEVERE ] Key 65 was pressed by player 0
[2022-12-11 22:02:07] [SEVERE ] Key 65 was pressed by player 0
[2022-12-11 22:02:07] [SEVERE ] Key 83 was pressed by player 0
[2022-12-11 22:02:07] [SEVERE ] Key 68 was pressed by player 0
[2022-12-11 22:02:07] [SEVERE ] setting player 0 freeze to -1670788927964
[2022-12-11 22:02:07] [SEVERE ] setting player 1 freeze to -1670788927964
[2022-12-11 22:02:08] [SEVERE ] Key 68 was pressed by player 0
[2022-12-11 22:02:08] [SEVERE ] Key 83 was pressed by player 0
[2022-12-11 22:02:08] [SEVERE ] Key 65 was pressed by player 0
[2022-12-11 22:02:08] [SEVERE ] Key 65 was pressed by player 0
[2022-12-11 22:02:08] [SEVERE ] Key 83 was pressed by player 0
[2022-12-11 22:02:08] [SEVERE ] Key 68 was pressed by player 0
[2022-12-11 22:02:08] [SEVERE ] Exit button pressed
[2022-12-11 22:02:08] [SEVERE ] setting player 0 freeze to -1670788928973
[2022-12-11 22:02:08] [SEVERE ] setting player 1 freeze to -1670788928974
[2022-12-11 22:02:08] [SEVERE ] setting player 0 freeze to -1670788928974
[2022-12-11 22:02:08] [SEVERE ] setting player 1 freeze to -1670788928975
[2022-12-11 22:02:09] [SEVERE ] removing card from slot 0
[2022-12-11 22:02:09] [SEVERE ] removing card from slot 1
[2022-12-11 22:02:09] [SEVERE ] removing card from slot 2
[2022-12-11 22:02:09] [SEVERE ] removing card from slot 3
[2022-12-11 22:02:09] [SEVERE ] removing card from slot 4
[2022-12-11 22:02:09] [SEVERE ] removing card from slot 5
[2022-12-11 22:02:09] [SEVERE ] removing card from slot 6
[2022-12-11 22:02:09] [SEVERE ] removing card from slot 7
[2022-12-11 22:02:09] [SEVERE ] removing card from slot 8
[2022-12-11 22:02:10] [SEVERE ] removing card from slot 9
[2022-12-11 22:02:10] [SEVERE ] removing card from slot 10
[2022-12-11 22:02:10] [SEVERE ] removing card from slot 11
[2022-12-11 22:02:10] [SEVERE ] setting player 0 freeze to -1670788930297
[2022-12-11 22:02:10] [SEVERE ] setting player 1 freeze to -1670788930297
[2022-12-11 22:02:10] [INFO   ] Thread main terminated.
