[2022-12-11 18:50:43] [INFO   ] cannot read configuration file config.properties trying from resources.
[2022-12-11 18:50:43] [INFO   ] configuration file was loaded from resources directory.
[2022-12-11 18:50:43] [SEVERE ] placing card 26 in slot 0
[2022-12-11 18:50:43] [SEVERE ] placing card 10 in slot 1
[2022-12-11 18:50:44] [SEVERE ] placing card 52 in slot 2
[2022-12-11 18:50:44] [SEVERE ] placing card 20 in slot 3
[2022-12-11 18:50:44] [SEVERE ] placing card 64 in slot 4
[2022-12-11 18:50:44] [SEVERE ] placing card 79 in slot 5
[2022-12-11 18:50:44] [SEVERE ] placing card 18 in slot 6
[2022-12-11 18:50:44] [SEVERE ] placing card 60 in slot 7
[2022-12-11 18:50:44] [SEVERE ] placing card 47 in slot 8
[2022-12-11 18:50:44] [SEVERE ] placing card 50 in slot 9
[2022-12-11 18:50:44] [SEVERE ] placing card 76 in slot 10
[2022-12-11 18:50:45] [SEVERE ] placing card 41 in slot 11
[2022-12-11 18:50:45] [SEVERE ] setting player 0 freeze to -1670777445055
[2022-12-11 18:50:45] [SEVERE ] setting player 1 freeze to -1670777445055
[2022-12-11 18:50:46] [SEVERE ] setting player 0 freeze to -1670777446066
[2022-12-11 18:50:46] [SEVERE ] setting player 1 freeze to -1670777446066
[2022-12-11 18:50:46] [SEVERE ] Key 65 was pressed by player 0
[2022-12-11 18:50:46] [SEVERE ] player 0 placing token on slot 4
[2022-12-11 18:50:46] [SEVERE ] Key 83 was pressed by player 0
[2022-12-11 18:50:46] [SEVERE ] player 0 placing token on slot 5
[2022-12-11 18:50:46] [SEVERE ] Key 68 was pressed by player 0
[2022-12-11 18:50:46] [SEVERE ] player 0 placing token on slot 6
[2022-12-11 18:50:46] [SEVERE ] Key 65 was pressed by player 0
