[2022-12-11 20:17:54] [INFO   ] cannot read configuration file config.properties trying from resources.
[2022-12-11 20:17:54] [INFO   ] configuration file was loaded from resources directory.
[2022-12-11 20:17:55] [SEVERE ] placing card 72 in slot 0
[2022-12-11 20:17:55] [SEVERE ] placing card 13 in slot 1
[2022-12-11 20:17:55] [SEVERE ] placing card 19 in slot 2
[2022-12-11 20:17:55] [SEVERE ] placing card 25 in slot 3
[2022-12-11 20:17:55] [SEVERE ] placing card 47 in slot 4
[2022-12-11 20:17:56] [SEVERE ] placing card 50 in slot 5
[2022-12-11 20:17:56] [SEVERE ] placing card 18 in slot 6
[2022-12-11 20:17:56] [SEVERE ] placing card 44 in slot 7
[2022-12-11 20:17:56] [SEVERE ] placing card 35 in slot 8
[2022-12-11 20:17:56] [SEVERE ] placing card 59 in slot 9
[2022-12-11 20:17:56] [SEVERE ] Key 65 was pressed by player 0
[2022-12-11 20:17:56] [SEVERE ] Key 83 was pressed by player 0
[2022-12-11 20:17:56] [SEVERE ] Key 68 was pressed by player 0
[2022-12-11 20:17:56] [SEVERE ] placing card 64 in slot 10
[2022-12-11 20:17:56] [SEVERE ] placing card 9 in slot 11
[2022-12-11 20:17:56] [SEVERE ] setting player 0 freeze to -1670782676746
[2022-12-11 20:17:56] [SEVERE ] setting player 1 freeze to -1670782676746
[2022-12-11 20:17:57] [SEVERE ] Key 65 was pressed by player 0
[2022-12-11 20:17:57] [SEVERE ] player 0 placing token on slot 4
[2022-12-11 20:17:57] [SEVERE ] Key 83 was pressed by player 0
[2022-12-11 20:17:57] [SEVERE ] player 0 placing token on slot 5
[2022-12-11 20:17:57] [SEVERE ] setting player 0 freeze to -1670782677756
[2022-12-11 20:17:57] [SEVERE ] setting player 1 freeze to -1670782677757
[2022-12-11 20:17:57] [SEVERE ] Key 68 was pressed by player 0
[2022-12-11 20:17:57] [SEVERE ] player 0 placing token on slot 6
[2022-12-11 20:18:00] [SEVERE ] setting player 0 freeze to -3
[2022-12-11 20:18:00] [SEVERE ] setting player 1 freeze to -1670782680786
[2022-12-11 20:18:01] [SEVERE ] setting player 0 freeze to -1014
[2022-12-11 20:18:01] [SEVERE ] setting player 1 freeze to -1670782681796
[2022-12-11 20:18:02] [SEVERE ] setting player 0 freeze to -2025
[2022-12-11 20:18:02] [SEVERE ] setting player 1 freeze to -1670782682808
[2022-12-11 20:18:03] [SEVERE ] setting player 0 freeze to -3037
[2022-12-11 20:18:03] [SEVERE ] setting player 1 freeze to -1670782683820
[2022-12-11 20:18:04] [SEVERE ] setting player 0 freeze to -4054
[2022-12-11 20:18:04] [SEVERE ] setting player 1 freeze to -1670782684836
[2022-12-11 20:18:05] [SEVERE ] Key 68 was pressed by player 0
[2022-12-11 20:18:05] [SEVERE ] removing player 0 token from slot 6
[2022-12-11 20:18:05] [SEVERE ] Key 83 was pressed by player 0
[2022-12-11 20:18:05] [SEVERE ] removing player 0 token from slot 5
[2022-12-11 20:18:05] [SEVERE ] Key 65 was pressed by player 0
[2022-12-11 20:18:05] [SEVERE ] removing player 0 token from slot 4
[2022-12-11 20:18:05] [SEVERE ] setting player 0 freeze to -5068
[2022-12-11 20:18:05] [SEVERE ] setting player 1 freeze to -1670782685851
[2022-12-11 20:18:05] [SEVERE ] Key 65 was pressed by player 0
[2022-12-11 20:18:05] [SEVERE ] player 0 placing token on slot 4
[2022-12-11 20:18:06] [SEVERE ] Key 83 was pressed by player 0
[2022-12-11 20:18:06] [SEVERE ] player 0 placing token on slot 5
[2022-12-11 20:18:06] [SEVERE ] Key 68 was pressed by player 0
[2022-12-11 20:18:06] [SEVERE ] player 0 placing token on slot 6
[2022-12-11 20:18:09] [SEVERE ] setting player 0 freeze to -13
[2022-12-11 20:18:09] [SEVERE ] setting player 1 freeze to -1670782689080
[2022-12-11 20:18:10] [SEVERE ] setting player 0 freeze to -1025
[2022-12-11 20:18:10] [SEVERE ] setting player 1 freeze to -1670782690091
[2022-12-11 20:18:11] [SEVERE ] setting player 0 freeze to -2035
[2022-12-11 20:18:11] [SEVERE ] setting player 1 freeze to -1670782691102
