[2022-12-11 18:21:52] [INFO   ] cannot read configuration file config.properties trying from resources.
[2022-12-11 18:21:52] [INFO   ] configuration file was loaded from resources directory.
[2022-12-11 18:21:52] [SEVERE ] placing card 68 in slot 0
[2022-12-11 18:21:52] [SEVERE ] placing card 6 in slot 1
[2022-12-11 18:21:53] [SEVERE ] placing card 41 in slot 2
[2022-12-11 18:21:53] [SEVERE ] placing card 55 in slot 3
[2022-12-11 18:21:53] [SEVERE ] placing card 80 in slot 4
[2022-12-11 18:21:53] [SEVERE ] placing card 66 in slot 5
[2022-12-11 18:21:53] [SEVERE ] placing card 71 in slot 6
[2022-12-11 18:21:53] [SEVERE ] placing card 63 in slot 7
[2022-12-11 18:21:53] [SEVERE ] placing card 36 in slot 8
[2022-12-11 18:21:53] [SEVERE ] placing card 30 in slot 9
[2022-12-11 18:21:53] [SEVERE ] Exit button pressed
[2022-12-11 18:21:53] [SEVERE ] placing card 53 in slot 10
[2022-12-11 18:21:54] [SEVERE ] placing card 52 in slot 11
[2022-12-11 18:21:54] [SEVERE ] setting player 0 freeze to -1670775714090
[2022-12-11 18:21:54] [SEVERE ] setting player 1 freeze to -1670775714091
[2022-12-11 18:21:54] [SEVERE ] setting player 0 freeze to -1670775714092
[2022-12-11 18:21:54] [SEVERE ] setting player 1 freeze to -1670775714093
[2022-12-11 18:21:54] [SEVERE ] removing card from slot 0
[2022-12-11 18:21:54] [SEVERE ] removing card from slot 1
[2022-12-11 18:21:54] [SEVERE ] removing card from slot 2
[2022-12-11 18:21:54] [SEVERE ] removing card from slot 3
[2022-12-11 18:21:54] [SEVERE ] removing card from slot 4
[2022-12-11 18:21:54] [SEVERE ] removing card from slot 5
[2022-12-11 18:21:54] [SEVERE ] removing card from slot 6
[2022-12-11 18:21:54] [SEVERE ] removing card from slot 7
[2022-12-11 18:21:55] [SEVERE ] removing card from slot 8
[2022-12-11 18:21:55] [SEVERE ] removing card from slot 9
[2022-12-11 18:21:55] [SEVERE ] removing card from slot 10
[2022-12-11 18:21:55] [SEVERE ] removing card from slot 11
[2022-12-11 18:21:55] [SEVERE ] setting player 0 freeze to -1670775715410
[2022-12-11 18:21:55] [SEVERE ] setting player 1 freeze to -1670775715410
[2022-12-11 18:21:55] [INFO   ] Thread main terminated.
