[2022-12-11 21:39:30] [INFO   ] cannot read configuration file config.properties trying from resources.
[2022-12-11 21:39:30] [INFO   ] configuration file was loaded from resources directory.
[2022-12-11 21:39:31] [SEVERE ] placing card 17 in slot 0
[2022-12-11 21:39:31] [SEVERE ] placing card 21 in slot 1
[2022-12-11 21:39:31] [SEVERE ] placing card 16 in slot 2
[2022-12-11 21:39:31] [SEVERE ] placing card 49 in slot 3
[2022-12-11 21:39:31] [SEVERE ] placing card 71 in slot 4
[2022-12-11 21:39:31] [SEVERE ] placing card 59 in slot 5
[2022-12-11 21:39:31] [SEVERE ] placing card 41 in slot 6
[2022-12-11 21:39:31] [SEVERE ] placing card 60 in slot 7
[2022-12-11 21:39:32] [SEVERE ] placing card 31 in slot 8
[2022-12-11 21:39:32] [SEVERE ] placing card 12 in slot 9
[2022-12-11 21:39:32] [SEVERE ] placing card 37 in slot 10
[2022-12-11 21:39:32] [SEVERE ] placing card 29 in slot 11
[2022-12-11 21:39:32] [SEVERE ] setting player 0 freeze to -1670787572346
[2022-12-11 21:39:32] [SEVERE ] setting player 1 freeze to -1670787572346
[2022-12-11 21:39:33] [SEVERE ] setting player 0 freeze to -1670787573359
[2022-12-11 21:39:33] [SEVERE ] setting player 1 freeze to -1670787573360
[2022-12-11 21:39:34] [SEVERE ] setting player 0 freeze to -1670787574372
[2022-12-11 21:39:34] [SEVERE ] setting player 1 freeze to -1670787574372
[2022-12-11 21:39:34] [SEVERE ] Key 65 was pressed by player 0
[2022-12-11 21:39:34] [SEVERE ] player 0 placing token on slot 4
[2022-12-11 21:39:35] [SEVERE ] Key 83 was pressed by player 0
[2022-12-11 21:39:35] [SEVERE ] player 0 placing token on slot 5
[2022-12-11 21:39:35] [SEVERE ] setting player 0 freeze to -1670787575383
[2022-12-11 21:39:35] [SEVERE ] setting player 1 freeze to -1670787575384
[2022-12-11 21:39:36] [SEVERE ] setting player 0 freeze to -1670787576397
[2022-12-11 21:39:36] [SEVERE ] setting player 1 freeze to -1670787576398
[2022-12-11 21:39:36] [SEVERE ] Key 68 was pressed by player 0
[2022-12-11 21:39:36] [SEVERE ] player 0 placing token on slot 6
[2022-12-11 21:39:36] [SEVERE ] setting player 0 freeze to 3000
[2022-12-11 21:39:36] [SEVERE ] setting player 1 freeze to -1670787576704
[2022-12-11 21:39:37] [SEVERE ] setting player 0 freeze to 1988
[2022-12-11 21:39:37] [SEVERE ] setting player 1 freeze to -1670787577716
[2022-12-11 21:39:38] [SEVERE ] setting player 0 freeze to 982
[2022-12-11 21:39:38] [SEVERE ] setting player 1 freeze to -1670787578723
[2022-12-11 21:39:39] [SEVERE ] setting player 0 freeze to -27
[2022-12-11 21:39:39] [SEVERE ] setting player 1 freeze to -1670787579732
[2022-12-11 21:39:40] [SEVERE ] setting player 0 freeze to -1039
[2022-12-11 21:39:40] [SEVERE ] setting player 1 freeze to -1670787580743
[2022-12-11 21:39:41] [SEVERE ] setting player 0 freeze to -2052
[2022-12-11 21:39:41] [SEVERE ] setting player 1 freeze to -1670787581757
[2022-12-11 21:39:41] [SEVERE ] Key 68 was pressed by player 0
[2022-12-11 21:39:42] [SEVERE ] setting player 0 freeze to -3064
[2022-12-11 21:39:42] [SEVERE ] setting player 1 freeze to -1670787582769
