[2022-12-11 21:35:34] [INFO   ] cannot read configuration file config.properties trying from resources.
[2022-12-11 21:35:34] [INFO   ] configuration file was loaded from resources directory.
[2022-12-11 21:35:38] [SEVERE ] placing card 49 in slot 0
[2022-12-11 21:35:38] [SEVERE ] placing card 24 in slot 1
[2022-12-11 21:35:38] [SEVERE ] placing card 33 in slot 2
[2022-12-11 21:35:38] [SEVERE ] placing card 76 in slot 3
[2022-12-11 21:35:38] [SEVERE ] placing card 53 in slot 4
[2022-12-11 21:35:39] [SEVERE ] placing card 68 in slot 5
[2022-12-11 21:35:39] [SEVERE ] placing card 48 in slot 6
[2022-12-11 21:35:39] [SEVERE ] placing card 60 in slot 7
[2022-12-11 21:35:39] [SEVERE ] placing card 79 in slot 8
[2022-12-11 21:35:39] [SEVERE ] placing card 55 in slot 9
[2022-12-11 21:35:39] [SEVERE ] placing card 13 in slot 10
[2022-12-11 21:35:39] [SEVERE ] placing card 40 in slot 11
[2022-12-11 21:35:39] [SEVERE ] setting player 0 freeze to -1670787339677
[2022-12-11 21:35:39] [SEVERE ] setting player 1 freeze to -1670787339680
[2022-12-11 21:35:39] [SEVERE ] Key 65 was pressed by player 0
[2022-12-11 21:35:39] [SEVERE ] player 0 placing token on slot 4
[2022-12-11 21:35:40] [SEVERE ] setting player 0 freeze to -1670787340720
[2022-12-11 21:35:40] [SEVERE ] setting player 1 freeze to -1670787340725
[2022-12-11 21:35:41] [SEVERE ] setting player 0 freeze to -1670787341730
[2022-12-11 21:35:41] [SEVERE ] setting player 1 freeze to -1670787341733
[2022-12-11 21:35:42] [SEVERE ] setting player 0 freeze to -1670787342740
[2022-12-11 21:35:42] [SEVERE ] setting player 1 freeze to -1670787342742
[2022-12-11 21:35:43] [SEVERE ] setting player 0 freeze to -1670787343748
[2022-12-11 21:35:43] [SEVERE ] setting player 1 freeze to -1670787343751
[2022-12-11 21:35:44] [SEVERE ] setting player 0 freeze to -1670787344761
[2022-12-11 21:35:44] [SEVERE ] setting player 1 freeze to -1670787344762
[2022-12-11 21:35:44] [SEVERE ] Key 83 was pressed by player 0
[2022-12-11 21:35:44] [SEVERE ] player 0 placing token on slot 5
[2022-12-11 21:35:45] [SEVERE ] setting player 0 freeze to -1670787345772
[2022-12-11 21:35:45] [SEVERE ] setting player 1 freeze to -1670787345775
[2022-12-11 21:35:45] [SEVERE ] Key 68 was pressed by player 0
[2022-12-11 21:35:45] [SEVERE ] player 0 placing token on slot 6
[2022-12-11 21:35:45] [SEVERE ] setting player 0 freeze to 3000
[2022-12-11 21:35:45] [SEVERE ] setting player 1 freeze to -1670787345964
[2022-12-11 21:35:46] [SEVERE ] setting player 0 freeze to 1985
[2022-12-11 21:35:46] [SEVERE ] setting player 1 freeze to -1670787346978
[2022-12-11 21:35:47] [SEVERE ] setting player 0 freeze to 972
[2022-12-11 21:35:47] [SEVERE ] setting player 1 freeze to -1670787347993
[2022-12-11 21:35:49] [SEVERE ] setting player 0 freeze to -41
[2022-12-11 21:35:49] [SEVERE ] setting player 1 freeze to -1670787349005
[2022-12-11 21:35:50] [SEVERE ] setting player 0 freeze to -1055
[2022-12-11 21:35:50] [SEVERE ] setting player 1 freeze to -1670787350019
