[2022-12-11 20:16:50] [INFO   ] cannot read configuration file config.properties trying from resources.
[2022-12-11 20:16:50] [INFO   ] configuration file was loaded from resources directory.
[2022-12-11 20:16:51] [SEVERE ] placing card 64 in slot 0
[2022-12-11 20:16:51] [SEVERE ] placing card 24 in slot 1
[2022-12-11 20:16:51] [SEVERE ] placing card 59 in slot 2
[2022-12-11 20:16:51] [SEVERE ] placing card 41 in slot 3
[2022-12-11 20:16:51] [SEVERE ] placing card 37 in slot 4
[2022-12-11 20:16:51] [SEVERE ] placing card 36 in slot 5
[2022-12-11 20:16:51] [SEVERE ] placing card 79 in slot 6
[2022-12-11 20:16:52] [SEVERE ] placing card 48 in slot 7
[2022-12-11 20:16:52] [SEVERE ] placing card 38 in slot 8
[2022-12-11 20:16:52] [SEVERE ] placing card 51 in slot 9
[2022-12-11 20:16:52] [SEVERE ] placing card 76 in slot 10
[2022-12-11 20:16:52] [SEVERE ] placing card 10 in slot 11
[2022-12-11 20:16:52] [SEVERE ] setting player 0 freeze to -1670782612445
[2022-12-11 20:16:52] [SEVERE ] setting player 1 freeze to -1670782612446
[2022-12-11 20:16:53] [SEVERE ] setting player 0 freeze to -1670782613460
[2022-12-11 20:16:53] [SEVERE ] setting player 1 freeze to -1670782613461
[2022-12-11 20:16:54] [SEVERE ] setting player 0 freeze to -1670782614473
[2022-12-11 20:16:54] [SEVERE ] setting player 1 freeze to -1670782614474
[2022-12-11 20:16:54] [SEVERE ] Key 65 was pressed by player 0
[2022-12-11 20:16:54] [SEVERE ] player 0 placing token on slot 4
[2022-12-11 20:16:55] [SEVERE ] Key 83 was pressed by player 0
[2022-12-11 20:16:55] [SEVERE ] player 0 placing token on slot 5
[2022-12-11 20:16:55] [SEVERE ] Key 68 was pressed by player 0
[2022-12-11 20:16:55] [SEVERE ] player 0 placing token on slot 6
[2022-12-11 20:16:56] [SEVERE ] Key 68 was pressed by player 0
[2022-12-11 20:16:56] [SEVERE ] Key 83 was pressed by player 0
[2022-12-11 20:16:57] [SEVERE ] Key 65 was pressed by player 0
[2022-12-11 20:16:58] [SEVERE ] setting player 0 freeze to -9
[2022-12-11 20:16:58] [SEVERE ] setting player 1 freeze to -1670782618069
[2022-12-11 20:16:59] [SEVERE ] setting player 0 freeze to -1024
[2022-12-11 20:16:59] [SEVERE ] setting player 1 freeze to -1670782619084
[2022-12-11 20:16:59] [SEVERE ] Key 68 was pressed by player 0
[2022-12-11 20:16:59] [SEVERE ] removing player 0 token from slot 6
[2022-12-11 20:16:59] [SEVERE ] Key 83 was pressed by player 0
[2022-12-11 20:16:59] [SEVERE ] removing player 0 token from slot 5
[2022-12-11 20:16:59] [SEVERE ] Key 65 was pressed by player 0
[2022-12-11 20:16:59] [SEVERE ] removing player 0 token from slot 4
[2022-12-11 20:17:00] [SEVERE ] setting player 0 freeze to -2035
[2022-12-11 20:17:00] [SEVERE ] setting player 1 freeze to -1670782620095
[2022-12-11 20:17:00] [SEVERE ] Key 65 was pressed by player 0
[2022-12-11 20:17:00] [SEVERE ] player 0 placing token on slot 4
[2022-12-11 20:17:00] [SEVERE ] Key 87 was pressed by player 0
[2022-12-11 20:17:00] [SEVERE ] player 0 placing token on slot 1
[2022-12-11 20:17:01] [SEVERE ] Key 83 was pressed by player 0
[2022-12-11 20:17:01] [SEVERE ] player 0 placing token on slot 5
[2022-12-11 20:17:02] [SEVERE ] Key 65 was pressed by player 0
[2022-12-11 20:17:02] [SEVERE ] Key 83 was pressed by player 0
[2022-12-11 20:17:03] [SEVERE ] Key 87 was pressed by player 0
[2022-12-11 20:17:03] [SEVERE ] Key 83 was pressed by player 0
[2022-12-11 20:17:03] [SEVERE ] Key 65 was pressed by player 0
[2022-12-11 20:17:03] [SEVERE ] Key 87 was pressed by player 0
[2022-12-11 20:17:03] [SEVERE ] Key 83 was pressed by player 0
[2022-12-11 20:17:03] [SEVERE ] Key 65 was pressed by player 0
[2022-12-11 20:17:03] [SEVERE ] Key 87 was pressed by player 0
[2022-12-11 20:17:04] [SEVERE ] Key 83 was pressed by player 0
[2022-12-11 20:17:04] [SEVERE ] setting player 0 freeze to -9
[2022-12-11 20:17:04] [SEVERE ] setting player 1 freeze to -1670782624092
[2022-12-11 20:17:04] [SEVERE ] Key 65 was pressed by player 0
[2022-12-11 20:17:04] [SEVERE ] removing player 0 token from slot 4
[2022-12-11 20:17:04] [SEVERE ] Key 87 was pressed by player 0
[2022-12-11 20:17:04] [SEVERE ] removing player 0 token from slot 1
[2022-12-11 20:17:04] [SEVERE ] Key 83 was pressed by player 0
[2022-12-11 20:17:04] [SEVERE ] removing player 0 token from slot 5
[2022-12-11 20:17:04] [SEVERE ] Key 65 was pressed by player 0
[2022-12-11 20:17:04] [SEVERE ] player 0 placing token on slot 4
[2022-12-11 20:17:04] [SEVERE ] Key 87 was pressed by player 0
[2022-12-11 20:17:04] [SEVERE ] player 0 placing token on slot 1
[2022-12-11 20:17:04] [SEVERE ] Key 83 was pressed by player 0
[2022-12-11 20:17:04] [SEVERE ] player 0 placing token on slot 5
[2022-12-11 20:17:05] [SEVERE ] Key 65 was pressed by player 0
[2022-12-11 20:17:05] [SEVERE ] Key 87 was pressed by player 0
[2022-12-11 20:17:05] [SEVERE ] Key 83 was pressed by player 0
[2022-12-11 20:17:05] [SEVERE ] Key 65 was pressed by player 0
[2022-12-11 20:17:07] [SEVERE ] setting player 0 freeze to -8
[2022-12-11 20:17:07] [SEVERE ] setting player 1 freeze to -1670782627892
[2022-12-11 20:17:08] [SEVERE ] Key 87 was pressed by player 0
[2022-12-11 20:17:08] [SEVERE ] removing player 0 token from slot 1
[2022-12-11 20:17:08] [SEVERE ] Key 65 was pressed by player 0
[2022-12-11 20:17:08] [SEVERE ] removing player 0 token from slot 4
[2022-12-11 20:17:08] [SEVERE ] Key 83 was pressed by player 0
[2022-12-11 20:17:08] [SEVERE ] removing player 0 token from slot 5
[2022-12-11 20:17:08] [SEVERE ] Key 65 was pressed by player 0
[2022-12-11 20:17:08] [SEVERE ] player 0 placing token on slot 4
[2022-12-11 20:17:08] [SEVERE ] Key 65 was pressed by player 0
[2022-12-11 20:17:08] [SEVERE ] removing player 0 token from slot 4
[2022-12-11 20:17:08] [SEVERE ] setting player 0 freeze to -1020
[2022-12-11 20:17:08] [SEVERE ] setting player 1 freeze to -1670782628904
[2022-12-11 20:17:09] [SEVERE ] setting player 0 freeze to -2032
