[2022-12-11 22:02:36] [INFO   ] cannot read configuration file config.properties trying from resources.
[2022-12-11 22:02:36] [INFO   ] configuration file was loaded from resources directory.
[2022-12-11 22:02:37] [SEVERE ] placing card 36 in slot 0
[2022-12-11 22:02:37] [SEVERE ] placing card 22 in slot 1
[2022-12-11 22:02:37] [SEVERE ] placing card 8 in slot 2
[2022-12-11 22:02:37] [SEVERE ] placing card 79 in slot 3
[2022-12-11 22:02:37] [SEVERE ] placing card 68 in slot 4
[2022-12-11 22:02:37] [SEVERE ] placing card 9 in slot 5
[2022-12-11 22:02:37] [SEVERE ] placing card 54 in slot 6
[2022-12-11 22:02:37] [SEVERE ] placing card 60 in slot 7
[2022-12-11 22:02:38] [SEVERE ] placing card 4 in slot 8
[2022-12-11 22:02:38] [SEVERE ] placing card 39 in slot 9
[2022-12-11 22:02:38] [SEVERE ] placing card 59 in slot 10
[2022-12-11 22:02:38] [SEVERE ] Key 83 was pressed by player 0
[2022-12-11 22:02:38] [SEVERE ] placing card 14 in slot 11
[2022-12-11 22:02:38] [SEVERE ] setting player 0 freeze to -1670788958340
[2022-12-11 22:02:38] [SEVERE ] setting player 1 freeze to -1670788958340
[2022-12-11 22:02:38] [SEVERE ] Key 83 was pressed by player 0
[2022-12-11 22:02:38] [SEVERE ] Key 83 was pressed by player 0
[2022-12-11 22:02:38] [SEVERE ] Key 83 was pressed by player 0
[2022-12-11 22:02:39] [SEVERE ] Key 83 was pressed by player 0
[2022-12-11 22:02:39] [SEVERE ] Key 83 was pressed by player 0
[2022-12-11 22:02:39] [SEVERE ] setting player 0 freeze to -1670788959351
[2022-12-11 22:02:39] [SEVERE ] setting player 1 freeze to -1670788959352
[2022-12-11 22:02:39] [SEVERE ] Key 83 was pressed by player 0
[2022-12-11 22:02:39] [SEVERE ] player 0 placing token on slot 5
[2022-12-11 22:02:40] [SEVERE ] Key 83 was pressed by player 0
[2022-12-11 22:02:40] [SEVERE ] removing player 0 token from slot 5
[2022-12-11 22:02:40] [SEVERE ] Key 83 was pressed by player 0
[2022-12-11 22:02:40] [SEVERE ] player 0 placing token on slot 5
[2022-12-11 22:02:40] [SEVERE ] setting player 0 freeze to -1670788960367
[2022-12-11 22:02:40] [SEVERE ] setting player 1 freeze to -1670788960368
[2022-12-11 22:02:40] [SEVERE ] Exit button pressed
[2022-12-11 22:02:41] [SEVERE ] setting player 0 freeze to -1670788961381
[2022-12-11 22:02:41] [SEVERE ] setting player 1 freeze to -1670788961382
[2022-12-11 22:02:41] [SEVERE ] setting player 0 freeze to -1670788961382
[2022-12-11 22:02:41] [SEVERE ] setting player 1 freeze to -1670788961382
[2022-12-11 22:02:41] [SEVERE ] removing player 0 token from slot 5
[2022-12-11 22:02:41] [SEVERE ] removing card from slot 0
[2022-12-11 22:02:41] [SEVERE ] removing card from slot 1
[2022-12-11 22:02:41] [SEVERE ] removing card from slot 2
[2022-12-11 22:02:41] [SEVERE ] removing card from slot 3
[2022-12-11 22:02:41] [SEVERE ] removing card from slot 4
[2022-12-11 22:02:42] [SEVERE ] removing card from slot 5
[2022-12-11 22:02:42] [SEVERE ] removing card from slot 6
[2022-12-11 22:02:42] [SEVERE ] removing card from slot 7
[2022-12-11 22:02:42] [SEVERE ] removing card from slot 8
[2022-12-11 22:02:42] [SEVERE ] removing card from slot 9
[2022-12-11 22:02:42] [SEVERE ] removing card from slot 10
[2022-12-11 22:02:42] [SEVERE ] removing card from slot 11
[2022-12-11 22:02:42] [SEVERE ] setting player 0 freeze to -1670788962692
[2022-12-11 22:02:42] [SEVERE ] setting player 1 freeze to -1670788962692
[2022-12-11 22:02:42] [INFO   ] Thread main terminated.
