[2022-12-11 20:58:46] [INFO   ] cannot read configuration file config.properties trying from resources.
[2022-12-11 20:58:46] [INFO   ] configuration file was loaded from resources directory.
[2022-12-11 20:58:46] [SEVERE ] placing card 40 in slot 0
[2022-12-11 20:58:46] [SEVERE ] placing card 29 in slot 1
[2022-12-11 20:58:47] [SEVERE ] placing card 34 in slot 2
[2022-12-11 20:58:47] [SEVERE ] placing card 51 in slot 3
[2022-12-11 20:58:47] [SEVERE ] placing card 59 in slot 4
[2022-12-11 20:58:47] [SEVERE ] placing card 69 in slot 5
[2022-12-11 20:58:47] [SEVERE ] placing card 64 in slot 6
[2022-12-11 20:58:47] [SEVERE ] placing card 76 in slot 7
[2022-12-11 20:58:47] [SEVERE ] placing card 38 in slot 8
[2022-12-11 20:58:47] [SEVERE ] placing card 42 in slot 9
[2022-12-11 20:58:47] [SEVERE ] placing card 8 in slot 10
[2022-12-11 20:58:48] [SEVERE ] placing card 75 in slot 11
[2022-12-11 20:58:48] [SEVERE ] setting player 0 freeze to -1670785128071
[2022-12-11 20:58:48] [SEVERE ] setting player 1 freeze to -1670785128072
[2022-12-11 20:58:49] [SEVERE ] setting player 0 freeze to -1670785129092
[2022-12-11 20:58:49] [SEVERE ] setting player 1 freeze to -1670785129092
[2022-12-11 20:58:49] [SEVERE ] Key 65 was pressed by player 0
[2022-12-11 20:58:49] [SEVERE ] player 0 placing token on slot 4
[2022-12-11 20:58:50] [SEVERE ] Key 83 was pressed by player 0
[2022-12-11 20:58:50] [SEVERE ] player 0 placing token on slot 5
[2022-12-11 20:58:50] [SEVERE ] Key 68 was pressed by player 0
[2022-12-11 20:58:50] [SEVERE ] player 0 placing token on slot 6
[2022-12-11 20:58:50] [SEVERE ] setting player 0 freeze to 3000
[2022-12-11 20:58:50] [SEVERE ] setting player 1 freeze to -1670785130044
[2022-12-11 20:58:51] [SEVERE ] setting player 0 freeze to 1988
[2022-12-11 20:58:51] [SEVERE ] setting player 1 freeze to -1670785131058
[2022-12-11 20:58:52] [SEVERE ] setting player 0 freeze to 985
[2022-12-11 20:58:52] [SEVERE ] setting player 1 freeze to -1670785132059
[2022-12-11 20:58:53] [SEVERE ] setting player 0 freeze to -17
[2022-12-11 20:58:53] [SEVERE ] setting player 1 freeze to -1670785133062
[2022-12-11 20:58:54] [SEVERE ] setting player 0 freeze to -1031
[2022-12-11 20:58:54] [SEVERE ] setting player 1 freeze to -1670785134075
[2022-12-11 20:58:54] [SEVERE ] Key 65 was pressed by player 0
[2022-12-11 20:58:54] [SEVERE ] Key 83 was pressed by player 0
[2022-12-11 20:58:54] [SEVERE ] removing player 0 token from slot 4
[2022-12-11 20:58:54] [SEVERE ] removing player 0 token from slot 5
[2022-12-11 20:58:54] [SEVERE ] Key 68 was pressed by player 0
[2022-12-11 20:58:54] [SEVERE ] removing player 0 token from slot 6
[2022-12-11 20:58:55] [SEVERE ] setting player 0 freeze to -2045
[2022-12-11 20:58:55] [SEVERE ] setting player 1 freeze to -1670785135090
[2022-12-11 20:58:56] [SEVERE ] setting player 0 freeze to -3057
[2022-12-11 20:58:56] [SEVERE ] setting player 1 freeze to -1670785136101
[2022-12-11 20:58:57] [SEVERE ] setting player 0 freeze to -4067
[2022-12-11 20:58:57] [SEVERE ] setting player 1 freeze to -1670785137111
[2022-12-11 20:58:58] [SEVERE ] setting player 0 freeze to -5077
[2022-12-11 20:58:58] [SEVERE ] setting player 1 freeze to -1670785138122
[2022-12-11 20:58:59] [SEVERE ] setting player 0 freeze to -6088
[2022-12-11 20:58:59] [SEVERE ] setting player 1 freeze to -1670785139133
[2022-12-11 20:59:00] [SEVERE ] setting player 0 freeze to -7100
[2022-12-11 20:59:00] [SEVERE ] setting player 1 freeze to -1670785140145
[2022-12-11 20:59:01] [SEVERE ] setting player 0 freeze to -8112
[2022-12-11 20:59:01] [SEVERE ] setting player 1 freeze to -1670785141156
[2022-12-11 20:59:02] [SEVERE ] setting player 0 freeze to -9122
[2022-12-11 20:59:02] [SEVERE ] setting player 1 freeze to -1670785142166
[2022-12-11 20:59:03] [SEVERE ] setting player 0 freeze to -10124
[2022-12-11 20:59:03] [SEVERE ] setting player 1 freeze to -1670785143168
[2022-12-11 20:59:04] [SEVERE ] setting player 0 freeze to -11134
[2022-12-11 20:59:04] [SEVERE ] setting player 1 freeze to -1670785144178
