[2022-12-11 22:03:00] [INFO   ] cannot read configuration file config.properties trying from resources.
[2022-12-11 22:03:00] [INFO   ] configuration file was loaded from resources directory.
[2022-12-11 22:03:01] [SEVERE ] placing card 63 in slot 0
[2022-12-11 22:03:01] [SEVERE ] placing card 18 in slot 1
[2022-12-11 22:03:01] [SEVERE ] placing card 20 in slot 2
[2022-12-11 22:03:01] [SEVERE ] placing card 49 in slot 3
[2022-12-11 22:03:01] [SEVERE ] Key 65 was pressed by player 0
[2022-12-11 22:03:01] [SEVERE ] placing card 38 in slot 4
[2022-12-11 22:03:01] [SEVERE ] placing card 16 in slot 5
[2022-12-11 22:03:01] [SEVERE ] Key 65 was pressed by player 0
[2022-12-11 22:03:02] [SEVERE ] placing card 34 in slot 6
[2022-12-11 22:03:02] [SEVERE ] placing card 41 in slot 7
[2022-12-11 22:03:02] [SEVERE ] Key 65 was pressed by player 0
[2022-12-11 22:03:02] [SEVERE ] placing card 55 in slot 8
[2022-12-11 22:03:02] [SEVERE ] placing card 45 in slot 9
[2022-12-11 22:03:02] [SEVERE ] Key 65 was pressed by player 0
[2022-12-11 22:03:02] [SEVERE ] placing card 12 in slot 10
[2022-12-11 22:03:02] [SEVERE ] placing card 25 in slot 11
[2022-12-11 22:03:02] [SEVERE ] setting player 0 freeze to -1670788982568
[2022-12-11 22:03:02] [SEVERE ] setting player 1 freeze to -1670788982569
[2022-12-11 22:03:02] [SEVERE ] Key 65 was pressed by player 0
[2022-12-11 22:03:02] [SEVERE ] player 0 placing token on slot 4
[2022-12-11 22:03:02] [SEVERE ] Key 65 was pressed by player 0
[2022-12-11 22:03:02] [SEVERE ] removing player 0 token from slot 4
[2022-12-11 22:03:03] [SEVERE ] Key 65 was pressed by player 0
[2022-12-11 22:03:03] [SEVERE ] player 0 placing token on slot 4
[2022-12-11 22:03:03] [SEVERE ] Key 65 was pressed by player 0
[2022-12-11 22:03:03] [SEVERE ] removing player 0 token from slot 4
[2022-12-11 22:03:03] [SEVERE ] setting player 0 freeze to -1670788983590
[2022-12-11 22:03:03] [SEVERE ] setting player 1 freeze to -1670788983590
[2022-12-11 22:03:03] [SEVERE ] Key 65 was pressed by player 0
[2022-12-11 22:03:03] [SEVERE ] Key 65 was pressed by player 0
[2022-12-11 22:03:04] [SEVERE ] Key 65 was pressed by player 0
[2022-12-11 22:03:04] [SEVERE ] Key 65 was pressed by player 0
[2022-12-11 22:03:04] [SEVERE ] Key 65 was pressed by player 0
[2022-12-11 22:03:04] [SEVERE ] setting player 0 freeze to -1670788984597
[2022-12-11 22:03:04] [SEVERE ] setting player 1 freeze to -1670788984598
[2022-12-11 22:03:04] [SEVERE ] Key 65 was pressed by player 0
[2022-12-11 22:03:05] [SEVERE ] Key 65 was pressed by player 0
[2022-12-11 22:03:05] [SEVERE ] Key 65 was pressed by player 0
[2022-12-11 22:03:05] [SEVERE ] setting player 0 freeze to -1670788985609
[2022-12-11 22:03:05] [SEVERE ] setting player 1 freeze to -1670788985609
[2022-12-11 22:03:05] [SEVERE ] Key 65 was pressed by player 0
[2022-12-11 22:03:06] [SEVERE ] Key 83 was pressed by player 0
[2022-12-11 22:03:06] [SEVERE ] Key 68 was pressed by player 0
[2022-12-11 22:03:06] [SEVERE ] Key 68 was pressed by player 0
[2022-12-11 22:03:06] [SEVERE ] setting player 0 freeze to -1670788986616
[2022-12-11 22:03:06] [SEVERE ] setting player 1 freeze to -1670788986617
[2022-12-11 22:03:06] [SEVERE ] Key 83 was pressed by player 0
[2022-12-11 22:03:06] [SEVERE ] Key 65 was pressed by player 0
[2022-12-11 22:03:07] [SEVERE ] Key 65 was pressed by player 0
[2022-12-11 22:03:07] [SEVERE ] Key 83 was pressed by player 0
[2022-12-11 22:03:07] [SEVERE ] Key 68 was pressed by player 0
[2022-12-11 22:03:07] [SEVERE ] Key 68 was pressed by player 0
[2022-12-11 22:03:07] [SEVERE ] Key 83 was pressed by player 0
[2022-12-11 22:03:07] [SEVERE ] Key 65 was pressed by player 0
[2022-12-11 22:03:07] [SEVERE ] setting player 0 freeze to -1670788987625
[2022-12-11 22:03:07] [SEVERE ] setting player 1 freeze to -1670788987625
[2022-12-11 22:03:07] [SEVERE ] Key 65 was pressed by player 0
[2022-12-11 22:03:07] [SEVERE ] Key 83 was pressed by player 0
[2022-12-11 22:03:08] [SEVERE ] Key 68 was pressed by player 0
[2022-12-11 22:03:08] [SEVERE ] Key 68 was pressed by player 0
[2022-12-11 22:03:08] [SEVERE ] Key 83 was pressed by player 0
[2022-12-11 22:03:08] [SEVERE ] Key 65 was pressed by player 0
[2022-12-11 22:03:08] [SEVERE ] setting player 0 freeze to -1670788988632
[2022-12-11 22:03:08] [SEVERE ] setting player 1 freeze to -1670788988633
[2022-12-11 22:03:08] [SEVERE ] Key 65 was pressed by player 0
[2022-12-11 22:03:08] [SEVERE ] Key 83 was pressed by player 0
[2022-12-11 22:03:08] [SEVERE ] Key 68 was pressed by player 0
[2022-12-11 22:03:09] [SEVERE ] Key 68 was pressed by player 0
[2022-12-11 22:03:09] [SEVERE ] Key 83 was pressed by player 0
[2022-12-11 22:03:09] [SEVERE ] Key 65 was pressed by player 0
[2022-12-11 22:03:09] [SEVERE ] setting player 0 freeze to -1670788989643
[2022-12-11 22:03:09] [SEVERE ] setting player 1 freeze to -1670788989644
[2022-12-11 22:03:10] [SEVERE ] Key 74 was pressed by player 1
[2022-12-11 22:03:10] [SEVERE ] Key 75 was pressed by player 1
[2022-12-11 22:03:10] [SEVERE ] Key 76 was pressed by player 1
[2022-12-11 22:03:10] [SEVERE ] Key 76 was pressed by player 1
[2022-12-11 22:03:10] [SEVERE ] Key 75 was pressed by player 1
[2022-12-11 22:03:10] [SEVERE ] Key 74 was pressed by player 1
[2022-12-11 22:03:10] [SEVERE ] setting player 0 freeze to -1670788990651
[2022-12-11 22:03:10] [SEVERE ] setting player 1 freeze to -1670788990652
[2022-12-11 22:03:10] [SEVERE ] Key 76 was pressed by player 1
[2022-12-11 22:03:10] [SEVERE ] Key 75 was pressed by player 1
[2022-12-11 22:03:11] [SEVERE ] Key 65 was pressed by player 0
[2022-12-11 22:03:11] [SEVERE ] Key 83 was pressed by player 0
[2022-12-11 22:03:11] [SEVERE ] Key 68 was pressed by player 0
[2022-12-11 22:03:11] [SEVERE ] Key 68 was pressed by player 0
[2022-12-11 22:03:11] [SEVERE ] Key 83 was pressed by player 0
[2022-12-11 22:03:11] [SEVERE ] Key 65 was pressed by player 0
[2022-12-11 22:03:11] [SEVERE ] setting player 0 freeze to -1670788991661
[2022-12-11 22:03:11] [SEVERE ] setting player 1 freeze to -1670788991662
