[2022-12-11 21:43:48] [INFO   ] cannot read configuration file config.properties trying from resources.
[2022-12-11 21:43:48] [INFO   ] configuration file was loaded from resources directory.
[2022-12-11 21:43:48] [SEVERE ] placing card 48 in slot 0
[2022-12-11 21:43:48] [SEVERE ] placing card 5 in slot 1
[2022-12-11 21:43:48] [SEVERE ] placing card 34 in slot 2
[2022-12-11 21:43:49] [SEVERE ] placing card 21 in slot 3
[2022-12-11 21:43:49] [SEVERE ] placing card 33 in slot 4
[2022-12-11 21:43:49] [SEVERE ] placing card 68 in slot 5
[2022-12-11 21:43:49] [SEVERE ] placing card 9 in slot 6
[2022-12-11 21:43:49] [SEVERE ] placing card 12 in slot 7
[2022-12-11 21:43:49] [SEVERE ] placing card 24 in slot 8
[2022-12-11 21:43:49] [SEVERE ] placing card 18 in slot 9
[2022-12-11 21:43:49] [SEVERE ] placing card 44 in slot 10
[2022-12-11 21:43:49] [SEVERE ] placing card 26 in slot 11
[2022-12-11 21:43:49] [SEVERE ] setting player 0 freeze to -1670787829892
[2022-12-11 21:43:49] [SEVERE ] setting player 1 freeze to -1670787829892
[2022-12-11 21:43:50] [SEVERE ] Key 65 was pressed by player 0
[2022-12-11 21:43:50] [SEVERE ] player 0 placing token on slot 4
[2022-12-11 21:43:50] [SEVERE ] Key 83 was pressed by player 0
[2022-12-11 21:43:50] [SEVERE ] player 0 placing token on slot 5
[2022-12-11 21:43:50] [SEVERE ] Key 68 was pressed by player 0
[2022-12-11 21:43:50] [SEVERE ] player 0 placing token on slot 6
[2022-12-11 21:43:50] [SEVERE ] setting player 0 freeze to 3000
[2022-12-11 21:43:50] [SEVERE ] setting player 1 freeze to -1670787830901
[2022-12-11 21:43:51] [SEVERE ] setting player 0 freeze to 1990
[2022-12-11 21:43:51] [SEVERE ] setting player 1 freeze to -1670787831911
[2022-12-11 21:43:52] [SEVERE ] setting player 0 freeze to 979
[2022-12-11 21:43:52] [SEVERE ] setting player 1 freeze to -1670787832923
[2022-12-11 21:43:53] [SEVERE ] Key 68 was pressed by player 0
[2022-12-11 21:43:53] [SEVERE ] setting player 0 freeze to -25
[2022-12-11 21:43:53] [SEVERE ] setting player 1 freeze to -1670787833926
[2022-12-11 21:43:54] [SEVERE ] Key 68 was pressed by player 0
[2022-12-11 21:43:54] [SEVERE ] removing player 0 token from slot 6
[2022-12-11 21:43:54] [SEVERE ] setting player 0 freeze to -1033
[2022-12-11 21:43:54] [SEVERE ] setting player 1 freeze to -1670787834933
[2022-12-11 21:43:55] [SEVERE ] setting player 0 freeze to -2042
[2022-12-11 21:43:55] [SEVERE ] setting player 1 freeze to -1670787835943
[2022-12-11 21:43:56] [SEVERE ] setting player 0 freeze to -3053
[2022-12-11 21:43:56] [SEVERE ] setting player 1 freeze to -1670787836953
[2022-12-11 21:43:57] [SEVERE ] setting player 0 freeze to -4059
[2022-12-11 21:43:57] [SEVERE ] setting player 1 freeze to -1670787837960
[2022-12-11 21:43:58] [SEVERE ] Key 83 was pressed by player 0
[2022-12-11 21:43:58] [SEVERE ] removing player 0 token from slot 5
[2022-12-11 21:43:58] [SEVERE ] setting player 0 freeze to -5068
[2022-12-11 21:43:58] [SEVERE ] setting player 1 freeze to -1670787838969
[2022-12-11 21:43:59] [SEVERE ] Key 65 was pressed by player 0
[2022-12-11 21:43:59] [SEVERE ] removing player 0 token from slot 4
[2022-12-11 21:43:59] [SEVERE ] setting player 0 freeze to -6078
[2022-12-11 21:43:59] [SEVERE ] setting player 1 freeze to -1670787839978
[2022-12-11 21:44:00] [SEVERE ] setting player 0 freeze to -7092
[2022-12-11 21:44:00] [SEVERE ] setting player 1 freeze to -1670787840993
[2022-12-11 21:44:01] [SEVERE ] Key 65 was pressed by player 0
[2022-12-11 21:44:01] [SEVERE ] player 0 placing token on slot 4
[2022-12-11 21:44:01] [SEVERE ] setting player 0 freeze to -8099
[2022-12-11 21:44:01] [SEVERE ] setting player 1 freeze to -1670787842000
[2022-12-11 21:44:03] [SEVERE ] setting player 0 freeze to -9113
[2022-12-11 21:44:03] [SEVERE ] setting player 1 freeze to -1670787843013
[2022-12-11 21:44:04] [SEVERE ] setting player 0 freeze to -10126
[2022-12-11 21:44:04] [SEVERE ] setting player 1 freeze to -1670787844027
[2022-12-11 21:44:04] [SEVERE ] Key 83 was pressed by player 0
[2022-12-11 21:44:04] [SEVERE ] player 0 placing token on slot 5
[2022-12-11 21:44:05] [SEVERE ] setting player 0 freeze to -11139
[2022-12-11 21:44:05] [SEVERE ] setting player 1 freeze to -1670787845040
[2022-12-11 21:44:06] [SEVERE ] setting player 0 freeze to -12150
[2022-12-11 21:44:06] [SEVERE ] setting player 1 freeze to -1670787846050
