[2022-12-11 21:59:16] [INFO   ] cannot read configuration file config.properties trying from resources.
[2022-12-11 21:59:16] [INFO   ] configuration file was loaded from resources directory.
[2022-12-11 21:59:17] [SEVERE ] placing card 65 in slot 0
[2022-12-11 21:59:17] [SEVERE ] placing card 30 in slot 1
[2022-12-11 21:59:17] [SEVERE ] placing card 60 in slot 2
[2022-12-11 21:59:17] [SEVERE ] Key 65 was pressed by player 0
[2022-12-11 21:59:17] [SEVERE ] placing card 52 in slot 3
[2022-12-11 21:59:18] [SEVERE ] placing card 43 in slot 4
[2022-12-11 21:59:18] [SEVERE ] Key 65 was pressed by player 0
[2022-12-11 21:59:18] [SEVERE ] placing card 38 in slot 5
[2022-12-11 21:59:18] [SEVERE ] Key 65 was pressed by player 0
[2022-12-11 21:59:18] [SEVERE ] placing card 3 in slot 6
[2022-12-11 21:59:18] [SEVERE ] placing card 57 in slot 7
[2022-12-11 21:59:18] [SEVERE ] Key 65 was pressed by player 0
[2022-12-11 21:59:18] [SEVERE ] placing card 35 in slot 8
[2022-12-11 21:59:18] [SEVERE ] placing card 66 in slot 9
[2022-12-11 21:59:18] [SEVERE ] Key 65 was pressed by player 0
[2022-12-11 21:59:18] [SEVERE ] placing card 8 in slot 10
[2022-12-11 21:59:18] [SEVERE ] Key 65 was pressed by player 0
[2022-12-11 21:59:18] [SEVERE ] placing card 16 in slot 11
[2022-12-11 21:59:18] [SEVERE ] setting player 0 freeze to -1670788758795
[2022-12-11 21:59:18] [SEVERE ] setting player 1 freeze to -1670788758795
[2022-12-11 21:59:18] [SEVERE ] Key 65 was pressed by player 0
[2022-12-11 21:59:18] [SEVERE ] player 0 placing token on slot 4
[2022-12-11 21:59:19] [SEVERE ] setting player 0 freeze to -1670788759819
[2022-12-11 21:59:19] [SEVERE ] setting player 1 freeze to -1670788759820
[2022-12-11 21:59:20] [SEVERE ] setting player 0 freeze to -1670788760831
[2022-12-11 21:59:20] [SEVERE ] setting player 1 freeze to -1670788760832
[2022-12-11 21:59:20] [SEVERE ] Exit button pressed
[2022-12-11 21:59:21] [SEVERE ] setting player 0 freeze to -1670788761840
[2022-12-11 21:59:21] [SEVERE ] setting player 1 freeze to -1670788761841
[2022-12-11 21:59:21] [SEVERE ] setting player 0 freeze to -1670788761842
[2022-12-11 21:59:21] [SEVERE ] setting player 1 freeze to -1670788761842
[2022-12-11 21:59:21] [SEVERE ] removing player 0 token from slot 4
[2022-12-11 21:59:21] [SEVERE ] removing card from slot 0
[2022-12-11 21:59:22] [SEVERE ] removing card from slot 1
[2022-12-11 21:59:22] [SEVERE ] removing card from slot 2
[2022-12-11 21:59:22] [SEVERE ] removing card from slot 3
[2022-12-11 21:59:22] [SEVERE ] removing card from slot 4
[2022-12-11 21:59:22] [SEVERE ] removing card from slot 5
[2022-12-11 21:59:22] [SEVERE ] removing card from slot 6
[2022-12-11 21:59:22] [SEVERE ] removing card from slot 7
[2022-12-11 21:59:22] [SEVERE ] removing card from slot 8
[2022-12-11 21:59:22] [SEVERE ] removing card from slot 9
[2022-12-11 21:59:23] [SEVERE ] removing card from slot 10
[2022-12-11 21:59:23] [SEVERE ] removing card from slot 11
[2022-12-11 21:59:23] [SEVERE ] setting player 0 freeze to -1670788763147
[2022-12-11 21:59:23] [SEVERE ] setting player 1 freeze to -1670788763147
[2022-12-11 21:59:23] [INFO   ] Thread main terminated.
