[2022-12-11 21:53:11] [INFO   ] cannot read configuration file config.properties trying from resources.
[2022-12-11 21:53:11] [INFO   ] configuration file was loaded from resources directory.
[2022-12-11 21:53:12] [SEVERE ] placing card 68 in slot 0
[2022-12-11 21:53:12] [SEVERE ] placing card 54 in slot 1
[2022-12-11 21:53:12] [SEVERE ] placing card 2 in slot 2
[2022-12-11 21:53:12] [SEVERE ] placing card 13 in slot 3
[2022-12-11 21:53:12] [SEVERE ] placing card 35 in slot 4
[2022-12-11 21:53:12] [SEVERE ] placing card 25 in slot 5
[2022-12-11 21:53:13] [SEVERE ] placing card 9 in slot 6
[2022-12-11 21:53:13] [SEVERE ] placing card 50 in slot 7
[2022-12-11 21:53:13] [SEVERE ] placing card 74 in slot 8
[2022-12-11 21:53:13] [SEVERE ] placing card 33 in slot 9
[2022-12-11 21:53:13] [SEVERE ] placing card 73 in slot 10
[2022-12-11 21:53:13] [SEVERE ] Key 65 was pressed by player 0
[2022-12-11 21:53:13] [SEVERE ] placing card 66 in slot 11
[2022-12-11 21:53:13] [SEVERE ] setting player 0 freeze to -1670788393637
[2022-12-11 21:53:13] [SEVERE ] setting player 1 freeze to -1670788393637
[2022-12-11 21:53:13] [SEVERE ] Key 83 was pressed by player 0
[2022-12-11 21:53:13] [SEVERE ] player 0 placing token on slot 5
[2022-12-11 21:53:14] [SEVERE ] setting player 0 freeze to -1670788394652
[2022-12-11 21:53:14] [SEVERE ] setting player 1 freeze to -1670788394652
[2022-12-11 21:53:14] [SEVERE ] Key 83 was pressed by player 0
[2022-12-11 21:53:14] [SEVERE ] removing player 0 token from slot 5
[2022-12-11 21:53:15] [SEVERE ] Key 65 was pressed by player 0
[2022-12-11 21:53:15] [SEVERE ] player 0 placing token on slot 4
[2022-12-11 21:53:15] [SEVERE ] Key 83 was pressed by player 0
[2022-12-11 21:53:15] [SEVERE ] player 0 placing token on slot 5
[2022-12-11 21:53:15] [SEVERE ] Key 68 was pressed by player 0
[2022-12-11 21:53:15] [SEVERE ] player 0 placing token on slot 6
[2022-12-11 21:53:15] [SEVERE ] setting player 0 freeze to 3000
[2022-12-11 21:53:15] [SEVERE ] setting player 1 freeze to -1670788395654
[2022-12-11 21:53:16] [SEVERE ] Key 68 was pressed by player 0
[2022-12-11 21:53:16] [SEVERE ] Key 83 was pressed by player 0
[2022-12-11 21:53:16] [SEVERE ] Key 65 was pressed by player 0
[2022-12-11 21:53:16] [SEVERE ] setting player 0 freeze to 1993
[2022-12-11 21:53:16] [SEVERE ] setting player 1 freeze to -1670788396662
[2022-12-11 21:53:16] [SEVERE ] Key 65 was pressed by player 0
[2022-12-11 21:53:16] [SEVERE ] Key 83 was pressed by player 0
[2022-12-11 21:53:16] [SEVERE ] Key 68 was pressed by player 0
[2022-12-11 21:53:17] [SEVERE ] setting player 0 freeze to 984
[2022-12-11 21:53:17] [SEVERE ] setting player 1 freeze to -1670788397671
[2022-12-11 21:53:18] [SEVERE ] setting player 0 freeze to -28
[2022-12-11 21:53:18] [SEVERE ] setting player 1 freeze to -1670788398683
[2022-12-11 21:53:19] [SEVERE ] Key 65 was pressed by player 0
[2022-12-11 21:53:19] [SEVERE ] removing player 0 token from slot 4
[2022-12-11 21:53:19] [SEVERE ] Key 83 was pressed by player 0
[2022-12-11 21:53:19] [SEVERE ] removing player 0 token from slot 5
[2022-12-11 21:53:19] [SEVERE ] setting player 0 freeze to -1040
[2022-12-11 21:53:19] [SEVERE ] setting player 1 freeze to -1670788399694
[2022-12-11 21:53:20] [SEVERE ] Key 68 was pressed by player 0
[2022-12-11 21:53:20] [SEVERE ] removing player 0 token from slot 6
[2022-12-11 21:53:20] [SEVERE ] setting player 0 freeze to -2049
[2022-12-11 21:53:20] [SEVERE ] setting player 1 freeze to -1670788400704
[2022-12-11 21:53:21] [SEVERE ] setting player 0 freeze to -3065
[2022-12-11 21:53:21] [SEVERE ] setting player 1 freeze to -1670788401720
