[2022-12-11 22:02:26] [INFO   ] cannot read configuration file config.properties trying from resources.
[2022-12-11 22:02:26] [INFO   ] configuration file was loaded from resources directory.
[2022-12-11 22:02:26] [SEVERE ] placing card 43 in slot 0
[2022-12-11 22:02:26] [SEVERE ] placing card 47 in slot 1
[2022-12-11 22:02:27] [SEVERE ] placing card 39 in slot 2
[2022-12-11 22:02:27] [SEVERE ] placing card 59 in slot 3
[2022-12-11 22:02:27] [SEVERE ] placing card 74 in slot 4
[2022-12-11 22:02:27] [SEVERE ] Key 65 was pressed by player 0
[2022-12-11 22:02:27] [SEVERE ] placing card 63 in slot 5
[2022-12-11 22:02:27] [SEVERE ] placing card 72 in slot 6
[2022-12-11 22:02:27] [SEVERE ] Key 65 was pressed by player 0
[2022-12-11 22:02:27] [SEVERE ] placing card 12 in slot 7
[2022-12-11 22:02:27] [SEVERE ] placing card 20 in slot 8
[2022-12-11 22:02:27] [SEVERE ] Key 65 was pressed by player 0
[2022-12-11 22:02:27] [SEVERE ] placing card 71 in slot 9
[2022-12-11 22:02:27] [SEVERE ] placing card 38 in slot 10
[2022-12-11 22:02:27] [SEVERE ] Key 65 was pressed by player 0
[2022-12-11 22:02:28] [SEVERE ] placing card 49 in slot 11
[2022-12-11 22:02:28] [SEVERE ] setting player 0 freeze to -1670788948003
[2022-12-11 22:02:28] [SEVERE ] setting player 1 freeze to -1670788948003
[2022-12-11 22:02:28] [SEVERE ] Key 65 was pressed by player 0
[2022-12-11 22:02:28] [SEVERE ] Key 65 was pressed by player 0
[2022-12-11 22:02:28] [SEVERE ] Key 65 was pressed by player 0
[2022-12-11 22:02:28] [SEVERE ] Key 65 was pressed by player 0
[2022-12-11 22:02:28] [SEVERE ] Key 65 was pressed by player 0
[2022-12-11 22:02:29] [SEVERE ] setting player 0 freeze to -1670788949027
[2022-12-11 22:02:29] [SEVERE ] setting player 1 freeze to -1670788949028
[2022-12-11 22:02:29] [SEVERE ] Key 65 was pressed by player 0
[2022-12-11 22:02:29] [SEVERE ] player 0 placing token on slot 4
[2022-12-11 22:02:29] [SEVERE ] Key 65 was pressed by player 0
[2022-12-11 22:02:29] [SEVERE ] removing player 0 token from slot 4
[2022-12-11 22:02:29] [SEVERE ] Key 65 was pressed by player 0
[2022-12-11 22:02:29] [SEVERE ] player 0 placing token on slot 4
[2022-12-11 22:02:29] [SEVERE ] Key 65 was pressed by player 0
[2022-12-11 22:02:29] [SEVERE ] removing player 0 token from slot 4
[2022-12-11 22:02:30] [SEVERE ] Key 65 was pressed by player 0
[2022-12-11 22:02:30] [SEVERE ] player 0 placing token on slot 4
[2022-12-11 22:02:30] [SEVERE ] setting player 0 freeze to -1670788950037
[2022-12-11 22:02:30] [SEVERE ] setting player 1 freeze to -1670788950038
[2022-12-11 22:02:30] [SEVERE ] Exit button pressed
[2022-12-11 22:02:31] [SEVERE ] setting player 0 freeze to -1670788951049
[2022-12-11 22:02:31] [SEVERE ] setting player 1 freeze to -1670788951049
[2022-12-11 22:02:31] [SEVERE ] setting player 0 freeze to -1670788951050
[2022-12-11 22:02:31] [SEVERE ] setting player 1 freeze to -1670788951050
[2022-12-11 22:02:31] [SEVERE ] removing player 0 token from slot 4
[2022-12-11 22:02:31] [SEVERE ] removing card from slot 0
[2022-12-11 22:02:31] [SEVERE ] removing card from slot 1
[2022-12-11 22:02:31] [SEVERE ] removing card from slot 2
[2022-12-11 22:02:31] [SEVERE ] removing card from slot 3
[2022-12-11 22:02:31] [SEVERE ] removing card from slot 4
[2022-12-11 22:02:31] [SEVERE ] removing card from slot 5
[2022-12-11 22:02:31] [SEVERE ] removing card from slot 6
[2022-12-11 22:02:31] [SEVERE ] removing card from slot 7
[2022-12-11 22:02:32] [SEVERE ] removing card from slot 8
[2022-12-11 22:02:32] [SEVERE ] removing card from slot 9
[2022-12-11 22:02:32] [SEVERE ] removing card from slot 10
[2022-12-11 22:02:32] [SEVERE ] removing card from slot 11
[2022-12-11 22:02:32] [SEVERE ] setting player 0 freeze to -1670788952353
[2022-12-11 22:02:32] [SEVERE ] setting player 1 freeze to -1670788952353
[2022-12-11 22:02:32] [INFO   ] Thread main terminated.
