[2022-12-11 21:39:12] [INFO   ] cannot read configuration file config.properties trying from resources.
[2022-12-11 21:39:12] [INFO   ] configuration file was loaded from resources directory.
[2022-12-11 21:39:13] [SEVERE ] placing card 61 in slot 0
[2022-12-11 21:39:13] [SEVERE ] placing card 12 in slot 1
[2022-12-11 21:39:13] [SEVERE ] placing card 1 in slot 2
[2022-12-11 21:39:14] [SEVERE ] placing card 52 in slot 3
[2022-12-11 21:39:14] [SEVERE ] placing card 17 in slot 4
[2022-12-11 21:39:14] [SEVERE ] placing card 13 in slot 5
[2022-12-11 21:39:14] [SEVERE ] placing card 71 in slot 6
[2022-12-11 21:39:14] [SEVERE ] placing card 51 in slot 7
[2022-12-11 21:39:14] [SEVERE ] placing card 31 in slot 8
[2022-12-11 21:39:14] [SEVERE ] placing card 57 in slot 9
[2022-12-11 21:39:14] [SEVERE ] placing card 45 in slot 10
[2022-12-11 21:39:14] [SEVERE ] placing card 54 in slot 11
[2022-12-11 21:39:14] [SEVERE ] setting player 0 freeze to -1670787554926
[2022-12-11 21:39:14] [SEVERE ] setting player 1 freeze to -1670787554927
[2022-12-11 21:39:15] [SEVERE ] Key 65 was pressed by player 0
[2022-12-11 21:39:15] [SEVERE ] player 0 placing token on slot 4
[2022-12-11 21:39:15] [SEVERE ] setting player 0 freeze to -1670787555939
[2022-12-11 21:39:15] [SEVERE ] setting player 1 freeze to -1670787555940
[2022-12-11 21:39:15] [SEVERE ] Key 83 was pressed by player 0
[2022-12-11 21:39:15] [SEVERE ] player 0 placing token on slot 5
[2022-12-11 21:39:16] [SEVERE ] Key 68 was pressed by player 0
[2022-12-11 21:39:16] [SEVERE ] player 0 placing token on slot 6
[2022-12-11 21:39:27] [SEVERE ] setting player 0 freeze to 2999
[2022-12-11 21:39:27] [SEVERE ] setting player 1 freeze to -1670787567860
