[2022-12-11 22:00:31] [INFO   ] cannot read configuration file config.properties trying from resources.
[2022-12-11 22:00:31] [INFO   ] configuration file was loaded from resources directory.
[2022-12-11 22:00:32] [SEVERE ] placing card 17 in slot 0
[2022-12-11 22:00:32] [SEVERE ] placing card 46 in slot 1
[2022-12-11 22:00:32] [SEVERE ] placing card 21 in slot 2
[2022-12-11 22:00:32] [SEVERE ] placing card 45 in slot 3
[2022-12-11 22:00:32] [SEVERE ] placing card 2 in slot 4
[2022-12-11 22:00:32] [SEVERE ] Key 65 was pressed by player 0
[2022-12-11 22:00:32] [SEVERE ] placing card 5 in slot 5
[2022-12-11 22:00:32] [SEVERE ] Key 83 was pressed by player 0
[2022-12-11 22:00:32] [SEVERE ] placing card 23 in slot 6
[2022-12-11 22:00:32] [SEVERE ] Key 68 was pressed by player 0
[2022-12-11 22:00:33] [SEVERE ] placing card 33 in slot 7
[2022-12-11 22:00:33] [SEVERE ] placing card 35 in slot 8
[2022-12-11 22:00:33] [SEVERE ] placing card 9 in slot 9
[2022-12-11 22:00:33] [SEVERE ] placing card 12 in slot 10
[2022-12-11 22:00:33] [SEVERE ] Key 65 was pressed by player 0
[2022-12-11 22:00:33] [SEVERE ] placing card 77 in slot 11
[2022-12-11 22:00:33] [SEVERE ] setting player 0 freeze to -1670788833463
[2022-12-11 22:00:33] [SEVERE ] setting player 1 freeze to -1670788833464
[2022-12-11 22:00:33] [SEVERE ] Key 83 was pressed by player 0
[2022-12-11 22:00:33] [SEVERE ] Key 68 was pressed by player 0
[2022-12-11 22:00:34] [SEVERE ] Key 65 was pressed by player 0
[2022-12-11 22:00:34] [SEVERE ] Key 83 was pressed by player 0
[2022-12-11 22:00:34] [SEVERE ] Key 68 was pressed by player 0
[2022-12-11 22:00:34] [SEVERE ] setting player 0 freeze to -1670788834475
[2022-12-11 22:00:34] [SEVERE ] setting player 1 freeze to -1670788834477
[2022-12-11 22:00:34] [SEVERE ] Key 65 was pressed by player 0
[2022-12-11 22:00:34] [SEVERE ] Key 83 was pressed by player 0
[2022-12-11 22:00:34] [SEVERE ] Key 68 was pressed by player 0
[2022-12-11 22:00:35] [SEVERE ] Key 65 was pressed by player 0
[2022-12-11 22:00:35] [SEVERE ] Key 83 was pressed by player 0
[2022-12-11 22:00:35] [SEVERE ] setting player 0 freeze to -1670788835487
[2022-12-11 22:00:35] [SEVERE ] setting player 1 freeze to -1670788835488
[2022-12-11 22:00:35] [SEVERE ] Key 68 was pressed by player 0
[2022-12-11 22:00:35] [SEVERE ] Key 65 was pressed by player 0
[2022-12-11 22:00:35] [SEVERE ] Key 83 was pressed by player 0
[2022-12-11 22:00:36] [SEVERE ] Key 68 was pressed by player 0
