[2022-12-11 21:57:49] [INFO   ] cannot read configuration file config.properties trying from resources.
[2022-12-11 21:57:49] [INFO   ] configuration file was loaded from resources directory.
[2022-12-11 21:57:50] [SEVERE ] placing card 12 in slot 0
[2022-12-11 21:57:50] [SEVERE ] placing card 21 in slot 1
[2022-12-11 21:57:50] [SEVERE ] placing card 63 in slot 2
[2022-12-11 21:57:50] [SEVERE ] placing card 64 in slot 3
[2022-12-11 21:57:50] [SEVERE ] placing card 15 in slot 4
[2022-12-11 21:57:50] [SEVERE ] Key 65 was pressed by player 0
[2022-12-11 21:57:50] [SEVERE ] Key 83 was pressed by player 0
[2022-12-11 21:57:50] [SEVERE ] placing card 35 in slot 5
[2022-12-11 21:57:50] [SEVERE ] Key 68 was pressed by player 0
[2022-12-11 21:57:51] [SEVERE ] placing card 79 in slot 6
[2022-12-11 21:57:51] [SEVERE ] placing card 13 in slot 7
[2022-12-11 21:57:51] [SEVERE ] placing card 5 in slot 8
[2022-12-11 21:57:51] [SEVERE ] Key 68 was pressed by player 0
[2022-12-11 21:57:51] [SEVERE ] Key 83 was pressed by player 0
[2022-12-11 21:57:51] [SEVERE ] placing card 27 in slot 9
[2022-12-11 21:57:51] [SEVERE ] Key 65 was pressed by player 0
[2022-12-11 21:57:51] [SEVERE ] placing card 49 in slot 10
[2022-12-11 21:57:51] [SEVERE ] placing card 3 in slot 11
[2022-12-11 21:57:51] [SEVERE ] setting player 0 freeze to -1670788671599
[2022-12-11 21:57:51] [SEVERE ] setting player 1 freeze to -1670788671599
[2022-12-11 21:57:51] [SEVERE ] Key 65 was pressed by player 0
[2022-12-11 21:57:51] [SEVERE ] Key 83 was pressed by player 0
[2022-12-11 21:57:51] [SEVERE ] Key 68 was pressed by player 0
[2022-12-11 21:57:52] [SEVERE ] Key 68 was pressed by player 0
[2022-12-11 21:57:52] [SEVERE ] Key 83 was pressed by player 0
[2022-12-11 21:57:52] [SEVERE ] Key 65 was pressed by player 0
[2022-12-11 21:57:52] [SEVERE ] Key 65 was pressed by player 0
[2022-12-11 21:57:52] [SEVERE ] Key 83 was pressed by player 0
[2022-12-11 21:57:52] [SEVERE ] Key 68 was pressed by player 0
[2022-12-11 21:57:52] [SEVERE ] setting player 0 freeze to -1670788672611
[2022-12-11 21:57:52] [SEVERE ] setting player 1 freeze to -1670788672620
[2022-12-11 21:57:52] [SEVERE ] Key 68 was pressed by player 0
[2022-12-11 21:57:52] [SEVERE ] Key 83 was pressed by player 0
[2022-12-11 21:57:53] [SEVERE ] Key 65 was pressed by player 0
[2022-12-11 21:57:53] [SEVERE ] Key 65 was pressed by player 0
[2022-12-11 21:57:53] [SEVERE ] Key 83 was pressed by player 0
[2022-12-11 21:57:53] [SEVERE ] Key 68 was pressed by player 0
[2022-12-11 21:57:53] [SEVERE ] setting player 0 freeze to -1670788673623
[2022-12-11 21:57:53] [SEVERE ] setting player 1 freeze to -1670788673624
[2022-12-11 21:57:53] [SEVERE ] Key 65 was pressed by player 0
[2022-12-11 21:57:54] [SEVERE ] Key 83 was pressed by player 0
[2022-12-11 21:57:54] [SEVERE ] Key 68 was pressed by player 0
[2022-12-11 21:57:54] [SEVERE ] Key 65 was pressed by player 0
[2022-12-11 21:57:54] [SEVERE ] Key 83 was pressed by player 0
[2022-12-11 21:57:54] [SEVERE ] Key 68 was pressed by player 0
[2022-12-11 21:57:54] [SEVERE ] setting player 0 freeze to -1670788674633
[2022-12-11 21:57:54] [SEVERE ] setting player 1 freeze to -1670788674634
[2022-12-11 21:57:54] [SEVERE ] Key 81 was pressed by player 0
[2022-12-11 21:57:54] [SEVERE ] Key 87 was pressed by player 0
[2022-12-11 21:57:54] [SEVERE ] Key 69 was pressed by player 0
[2022-12-11 21:57:55] [SEVERE ] setting player 0 freeze to -1670788675642
[2022-12-11 21:57:55] [SEVERE ] setting player 1 freeze to -1670788675643
