[2022-12-11 20:58:28] [INFO   ] cannot read configuration file config.properties trying from resources.
[2022-12-11 20:58:28] [INFO   ] configuration file was loaded from resources directory.
[2022-12-11 20:58:29] [SEVERE ] placing card 9 in slot 0
[2022-12-11 20:58:29] [SEVERE ] placing card 16 in slot 1
[2022-12-11 20:58:29] [SEVERE ] placing card 24 in slot 2
[2022-12-11 20:58:29] [SEVERE ] placing card 75 in slot 3
[2022-12-11 20:58:29] [SEVERE ] placing card 30 in slot 4
[2022-12-11 20:58:29] [SEVERE ] placing card 62 in slot 5
[2022-12-11 20:58:29] [SEVERE ] placing card 4 in slot 6
[2022-12-11 20:58:29] [SEVERE ] placing card 58 in slot 7
[2022-12-11 20:58:29] [SEVERE ] placing card 5 in slot 8
[2022-12-11 20:58:30] [SEVERE ] placing card 39 in slot 9
[2022-12-11 20:58:30] [SEVERE ] placing card 14 in slot 10
[2022-12-11 20:58:30] [SEVERE ] placing card 80 in slot 11
[2022-12-11 20:58:30] [SEVERE ] setting player 0 freeze to -1670785110310
[2022-12-11 20:58:30] [SEVERE ] setting player 1 freeze to -1670785110311
[2022-12-11 20:58:31] [SEVERE ] setting player 0 freeze to -1670785111321
[2022-12-11 20:58:31] [SEVERE ] setting player 1 freeze to -1670785111322
[2022-12-11 20:58:31] [SEVERE ] Key 65 was pressed by player 0
[2022-12-11 20:58:31] [SEVERE ] player 0 placing token on slot 4
[2022-12-11 20:58:31] [SEVERE ] Key 83 was pressed by player 0
[2022-12-11 20:58:31] [SEVERE ] player 0 placing token on slot 5
[2022-12-11 20:58:31] [SEVERE ] Key 68 was pressed by player 0
[2022-12-11 20:58:31] [SEVERE ] player 0 placing token on slot 6
[2022-12-11 20:58:31] [SEVERE ] setting player 0 freeze to 3000
[2022-12-11 20:58:31] [SEVERE ] setting player 1 freeze to -1670785111405
[2022-12-11 20:58:32] [SEVERE ] setting player 0 freeze to 1997
[2022-12-11 20:58:32] [SEVERE ] setting player 1 freeze to -1670785112408
[2022-12-11 20:58:33] [SEVERE ] setting player 0 freeze to 987
[2022-12-11 20:58:33] [SEVERE ] setting player 1 freeze to -1670785113418
