[2022-12-11 21:00:23] [INFO   ] cannot read configuration file config.properties trying from resources.
[2022-12-11 21:00:24] [INFO   ] configuration file was loaded from resources directory.
[2022-12-11 21:00:24] [SEVERE ] placing card 77 in slot 0
[2022-12-11 21:00:24] [SEVERE ] placing card 61 in slot 1
[2022-12-11 21:00:24] [SEVERE ] placing card 16 in slot 2
[2022-12-11 21:00:24] [SEVERE ] placing card 40 in slot 3
[2022-12-11 21:00:25] [SEVERE ] placing card 29 in slot 4
[2022-12-11 21:00:25] [SEVERE ] placing card 44 in slot 5
[2022-12-11 21:00:25] [SEVERE ] placing card 41 in slot 6
[2022-12-11 21:00:25] [SEVERE ] placing card 63 in slot 7
[2022-12-11 21:00:25] [SEVERE ] placing card 17 in slot 8
[2022-12-11 21:00:25] [SEVERE ] placing card 4 in slot 9
[2022-12-11 21:00:25] [SEVERE ] placing card 5 in slot 10
[2022-12-11 21:00:25] [SEVERE ] placing card 69 in slot 11
[2022-12-11 21:00:25] [SEVERE ] setting player 0 freeze to -1670785225810
[2022-12-11 21:00:25] [SEVERE ] setting player 1 freeze to -1670785225811
[2022-12-11 21:00:26] [SEVERE ] setting player 0 freeze to -1670785226833
[2022-12-11 21:00:26] [SEVERE ] setting player 1 freeze to -1670785226834
[2022-12-11 21:00:27] [SEVERE ] Key 65 was pressed by player 0
[2022-12-11 21:00:27] [SEVERE ] player 0 placing token on slot 4
[2022-12-11 21:00:27] [SEVERE ] Key 83 was pressed by player 0
[2022-12-11 21:00:27] [SEVERE ] player 0 placing token on slot 5
[2022-12-11 21:00:27] [SEVERE ] Key 68 was pressed by player 0
[2022-12-11 21:00:27] [SEVERE ] player 0 placing token on slot 6
[2022-12-11 21:00:27] [SEVERE ] setting player 0 freeze to 3000
[2022-12-11 21:00:27] [SEVERE ] setting player 1 freeze to -1670785227319
[2022-12-11 21:00:28] [SEVERE ] setting player 0 freeze to 1992
[2022-12-11 21:00:28] [SEVERE ] setting player 1 freeze to -1670785228327
[2022-12-11 21:00:29] [SEVERE ] setting player 0 freeze to 981
[2022-12-11 21:00:29] [SEVERE ] setting player 1 freeze to -1670785229337
[2022-12-11 21:00:30] [SEVERE ] setting player 0 freeze to -32
[2022-12-11 21:00:30] [SEVERE ] setting player 1 freeze to -1670785230351
[2022-12-11 21:00:31] [SEVERE ] setting player 0 freeze to -1044
[2022-12-11 21:00:31] [SEVERE ] setting player 1 freeze to -1670785231363
[2022-12-11 21:00:32] [SEVERE ] setting player 0 freeze to -2056
[2022-12-11 21:00:32] [SEVERE ] setting player 1 freeze to -1670785232375
[2022-12-11 21:00:32] [SEVERE ] Key 65 was pressed by player 0
[2022-12-11 21:00:33] [SEVERE ] setting player 0 freeze to -3069
[2022-12-11 21:00:33] [SEVERE ] setting player 1 freeze to -1670785233388
[2022-12-11 21:00:34] [SEVERE ] setting player 0 freeze to -4073
[2022-12-11 21:00:34] [SEVERE ] setting player 1 freeze to -1670785234392
[2022-12-11 21:00:35] [SEVERE ] Key 83 was pressed by player 0
[2022-12-11 21:00:35] [SEVERE ] removing player 0 token from slot 4
[2022-12-11 21:00:35] [SEVERE ] removing player 0 token from slot 5
[2022-12-11 21:00:35] [SEVERE ] setting player 0 freeze to -5082
[2022-12-11 21:00:35] [SEVERE ] setting player 1 freeze to -1670785235401
[2022-12-11 21:00:36] [SEVERE ] setting player 0 freeze to -6093
[2022-12-11 21:00:36] [SEVERE ] setting player 1 freeze to -1670785236411
[2022-12-11 21:00:37] [SEVERE ] Key 68 was pressed by player 0
[2022-12-11 21:00:37] [SEVERE ] removing player 0 token from slot 6
[2022-12-11 21:00:37] [SEVERE ] setting player 0 freeze to -7105
[2022-12-11 21:00:37] [SEVERE ] setting player 1 freeze to -1670785237424
[2022-12-11 21:00:38] [SEVERE ] setting player 0 freeze to -8119
[2022-12-11 21:00:38] [SEVERE ] setting player 1 freeze to -1670785238438
[2022-12-11 21:00:39] [SEVERE ] setting player 0 freeze to -9129
[2022-12-11 21:00:39] [SEVERE ] setting player 1 freeze to -1670785239447
[2022-12-11 21:00:40] [SEVERE ] Key 65 was pressed by player 0
[2022-12-11 21:00:40] [SEVERE ] player 0 placing token on slot 4
[2022-12-11 21:00:40] [SEVERE ] Key 83 was pressed by player 0
[2022-12-11 21:00:40] [SEVERE ] player 0 placing token on slot 5
[2022-12-11 21:00:40] [SEVERE ] Key 68 was pressed by player 0
[2022-12-11 21:00:40] [SEVERE ] player 0 placing token on slot 6
[2022-12-11 21:00:40] [SEVERE ] setting player 0 freeze to 3000
[2022-12-11 21:00:40] [SEVERE ] setting player 1 freeze to -1670785240283
[2022-12-11 21:00:41] [SEVERE ] setting player 0 freeze to 1987
[2022-12-11 21:00:41] [SEVERE ] setting player 1 freeze to -1670785241297
[2022-12-11 21:00:42] [SEVERE ] setting player 0 freeze to 977
[2022-12-11 21:00:42] [SEVERE ] setting player 1 freeze to -1670785242306
[2022-12-11 21:00:43] [SEVERE ] setting player 0 freeze to -35
[2022-12-11 21:00:43] [SEVERE ] setting player 1 freeze to -1670785243318
[2022-12-11 21:00:43] [SEVERE ] Key 65 was pressed by player 0
[2022-12-11 21:00:44] [SEVERE ] Key 83 was pressed by player 0
[2022-12-11 21:00:44] [SEVERE ] removing player 0 token from slot 4
[2022-12-11 21:00:44] [SEVERE ] removing player 0 token from slot 5
[2022-12-11 21:00:44] [SEVERE ] Key 68 was pressed by player 0
[2022-12-11 21:00:44] [SEVERE ] removing player 0 token from slot 6
[2022-12-11 21:00:44] [SEVERE ] setting player 0 freeze to -1046
[2022-12-11 21:00:44] [SEVERE ] setting player 1 freeze to -1670785244330
[2022-12-11 21:00:44] [SEVERE ] Key 68 was pressed by player 0
[2022-12-11 21:00:44] [SEVERE ] player 0 placing token on slot 6
[2022-12-11 21:00:44] [SEVERE ] Key 83 was pressed by player 0
[2022-12-11 21:00:44] [SEVERE ] player 0 placing token on slot 5
[2022-12-11 21:00:45] [SEVERE ] setting player 0 freeze to -2057
[2022-12-11 21:00:45] [SEVERE ] setting player 1 freeze to -1670785245340
[2022-12-11 21:00:45] [SEVERE ] Key 68 was pressed by player 0
[2022-12-11 21:00:45] [SEVERE ] removing player 0 token from slot 6
[2022-12-11 21:00:46] [SEVERE ] Key 65 was pressed by player 0
[2022-12-11 21:00:46] [SEVERE ] player 0 placing token on slot 4
[2022-12-11 21:00:46] [SEVERE ] setting player 0 freeze to -3071
[2022-12-11 21:00:46] [SEVERE ] setting player 1 freeze to -1670785246354
[2022-12-11 21:00:46] [SEVERE ] Key 83 was pressed by player 0
[2022-12-11 21:00:46] [SEVERE ] removing player 0 token from slot 5
[2022-12-11 21:00:46] [SEVERE ] Key 68 was pressed by player 0
[2022-12-11 21:00:46] [SEVERE ] player 0 placing token on slot 6
[2022-12-11 21:00:46] [SEVERE ] Key 83 was pressed by player 0
[2022-12-11 21:00:46] [SEVERE ] player 0 placing token on slot 5
[2022-12-11 21:00:46] [SEVERE ] setting player 0 freeze to 3000
[2022-12-11 21:00:46] [SEVERE ] setting player 1 freeze to -1670785246878
[2022-12-11 21:00:47] [SEVERE ] setting player 0 freeze to 1985
[2022-12-11 21:00:47] [SEVERE ] setting player 1 freeze to -1670785247892
[2022-12-11 21:00:48] [SEVERE ] setting player 0 freeze to 970
[2022-12-11 21:00:48] [SEVERE ] setting player 1 freeze to -1670785248908
[2022-12-11 21:00:49] [SEVERE ] setting player 0 freeze to -39
[2022-12-11 21:00:49] [SEVERE ] setting player 1 freeze to -1670785249917
[2022-12-11 21:00:50] [SEVERE ] setting player 0 freeze to -1051
[2022-12-11 21:00:50] [SEVERE ] setting player 1 freeze to -1670785250928
[2022-12-11 21:00:51] [SEVERE ] Key 68 was pressed by player 0
[2022-12-11 21:00:51] [SEVERE ] setting player 0 freeze to -2061
[2022-12-11 21:00:51] [SEVERE ] setting player 1 freeze to -1670785251939
[2022-12-11 21:00:52] [SEVERE ] Key 83 was pressed by player 0
[2022-12-11 21:00:52] [SEVERE ] removing player 0 token from slot 6
[2022-12-11 21:00:52] [SEVERE ] removing player 0 token from slot 5
[2022-12-11 21:00:52] [SEVERE ] setting player 0 freeze to -3069
[2022-12-11 21:00:52] [SEVERE ] setting player 1 freeze to -1670785252946
[2022-12-11 21:00:53] [SEVERE ] setting player 0 freeze to -4078
[2022-12-11 21:00:53] [SEVERE ] setting player 1 freeze to -1670785253956
[2022-12-11 21:00:54] [SEVERE ] Key 65 was pressed by player 0
[2022-12-11 21:00:54] [SEVERE ] removing player 0 token from slot 4
[2022-12-11 21:00:54] [SEVERE ] setting player 0 freeze to -5089
[2022-12-11 21:00:54] [SEVERE ] setting player 1 freeze to -1670785254966
[2022-12-11 21:00:55] [SEVERE ] Key 68 was pressed by player 0
[2022-12-11 21:00:55] [SEVERE ] player 0 placing token on slot 6
[2022-12-11 21:00:55] [SEVERE ] Key 83 was pressed by player 0
[2022-12-11 21:00:55] [SEVERE ] player 0 placing token on slot 5
[2022-12-11 21:00:55] [SEVERE ] Key 65 was pressed by player 0
[2022-12-11 21:00:55] [SEVERE ] player 0 placing token on slot 4
[2022-12-11 21:00:55] [SEVERE ] setting player 0 freeze to 2999
[2022-12-11 21:00:55] [SEVERE ] setting player 1 freeze to -1670785255756
[2022-12-11 21:00:56] [SEVERE ] setting player 0 freeze to 1996
[2022-12-11 21:00:56] [SEVERE ] setting player 1 freeze to -1670785256759
[2022-12-11 21:00:56] [SEVERE ] setting player 0 freeze to 1995
[2022-12-11 21:00:56] [SEVERE ] setting player 1 freeze to -1670785256760
[2022-12-11 21:00:56] [SEVERE ] removing player 0 token from slot 4
[2022-12-11 21:00:56] [SEVERE ] removing player 0 token from slot 5
[2022-12-11 21:00:56] [SEVERE ] removing player 0 token from slot 6
[2022-12-11 21:00:56] [SEVERE ] removing card from slot 0
[2022-12-11 21:00:56] [SEVERE ] removing card from slot 1
[2022-12-11 21:00:57] [SEVERE ] removing card from slot 2
[2022-12-11 21:00:57] [SEVERE ] removing card from slot 3
[2022-12-11 21:00:57] [SEVERE ] removing card from slot 4
[2022-12-11 21:00:57] [SEVERE ] removing card from slot 5
[2022-12-11 21:00:57] [SEVERE ] removing card from slot 6
[2022-12-11 21:00:57] [SEVERE ] removing card from slot 7
[2022-12-11 21:00:57] [SEVERE ] removing card from slot 8
[2022-12-11 21:00:57] [SEVERE ] removing card from slot 9
[2022-12-11 21:00:57] [SEVERE ] removing card from slot 10
[2022-12-11 21:00:58] [SEVERE ] removing card from slot 11
[2022-12-11 21:00:58] [SEVERE ] setting player 0 freeze to -1670785258063
[2022-12-11 21:00:58] [SEVERE ] setting player 1 freeze to -1670785258064
[2022-12-11 21:00:58] [SEVERE ] placing card 31 in slot 0
[2022-12-11 21:00:58] [SEVERE ] placing card 36 in slot 1
[2022-12-11 21:00:58] [SEVERE ] placing card 69 in slot 2
[2022-12-11 21:00:58] [SEVERE ] placing card 80 in slot 3
[2022-12-11 21:00:58] [SEVERE ] placing card 53 in slot 4
[2022-12-11 21:00:58] [SEVERE ] placing card 25 in slot 5
[2022-12-11 21:00:58] [SEVERE ] placing card 11 in slot 6
[2022-12-11 21:00:58] [SEVERE ] placing card 33 in slot 7
[2022-12-11 21:00:59] [SEVERE ] placing card 46 in slot 8
[2022-12-11 21:00:59] [SEVERE ] placing card 39 in slot 9
[2022-12-11 21:00:59] [SEVERE ] placing card 55 in slot 10
[2022-12-11 21:00:59] [SEVERE ] placing card 76 in slot 11
[2022-12-11 21:00:59] [SEVERE ] setting player 0 freeze to -1670785259368
[2022-12-11 21:00:59] [SEVERE ] setting player 1 freeze to -1670785259368
[2022-12-11 21:01:00] [SEVERE ] setting player 0 freeze to -1670785260380
[2022-12-11 21:01:00] [SEVERE ] setting player 1 freeze to -1670785260381
[2022-12-11 21:01:00] [SEVERE ] Key 68 was pressed by player 0
[2022-12-11 21:01:00] [SEVERE ] Key 83 was pressed by player 0
[2022-12-11 21:01:00] [SEVERE ] player 0 placing token on slot 6
[2022-12-11 21:01:00] [SEVERE ] player 0 placing token on slot 5
[2022-12-11 21:01:00] [SEVERE ] Key 65 was pressed by player 0
[2022-12-11 21:01:00] [SEVERE ] player 0 placing token on slot 4
[2022-12-11 21:01:00] [SEVERE ] setting player 0 freeze to 2999
[2022-12-11 21:01:00] [SEVERE ] setting player 1 freeze to -1670785260480
[2022-12-11 21:01:01] [SEVERE ] setting player 0 freeze to 1992
[2022-12-11 21:01:01] [SEVERE ] setting player 1 freeze to -1670785261487
[2022-12-11 21:01:02] [SEVERE ] Key 68 was pressed by player 0
[2022-12-11 21:01:02] [SEVERE ] setting player 0 freeze to 977
[2022-12-11 21:01:02] [SEVERE ] setting player 1 freeze to -1670785262502
[2022-12-11 21:01:03] [SEVERE ] setting player 0 freeze to -36
[2022-12-11 21:01:03] [SEVERE ] setting player 1 freeze to -1670785263516
[2022-12-11 21:01:04] [SEVERE ] Key 68 was pressed by player 0
[2022-12-11 21:01:04] [SEVERE ] setting player 0 freeze to -1048
[2022-12-11 21:01:04] [SEVERE ] setting player 1 freeze to -1670785264527
[2022-12-11 21:01:05] [SEVERE ] setting player 0 freeze to -2060
[2022-12-11 21:01:05] [SEVERE ] setting player 1 freeze to -1670785265540
[2022-12-11 21:01:06] [SEVERE ] setting player 0 freeze to -3070
[2022-12-11 21:01:06] [SEVERE ] setting player 1 freeze to -1670785266549
[2022-12-11 21:01:07] [SEVERE ] removing player 0 token from slot 6
[2022-12-11 21:01:07] [SEVERE ] Key 83 was pressed by player 0
[2022-12-11 21:01:07] [SEVERE ] removing player 0 token from slot 5
[2022-12-11 21:01:07] [SEVERE ] setting player 0 freeze to -4079
[2022-12-11 21:01:07] [SEVERE ] setting player 1 freeze to -1670785267559
[2022-12-11 21:01:08] [SEVERE ] setting player 0 freeze to -5092
[2022-12-11 21:01:08] [SEVERE ] setting player 1 freeze to -1670785268572
[2022-12-11 21:01:08] [SEVERE ] Key 68 was pressed by player 0
[2022-12-11 21:01:08] [SEVERE ] player 0 placing token on slot 6
[2022-12-11 21:01:08] [SEVERE ] Key 83 was pressed by player 0
[2022-12-11 21:01:08] [SEVERE ] player 0 placing token on slot 5
[2022-12-11 21:01:08] [SEVERE ] setting player 0 freeze to 3000
[2022-12-11 21:01:08] [SEVERE ] setting player 1 freeze to -1670785268829
[2022-12-11 21:01:09] [SEVERE ] setting player 0 freeze to 1998
[2022-12-11 21:01:09] [SEVERE ] setting player 1 freeze to -1670785269832
[2022-12-11 21:01:10] [SEVERE ] setting player 0 freeze to 987
[2022-12-11 21:01:10] [SEVERE ] setting player 1 freeze to -1670785270843
[2022-12-11 21:01:11] [SEVERE ] setting player 0 freeze to -22
[2022-12-11 21:01:11] [SEVERE ] setting player 1 freeze to -1670785271852
[2022-12-11 21:01:12] [SEVERE ] setting player 0 freeze to -1032
[2022-12-11 21:01:12] [SEVERE ] setting player 1 freeze to -1670785272862
[2022-12-11 21:01:13] [SEVERE ] Key 65 was pressed by player 0
[2022-12-11 21:01:13] [SEVERE ] setting player 0 freeze to -2044
[2022-12-11 21:01:13] [SEVERE ] setting player 1 freeze to -1670785273874
[2022-12-11 21:01:14] [SEVERE ] setting player 0 freeze to -3053
[2022-12-11 21:01:14] [SEVERE ] setting player 1 freeze to -1670785274882
[2022-12-11 21:01:15] [SEVERE ] setting player 0 freeze to -4063
[2022-12-11 21:01:15] [SEVERE ] setting player 1 freeze to -1670785275893
[2022-12-11 21:01:16] [SEVERE ] removing player 0 token from slot 4
[2022-12-11 21:01:16] [SEVERE ] setting player 0 freeze to -5073
[2022-12-11 21:01:16] [SEVERE ] setting player 1 freeze to -1670785276903
[2022-12-11 21:01:17] [SEVERE ] Key 83 was pressed by player 0
[2022-12-11 21:01:17] [SEVERE ] removing player 0 token from slot 5
[2022-12-11 21:01:17] [SEVERE ] Key 68 was pressed by player 0
[2022-12-11 21:01:17] [SEVERE ] removing player 0 token from slot 6
[2022-12-11 21:01:17] [SEVERE ] setting player 0 freeze to -6086
[2022-12-11 21:01:17] [SEVERE ] setting player 1 freeze to -1670785277915
[2022-12-11 21:01:18] [SEVERE ] setting player 0 freeze to -7092
[2022-12-11 21:01:18] [SEVERE ] setting player 1 freeze to -1670785278922
[2022-12-11 21:01:19] [SEVERE ] Key 68 was pressed by player 0
[2022-12-11 21:01:19] [SEVERE ] player 0 placing token on slot 6
[2022-12-11 21:01:19] [SEVERE ] Key 83 was pressed by player 0
[2022-12-11 21:01:19] [SEVERE ] player 0 placing token on slot 5
[2022-12-11 21:01:19] [SEVERE ] Key 65 was pressed by player 0
[2022-12-11 21:01:19] [SEVERE ] player 0 placing token on slot 4
[2022-12-11 21:01:19] [SEVERE ] setting player 0 freeze to 3000
[2022-12-11 21:01:19] [SEVERE ] setting player 1 freeze to -1670785279716
[2022-12-11 21:01:20] [SEVERE ] setting player 0 freeze to 1988
[2022-12-11 21:01:20] [SEVERE ] setting player 1 freeze to -1670785280728
[2022-12-11 21:01:21] [SEVERE ] setting player 0 freeze to 978
[2022-12-11 21:01:21] [SEVERE ] setting player 1 freeze to -1670785281738
[2022-12-11 21:01:22] [SEVERE ] setting player 0 freeze to -37
[2022-12-11 21:01:22] [SEVERE ] setting player 1 freeze to -1670785282754
[2022-12-11 21:01:23] [SEVERE ] setting player 0 freeze to -1051
[2022-12-11 21:01:23] [SEVERE ] setting player 1 freeze to -1670785283767
[2022-12-11 21:01:23] [SEVERE ] Key 65 was pressed by player 0
[2022-12-11 21:01:24] [SEVERE ] Key 65 was pressed by player 0
[2022-12-11 21:01:24] [SEVERE ] removing player 0 token from slot 4
[2022-12-11 21:01:24] [SEVERE ] player 0 placing token on slot 4
[2022-12-11 21:01:24] [SEVERE ] setting player 0 freeze to 3000
[2022-12-11 21:01:24] [SEVERE ] setting player 1 freeze to -1670785284718
[2022-12-11 21:01:25] [SEVERE ] setting player 0 freeze to 1990
[2022-12-11 21:01:25] [SEVERE ] setting player 1 freeze to -1670785285729
[2022-12-11 21:01:26] [SEVERE ] setting player 0 freeze to 980
[2022-12-11 21:01:26] [SEVERE ] setting player 1 freeze to -1670785286739
[2022-12-11 21:01:27] [SEVERE ] setting player 0 freeze to -28
[2022-12-11 21:01:27] [SEVERE ] setting player 1 freeze to -1670785287747
[2022-12-11 21:01:28] [SEVERE ] setting player 0 freeze to -1033
[2022-12-11 21:01:28] [SEVERE ] setting player 1 freeze to -1670785288752
[2022-12-11 21:01:29] [SEVERE ] setting player 0 freeze to -2038
[2022-12-11 21:01:29] [SEVERE ] setting player 1 freeze to -1670785289757
[2022-12-11 21:01:29] [SEVERE ] setting player 0 freeze to -2039
[2022-12-11 21:01:29] [SEVERE ] setting player 1 freeze to -1670785289757
[2022-12-11 21:01:29] [SEVERE ] removing player 0 token from slot 4
[2022-12-11 21:01:29] [SEVERE ] removing player 0 token from slot 5
[2022-12-11 21:01:29] [SEVERE ] removing player 0 token from slot 6
[2022-12-11 21:01:29] [SEVERE ] removing card from slot 0
[2022-12-11 21:01:29] [SEVERE ] removing card from slot 1
[2022-12-11 21:01:30] [SEVERE ] removing card from slot 2
