[2022-12-11 21:54:48] [INFO   ] cannot read configuration file config.properties trying from resources.
[2022-12-11 21:54:48] [INFO   ] configuration file was loaded from resources directory.
[2022-12-11 21:54:49] [SEVERE ] placing card 20 in slot 0
[2022-12-11 21:54:49] [SEVERE ] placing card 68 in slot 1
[2022-12-11 21:54:49] [SEVERE ] placing card 40 in slot 2
[2022-12-11 21:54:49] [SEVERE ] placing card 63 in slot 3
[2022-12-11 21:54:50] [SEVERE ] placing card 5 in slot 4
[2022-12-11 21:54:50] [SEVERE ] placing card 4 in slot 5
[2022-12-11 21:54:50] [SEVERE ] placing card 57 in slot 6
[2022-12-11 21:54:50] [SEVERE ] placing card 58 in slot 7
[2022-12-11 21:54:50] [SEVERE ] placing card 0 in slot 8
[2022-12-11 21:54:50] [SEVERE ] placing card 18 in slot 9
[2022-12-11 21:54:50] [SEVERE ] placing card 10 in slot 10
[2022-12-11 21:54:50] [SEVERE ] placing card 59 in slot 11
[2022-12-11 21:54:50] [SEVERE ] setting player 0 freeze to -1670788490865
[2022-12-11 21:54:50] [SEVERE ] setting player 1 freeze to -1670788490865
[2022-12-11 21:54:51] [SEVERE ] setting player 0 freeze to -1670788491876
[2022-12-11 21:54:51] [SEVERE ] setting player 1 freeze to -1670788491877
[2022-12-11 21:54:52] [SEVERE ] setting player 0 freeze to -1670788492888
[2022-12-11 21:54:52] [SEVERE ] setting player 1 freeze to -1670788492889
[2022-12-11 21:54:53] [SEVERE ] setting player 0 freeze to -1670788493898
[2022-12-11 21:54:53] [SEVERE ] setting player 1 freeze to -1670788493899
[2022-12-11 21:54:54] [SEVERE ] Key 85 was pressed by player 1
[2022-12-11 21:54:54] [SEVERE ] player 1 placing token on slot 0
[2022-12-11 21:54:54] [SEVERE ] Key 85 was pressed by player 1
[2022-12-11 21:54:54] [SEVERE ] removing player 1 token from slot 0
[2022-12-11 21:54:54] [SEVERE ] setting player 0 freeze to -1670788494904
[2022-12-11 21:54:54] [SEVERE ] setting player 1 freeze to -1670788494904
[2022-12-11 21:54:55] [SEVERE ] setting player 0 freeze to -1670788495913
[2022-12-11 21:54:55] [SEVERE ] setting player 1 freeze to -1670788495914
[2022-12-11 21:54:56] [SEVERE ] setting player 0 freeze to -1670788496921
[2022-12-11 21:54:56] [SEVERE ] setting player 1 freeze to -1670788496921
[2022-12-11 21:54:57] [SEVERE ] setting player 0 freeze to -1670788497929
[2022-12-11 21:54:57] [SEVERE ] setting player 1 freeze to -1670788497930
[2022-12-11 21:54:58] [SEVERE ] setting player 0 freeze to -1670788498941
[2022-12-11 21:54:58] [SEVERE ] setting player 1 freeze to -1670788498942
[2022-12-11 21:54:59] [SEVERE ] setting player 0 freeze to -1670788499955
[2022-12-11 21:54:59] [SEVERE ] setting player 1 freeze to -1670788499956
[2022-12-11 21:55:00] [SEVERE ] setting player 0 freeze to -1670788500970
[2022-12-11 21:55:00] [SEVERE ] setting player 1 freeze to -1670788500971
[2022-12-11 21:55:01] [SEVERE ] setting player 0 freeze to -1670788501983
[2022-12-11 21:55:01] [SEVERE ] setting player 1 freeze to -1670788501984
[2022-12-11 21:55:02] [SEVERE ] setting player 0 freeze to -1670788502995
[2022-12-11 21:55:02] [SEVERE ] setting player 1 freeze to -1670788502996
[2022-12-11 21:55:04] [SEVERE ] setting player 0 freeze to -1670788504009
[2022-12-11 21:55:04] [SEVERE ] setting player 1 freeze to -1670788504010
[2022-12-11 21:55:05] [SEVERE ] setting player 0 freeze to -1670788505016
[2022-12-11 21:55:05] [SEVERE ] setting player 1 freeze to -1670788505017
[2022-12-11 21:55:06] [SEVERE ] setting player 0 freeze to -1670788506029
[2022-12-11 21:55:06] [SEVERE ] setting player 1 freeze to -1670788506030
[2022-12-11 21:55:06] [SEVERE ] Key 77 was pressed by player 1
[2022-12-11 21:55:06] [SEVERE ] player 1 placing token on slot 8
[2022-12-11 21:55:06] [SEVERE ] Key 77 was pressed by player 1
[2022-12-11 21:55:06] [SEVERE ] removing player 1 token from slot 8
[2022-12-11 21:55:07] [SEVERE ] setting player 0 freeze to -1670788507043
[2022-12-11 21:55:07] [SEVERE ] setting player 1 freeze to -1670788507043
[2022-12-11 21:55:08] [SEVERE ] setting player 0 freeze to -1670788508052
[2022-12-11 21:55:08] [SEVERE ] setting player 1 freeze to -1670788508053
[2022-12-11 21:55:09] [SEVERE ] setting player 0 freeze to -1670788509063
[2022-12-11 21:55:09] [SEVERE ] setting player 1 freeze to -1670788509064
[2022-12-11 21:55:10] [SEVERE ] setting player 0 freeze to -1670788510073
[2022-12-11 21:55:10] [SEVERE ] setting player 1 freeze to -1670788510073
[2022-12-11 21:55:11] [SEVERE ] setting player 0 freeze to -1670788511087
[2022-12-11 21:55:11] [SEVERE ] setting player 1 freeze to -1670788511087
[2022-12-11 21:55:11] [SEVERE ] Key 81 was pressed by player 0
[2022-12-11 21:55:11] [SEVERE ] player 0 placing token on slot 0
[2022-12-11 21:55:11] [SEVERE ] Key 90 was pressed by player 0
[2022-12-11 21:55:11] [SEVERE ] player 0 placing token on slot 8
[2022-12-11 21:55:11] [SEVERE ] Key 85 was pressed by player 1
[2022-12-11 21:55:11] [SEVERE ] player 1 placing token on slot 0
[2022-12-11 21:55:11] [SEVERE ] Key 77 was pressed by player 1
[2022-12-11 21:55:11] [SEVERE ] player 1 placing token on slot 8
[2022-12-11 21:55:11] [SEVERE ] Key 67 was pressed by player 0
[2022-12-11 21:55:11] [SEVERE ] player 0 placing token on slot 10
[2022-12-11 21:55:11] [SEVERE ] removing player 0 token from slot 0
[2022-12-11 21:55:11] [SEVERE ] removing player 0 token from slot 8
[2022-12-11 21:55:11] [SEVERE ] removing player 0 token from slot 10
[2022-12-11 21:55:11] [SEVERE ] removing player 1 token from slot 0
[2022-12-11 21:55:11] [SEVERE ] removing player 1 token from slot 8
[2022-12-11 21:55:11] [SEVERE ] removing player 1 token from slot 10
[2022-12-11 21:55:11] [SEVERE ] setting player 0 score to 1
[2022-12-11 21:55:11] [SEVERE ] setting player 0 freeze to 1000
[2022-12-11 21:55:11] [SEVERE ] setting player 1 freeze to -1670788511530
[2022-12-11 21:55:11] [SEVERE ] Key 46 was pressed by player 1
[2022-12-11 21:55:11] [SEVERE ] removing card from slot 0
[2022-12-11 21:55:11] [SEVERE ] removing card from slot 8
[2022-12-11 21:55:11] [SEVERE ] removing card from slot 10
[2022-12-11 21:55:11] [SEVERE ] placing card 26 in slot 0
[2022-12-11 21:55:12] [SEVERE ] placing card 55 in slot 8
[2022-12-11 21:55:12] [SEVERE ] placing card 76 in slot 10
[2022-12-11 21:55:12] [SEVERE ] setting player 0 freeze to -1670788512177
[2022-12-11 21:55:12] [SEVERE ] setting player 1 freeze to -1670788512178
[2022-12-11 21:55:13] [SEVERE ] setting player 0 freeze to -1670788513188
[2022-12-11 21:55:13] [SEVERE ] setting player 1 freeze to -1670788513188
[2022-12-11 21:55:14] [SEVERE ] setting player 0 freeze to -1670788514198
[2022-12-11 21:55:14] [SEVERE ] setting player 1 freeze to -1670788514198
[2022-12-11 21:55:14] [SEVERE ] Key 90 was pressed by player 0
[2022-12-11 21:55:14] [SEVERE ] player 0 placing token on slot 8
[2022-12-11 21:55:14] [SEVERE ] Key 81 was pressed by player 0
[2022-12-11 21:55:14] [SEVERE ] player 0 placing token on slot 0
[2022-12-11 21:55:14] [SEVERE ] Key 85 was pressed by player 1
[2022-12-11 21:55:14] [SEVERE ] player 1 placing token on slot 0
[2022-12-11 21:55:14] [SEVERE ] Key 77 was pressed by player 1
[2022-12-11 21:55:14] [SEVERE ] player 1 placing token on slot 8
[2022-12-11 21:55:14] [SEVERE ] Key 67 was pressed by player 0
[2022-12-11 21:55:14] [SEVERE ] player 0 placing token on slot 10
[2022-12-11 21:55:14] [SEVERE ] setting player 0 freeze to 2999
[2022-12-11 21:55:14] [SEVERE ] setting player 1 freeze to -1670788514481
[2022-12-11 21:55:14] [SEVERE ] Key 46 was pressed by player 1
[2022-12-11 21:55:14] [SEVERE ] player 1 placing token on slot 10
[2022-12-11 21:55:14] [SEVERE ] setting player 0 freeze to 2961
[2022-12-11 21:55:14] [SEVERE ] setting player 1 freeze to 3000
[2022-12-11 21:55:15] [SEVERE ] setting player 0 freeze to 1947
[2022-12-11 21:55:15] [SEVERE ] setting player 1 freeze to 1984
[2022-12-11 21:55:16] [SEVERE ] setting player 0 freeze to 933
[2022-12-11 21:55:16] [SEVERE ] setting player 1 freeze to 971
[2022-12-11 21:55:17] [SEVERE ] setting player 0 freeze to -78
[2022-12-11 21:55:17] [SEVERE ] setting player 1 freeze to -40
[2022-12-11 21:55:18] [SEVERE ] setting player 0 freeze to -1087
[2022-12-11 21:55:18] [SEVERE ] setting player 1 freeze to -1049
[2022-12-11 21:55:19] [SEVERE ] setting player 0 freeze to -2092
[2022-12-11 21:55:19] [SEVERE ] setting player 1 freeze to -2054
[2022-12-11 21:55:20] [SEVERE ] setting player 0 freeze to -3106
[2022-12-11 21:55:20] [SEVERE ] setting player 1 freeze to -3068
[2022-12-11 21:55:21] [SEVERE ] setting player 0 freeze to -4116
[2022-12-11 21:55:21] [SEVERE ] setting player 1 freeze to -4077
[2022-12-11 21:55:22] [SEVERE ] Key 81 was pressed by player 0
[2022-12-11 21:55:22] [SEVERE ] removing player 0 token from slot 0
[2022-12-11 21:55:22] [SEVERE ] Key 87 was pressed by player 0
[2022-12-11 21:55:22] [SEVERE ] player 0 placing token on slot 1
[2022-12-11 21:55:22] [SEVERE ] setting player 0 freeze to 3000
[2022-12-11 21:55:22] [SEVERE ] setting player 1 freeze to -5009
[2022-12-11 21:55:22] [SEVERE ] Key 69 was pressed by player 0
[2022-12-11 21:55:23] [SEVERE ] Key 69 was pressed by player 0
[2022-12-11 21:55:23] [SEVERE ] Key 87 was pressed by player 0
[2022-12-11 21:55:23] [SEVERE ] Key 81 was pressed by player 0
[2022-12-11 21:55:23] [SEVERE ] setting player 0 freeze to 1988
[2022-12-11 21:55:23] [SEVERE ] setting player 1 freeze to -6020
[2022-12-11 21:55:23] [SEVERE ] Key 65 was pressed by player 0
[2022-12-11 21:55:23] [SEVERE ] Key 83 was pressed by player 0
[2022-12-11 21:55:23] [SEVERE ] Key 68 was pressed by player 0
[2022-12-11 21:55:24] [SEVERE ] setting player 0 freeze to 976
[2022-12-11 21:55:24] [SEVERE ] setting player 1 freeze to -7033
[2022-12-11 21:55:25] [SEVERE ] setting player 0 freeze to -37
[2022-12-11 21:55:25] [SEVERE ] setting player 1 freeze to -8046
[2022-12-11 21:55:26] [SEVERE ] setting player 0 freeze to -1044
[2022-12-11 21:55:26] [SEVERE ] setting player 1 freeze to -9052
[2022-12-11 21:55:27] [SEVERE ] Key 81 was pressed by player 0
[2022-12-11 21:55:27] [SEVERE ] setting player 0 freeze to -2054
[2022-12-11 21:55:27] [SEVERE ] setting player 1 freeze to -10063
[2022-12-11 21:55:27] [SEVERE ] Key 87 was pressed by player 0
[2022-12-11 21:55:27] [SEVERE ] removing player 0 token from slot 1
[2022-12-11 21:55:28] [SEVERE ] Key 81 was pressed by player 0
[2022-12-11 21:55:28] [SEVERE ] player 0 placing token on slot 0
[2022-12-11 21:55:28] [SEVERE ] setting player 0 freeze to 3000
[2022-12-11 21:55:28] [SEVERE ] setting player 1 freeze to -10640
[2022-12-11 21:55:29] [SEVERE ] setting player 0 freeze to 1990
[2022-12-11 21:55:29] [SEVERE ] setting player 1 freeze to -11650
[2022-12-11 21:55:29] [SEVERE ] Key 90 was pressed by player 0
[2022-12-11 21:55:30] [SEVERE ] Key 88 was pressed by player 0
[2022-12-11 21:55:30] [SEVERE ] setting player 0 freeze to 977
[2022-12-11 21:55:30] [SEVERE ] setting player 1 freeze to -12663
[2022-12-11 21:55:30] [SEVERE ] Key 77 was pressed by player 1
[2022-12-11 21:55:30] [SEVERE ] removing player 1 token from slot 8
[2022-12-11 21:55:30] [SEVERE ] Key 44 was pressed by player 1
[2022-12-11 21:55:30] [SEVERE ] player 1 placing token on slot 9
[2022-12-11 21:55:30] [SEVERE ] setting player 0 freeze to 682
[2022-12-11 21:55:30] [SEVERE ] setting player 1 freeze to 2999
[2022-12-11 21:55:31] [SEVERE ] Key 44 was pressed by player 1
[2022-12-11 21:55:31] [SEVERE ] Key 77 was pressed by player 1
[2022-12-11 21:55:31] [SEVERE ] setting player 0 freeze to -331
[2022-12-11 21:55:31] [SEVERE ] setting player 1 freeze to 1986
[2022-12-11 21:55:32] [SEVERE ] setting player 0 freeze to -1340
[2022-12-11 21:55:32] [SEVERE ] setting player 1 freeze to 977
[2022-12-11 21:55:33] [SEVERE ] Exit button pressed
[2022-12-11 21:55:33] [SEVERE ] setting player 0 freeze to -2357
[2022-12-11 21:55:33] [SEVERE ] setting player 1 freeze to -39
[2022-12-11 21:55:33] [SEVERE ] setting player 0 freeze to -2357
[2022-12-11 21:55:33] [SEVERE ] setting player 1 freeze to -39
[2022-12-11 21:55:33] [SEVERE ] removing player 0 token from slot 0
[2022-12-11 21:55:33] [SEVERE ] removing player 0 token from slot 8
[2022-12-11 21:55:33] [SEVERE ] removing player 0 token from slot 10
[2022-12-11 21:55:33] [SEVERE ] removing player 1 token from slot 0
[2022-12-11 21:55:33] [SEVERE ] removing player 1 token from slot 9
[2022-12-11 21:55:33] [SEVERE ] removing player 1 token from slot 10
[2022-12-11 21:55:33] [SEVERE ] removing card from slot 0
[2022-12-11 21:55:33] [SEVERE ] removing card from slot 1
[2022-12-11 21:55:33] [SEVERE ] removing card from slot 2
[2022-12-11 21:55:33] [SEVERE ] removing card from slot 3
[2022-12-11 21:55:34] [SEVERE ] removing card from slot 4
[2022-12-11 21:55:34] [SEVERE ] removing card from slot 5
[2022-12-11 21:55:34] [SEVERE ] removing card from slot 6
[2022-12-11 21:55:34] [SEVERE ] removing card from slot 7
[2022-12-11 21:55:34] [SEVERE ] removing card from slot 8
[2022-12-11 21:55:34] [SEVERE ] removing card from slot 9
[2022-12-11 21:55:34] [SEVERE ] removing card from slot 10
[2022-12-11 21:55:34] [SEVERE ] removing card from slot 11
[2022-12-11 21:55:34] [SEVERE ] setting player 0 freeze to -1670788534820
[2022-12-11 21:55:34] [SEVERE ] setting player 1 freeze to -1670788534820
[2022-12-11 21:55:34] [INFO   ] Thread main terminated.
