[2022-12-11 18:46:06] [INFO   ] cannot read configuration file config.properties trying from resources.
[2022-12-11 18:46:06] [INFO   ] configuration file was loaded from resources directory.
[2022-12-11 18:46:07] [SEVERE ] placing card 9 in slot 0
[2022-12-11 18:46:07] [SEVERE ] placing card 21 in slot 1
[2022-12-11 18:46:07] [SEVERE ] placing card 63 in slot 2
[2022-12-11 18:46:07] [SEVERE ] placing card 30 in slot 3
[2022-12-11 18:46:07] [SEVERE ] placing card 71 in slot 4
[2022-12-11 18:46:07] [SEVERE ] placing card 47 in slot 5
[2022-12-11 18:46:07] [SEVERE ] placing card 56 in slot 6
[2022-12-11 18:46:07] [SEVERE ] placing card 68 in slot 7
[2022-12-11 18:46:07] [SEVERE ] placing card 24 in slot 8
[2022-12-11 18:46:08] [SEVERE ] placing card 53 in slot 9
[2022-12-11 18:46:08] [SEVERE ] placing card 79 in slot 10
[2022-12-11 18:46:08] [SEVERE ] placing card 52 in slot 11
[2022-12-11 18:46:08] [SEVERE ] setting player 0 freeze to -1670777168240
[2022-12-11 18:46:08] [SEVERE ] setting player 1 freeze to -1670777168241
[2022-12-11 18:46:09] [SEVERE ] setting player 0 freeze to -1670777169248
[2022-12-11 18:46:09] [SEVERE ] setting player 1 freeze to -1670777169248
[2022-12-11 18:46:10] [SEVERE ] setting player 0 freeze to -1670777170260
[2022-12-11 18:46:10] [SEVERE ] setting player 1 freeze to -1670777170261
[2022-12-11 18:46:11] [SEVERE ] setting player 0 freeze to -1670777171267
[2022-12-11 18:46:11] [SEVERE ] setting player 1 freeze to -1670777171267
[2022-12-11 18:46:12] [SEVERE ] setting player 0 freeze to -1670777172278
[2022-12-11 18:46:12] [SEVERE ] setting player 1 freeze to -1670777172279
[2022-12-11 18:46:13] [SEVERE ] setting player 0 freeze to -1670777173285
[2022-12-11 18:46:13] [SEVERE ] setting player 1 freeze to -1670777173286
[2022-12-11 18:46:14] [SEVERE ] setting player 0 freeze to -1670777174298
[2022-12-11 18:46:14] [SEVERE ] setting player 1 freeze to -1670777174299
[2022-12-11 18:46:15] [SEVERE ] setting player 0 freeze to -1670777175306
[2022-12-11 18:46:15] [SEVERE ] setting player 1 freeze to -1670777175307
[2022-12-11 18:46:16] [SEVERE ] setting player 0 freeze to -1670777176314
[2022-12-11 18:46:16] [SEVERE ] setting player 1 freeze to -1670777176315
[2022-12-11 18:46:17] [SEVERE ] setting player 0 freeze to -1670777177327
[2022-12-11 18:46:17] [SEVERE ] setting player 1 freeze to -1670777177328
[2022-12-11 18:46:18] [SEVERE ] setting player 0 freeze to -1670777178339
[2022-12-11 18:46:18] [SEVERE ] setting player 1 freeze to -1670777178340
[2022-12-11 18:46:19] [SEVERE ] setting player 0 freeze to -1670777179350
[2022-12-11 18:46:19] [SEVERE ] setting player 1 freeze to -1670777179351
[2022-12-11 18:46:20] [SEVERE ] setting player 0 freeze to -1670777180353
[2022-12-11 18:46:20] [SEVERE ] setting player 1 freeze to -1670777180353
[2022-12-11 18:46:21] [SEVERE ] setting player 0 freeze to -1670777181362
[2022-12-11 18:46:21] [SEVERE ] setting player 1 freeze to -1670777181363
[2022-12-11 18:46:22] [SEVERE ] setting player 0 freeze to -1670777182375
[2022-12-11 18:46:22] [SEVERE ] setting player 1 freeze to -1670777182376
[2022-12-11 18:46:23] [SEVERE ] setting player 0 freeze to -1670777183386
[2022-12-11 18:46:23] [SEVERE ] setting player 1 freeze to -1670777183387
[2022-12-11 18:46:24] [SEVERE ] setting player 0 freeze to -1670777184399
[2022-12-11 18:46:24] [SEVERE ] setting player 1 freeze to -1670777184400
[2022-12-11 18:46:25] [SEVERE ] setting player 0 freeze to -1670777185412
[2022-12-11 18:46:25] [SEVERE ] setting player 1 freeze to -1670777185413
[2022-12-11 18:46:26] [SEVERE ] Key 81 was pressed by player 0
[2022-12-11 18:46:26] [SEVERE ] player 0 placing token on slot 0
[2022-12-11 18:46:26] [SEVERE ] Key 87 was pressed by player 0
[2022-12-11 18:46:26] [SEVERE ] player 0 placing token on slot 1
[2022-12-11 18:46:26] [SEVERE ] Key 69 was pressed by player 0
[2022-12-11 18:46:26] [SEVERE ] player 0 placing token on slot 2
[2022-12-11 18:46:26] [SEVERE ] Key 69 was pressed by player 0
[2022-12-11 18:46:26] [SEVERE ] removing player 0 token from slot 2
[2022-12-11 18:46:26] [SEVERE ] Key 87 was pressed by player 0
[2022-12-11 18:46:26] [SEVERE ] removing player 0 token from slot 1
[2022-12-11 18:46:26] [SEVERE ] Key 81 was pressed by player 0
[2022-12-11 18:46:26] [SEVERE ] removing player 0 token from slot 0
[2022-12-11 18:46:26] [SEVERE ] setting player 0 freeze to -1670777186424
[2022-12-11 18:46:26] [SEVERE ] setting player 1 freeze to -1670777186425
[2022-12-11 18:46:26] [SEVERE ] Key 81 was pressed by player 0
[2022-12-11 18:46:26] [SEVERE ] player 0 placing token on slot 0
[2022-12-11 18:46:26] [SEVERE ] Key 87 was pressed by player 0
[2022-12-11 18:46:26] [SEVERE ] player 0 placing token on slot 1
[2022-12-11 18:46:26] [SEVERE ] Key 69 was pressed by player 0
[2022-12-11 18:46:26] [SEVERE ] player 0 placing token on slot 2
[2022-12-11 18:46:27] [SEVERE ] Key 69 was pressed by player 0
[2022-12-11 18:46:27] [SEVERE ] removing player 0 token from slot 2
[2022-12-11 18:46:27] [SEVERE ] Key 87 was pressed by player 0
[2022-12-11 18:46:27] [SEVERE ] removing player 0 token from slot 1
[2022-12-11 18:46:27] [SEVERE ] Key 81 was pressed by player 0
[2022-12-11 18:46:27] [SEVERE ] removing player 0 token from slot 0
[2022-12-11 18:46:27] [SEVERE ] setting player 0 freeze to -1670777187437
[2022-12-11 18:46:27] [SEVERE ] setting player 1 freeze to -1670777187437
[2022-12-11 18:46:28] [SEVERE ] Key 81 was pressed by player 0
[2022-12-11 18:46:28] [SEVERE ] player 0 placing token on slot 0
[2022-12-11 18:46:28] [SEVERE ] Key 87 was pressed by player 0
[2022-12-11 18:46:28] [SEVERE ] player 0 placing token on slot 1
[2022-12-11 18:46:28] [SEVERE ] Key 82 was pressed by player 0
[2022-12-11 18:46:28] [SEVERE ] player 0 placing token on slot 3
[2022-12-11 18:46:28] [SEVERE ] setting player 0 freeze to -1670777188449
[2022-12-11 18:46:28] [SEVERE ] setting player 1 freeze to -1670777188450
[2022-12-11 18:46:28] [SEVERE ] Key 82 was pressed by player 0
[2022-12-11 18:46:28] [SEVERE ] removing player 0 token from slot 3
[2022-12-11 18:46:28] [SEVERE ] Key 87 was pressed by player 0
[2022-12-11 18:46:28] [SEVERE ] removing player 0 token from slot 1
[2022-12-11 18:46:28] [SEVERE ] Key 81 was pressed by player 0
[2022-12-11 18:46:28] [SEVERE ] removing player 0 token from slot 0
[2022-12-11 18:46:29] [SEVERE ] setting player 0 freeze to -1670777189461
[2022-12-11 18:46:29] [SEVERE ] setting player 1 freeze to -1670777189462
[2022-12-11 18:46:29] [SEVERE ] Key 81 was pressed by player 0
[2022-12-11 18:46:29] [SEVERE ] player 0 placing token on slot 0
[2022-12-11 18:46:29] [SEVERE ] Key 81 was pressed by player 0
[2022-12-11 18:46:29] [SEVERE ] removing player 0 token from slot 0
[2022-12-11 18:46:29] [SEVERE ] Key 83 was pressed by player 0
[2022-12-11 18:46:29] [SEVERE ] player 0 placing token on slot 5
[2022-12-11 18:46:29] [SEVERE ] Key 68 was pressed by player 0
[2022-12-11 18:46:29] [SEVERE ] player 0 placing token on slot 6
[2022-12-11 18:46:30] [SEVERE ] Key 83 was pressed by player 0
[2022-12-11 18:46:30] [SEVERE ] removing player 0 token from slot 5
[2022-12-11 18:46:30] [SEVERE ] Key 81 was pressed by player 0
[2022-12-11 18:46:30] [SEVERE ] player 0 placing token on slot 0
[2022-12-11 18:46:30] [SEVERE ] Key 68 was pressed by player 0
[2022-12-11 18:46:30] [SEVERE ] removing player 0 token from slot 6
[2022-12-11 18:46:30] [SEVERE ] Key 87 was pressed by player 0
[2022-12-11 18:46:30] [SEVERE ] player 0 placing token on slot 1
[2022-12-11 18:46:30] [SEVERE ] setting player 0 freeze to -1670777190475
[2022-12-11 18:46:30] [SEVERE ] setting player 1 freeze to -1670777190475
[2022-12-11 18:46:30] [SEVERE ] Key 69 was pressed by player 0
[2022-12-11 18:46:30] [SEVERE ] player 0 placing token on slot 2
[2022-12-11 18:46:30] [SEVERE ] Key 81 was pressed by player 0
[2022-12-11 18:46:30] [SEVERE ] removing player 0 token from slot 0
[2022-12-11 18:46:31] [SEVERE ] Key 87 was pressed by player 0
[2022-12-11 18:46:31] [SEVERE ] removing player 0 token from slot 1
[2022-12-11 18:46:31] [SEVERE ] Key 69 was pressed by player 0
[2022-12-11 18:46:31] [SEVERE ] removing player 0 token from slot 2
[2022-12-11 18:46:31] [SEVERE ] setting player 0 freeze to -1670777191482
[2022-12-11 18:46:31] [SEVERE ] setting player 1 freeze to -1670777191483
[2022-12-11 18:46:32] [SEVERE ] Key 69 was pressed by player 0
[2022-12-11 18:46:32] [SEVERE ] player 0 placing token on slot 2
[2022-12-11 18:46:32] [SEVERE ] Key 87 was pressed by player 0
[2022-12-11 18:46:32] [SEVERE ] player 0 placing token on slot 1
[2022-12-11 18:46:32] [SEVERE ] Key 81 was pressed by player 0
[2022-12-11 18:46:32] [SEVERE ] player 0 placing token on slot 0
[2022-12-11 18:46:32] [SEVERE ] setting player 0 freeze to 3000
[2022-12-11 18:46:32] [SEVERE ] setting player 1 freeze to -1670777192498
[2022-12-11 18:46:33] [SEVERE ] setting player 0 freeze to 1983
[2022-12-11 18:46:33] [SEVERE ] setting player 1 freeze to -1670777193515
[2022-12-11 18:46:33] [SEVERE ] Key 69 was pressed by player 0
[2022-12-11 18:46:33] [SEVERE ] Key 87 was pressed by player 0
[2022-12-11 18:46:33] [SEVERE ] Key 81 was pressed by player 0
[2022-12-11 18:46:34] [SEVERE ] setting player 0 freeze to 969
[2022-12-11 18:46:34] [SEVERE ] setting player 1 freeze to -1670777194529
[2022-12-11 18:46:35] [SEVERE ] setting player 0 freeze to -43
[2022-12-11 18:46:35] [SEVERE ] setting player 1 freeze to -1670777195542
[2022-12-11 18:46:35] [SEVERE ] Key 69 was pressed by player 0
[2022-12-11 18:46:35] [SEVERE ] removing player 0 token from slot 2
[2022-12-11 18:46:35] [SEVERE ] Key 87 was pressed by player 0
[2022-12-11 18:46:35] [SEVERE ] removing player 0 token from slot 1
[2022-12-11 18:46:35] [SEVERE ] Key 81 was pressed by player 0
[2022-12-11 18:46:35] [SEVERE ] removing player 0 token from slot 0
[2022-12-11 18:46:36] [SEVERE ] setting player 0 freeze to -1054
[2022-12-11 18:46:36] [SEVERE ] setting player 1 freeze to -1670777196553
[2022-12-11 18:46:37] [SEVERE ] Key 81 was pressed by player 0
[2022-12-11 18:46:37] [SEVERE ] player 0 placing token on slot 0
[2022-12-11 18:46:37] [SEVERE ] Key 87 was pressed by player 0
[2022-12-11 18:46:37] [SEVERE ] player 0 placing token on slot 1
[2022-12-11 18:46:37] [SEVERE ] Key 69 was pressed by player 0
[2022-12-11 18:46:37] [SEVERE ] player 0 placing token on slot 2
[2022-12-11 18:46:37] [SEVERE ] setting player 0 freeze to 3000
[2022-12-11 18:46:37] [SEVERE ] setting player 1 freeze to -1670777197566
[2022-12-11 18:46:38] [SEVERE ] Key 69 was pressed by player 0
[2022-12-11 18:46:38] [SEVERE ] Key 87 was pressed by player 0
[2022-12-11 18:46:38] [SEVERE ] Key 81 was pressed by player 0
[2022-12-11 18:46:38] [SEVERE ] setting player 0 freeze to 1990
[2022-12-11 18:46:38] [SEVERE ] setting player 1 freeze to -1670777198576
[2022-12-11 18:46:38] [SEVERE ] setting player 0 freeze to 1989
[2022-12-11 18:46:38] [SEVERE ] setting player 1 freeze to -1670777198577
[2022-12-11 18:46:38] [SEVERE ] removing card from slot 0
[2022-12-11 18:46:38] [SEVERE ] removing card from slot 1
[2022-12-11 18:46:38] [SEVERE ] removing card from slot 2
[2022-12-11 18:46:39] [SEVERE ] removing card from slot 3
[2022-12-11 18:46:39] [SEVERE ] removing card from slot 4
[2022-12-11 18:46:39] [SEVERE ] removing card from slot 5
[2022-12-11 18:46:39] [SEVERE ] removing card from slot 6
[2022-12-11 18:46:39] [SEVERE ] removing card from slot 7
[2022-12-11 18:46:39] [SEVERE ] removing card from slot 8
[2022-12-11 18:46:39] [SEVERE ] removing card from slot 9
[2022-12-11 18:46:39] [SEVERE ] removing card from slot 10
[2022-12-11 18:46:39] [SEVERE ] removing card from slot 11
[2022-12-11 18:46:39] [SEVERE ] removing player 0 token from slot 0
[2022-12-11 18:46:39] [SEVERE ] removing player 0 token from slot 1
[2022-12-11 18:46:39] [SEVERE ] removing player 0 token from slot 2
[2022-12-11 18:46:39] [SEVERE ] setting player 0 freeze to -1670777199882
[2022-12-11 18:46:39] [SEVERE ] setting player 1 freeze to -1670777199882
[2022-12-11 18:46:39] [SEVERE ] placing card 38 in slot 0
[2022-12-11 18:46:40] [SEVERE ] placing card 26 in slot 1
[2022-12-11 18:46:40] [SEVERE ] placing card 31 in slot 2
[2022-12-11 18:46:40] [SEVERE ] placing card 22 in slot 3
[2022-12-11 18:46:40] [SEVERE ] placing card 52 in slot 4
[2022-12-11 18:46:40] [SEVERE ] placing card 25 in slot 5
[2022-12-11 18:46:40] [SEVERE ] placing card 27 in slot 6
[2022-12-11 18:46:40] [SEVERE ] placing card 78 in slot 7
[2022-12-11 18:46:40] [SEVERE ] placing card 2 in slot 8
[2022-12-11 18:46:40] [SEVERE ] placing card 29 in slot 9
[2022-12-11 18:46:41] [SEVERE ] placing card 67 in slot 10
[2022-12-11 18:46:41] [SEVERE ] placing card 18 in slot 11
[2022-12-11 18:46:41] [SEVERE ] setting player 0 freeze to -1670777201189
[2022-12-11 18:46:41] [SEVERE ] setting player 1 freeze to -1670777201190
[2022-12-11 18:46:42] [SEVERE ] setting player 0 freeze to -1670777202201
[2022-12-11 18:46:42] [SEVERE ] setting player 1 freeze to -1670777202202
[2022-12-11 18:46:43] [SEVERE ] setting player 0 freeze to -1670777203205
[2022-12-11 18:46:43] [SEVERE ] setting player 1 freeze to -1670777203205
[2022-12-11 18:46:44] [SEVERE ] setting player 0 freeze to -1670777204218
[2022-12-11 18:46:44] [SEVERE ] setting player 1 freeze to -1670777204219
[2022-12-11 18:46:45] [SEVERE ] setting player 0 freeze to -1670777205228
[2022-12-11 18:46:45] [SEVERE ] setting player 1 freeze to -1670777205229
[2022-12-11 18:46:46] [SEVERE ] setting player 0 freeze to -1670777206234
[2022-12-11 18:46:46] [SEVERE ] setting player 1 freeze to -1670777206234
[2022-12-11 18:46:47] [SEVERE ] setting player 0 freeze to -1670777207235
[2022-12-11 18:46:47] [SEVERE ] setting player 1 freeze to -1670777207236
[2022-12-11 18:46:48] [SEVERE ] setting player 0 freeze to -1670777208244
[2022-12-11 18:46:48] [SEVERE ] setting player 1 freeze to -1670777208245
[2022-12-11 18:46:49] [SEVERE ] setting player 0 freeze to -1670777209256
[2022-12-11 18:46:49] [SEVERE ] setting player 1 freeze to -1670777209257
[2022-12-11 18:46:49] [SEVERE ] Key 87 was pressed by player 0
[2022-12-11 18:46:49] [SEVERE ] player 0 placing token on slot 1
[2022-12-11 18:46:50] [SEVERE ] setting player 0 freeze to -1670777210264
[2022-12-11 18:46:50] [SEVERE ] setting player 1 freeze to -1670777210265
[2022-12-11 18:46:50] [SEVERE ] Key 68 was pressed by player 0
[2022-12-11 18:46:50] [SEVERE ] player 0 placing token on slot 6
[2022-12-11 18:46:51] [SEVERE ] setting player 0 freeze to -1670777211277
[2022-12-11 18:46:51] [SEVERE ] setting player 1 freeze to -1670777211277
[2022-12-11 18:46:51] [SEVERE ] Key 67 was pressed by player 0
[2022-12-11 18:46:51] [SEVERE ] player 0 placing token on slot 10
[2022-12-11 18:46:52] [SEVERE ] setting player 0 score to 1
[2022-12-11 18:46:52] [SEVERE ] setting player 0 freeze to 999
[2022-12-11 18:46:52] [SEVERE ] setting player 1 freeze to -1670777212290
[2022-12-11 18:46:53] [SEVERE ] setting player 0 freeze to -14
[2022-12-11 18:46:53] [SEVERE ] setting player 1 freeze to -1670777213304
[2022-12-11 18:46:54] [SEVERE ] setting player 0 freeze to -1024
[2022-12-11 18:46:54] [SEVERE ] setting player 1 freeze to -1670777214314
[2022-12-11 18:46:55] [SEVERE ] setting player 0 freeze to -2034
[2022-12-11 18:46:55] [SEVERE ] setting player 1 freeze to -1670777215323
[2022-12-11 18:46:56] [SEVERE ] setting player 0 freeze to -3041
[2022-12-11 18:46:56] [SEVERE ] setting player 1 freeze to -1670777216330
[2022-12-11 18:46:57] [SEVERE ] setting player 0 freeze to -4050
[2022-12-11 18:46:57] [SEVERE ] setting player 1 freeze to -1670777217340
[2022-12-11 18:46:57] [SEVERE ] Key 67 was pressed by player 0
[2022-12-11 18:46:57] [SEVERE ] removing player 0 token from slot 10
[2022-12-11 18:46:58] [SEVERE ] Key 68 was pressed by player 0
[2022-12-11 18:46:58] [SEVERE ] removing player 0 token from slot 6
[2022-12-11 18:46:58] [SEVERE ] Key 87 was pressed by player 0
[2022-12-11 18:46:58] [SEVERE ] removing player 0 token from slot 1
[2022-12-11 18:46:58] [SEVERE ] setting player 0 freeze to -5061
[2022-12-11 18:46:58] [SEVERE ] setting player 1 freeze to -1670777218350
[2022-12-11 18:46:59] [SEVERE ] setting player 0 freeze to -6071
[2022-12-11 18:46:59] [SEVERE ] setting player 1 freeze to -1670777219361
[2022-12-11 18:47:00] [SEVERE ] setting player 0 freeze to -7083
[2022-12-11 18:47:00] [SEVERE ] setting player 1 freeze to -1670777220373
[2022-12-11 18:47:00] [SEVERE ] Key 87 was pressed by player 0
[2022-12-11 18:47:00] [SEVERE ] player 0 placing token on slot 1
[2022-12-11 18:47:01] [SEVERE ] Key 68 was pressed by player 0
[2022-12-11 18:47:01] [SEVERE ] player 0 placing token on slot 6
[2022-12-11 18:47:01] [SEVERE ] setting player 0 freeze to -8093
[2022-12-11 18:47:01] [SEVERE ] setting player 1 freeze to -1670777221384
[2022-12-11 18:47:01] [SEVERE ] Key 67 was pressed by player 0
[2022-12-11 18:47:01] [SEVERE ] player 0 placing token on slot 10
[2022-12-11 18:47:02] [SEVERE ] setting player 0 score to 2
[2022-12-11 18:47:02] [SEVERE ] setting player 0 freeze to 999
[2022-12-11 18:47:02] [SEVERE ] setting player 1 freeze to -1670777222392
[2022-12-11 18:47:03] [SEVERE ] setting player 0 freeze to -10
[2022-12-11 18:47:03] [SEVERE ] setting player 1 freeze to -1670777223402
[2022-12-11 18:47:04] [SEVERE ] Key 67 was pressed by player 0
[2022-12-11 18:47:04] [SEVERE ] removing player 0 token from slot 10
[2022-12-11 18:47:04] [SEVERE ] setting player 0 freeze to -1020
[2022-12-11 18:47:04] [SEVERE ] setting player 1 freeze to -1670777224411
[2022-12-11 18:47:04] [SEVERE ] Key 68 was pressed by player 0
[2022-12-11 18:47:04] [SEVERE ] removing player 0 token from slot 6
[2022-12-11 18:47:04] [SEVERE ] Key 87 was pressed by player 0
[2022-12-11 18:47:04] [SEVERE ] removing player 0 token from slot 1
[2022-12-11 18:47:05] [SEVERE ] setting player 0 freeze to -2033
[2022-12-11 18:47:05] [SEVERE ] setting player 1 freeze to -1670777225425
[2022-12-11 18:47:06] [SEVERE ] setting player 0 freeze to -3040
[2022-12-11 18:47:06] [SEVERE ] setting player 1 freeze to -1670777226432
[2022-12-11 18:47:06] [SEVERE ] Key 79 was pressed by player 1
[2022-12-11 18:47:06] [SEVERE ] player 1 placing token on slot 2
[2022-12-11 18:47:07] [SEVERE ] Key 79 was pressed by player 1
[2022-12-11 18:47:07] [SEVERE ] removing player 1 token from slot 2
[2022-12-11 18:47:07] [SEVERE ] Key 73 was pressed by player 1
[2022-12-11 18:47:07] [SEVERE ] player 1 placing token on slot 1
[2022-12-11 18:47:07] [SEVERE ] setting player 0 freeze to -4050
[2022-12-11 18:47:07] [SEVERE ] setting player 1 freeze to -1670777227442
[2022-12-11 18:47:07] [SEVERE ] Key 76 was pressed by player 1
[2022-12-11 18:47:07] [SEVERE ] player 1 placing token on slot 6
[2022-12-11 18:47:08] [SEVERE ] Key 46 was pressed by player 1
[2022-12-11 18:47:08] [SEVERE ] player 1 placing token on slot 10
[2022-12-11 18:47:08] [SEVERE ] setting player 1 score to 1
[2022-12-11 18:47:08] [SEVERE ] setting player 0 freeze to -5064
[2022-12-11 18:47:08] [SEVERE ] setting player 1 freeze to 999
[2022-12-11 18:47:09] [SEVERE ] setting player 0 freeze to -6078
[2022-12-11 18:47:09] [SEVERE ] setting player 1 freeze to -16
[2022-12-11 18:47:10] [SEVERE ] setting player 0 freeze to -7090
[2022-12-11 18:47:10] [SEVERE ] setting player 1 freeze to -1027
[2022-12-11 18:47:11] [SEVERE ] setting player 0 freeze to -8103
[2022-12-11 18:47:11] [SEVERE ] setting player 1 freeze to -2040
[2022-12-11 18:47:11] [SEVERE ] setting player 0 freeze to -8104
[2022-12-11 18:47:11] [SEVERE ] setting player 1 freeze to -2041
[2022-12-11 18:47:11] [SEVERE ] removing card from slot 0
[2022-12-11 18:47:11] [SEVERE ] removing card from slot 1
[2022-12-11 18:47:11] [SEVERE ] removing card from slot 2
[2022-12-11 18:47:11] [SEVERE ] removing card from slot 3
[2022-12-11 18:47:12] [SEVERE ] removing card from slot 4
[2022-12-11 18:47:12] [SEVERE ] removing card from slot 5
[2022-12-11 18:47:12] [SEVERE ] removing card from slot 6
[2022-12-11 18:47:12] [SEVERE ] removing card from slot 7
[2022-12-11 18:47:12] [SEVERE ] removing card from slot 8
[2022-12-11 18:47:12] [SEVERE ] removing card from slot 9
[2022-12-11 18:47:12] [SEVERE ] removing card from slot 10
[2022-12-11 18:47:12] [SEVERE ] removing card from slot 11
[2022-12-11 18:47:12] [SEVERE ] removing player 1 token from slot 1
[2022-12-11 18:47:12] [SEVERE ] removing player 1 token from slot 6
[2022-12-11 18:47:12] [SEVERE ] removing player 1 token from slot 10
[2022-12-11 18:47:12] [SEVERE ] setting player 0 freeze to -1670777232802
[2022-12-11 18:47:12] [SEVERE ] setting player 1 freeze to -1670777232802
[2022-12-11 18:47:12] [SEVERE ] placing card 76 in slot 0
[2022-12-11 18:47:13] [SEVERE ] placing card 21 in slot 1
[2022-12-11 18:47:13] [SEVERE ] placing card 69 in slot 2
[2022-12-11 18:47:13] [SEVERE ] placing card 54 in slot 3
[2022-12-11 18:47:13] [SEVERE ] placing card 57 in slot 4
[2022-12-11 18:47:13] [SEVERE ] placing card 10 in slot 5
[2022-12-11 18:47:13] [SEVERE ] placing card 43 in slot 6
[2022-12-11 18:47:13] [SEVERE ] placing card 5 in slot 7
[2022-12-11 18:47:13] [SEVERE ] placing card 31 in slot 8
[2022-12-11 18:47:13] [SEVERE ] placing card 14 in slot 9
[2022-12-11 18:47:13] [SEVERE ] placing card 25 in slot 10
[2022-12-11 18:47:14] [SEVERE ] placing card 0 in slot 11
[2022-12-11 18:47:14] [SEVERE ] setting player 0 freeze to -1670777234106
[2022-12-11 18:47:14] [SEVERE ] setting player 1 freeze to -1670777234107
[2022-12-11 18:47:15] [SEVERE ] setting player 0 freeze to -1670777235119
[2022-12-11 18:47:15] [SEVERE ] setting player 1 freeze to -1670777235120
[2022-12-11 18:47:16] [SEVERE ] setting player 0 freeze to -1670777236130
[2022-12-11 18:47:16] [SEVERE ] setting player 1 freeze to -1670777236130
[2022-12-11 18:47:17] [SEVERE ] setting player 0 freeze to -1670777237138
[2022-12-11 18:47:17] [SEVERE ] setting player 1 freeze to -1670777237138
[2022-12-11 18:47:18] [SEVERE ] setting player 0 freeze to -1670777238146
[2022-12-11 18:47:18] [SEVERE ] setting player 1 freeze to -1670777238147
[2022-12-11 18:47:19] [SEVERE ] setting player 0 freeze to -1670777239161
[2022-12-11 18:47:19] [SEVERE ] setting player 1 freeze to -1670777239161
[2022-12-11 18:47:20] [SEVERE ] setting player 0 freeze to -1670777240171
[2022-12-11 18:47:20] [SEVERE ] setting player 1 freeze to -1670777240171
[2022-12-11 18:47:21] [SEVERE ] setting player 0 freeze to -1670777241182
[2022-12-11 18:47:21] [SEVERE ] setting player 1 freeze to -1670777241182
[2022-12-11 18:47:21] [SEVERE ] Key 65 was pressed by player 0
[2022-12-11 18:47:21] [SEVERE ] player 0 placing token on slot 4
[2022-12-11 18:47:21] [SEVERE ] Key 83 was pressed by player 0
[2022-12-11 18:47:21] [SEVERE ] player 0 placing token on slot 5
[2022-12-11 18:47:21] [SEVERE ] Key 68 was pressed by player 0
[2022-12-11 18:47:21] [SEVERE ] player 0 placing token on slot 6
[2022-12-11 18:47:22] [SEVERE ] Key 68 was pressed by player 0
[2022-12-11 18:47:22] [SEVERE ] removing player 0 token from slot 6
[2022-12-11 18:47:22] [SEVERE ] Key 83 was pressed by player 0
[2022-12-11 18:47:22] [SEVERE ] removing player 0 token from slot 5
[2022-12-11 18:47:22] [SEVERE ] setting player 0 freeze to -1670777242191
[2022-12-11 18:47:22] [SEVERE ] setting player 1 freeze to -1670777242191
[2022-12-11 18:47:22] [SEVERE ] Key 65 was pressed by player 0
[2022-12-11 18:47:22] [SEVERE ] removing player 0 token from slot 4
[2022-12-11 18:47:22] [SEVERE ] Key 65 was pressed by player 0
[2022-12-11 18:47:22] [SEVERE ] player 0 placing token on slot 4
[2022-12-11 18:47:22] [SEVERE ] Key 83 was pressed by player 0
[2022-12-11 18:47:22] [SEVERE ] player 0 placing token on slot 5
[2022-12-11 18:47:22] [SEVERE ] Key 68 was pressed by player 0
[2022-12-11 18:47:22] [SEVERE ] player 0 placing token on slot 6
[2022-12-11 18:47:22] [SEVERE ] Key 68 was pressed by player 0
[2022-12-11 18:47:22] [SEVERE ] removing player 0 token from slot 6
[2022-12-11 18:47:22] [SEVERE ] Key 83 was pressed by player 0
[2022-12-11 18:47:22] [SEVERE ] removing player 0 token from slot 5
[2022-12-11 18:47:22] [SEVERE ] Key 65 was pressed by player 0
[2022-12-11 18:47:22] [SEVERE ] removing player 0 token from slot 4
[2022-12-11 18:47:23] [SEVERE ] setting player 0 freeze to -1670777243200
[2022-12-11 18:47:23] [SEVERE ] setting player 1 freeze to -1670777243200
[2022-12-11 18:47:24] [SEVERE ] setting player 0 freeze to -1670777244212
[2022-12-11 18:47:24] [SEVERE ] setting player 1 freeze to -1670777244212
[2022-12-11 18:47:25] [SEVERE ] setting player 0 freeze to -1670777245223
[2022-12-11 18:47:25] [SEVERE ] setting player 1 freeze to -1670777245223
[2022-12-11 18:47:26] [SEVERE ] setting player 0 freeze to -1670777246236
[2022-12-11 18:47:26] [SEVERE ] setting player 1 freeze to -1670777246236
[2022-12-11 18:47:26] [SEVERE ] Key 88 was pressed by player 0
[2022-12-11 18:47:26] [SEVERE ] player 0 placing token on slot 9
[2022-12-11 18:47:26] [SEVERE ] Key 67 was pressed by player 0
[2022-12-11 18:47:26] [SEVERE ] player 0 placing token on slot 10
[2022-12-11 18:47:26] [SEVERE ] Key 86 was pressed by player 0
[2022-12-11 18:47:26] [SEVERE ] player 0 placing token on slot 11
[2022-12-11 18:47:27] [SEVERE ] setting player 0 score to 3
[2022-12-11 18:47:27] [SEVERE ] setting player 0 freeze to 999
[2022-12-11 18:47:27] [SEVERE ] setting player 1 freeze to -1670777247245
[2022-12-11 18:47:28] [SEVERE ] setting player 0 freeze to -13
[2022-12-11 18:47:28] [SEVERE ] setting player 1 freeze to -1670777248257
[2022-12-11 18:47:29] [SEVERE ] setting player 0 freeze to -1026
[2022-12-11 18:47:29] [SEVERE ] setting player 1 freeze to -1670777249270
[2022-12-11 18:47:30] [SEVERE ] setting player 0 freeze to -2036
[2022-12-11 18:47:30] [SEVERE ] setting player 1 freeze to -1670777250281
[2022-12-11 18:47:31] [SEVERE ] setting player 0 freeze to -3050
[2022-12-11 18:47:31] [SEVERE ] setting player 1 freeze to -1670777251294
[2022-12-11 18:47:32] [SEVERE ] setting player 0 freeze to -4063
[2022-12-11 18:47:32] [SEVERE ] setting player 1 freeze to -1670777252307
[2022-12-11 18:47:33] [SEVERE ] setting player 0 freeze to -5072
[2022-12-11 18:47:33] [SEVERE ] setting player 1 freeze to -1670777253316
[2022-12-11 18:47:34] [SEVERE ] Key 88 was pressed by player 0
[2022-12-11 18:47:34] [SEVERE ] removing player 0 token from slot 9
[2022-12-11 18:47:34] [SEVERE ] Key 67 was pressed by player 0
[2022-12-11 18:47:34] [SEVERE ] removing player 0 token from slot 10
[2022-12-11 18:47:34] [SEVERE ] Key 86 was pressed by player 0
[2022-12-11 18:47:34] [SEVERE ] removing player 0 token from slot 11
[2022-12-11 18:47:34] [SEVERE ] setting player 0 freeze to -6088
[2022-12-11 18:47:34] [SEVERE ] setting player 1 freeze to -1670777254332
[2022-12-11 18:47:34] [SEVERE ] Key 83 was pressed by player 0
[2022-12-11 18:47:34] [SEVERE ] player 0 placing token on slot 5
[2022-12-11 18:47:34] [SEVERE ] Key 65 was pressed by player 0
[2022-12-11 18:47:34] [SEVERE ] player 0 placing token on slot 4
[2022-12-11 18:47:34] [SEVERE ] Key 68 was pressed by player 0
[2022-12-11 18:47:34] [SEVERE ] player 0 placing token on slot 6
[2022-12-11 18:47:34] [SEVERE ] Key 83 was pressed by player 0
[2022-12-11 18:47:34] [SEVERE ] removing player 0 token from slot 5
[2022-12-11 18:47:34] [SEVERE ] Key 65 was pressed by player 0
[2022-12-11 18:47:34] [SEVERE ] removing player 0 token from slot 4
[2022-12-11 18:47:35] [SEVERE ] Key 67 was pressed by player 0
[2022-12-11 18:47:35] [SEVERE ] player 0 placing token on slot 10
[2022-12-11 18:47:35] [SEVERE ] Key 88 was pressed by player 0
[2022-12-11 18:47:35] [SEVERE ] player 0 placing token on slot 9
[2022-12-11 18:47:35] [SEVERE ] Key 90 was pressed by player 0
[2022-12-11 18:47:35] [SEVERE ] setting player 0 freeze to 3000
[2022-12-11 18:47:35] [SEVERE ] setting player 1 freeze to -1670777255342
[2022-12-11 18:47:35] [SEVERE ] Key 65 was pressed by player 0
[2022-12-11 18:47:35] [SEVERE ] Key 68 was pressed by player 0
[2022-12-11 18:47:35] [SEVERE ] Key 69 was pressed by player 0
[2022-12-11 18:47:35] [SEVERE ] Key 87 was pressed by player 0
[2022-12-11 18:47:35] [SEVERE ] Key 81 was pressed by player 0
[2022-12-11 18:47:35] [SEVERE ] Key 69 was pressed by player 0
[2022-12-11 18:47:35] [SEVERE ] Key 83 was pressed by player 0
[2022-12-11 18:47:35] [SEVERE ] Key 68 was pressed by player 0
[2022-12-11 18:47:36] [SEVERE ] setting player 0 freeze to 1988
[2022-12-11 18:47:36] [SEVERE ] setting player 1 freeze to -1670777256354
[2022-12-11 18:47:37] [SEVERE ] setting player 0 freeze to 974
[2022-12-11 18:47:37] [SEVERE ] setting player 1 freeze to -1670777257368
[2022-12-11 18:47:38] [SEVERE ] setting player 0 freeze to -34
[2022-12-11 18:47:38] [SEVERE ] setting player 1 freeze to -1670777258376
[2022-12-11 18:47:39] [SEVERE ] setting player 0 freeze to -1041
[2022-12-11 18:47:39] [SEVERE ] setting player 1 freeze to -1670777259383
[2022-12-11 18:47:40] [SEVERE ] setting player 0 freeze to -2054
[2022-12-11 18:47:40] [SEVERE ] setting player 1 freeze to -1670777260396
[2022-12-11 18:47:41] [SEVERE ] setting player 0 freeze to -3064
[2022-12-11 18:47:41] [SEVERE ] setting player 1 freeze to -1670777261407
[2022-12-11 18:47:42] [SEVERE ] setting player 0 freeze to -4076
[2022-12-11 18:47:42] [SEVERE ] setting player 1 freeze to -1670777262419
[2022-12-11 18:47:43] [SEVERE ] setting player 0 freeze to -5080
[2022-12-11 18:47:43] [SEVERE ] setting player 1 freeze to -1670777263422
[2022-12-11 18:47:44] [SEVERE ] setting player 0 freeze to -6093
[2022-12-11 18:47:44] [SEVERE ] setting player 1 freeze to -1670777264435
[2022-12-11 18:47:44] [SEVERE ] setting player 0 freeze to -6094
[2022-12-11 18:47:44] [SEVERE ] setting player 1 freeze to -1670777264436
[2022-12-11 18:47:44] [SEVERE ] removing card from slot 0
[2022-12-11 18:47:44] [SEVERE ] removing card from slot 1
[2022-12-11 18:47:44] [SEVERE ] removing card from slot 2
[2022-12-11 18:47:44] [SEVERE ] removing card from slot 3
[2022-12-11 18:47:44] [SEVERE ] removing card from slot 4
[2022-12-11 18:47:45] [SEVERE ] removing card from slot 5
[2022-12-11 18:47:45] [SEVERE ] removing card from slot 6
[2022-12-11 18:47:45] [SEVERE ] removing card from slot 7
[2022-12-11 18:47:45] [SEVERE ] removing card from slot 8
[2022-12-11 18:47:45] [SEVERE ] removing card from slot 9
[2022-12-11 18:47:45] [SEVERE ] removing card from slot 10
[2022-12-11 18:47:45] [SEVERE ] removing card from slot 11
[2022-12-11 18:47:45] [SEVERE ] removing player 0 token from slot 6
[2022-12-11 18:47:45] [SEVERE ] removing player 0 token from slot 9
[2022-12-11 18:47:45] [SEVERE ] removing player 0 token from slot 10
[2022-12-11 18:47:45] [SEVERE ] setting player 0 freeze to -1670777265760
[2022-12-11 18:47:45] [SEVERE ] setting player 1 freeze to -1670777265760
[2022-12-11 18:47:45] [SEVERE ] placing card 48 in slot 0
[2022-12-11 18:47:45] [SEVERE ] placing card 19 in slot 1
[2022-12-11 18:47:46] [SEVERE ] placing card 24 in slot 2
[2022-12-11 18:47:46] [SEVERE ] placing card 52 in slot 3
[2022-12-11 18:47:46] [SEVERE ] placing card 25 in slot 4
[2022-12-11 18:47:46] [SEVERE ] placing card 14 in slot 5
[2022-12-11 18:47:46] [SEVERE ] placing card 6 in slot 6
[2022-12-11 18:47:46] [SEVERE ] placing card 10 in slot 7
[2022-12-11 18:47:46] [SEVERE ] placing card 58 in slot 8
[2022-12-11 18:47:46] [SEVERE ] placing card 53 in slot 9
[2022-12-11 18:47:46] [SEVERE ] placing card 22 in slot 10
[2022-12-11 18:47:47] [SEVERE ] placing card 74 in slot 11
[2022-12-11 18:47:47] [SEVERE ] setting player 0 freeze to -1670777267066
[2022-12-11 18:47:47] [SEVERE ] setting player 1 freeze to -1670777267066
[2022-12-11 18:47:48] [SEVERE ] setting player 0 freeze to -1670777268075
[2022-12-11 18:47:48] [SEVERE ] setting player 1 freeze to -1670777268075
