[2022-12-11 19:15:59] [INFO   ] cannot read configuration file config.properties trying from resources.
[2022-12-11 19:15:59] [INFO   ] configuration file was loaded from resources directory.
[2022-12-11 19:16:00] [SEVERE ] placing card 54 in slot 0
[2022-12-11 19:16:00] [SEVERE ] placing card 11 in slot 1
[2022-12-11 19:16:00] [SEVERE ] placing card 15 in slot 2
[2022-12-11 19:16:00] [SEVERE ] placing card 6 in slot 3
[2022-12-11 19:16:00] [SEVERE ] placing card 55 in slot 4
[2022-12-11 19:16:00] [SEVERE ] placing card 45 in slot 5
[2022-12-11 19:16:00] [SEVERE ] placing card 0 in slot 6
[2022-12-11 19:16:00] [SEVERE ] placing card 12 in slot 7
[2022-12-11 19:16:01] [SEVERE ] placing card 50 in slot 8
[2022-12-11 19:16:01] [SEVERE ] placing card 38 in slot 9
[2022-12-11 19:16:01] [SEVERE ] placing card 74 in slot 10
[2022-12-11 19:16:01] [SEVERE ] placing card 67 in slot 11
[2022-12-11 19:16:01] [SEVERE ] setting player 0 freeze to -1670778961367
[2022-12-11 19:16:01] [SEVERE ] setting player 1 freeze to -1670778961367
[2022-12-11 19:16:02] [SEVERE ] setting player 0 freeze to -1670778962379
[2022-12-11 19:16:02] [SEVERE ] setting player 1 freeze to -1670778962380
[2022-12-11 19:16:03] [SEVERE ] setting player 0 freeze to -1670778963383
[2022-12-11 19:16:03] [SEVERE ] setting player 1 freeze to -1670778963383
[2022-12-11 19:16:04] [SEVERE ] Key 87 was pressed by player 0
[2022-12-11 19:16:04] [SEVERE ] player 0 placing token on slot 1
[2022-12-11 19:16:04] [SEVERE ] setting player 0 freeze to -1670778964384
[2022-12-11 19:16:04] [SEVERE ] setting player 1 freeze to -1670778964384
[2022-12-11 19:16:05] [SEVERE ] Key 65 was pressed by player 0
[2022-12-11 19:16:05] [SEVERE ] player 0 placing token on slot 4
[2022-12-11 19:16:05] [SEVERE ] setting player 0 freeze to -1670778965392
[2022-12-11 19:16:05] [SEVERE ] setting player 1 freeze to -1670778965393
[2022-12-11 19:16:05] [SEVERE ] Key 83 was pressed by player 0
[2022-12-11 19:16:05] [SEVERE ] player 0 placing token on slot 5
[2022-12-11 19:16:05] [SEVERE ] setting player 0 score to 1
[2022-12-11 19:16:05] [SEVERE ] setting player 0 freeze to 1000
[2022-12-11 19:16:05] [SEVERE ] setting player 1 freeze to -1670778965746
[2022-12-11 19:16:05] [INFO   ] Thread main terminated.
