[2022-12-11 18:29:29] [INFO   ] cannot read configuration file config.properties trying from resources.
[2022-12-11 18:29:29] [INFO   ] configuration file was loaded from resources directory.
[2022-12-11 18:29:30] [SEVERE ] placing card 20 in slot 0
[2022-12-11 18:29:30] [SEVERE ] placing card 49 in slot 1
[2022-12-11 18:29:30] [SEVERE ] placing card 50 in slot 2
[2022-12-11 18:29:30] [SEVERE ] placing card 60 in slot 3
[2022-12-11 18:29:30] [SEVERE ] placing card 35 in slot 4
[2022-12-11 18:29:30] [SEVERE ] placing card 52 in slot 5
[2022-12-11 18:29:30] [SEVERE ] placing card 8 in slot 6
[2022-12-11 18:29:30] [SEVERE ] placing card 17 in slot 7
[2022-12-11 18:29:30] [SEVERE ] placing card 14 in slot 8
[2022-12-11 18:29:31] [SEVERE ] placing card 72 in slot 9
[2022-12-11 18:29:31] [SEVERE ] placing card 16 in slot 10
[2022-12-11 18:29:31] [SEVERE ] placing card 5 in slot 11
[2022-12-11 18:29:31] [SEVERE ] setting player 0 freeze to -1670776171281
[2022-12-11 18:29:31] [SEVERE ] setting player 1 freeze to -1670776171282
[2022-12-11 18:29:32] [SEVERE ] setting player 0 freeze to -1670776172292
[2022-12-11 18:29:32] [SEVERE ] setting player 1 freeze to -1670776172293
[2022-12-11 18:29:33] [SEVERE ] setting player 0 freeze to -1670776173299
[2022-12-11 18:29:33] [SEVERE ] setting player 1 freeze to -1670776173300
[2022-12-11 18:29:34] [SEVERE ] setting player 0 freeze to -1670776174310
[2022-12-11 18:29:34] [SEVERE ] setting player 1 freeze to -1670776174311
[2022-12-11 18:29:35] [SEVERE ] setting player 0 freeze to -1670776175321
[2022-12-11 18:29:35] [SEVERE ] setting player 1 freeze to -1670776175321
[2022-12-11 18:29:36] [SEVERE ] setting player 0 freeze to -1670776176328
[2022-12-11 18:29:36] [SEVERE ] setting player 1 freeze to -1670776176328
[2022-12-11 18:29:37] [SEVERE ] setting player 0 freeze to -1670776177344
[2022-12-11 18:29:37] [SEVERE ] setting player 1 freeze to -1670776177345
[2022-12-11 18:29:38] [SEVERE ] setting player 0 freeze to -1670776178352
[2022-12-11 18:29:38] [SEVERE ] setting player 1 freeze to -1670776178353
[2022-12-11 18:29:39] [SEVERE ] setting player 0 freeze to -1670776179363
[2022-12-11 18:29:39] [SEVERE ] setting player 1 freeze to -1670776179364
[2022-12-11 18:29:40] [SEVERE ] setting player 0 freeze to -1670776180373
[2022-12-11 18:29:40] [SEVERE ] setting player 1 freeze to -1670776180374
[2022-12-11 18:29:41] [SEVERE ] setting player 0 freeze to -1670776181385
[2022-12-11 18:29:41] [SEVERE ] setting player 1 freeze to -1670776181386
[2022-12-11 18:29:42] [SEVERE ] setting player 0 freeze to -1670776182398
[2022-12-11 18:29:42] [SEVERE ] setting player 1 freeze to -1670776182399
[2022-12-11 18:29:43] [SEVERE ] setting player 0 freeze to -1670776183410
[2022-12-11 18:29:43] [SEVERE ] setting player 1 freeze to -1670776183411
[2022-12-11 18:29:44] [SEVERE ] setting player 0 freeze to -1670776184418
[2022-12-11 18:29:44] [SEVERE ] setting player 1 freeze to -1670776184419
[2022-12-11 18:29:45] [SEVERE ] setting player 0 freeze to -1670776185430
[2022-12-11 18:29:45] [SEVERE ] setting player 1 freeze to -1670776185430
[2022-12-11 18:29:46] [SEVERE ] setting player 0 freeze to -1670776186438
[2022-12-11 18:29:46] [SEVERE ] setting player 1 freeze to -1670776186439
[2022-12-11 18:29:47] [SEVERE ] setting player 0 freeze to -1670776187452
[2022-12-11 18:29:47] [SEVERE ] setting player 1 freeze to -1670776187452
[2022-12-11 18:29:48] [SEVERE ] setting player 0 freeze to -1670776188462
[2022-12-11 18:29:48] [SEVERE ] setting player 1 freeze to -1670776188463
[2022-12-11 18:29:49] [SEVERE ] setting player 0 freeze to -1670776189472
[2022-12-11 18:29:49] [SEVERE ] setting player 1 freeze to -1670776189472
[2022-12-11 18:29:50] [SEVERE ] setting player 0 freeze to -1670776190474
[2022-12-11 18:29:50] [SEVERE ] setting player 1 freeze to -1670776190475
[2022-12-11 18:29:51] [SEVERE ] setting player 0 freeze to -1670776191488
[2022-12-11 18:29:51] [SEVERE ] setting player 1 freeze to -1670776191489
[2022-12-11 18:29:52] [SEVERE ] setting player 0 freeze to -1670776192500
[2022-12-11 18:29:52] [SEVERE ] setting player 1 freeze to -1670776192500
[2022-12-11 18:29:53] [SEVERE ] setting player 0 freeze to -1670776193515
[2022-12-11 18:29:53] [SEVERE ] setting player 1 freeze to -1670776193516
[2022-12-11 18:29:54] [SEVERE ] setting player 0 freeze to -1670776194525
[2022-12-11 18:29:54] [SEVERE ] setting player 1 freeze to -1670776194526
[2022-12-11 18:29:55] [SEVERE ] setting player 0 freeze to -1670776195533
[2022-12-11 18:29:55] [SEVERE ] setting player 1 freeze to -1670776195534
[2022-12-11 18:29:56] [SEVERE ] setting player 0 freeze to -1670776196547
[2022-12-11 18:29:56] [SEVERE ] setting player 1 freeze to -1670776196548
[2022-12-11 18:29:57] [SEVERE ] Key 81 was pressed by player 0
[2022-12-11 18:29:57] [SEVERE ] player 0 placing token on slot 0
[2022-12-11 18:29:57] [SEVERE ] setting player 0 freeze to -1670776197560
[2022-12-11 18:29:57] [SEVERE ] setting player 1 freeze to -1670776197560
[2022-12-11 18:29:57] [SEVERE ] Key 68 was pressed by player 0
[2022-12-11 18:29:57] [SEVERE ] player 0 placing token on slot 6
[2022-12-11 18:29:58] [SEVERE ] Key 90 was pressed by player 0
[2022-12-11 18:29:58] [SEVERE ] player 0 placing token on slot 8
[2022-12-11 18:29:58] [SEVERE ] setting player 0 freeze to 3000
[2022-12-11 18:29:58] [SEVERE ] setting player 1 freeze to -1670776198572
[2022-12-11 18:29:59] [SEVERE ] setting player 0 freeze to 1987
[2022-12-11 18:29:59] [SEVERE ] setting player 1 freeze to -1670776199586
[2022-12-11 18:30:00] [SEVERE ] setting player 0 freeze to 978
[2022-12-11 18:30:00] [SEVERE ] setting player 1 freeze to -1670776200594
[2022-12-11 18:30:01] [SEVERE ] setting player 0 freeze to -31
[2022-12-11 18:30:01] [SEVERE ] setting player 1 freeze to -1670776201603
[2022-12-11 18:30:01] [SEVERE ] setting player 0 freeze to -32
[2022-12-11 18:30:01] [SEVERE ] setting player 1 freeze to -1670776201604
[2022-12-11 18:30:01] [SEVERE ] removing card from slot 0
[2022-12-11 18:30:01] [SEVERE ] removing card from slot 1
[2022-12-11 18:30:01] [SEVERE ] removing card from slot 2
[2022-12-11 18:30:02] [SEVERE ] removing card from slot 3
[2022-12-11 18:30:02] [SEVERE ] removing card from slot 4
[2022-12-11 18:30:02] [SEVERE ] removing card from slot 5
[2022-12-11 18:30:02] [SEVERE ] removing card from slot 6
[2022-12-11 18:30:02] [SEVERE ] removing card from slot 7
[2022-12-11 18:30:02] [SEVERE ] removing card from slot 8
[2022-12-11 18:30:02] [SEVERE ] removing card from slot 9
[2022-12-11 18:30:02] [SEVERE ] removing card from slot 10
[2022-12-11 18:30:02] [SEVERE ] removing card from slot 11
[2022-12-11 18:30:02] [SEVERE ] removing player 0 token from slot 0
[2022-12-11 18:30:02] [SEVERE ] removing player 0 token from slot 6
[2022-12-11 18:30:02] [SEVERE ] removing player 0 token from slot 8
[2022-12-11 18:30:02] [SEVERE ] setting player 0 freeze to -1670776202909
[2022-12-11 18:30:02] [SEVERE ] setting player 1 freeze to -1670776202910
[2022-12-11 18:30:03] [SEVERE ] placing card 58 in slot 0
[2022-12-11 18:30:03] [SEVERE ] placing card 54 in slot 1
[2022-12-11 18:30:03] [SEVERE ] placing card 53 in slot 2
[2022-12-11 18:30:03] [SEVERE ] placing card 2 in slot 3
[2022-12-11 18:30:03] [SEVERE ] placing card 66 in slot 4
[2022-12-11 18:30:03] [SEVERE ] placing card 42 in slot 5
[2022-12-11 18:30:03] [SEVERE ] placing card 9 in slot 6
[2022-12-11 18:30:03] [SEVERE ] placing card 67 in slot 7
[2022-12-11 18:30:03] [SEVERE ] placing card 28 in slot 8
[2022-12-11 18:30:03] [SEVERE ] placing card 72 in slot 9
[2022-12-11 18:30:04] [SEVERE ] placing card 29 in slot 10
[2022-12-11 18:30:04] [SEVERE ] placing card 47 in slot 11
[2022-12-11 18:30:04] [SEVERE ] setting player 0 freeze to -1670776204217
[2022-12-11 18:30:04] [SEVERE ] setting player 1 freeze to -1670776204217
[2022-12-11 18:30:05] [SEVERE ] setting player 0 freeze to -1670776205230
[2022-12-11 18:30:05] [SEVERE ] setting player 1 freeze to -1670776205231
[2022-12-11 18:30:06] [SEVERE ] setting player 0 freeze to -1670776206243
[2022-12-11 18:30:06] [SEVERE ] setting player 1 freeze to -1670776206244
[2022-12-11 18:30:07] [SEVERE ] setting player 0 freeze to -1670776207256
[2022-12-11 18:30:07] [SEVERE ] setting player 1 freeze to -1670776207257
[2022-12-11 18:30:08] [SEVERE ] setting player 0 freeze to -1670776208267
[2022-12-11 18:30:08] [SEVERE ] setting player 1 freeze to -1670776208268
[2022-12-11 18:30:09] [SEVERE ] setting player 0 freeze to -1670776209273
[2022-12-11 18:30:09] [SEVERE ] setting player 1 freeze to -1670776209273
[2022-12-11 18:30:10] [SEVERE ] setting player 0 freeze to -1670776210284
[2022-12-11 18:30:10] [SEVERE ] setting player 1 freeze to -1670776210285
[2022-12-11 18:30:11] [SEVERE ] setting player 0 freeze to -1670776211294
[2022-12-11 18:30:11] [SEVERE ] setting player 1 freeze to -1670776211295
[2022-12-11 18:30:12] [SEVERE ] setting player 0 freeze to -1670776212304
[2022-12-11 18:30:12] [SEVERE ] setting player 1 freeze to -1670776212304
[2022-12-11 18:30:13] [SEVERE ] setting player 0 freeze to -1670776213310
[2022-12-11 18:30:13] [SEVERE ] setting player 1 freeze to -1670776213311
[2022-12-11 18:30:14] [SEVERE ] setting player 0 freeze to -1670776214323
[2022-12-11 18:30:14] [SEVERE ] setting player 1 freeze to -1670776214324
[2022-12-11 18:30:15] [SEVERE ] setting player 0 freeze to -1670776215334
[2022-12-11 18:30:15] [SEVERE ] setting player 1 freeze to -1670776215334
[2022-12-11 18:30:16] [SEVERE ] setting player 0 freeze to -1670776216346
[2022-12-11 18:30:16] [SEVERE ] setting player 1 freeze to -1670776216347
[2022-12-11 18:30:17] [SEVERE ] setting player 0 freeze to -1670776217358
[2022-12-11 18:30:17] [SEVERE ] setting player 1 freeze to -1670776217358
[2022-12-11 18:30:18] [SEVERE ] setting player 0 freeze to -1670776218366
[2022-12-11 18:30:18] [SEVERE ] setting player 1 freeze to -1670776218367
[2022-12-11 18:30:19] [SEVERE ] setting player 0 freeze to -1670776219381
[2022-12-11 18:30:19] [SEVERE ] setting player 1 freeze to -1670776219382
[2022-12-11 18:30:20] [SEVERE ] setting player 0 freeze to -1670776220395
[2022-12-11 18:30:20] [SEVERE ] setting player 1 freeze to -1670776220396
[2022-12-11 18:30:21] [SEVERE ] setting player 0 freeze to -1670776221405
[2022-12-11 18:30:21] [SEVERE ] setting player 1 freeze to -1670776221405
[2022-12-11 18:30:22] [SEVERE ] setting player 0 freeze to -1670776222420
[2022-12-11 18:30:22] [SEVERE ] setting player 1 freeze to -1670776222421
[2022-12-11 18:30:22] [SEVERE ] Key 65 was pressed by player 0
[2022-12-11 18:30:22] [SEVERE ] player 0 placing token on slot 4
[2022-12-11 18:30:23] [SEVERE ] setting player 0 freeze to -1670776223430
[2022-12-11 18:30:23] [SEVERE ] setting player 1 freeze to -1670776223431
[2022-12-11 18:30:23] [SEVERE ] Key 65 was pressed by player 0
[2022-12-11 18:30:23] [SEVERE ] removing player 0 token from slot 4
[2022-12-11 18:30:24] [SEVERE ] setting player 0 freeze to -1670776224438
[2022-12-11 18:30:24] [SEVERE ] setting player 1 freeze to -1670776224438
[2022-12-11 18:30:25] [SEVERE ] setting player 0 freeze to -1670776225451
[2022-12-11 18:30:25] [SEVERE ] setting player 1 freeze to -1670776225452
[2022-12-11 18:30:26] [SEVERE ] setting player 0 freeze to -1670776226463
[2022-12-11 18:30:26] [SEVERE ] setting player 1 freeze to -1670776226463
[2022-12-11 18:30:27] [SEVERE ] setting player 0 freeze to -1670776227464
[2022-12-11 18:30:27] [SEVERE ] setting player 1 freeze to -1670776227464
[2022-12-11 18:30:28] [SEVERE ] setting player 0 freeze to -1670776228469
[2022-12-11 18:30:28] [SEVERE ] setting player 1 freeze to -1670776228470
[2022-12-11 18:30:29] [SEVERE ] setting player 0 freeze to -1670776229477
[2022-12-11 18:30:29] [SEVERE ] setting player 1 freeze to -1670776229477
[2022-12-11 18:30:30] [SEVERE ] setting player 0 freeze to -1670776230485
[2022-12-11 18:30:30] [SEVERE ] setting player 1 freeze to -1670776230486
[2022-12-11 18:30:31] [SEVERE ] setting player 0 freeze to -1670776231494
[2022-12-11 18:30:31] [SEVERE ] setting player 1 freeze to -1670776231495
[2022-12-11 18:30:32] [SEVERE ] setting player 0 freeze to -1670776232504
[2022-12-11 18:30:32] [SEVERE ] setting player 1 freeze to -1670776232505
[2022-12-11 18:30:33] [SEVERE ] setting player 0 freeze to -1670776233516
[2022-12-11 18:30:33] [SEVERE ] setting player 1 freeze to -1670776233526
[2022-12-11 18:30:34] [SEVERE ] setting player 0 freeze to -1670776234526
[2022-12-11 18:30:34] [SEVERE ] setting player 1 freeze to -1670776234527
[2022-12-11 18:30:34] [SEVERE ] setting player 0 freeze to -1670776234527
[2022-12-11 18:30:34] [SEVERE ] setting player 1 freeze to -1670776234527
[2022-12-11 18:30:34] [SEVERE ] removing card from slot 0
[2022-12-11 18:30:34] [SEVERE ] removing card from slot 1
[2022-12-11 18:30:34] [SEVERE ] removing card from slot 2
[2022-12-11 18:30:34] [SEVERE ] removing card from slot 3
[2022-12-11 18:30:35] [SEVERE ] removing card from slot 4
[2022-12-11 18:30:35] [SEVERE ] removing card from slot 5
[2022-12-11 18:30:35] [SEVERE ] removing card from slot 6
[2022-12-11 18:30:35] [SEVERE ] removing card from slot 7
[2022-12-11 18:30:35] [SEVERE ] removing card from slot 8
[2022-12-11 18:30:35] [SEVERE ] removing card from slot 9
[2022-12-11 18:30:35] [SEVERE ] removing card from slot 10
[2022-12-11 18:30:35] [SEVERE ] removing card from slot 11
[2022-12-11 18:30:35] [SEVERE ] setting player 0 freeze to -1670776235832
[2022-12-11 18:30:35] [SEVERE ] setting player 1 freeze to -1670776235833
[2022-12-11 18:30:35] [SEVERE ] placing card 45 in slot 0
[2022-12-11 18:30:36] [SEVERE ] placing card 65 in slot 1
[2022-12-11 18:30:36] [SEVERE ] placing card 19 in slot 2
[2022-12-11 18:30:36] [SEVERE ] placing card 38 in slot 3
[2022-12-11 18:30:36] [SEVERE ] placing card 22 in slot 4
[2022-12-11 18:30:36] [SEVERE ] placing card 7 in slot 5
[2022-12-11 18:30:36] [SEVERE ] placing card 78 in slot 6
[2022-12-11 18:30:36] [SEVERE ] placing card 14 in slot 7
[2022-12-11 18:30:36] [SEVERE ] placing card 26 in slot 8
[2022-12-11 18:30:36] [SEVERE ] placing card 35 in slot 9
[2022-12-11 18:30:37] [SEVERE ] placing card 49 in slot 10
[2022-12-11 18:30:37] [SEVERE ] placing card 29 in slot 11
[2022-12-11 18:30:37] [SEVERE ] setting player 0 freeze to -1670776237146
[2022-12-11 18:30:37] [SEVERE ] setting player 1 freeze to -1670776237146
[2022-12-11 18:30:38] [SEVERE ] setting player 0 freeze to -1670776238158
[2022-12-11 18:30:38] [SEVERE ] setting player 1 freeze to -1670776238158
[2022-12-11 18:30:39] [SEVERE ] setting player 0 freeze to -1670776239170
[2022-12-11 18:30:39] [SEVERE ] setting player 1 freeze to -1670776239171
[2022-12-11 18:30:40] [SEVERE ] setting player 0 freeze to -1670776240179
[2022-12-11 18:30:40] [SEVERE ] setting player 1 freeze to -1670776240179
[2022-12-11 18:30:41] [SEVERE ] setting player 0 freeze to -1670776241191
[2022-12-11 18:30:41] [SEVERE ] setting player 1 freeze to -1670776241192
[2022-12-11 18:30:42] [SEVERE ] setting player 0 freeze to -1670776242202
[2022-12-11 18:30:42] [SEVERE ] setting player 1 freeze to -1670776242203
[2022-12-11 18:30:43] [SEVERE ] setting player 0 freeze to -1670776243214
[2022-12-11 18:30:43] [SEVERE ] setting player 1 freeze to -1670776243215
[2022-12-11 18:30:44] [SEVERE ] setting player 0 freeze to -1670776244221
[2022-12-11 18:30:44] [SEVERE ] setting player 1 freeze to -1670776244221
[2022-12-11 18:30:45] [SEVERE ] setting player 0 freeze to -1670776245231
[2022-12-11 18:30:45] [SEVERE ] setting player 1 freeze to -1670776245231
[2022-12-11 18:30:46] [SEVERE ] setting player 0 freeze to -1670776246240
[2022-12-11 18:30:46] [SEVERE ] setting player 1 freeze to -1670776246241
[2022-12-11 18:30:47] [SEVERE ] setting player 0 freeze to -1670776247250
[2022-12-11 18:30:47] [SEVERE ] setting player 1 freeze to -1670776247250
[2022-12-11 18:30:48] [SEVERE ] setting player 0 freeze to -1670776248260
[2022-12-11 18:30:48] [SEVERE ] setting player 1 freeze to -1670776248260
[2022-12-11 18:30:49] [SEVERE ] setting player 0 freeze to -1670776249269
[2022-12-11 18:30:49] [SEVERE ] setting player 1 freeze to -1670776249269
[2022-12-11 18:30:50] [SEVERE ] setting player 0 freeze to -1670776250280
[2022-12-11 18:30:50] [SEVERE ] setting player 1 freeze to -1670776250280
[2022-12-11 18:30:51] [SEVERE ] setting player 0 freeze to -1670776251282
[2022-12-11 18:30:51] [SEVERE ] setting player 1 freeze to -1670776251283
[2022-12-11 18:30:52] [SEVERE ] setting player 0 freeze to -1670776252295
[2022-12-11 18:30:52] [SEVERE ] setting player 1 freeze to -1670776252295
[2022-12-11 18:30:53] [SEVERE ] setting player 0 freeze to -1670776253296
[2022-12-11 18:30:53] [SEVERE ] setting player 1 freeze to -1670776253297
[2022-12-11 18:30:54] [SEVERE ] setting player 0 freeze to -1670776254306
[2022-12-11 18:30:54] [SEVERE ] setting player 1 freeze to -1670776254306
[2022-12-11 18:30:55] [SEVERE ] setting player 0 freeze to -1670776255318
[2022-12-11 18:30:55] [SEVERE ] setting player 1 freeze to -1670776255329
[2022-12-11 18:30:56] [SEVERE ] setting player 0 freeze to -1670776256334
[2022-12-11 18:30:56] [SEVERE ] setting player 1 freeze to -1670776256334
[2022-12-11 18:30:57] [SEVERE ] setting player 0 freeze to -1670776257341
[2022-12-11 18:30:57] [SEVERE ] setting player 1 freeze to -1670776257341
[2022-12-11 18:30:58] [SEVERE ] setting player 0 freeze to -1670776258355
[2022-12-11 18:30:58] [SEVERE ] setting player 1 freeze to -1670776258355
[2022-12-11 18:30:59] [SEVERE ] Key 67 was pressed by player 0
[2022-12-11 18:30:59] [SEVERE ] player 0 placing token on slot 10
[2022-12-11 18:30:59] [SEVERE ] Key 88 was pressed by player 0
[2022-12-11 18:30:59] [SEVERE ] player 0 placing token on slot 9
[2022-12-11 18:30:59] [SEVERE ] Key 90 was pressed by player 0
[2022-12-11 18:30:59] [SEVERE ] player 0 placing token on slot 8
[2022-12-11 18:30:59] [SEVERE ] setting player 0 freeze to 3000
[2022-12-11 18:30:59] [SEVERE ] setting player 1 freeze to -1670776259369
[2022-12-11 18:31:00] [SEVERE ] setting player 0 freeze to 1987
[2022-12-11 18:31:00] [SEVERE ] setting player 1 freeze to -1670776260382
[2022-12-11 18:31:01] [SEVERE ] setting player 0 freeze to 980
[2022-12-11 18:31:01] [SEVERE ] setting player 1 freeze to -1670776261388
[2022-12-11 18:31:02] [SEVERE ] setting player 0 freeze to -36
[2022-12-11 18:31:02] [SEVERE ] setting player 1 freeze to -1670776262404
[2022-12-11 18:31:03] [SEVERE ] setting player 0 freeze to -1041
[2022-12-11 18:31:03] [SEVERE ] setting player 1 freeze to -1670776263410
[2022-12-11 18:31:04] [SEVERE ] setting player 0 freeze to -2050
[2022-12-11 18:31:04] [SEVERE ] setting player 1 freeze to -1670776264418
[2022-12-11 18:31:05] [SEVERE ] setting player 0 freeze to -3052
[2022-12-11 18:31:05] [SEVERE ] setting player 1 freeze to -1670776265420
[2022-12-11 18:31:05] [SEVERE ] Key 90 was pressed by player 0
[2022-12-11 18:31:05] [SEVERE ] removing player 0 token from slot 8
[2022-12-11 18:31:05] [SEVERE ] Key 88 was pressed by player 0
[2022-12-11 18:31:05] [SEVERE ] removing player 0 token from slot 9
[2022-12-11 18:31:05] [SEVERE ] Key 67 was pressed by player 0
[2022-12-11 18:31:05] [SEVERE ] removing player 0 token from slot 10
[2022-12-11 18:31:06] [SEVERE ] setting player 0 freeze to -4065
[2022-12-11 18:31:06] [SEVERE ] setting player 1 freeze to -1670776266433
[2022-12-11 18:31:07] [SEVERE ] setting player 0 freeze to -5072
[2022-12-11 18:31:07] [SEVERE ] setting player 1 freeze to -1670776267441
[2022-12-11 18:31:07] [SEVERE ] setting player 0 freeze to -5073
[2022-12-11 18:31:07] [SEVERE ] setting player 1 freeze to -1670776267441
[2022-12-11 18:31:07] [SEVERE ] removing card from slot 0
[2022-12-11 18:31:07] [SEVERE ] removing card from slot 1
[2022-12-11 18:31:07] [SEVERE ] removing card from slot 2
[2022-12-11 18:31:07] [SEVERE ] removing card from slot 3
[2022-12-11 18:31:07] [SEVERE ] removing card from slot 4
[2022-12-11 18:31:08] [SEVERE ] removing card from slot 5
[2022-12-11 18:31:08] [SEVERE ] removing card from slot 6
[2022-12-11 18:31:08] [SEVERE ] removing card from slot 7
[2022-12-11 18:31:08] [SEVERE ] removing card from slot 8
[2022-12-11 18:31:08] [SEVERE ] removing card from slot 9
[2022-12-11 18:31:08] [SEVERE ] removing card from slot 10
[2022-12-11 18:31:08] [SEVERE ] removing card from slot 11
[2022-12-11 18:31:08] [SEVERE ] setting player 0 freeze to -1670776268747
[2022-12-11 18:31:08] [SEVERE ] setting player 1 freeze to -1670776268747
[2022-12-11 18:31:08] [SEVERE ] placing card 30 in slot 0
[2022-12-11 18:31:08] [SEVERE ] placing card 59 in slot 1
[2022-12-11 18:31:09] [SEVERE ] placing card 55 in slot 2
[2022-12-11 18:31:09] [SEVERE ] placing card 39 in slot 3
[2022-12-11 18:31:09] [SEVERE ] placing card 71 in slot 4
[2022-12-11 18:31:09] [SEVERE ] placing card 44 in slot 5
[2022-12-11 18:31:09] [SEVERE ] placing card 38 in slot 6
[2022-12-11 18:31:09] [SEVERE ] placing card 67 in slot 7
[2022-12-11 18:31:09] [SEVERE ] placing card 64 in slot 8
[2022-12-11 18:31:09] [SEVERE ] placing card 14 in slot 9
[2022-12-11 18:31:09] [SEVERE ] placing card 54 in slot 10
[2022-12-11 18:31:10] [SEVERE ] placing card 4 in slot 11
[2022-12-11 18:31:10] [SEVERE ] setting player 0 freeze to -1670776270060
[2022-12-11 18:31:10] [SEVERE ] setting player 1 freeze to -1670776270060
[2022-12-11 18:31:11] [SEVERE ] setting player 0 freeze to -1670776271069
[2022-12-11 18:31:11] [SEVERE ] setting player 1 freeze to -1670776271070
[2022-12-11 18:31:12] [SEVERE ] setting player 0 freeze to -1670776272080
[2022-12-11 18:31:12] [SEVERE ] setting player 1 freeze to -1670776272081
[2022-12-11 18:31:13] [SEVERE ] setting player 0 freeze to -1670776273091
[2022-12-11 18:31:13] [SEVERE ] setting player 1 freeze to -1670776273091
[2022-12-11 18:31:14] [SEVERE ] setting player 0 freeze to -1670776274107
[2022-12-11 18:31:14] [SEVERE ] setting player 1 freeze to -1670776274108
[2022-12-11 18:31:15] [SEVERE ] setting player 0 freeze to -1670776275117
[2022-12-11 18:31:15] [SEVERE ] setting player 1 freeze to -1670776275117
[2022-12-11 18:31:16] [SEVERE ] setting player 0 freeze to -1670776276123
[2022-12-11 18:31:16] [SEVERE ] setting player 1 freeze to -1670776276123
[2022-12-11 18:31:17] [SEVERE ] setting player 0 freeze to -1670776277131
[2022-12-11 18:31:17] [SEVERE ] setting player 1 freeze to -1670776277141
[2022-12-11 18:31:18] [SEVERE ] setting player 0 freeze to -1670776278146
[2022-12-11 18:31:18] [SEVERE ] setting player 1 freeze to -1670776278146
[2022-12-11 18:31:19] [SEVERE ] setting player 0 freeze to -1670776279159
[2022-12-11 18:31:19] [SEVERE ] setting player 1 freeze to -1670776279159
[2022-12-11 18:31:20] [SEVERE ] setting player 0 freeze to -1670776280171
[2022-12-11 18:31:20] [SEVERE ] setting player 1 freeze to -1670776280171
[2022-12-11 18:31:21] [SEVERE ] setting player 0 freeze to -1670776281183
[2022-12-11 18:31:21] [SEVERE ] setting player 1 freeze to -1670776281183
[2022-12-11 18:31:22] [SEVERE ] setting player 0 freeze to -1670776282190
[2022-12-11 18:31:22] [SEVERE ] setting player 1 freeze to -1670776282191
[2022-12-11 18:31:23] [SEVERE ] setting player 0 freeze to -1670776283203
[2022-12-11 18:31:23] [SEVERE ] setting player 1 freeze to -1670776283203
[2022-12-11 18:31:24] [SEVERE ] setting player 0 freeze to -1670776284213
[2022-12-11 18:31:24] [SEVERE ] setting player 1 freeze to -1670776284213
[2022-12-11 18:31:25] [SEVERE ] setting player 0 freeze to -1670776285221
[2022-12-11 18:31:25] [SEVERE ] setting player 1 freeze to -1670776285221
[2022-12-11 18:31:26] [SEVERE ] setting player 0 freeze to -1670776286232
[2022-12-11 18:31:26] [SEVERE ] setting player 1 freeze to -1670776286233
[2022-12-11 18:31:27] [SEVERE ] setting player 0 freeze to -1670776287244
[2022-12-11 18:31:27] [SEVERE ] setting player 1 freeze to -1670776287244
[2022-12-11 18:31:27] [SEVERE ] Key 88 was pressed by player 0
[2022-12-11 18:31:27] [SEVERE ] player 0 placing token on slot 9
[2022-12-11 18:31:27] [SEVERE ] Key 90 was pressed by player 0
[2022-12-11 18:31:27] [SEVERE ] player 0 placing token on slot 8
[2022-12-11 18:31:27] [SEVERE ] Key 65 was pressed by player 0
[2022-12-11 18:31:27] [SEVERE ] player 0 placing token on slot 4
[2022-12-11 18:31:28] [SEVERE ] setting player 0 freeze to 3000
[2022-12-11 18:31:28] [SEVERE ] setting player 1 freeze to -1670776288257
[2022-12-11 18:31:29] [SEVERE ] setting player 0 freeze to 1992
[2022-12-11 18:31:29] [SEVERE ] setting player 1 freeze to -1670776289265
[2022-12-11 18:31:30] [SEVERE ] setting player 0 freeze to 979
[2022-12-11 18:31:30] [SEVERE ] setting player 1 freeze to -1670776290278
[2022-12-11 18:31:31] [SEVERE ] setting player 0 freeze to -32
[2022-12-11 18:31:31] [SEVERE ] setting player 1 freeze to -1670776291289
[2022-12-11 18:31:32] [SEVERE ] Key 88 was pressed by player 0
[2022-12-11 18:31:32] [SEVERE ] removing player 0 token from slot 9
[2022-12-11 18:31:32] [SEVERE ] Key 90 was pressed by player 0
[2022-12-11 18:31:32] [SEVERE ] removing player 0 token from slot 8
[2022-12-11 18:31:32] [SEVERE ] setting player 0 freeze to -1042
[2022-12-11 18:31:32] [SEVERE ] setting player 1 freeze to -1670776292298
[2022-12-11 18:31:32] [SEVERE ] Key 65 was pressed by player 0
[2022-12-11 18:31:32] [SEVERE ] removing player 0 token from slot 4
[2022-12-11 18:31:33] [SEVERE ] setting player 0 freeze to -2051
[2022-12-11 18:31:33] [SEVERE ] setting player 1 freeze to -1670776293307
[2022-12-11 18:31:33] [SEVERE ] Key 65 was pressed by player 0
[2022-12-11 18:31:33] [SEVERE ] player 0 placing token on slot 4
[2022-12-11 18:31:33] [SEVERE ] Key 90 was pressed by player 0
[2022-12-11 18:31:33] [SEVERE ] player 0 placing token on slot 8
[2022-12-11 18:31:34] [SEVERE ] Key 88 was pressed by player 0
[2022-12-11 18:31:34] [SEVERE ] player 0 placing token on slot 9
[2022-12-11 18:31:34] [SEVERE ] Key 65 was pressed by player 0
[2022-12-11 18:31:34] [SEVERE ] removing player 0 token from slot 4
[2022-12-11 18:31:34] [SEVERE ] Key 90 was pressed by player 0
[2022-12-11 18:31:34] [SEVERE ] removing player 0 token from slot 8
[2022-12-11 18:31:34] [SEVERE ] Key 88 was pressed by player 0
[2022-12-11 18:31:34] [SEVERE ] removing player 0 token from slot 9
[2022-12-11 18:31:34] [SEVERE ] setting player 0 freeze to -3059
[2022-12-11 18:31:34] [SEVERE ] setting player 1 freeze to -1670776294315
[2022-12-11 18:31:35] [SEVERE ] setting player 0 freeze to -4074
[2022-12-11 18:31:35] [SEVERE ] setting player 1 freeze to -1670776295331
[2022-12-11 18:31:36] [SEVERE ] Key 65 was pressed by player 0
[2022-12-11 18:31:36] [SEVERE ] player 0 placing token on slot 4
[2022-12-11 18:31:36] [SEVERE ] Key 90 was pressed by player 0
[2022-12-11 18:31:36] [SEVERE ] player 0 placing token on slot 8
[2022-12-11 18:31:36] [SEVERE ] setting player 0 freeze to -5088
[2022-12-11 18:31:36] [SEVERE ] setting player 1 freeze to -1670776296344
[2022-12-11 18:31:36] [SEVERE ] Key 88 was pressed by player 0
[2022-12-11 18:31:36] [SEVERE ] player 0 placing token on slot 9
[2022-12-11 18:31:36] [SEVERE ] Key 65 was pressed by player 0
[2022-12-11 18:31:36] [SEVERE ] removing player 0 token from slot 4
[2022-12-11 18:31:36] [SEVERE ] Key 90 was pressed by player 0
[2022-12-11 18:31:36] [SEVERE ] removing player 0 token from slot 8
[2022-12-11 18:31:36] [SEVERE ] Key 88 was pressed by player 0
[2022-12-11 18:31:36] [SEVERE ] removing player 0 token from slot 9
[2022-12-11 18:31:37] [SEVERE ] setting player 0 freeze to -6095
[2022-12-11 18:31:37] [SEVERE ] setting player 1 freeze to -1670776297353
[2022-12-11 18:31:38] [SEVERE ] setting player 0 freeze to -7106
[2022-12-11 18:31:38] [SEVERE ] setting player 1 freeze to -1670776298362
[2022-12-11 18:31:39] [SEVERE ] setting player 0 freeze to -8112
[2022-12-11 18:31:39] [SEVERE ] setting player 1 freeze to -1670776299368
[2022-12-11 18:31:40] [SEVERE ] setting player 0 freeze to -9120
[2022-12-11 18:31:40] [SEVERE ] setting player 1 freeze to -1670776300377
[2022-12-11 18:31:40] [SEVERE ] setting player 0 freeze to -9121
[2022-12-11 18:31:40] [SEVERE ] setting player 1 freeze to -1670776300377
[2022-12-11 18:31:40] [SEVERE ] removing card from slot 0
[2022-12-11 18:31:40] [SEVERE ] removing card from slot 1
[2022-12-11 18:31:40] [SEVERE ] removing card from slot 2
[2022-12-11 18:31:40] [SEVERE ] removing card from slot 3
[2022-12-11 18:31:40] [SEVERE ] removing card from slot 4
[2022-12-11 18:31:41] [SEVERE ] removing card from slot 5
[2022-12-11 18:31:41] [SEVERE ] removing card from slot 6
[2022-12-11 18:31:41] [SEVERE ] removing card from slot 7
[2022-12-11 18:31:41] [SEVERE ] removing card from slot 8
[2022-12-11 18:31:41] [SEVERE ] removing card from slot 9
[2022-12-11 18:31:41] [SEVERE ] removing card from slot 10
[2022-12-11 18:31:41] [SEVERE ] removing card from slot 11
[2022-12-11 18:31:41] [SEVERE ] setting player 0 freeze to -1670776301682
[2022-12-11 18:31:41] [SEVERE ] setting player 1 freeze to -1670776301682
[2022-12-11 18:31:41] [SEVERE ] placing card 17 in slot 0
[2022-12-11 18:31:41] [SEVERE ] placing card 46 in slot 1
[2022-12-11 18:31:42] [SEVERE ] placing card 10 in slot 2
[2022-12-11 18:31:42] [SEVERE ] placing card 42 in slot 3
[2022-12-11 18:31:42] [SEVERE ] placing card 24 in slot 4
[2022-12-11 18:31:42] [SEVERE ] placing card 21 in slot 5
[2022-12-11 18:31:42] [SEVERE ] placing card 47 in slot 6
[2022-12-11 18:31:42] [SEVERE ] placing card 70 in slot 7
[2022-12-11 18:31:42] [SEVERE ] placing card 4 in slot 8
[2022-12-11 18:31:42] [SEVERE ] placing card 20 in slot 9
[2022-12-11 18:31:42] [SEVERE ] placing card 28 in slot 10
[2022-12-11 18:31:42] [SEVERE ] placing card 55 in slot 11
[2022-12-11 18:31:42] [SEVERE ] setting player 0 freeze to -1670776302985
[2022-12-11 18:31:42] [SEVERE ] setting player 1 freeze to -1670776302985
[2022-12-11 18:31:43] [SEVERE ] setting player 0 freeze to -1670776303999
[2022-12-11 18:31:43] [SEVERE ] setting player 1 freeze to -1670776303999
[2022-12-11 18:31:45] [SEVERE ] setting player 0 freeze to -1670776305005
[2022-12-11 18:31:45] [SEVERE ] setting player 1 freeze to -1670776305005
[2022-12-11 18:31:46] [SEVERE ] setting player 0 freeze to -1670776306016
[2022-12-11 18:31:46] [SEVERE ] setting player 1 freeze to -1670776306016
[2022-12-11 18:31:47] [SEVERE ] setting player 0 freeze to -1670776307022
[2022-12-11 18:31:47] [SEVERE ] setting player 1 freeze to -1670776307022
[2022-12-11 18:31:48] [SEVERE ] setting player 0 freeze to -1670776308035
[2022-12-11 18:31:48] [SEVERE ] setting player 1 freeze to -1670776308035
[2022-12-11 18:31:49] [SEVERE ] setting player 0 freeze to -1670776309050
[2022-12-11 18:31:49] [SEVERE ] setting player 1 freeze to -1670776309051
[2022-12-11 18:31:50] [SEVERE ] setting player 0 freeze to -1670776310061
[2022-12-11 18:31:50] [SEVERE ] setting player 1 freeze to -1670776310061
[2022-12-11 18:31:51] [SEVERE ] setting player 0 freeze to -1670776311070
[2022-12-11 18:31:51] [SEVERE ] setting player 1 freeze to -1670776311070
[2022-12-11 18:31:51] [SEVERE ] Key 65 was pressed by player 0
[2022-12-11 18:31:51] [SEVERE ] player 0 placing token on slot 4
[2022-12-11 18:31:51] [SEVERE ] Key 83 was pressed by player 0
[2022-12-11 18:31:51] [SEVERE ] player 0 placing token on slot 5
[2022-12-11 18:31:52] [SEVERE ] setting player 0 freeze to -1670776312076
[2022-12-11 18:31:52] [SEVERE ] setting player 1 freeze to -1670776312076
[2022-12-11 18:31:52] [SEVERE ] Key 82 was pressed by player 0
[2022-12-11 18:31:52] [SEVERE ] player 0 placing token on slot 3
[2022-12-11 18:31:53] [SEVERE ] setting player 0 score to 1
[2022-12-11 18:31:53] [SEVERE ] setting player 0 freeze to 1000
[2022-12-11 18:31:53] [SEVERE ] setting player 1 freeze to -1670776313085
[2022-12-11 18:31:53] [SEVERE ] Key 65 was pressed by player 0
[2022-12-11 18:31:53] [SEVERE ] Key 83 was pressed by player 0
[2022-12-11 18:31:53] [SEVERE ] Key 82 was pressed by player 0
[2022-12-11 18:31:54] [SEVERE ] setting player 0 freeze to -9
[2022-12-11 18:31:54] [SEVERE ] setting player 1 freeze to -1670776314093
[2022-12-11 18:31:55] [SEVERE ] setting player 0 freeze to -1021
[2022-12-11 18:31:55] [SEVERE ] setting player 1 freeze to -1670776315106
[2022-12-11 18:31:56] [SEVERE ] setting player 0 freeze to -2029
[2022-12-11 18:31:56] [SEVERE ] setting player 1 freeze to -1670776316113
[2022-12-11 18:31:57] [SEVERE ] setting player 0 freeze to -3033
[2022-12-11 18:31:57] [SEVERE ] setting player 1 freeze to -1670776317117
[2022-12-11 18:31:58] [SEVERE ] setting player 0 freeze to -4044
[2022-12-11 18:31:58] [SEVERE ] setting player 1 freeze to -1670776318128
[2022-12-11 18:31:59] [SEVERE ] setting player 0 freeze to -5054
[2022-12-11 18:31:59] [SEVERE ] setting player 1 freeze to -1670776319138
[2022-12-11 18:32:00] [SEVERE ] setting player 0 freeze to -6064
[2022-12-11 18:32:00] [SEVERE ] setting player 1 freeze to -1670776320148
[2022-12-11 18:32:01] [SEVERE ] setting player 0 freeze to -7073
[2022-12-11 18:32:01] [SEVERE ] setting player 1 freeze to -1670776321157
[2022-12-11 18:32:02] [SEVERE ] setting player 0 freeze to -8083
[2022-12-11 18:32:02] [SEVERE ] setting player 1 freeze to -1670776322167
[2022-12-11 18:32:02] [SEVERE ] Key 65 was pressed by player 0
[2022-12-11 18:32:02] [SEVERE ] Key 83 was pressed by player 0
[2022-12-11 18:32:03] [SEVERE ] setting player 0 freeze to -9094
[2022-12-11 18:32:03] [SEVERE ] setting player 1 freeze to -1670776323178
[2022-12-11 18:32:03] [SEVERE ] Key 65 was pressed by player 0
[2022-12-11 18:32:03] [SEVERE ] Key 83 was pressed by player 0
[2022-12-11 18:32:04] [SEVERE ] Key 83 was pressed by player 0
[2022-12-11 18:32:04] [SEVERE ] Key 65 was pressed by player 0
[2022-12-11 18:32:04] [SEVERE ] setting player 0 freeze to -10108
[2022-12-11 18:32:04] [SEVERE ] setting player 1 freeze to -1670776324192
[2022-12-11 18:32:04] [SEVERE ] Key 65 was pressed by player 0
[2022-12-11 18:32:04] [SEVERE ] Key 83 was pressed by player 0
[2022-12-11 18:32:05] [SEVERE ] Key 65 was pressed by player 0
[2022-12-11 18:32:05] [SEVERE ] Key 83 was pressed by player 0
[2022-12-11 18:32:05] [SEVERE ] setting player 0 freeze to -11120
[2022-12-11 18:32:05] [SEVERE ] setting player 1 freeze to -1670776325204
[2022-12-11 18:32:06] [SEVERE ] setting player 0 freeze to -12129
[2022-12-11 18:32:06] [SEVERE ] setting player 1 freeze to -1670776326223
[2022-12-11 18:32:06] [SEVERE ] Key 83 was pressed by player 0
[2022-12-11 18:32:06] [SEVERE ] Key 65 was pressed by player 0
[2022-12-11 18:32:06] [SEVERE ] Key 65 was pressed by player 0
[2022-12-11 18:32:06] [SEVERE ] Key 83 was pressed by player 0
[2022-12-11 18:32:07] [SEVERE ] Key 83 was pressed by player 0
[2022-12-11 18:32:07] [SEVERE ] setting player 0 freeze to -13139
[2022-12-11 18:32:07] [SEVERE ] setting player 1 freeze to -1670776327224
[2022-12-11 18:32:07] [SEVERE ] Key 65 was pressed by player 0
[2022-12-11 18:32:07] [SEVERE ] Key 65 was pressed by player 0
[2022-12-11 18:32:07] [SEVERE ] Key 83 was pressed by player 0
[2022-12-11 18:32:08] [SEVERE ] Key 83 was pressed by player 0
[2022-12-11 18:32:08] [SEVERE ] Key 65 was pressed by player 0
[2022-12-11 18:32:08] [SEVERE ] setting player 0 freeze to -14148
[2022-12-11 18:32:08] [SEVERE ] setting player 1 freeze to -1670776328232
[2022-12-11 18:32:08] [SEVERE ] Key 81 was pressed by player 0
[2022-12-11 18:32:09] [SEVERE ] Key 87 was pressed by player 0
[2022-12-11 18:32:09] [SEVERE ] setting player 0 freeze to -15161
[2022-12-11 18:32:09] [SEVERE ] setting player 1 freeze to -1670776329245
[2022-12-11 18:32:09] [SEVERE ] Key 65 was pressed by player 0
[2022-12-11 18:32:09] [SEVERE ] Key 83 was pressed by player 0
[2022-12-11 18:32:10] [SEVERE ] Key 83 was pressed by player 0
[2022-12-11 18:32:10] [SEVERE ] setting player 0 freeze to -16173
[2022-12-11 18:32:10] [SEVERE ] setting player 1 freeze to -1670776330257
[2022-12-11 18:32:10] [SEVERE ] Key 65 was pressed by player 0
[2022-12-11 18:32:10] [SEVERE ] Key 83 was pressed by player 0
[2022-12-11 18:32:11] [SEVERE ] Key 83 was pressed by player 0
[2022-12-11 18:32:11] [SEVERE ] setting player 0 freeze to -17184
[2022-12-11 18:32:11] [SEVERE ] setting player 1 freeze to -1670776331268
[2022-12-11 18:32:11] [SEVERE ] Key 65 was pressed by player 0
[2022-12-11 18:32:11] [SEVERE ] Key 65 was pressed by player 0
[2022-12-11 18:32:11] [SEVERE ] Key 83 was pressed by player 0
[2022-12-11 18:32:11] [SEVERE ] Key 65 was pressed by player 0
[2022-12-11 18:32:11] [SEVERE ] Key 83 was pressed by player 0
[2022-12-11 18:32:12] [SEVERE ] setting player 0 freeze to -18195
[2022-12-11 18:32:12] [SEVERE ] setting player 1 freeze to -1670776332279
[2022-12-11 18:32:12] [SEVERE ] Key 65 was pressed by player 0
[2022-12-11 18:32:12] [SEVERE ] Key 83 was pressed by player 0
[2022-12-11 18:32:12] [SEVERE ] Key 65 was pressed by player 0
[2022-12-11 18:32:13] [SEVERE ] Key 83 was pressed by player 0
[2022-12-11 18:32:13] [SEVERE ] Key 65 was pressed by player 0
[2022-12-11 18:32:13] [SEVERE ] setting player 0 freeze to -19206
[2022-12-11 18:32:13] [SEVERE ] setting player 1 freeze to -1670776333290
[2022-12-11 18:32:13] [SEVERE ] setting player 0 freeze to -19206
[2022-12-11 18:32:13] [SEVERE ] setting player 1 freeze to -1670776333290
[2022-12-11 18:32:13] [SEVERE ] removing card from slot 0
[2022-12-11 18:32:13] [SEVERE ] Key 65 was pressed by player 0
[2022-12-11 18:32:13] [SEVERE ] Key 83 was pressed by player 0
[2022-12-11 18:32:13] [SEVERE ] removing card from slot 1
[2022-12-11 18:32:13] [SEVERE ] removing card from slot 2
[2022-12-11 18:32:13] [SEVERE ] removing card from slot 3
[2022-12-11 18:32:13] [SEVERE ] Key 83 was pressed by player 0
[2022-12-11 18:32:13] [SEVERE ] removing card from slot 4
[2022-12-11 18:32:13] [SEVERE ] Key 65 was pressed by player 0
[2022-12-11 18:32:13] [SEVERE ] removing card from slot 5
[2022-12-11 18:32:14] [SEVERE ] removing card from slot 6
[2022-12-11 18:32:14] [SEVERE ] removing card from slot 7
[2022-12-11 18:32:14] [SEVERE ] removing card from slot 8
[2022-12-11 18:32:14] [SEVERE ] removing card from slot 9
[2022-12-11 18:32:14] [SEVERE ] removing card from slot 10
[2022-12-11 18:32:14] [SEVERE ] removing card from slot 11
[2022-12-11 18:32:14] [SEVERE ] setting player 0 freeze to -1670776334594
[2022-12-11 18:32:14] [SEVERE ] setting player 1 freeze to -1670776334594
[2022-12-11 18:32:14] [SEVERE ] placing card 29 in slot 0
[2022-12-11 18:32:14] [SEVERE ] placing card 54 in slot 1
[2022-12-11 18:32:14] [SEVERE ] placing card 57 in slot 2
[2022-12-11 18:32:15] [SEVERE ] placing card 60 in slot 3
[2022-12-11 18:32:15] [SEVERE ] placing card 5 in slot 4
[2022-12-11 18:32:15] [SEVERE ] placing card 7 in slot 5
[2022-12-11 18:32:15] [SEVERE ] placing card 43 in slot 6
[2022-12-11 18:32:15] [SEVERE ] placing card 59 in slot 7
[2022-12-11 18:32:15] [SEVERE ] placing card 62 in slot 8
[2022-12-11 18:32:15] [SEVERE ] placing card 27 in slot 9
[2022-12-11 18:32:15] [SEVERE ] placing card 0 in slot 10
[2022-12-11 18:32:15] [SEVERE ] placing card 68 in slot 11
[2022-12-11 18:32:15] [SEVERE ] setting player 0 freeze to -1670776335898
[2022-12-11 18:32:15] [SEVERE ] setting player 1 freeze to -1670776335898
[2022-12-11 18:32:16] [SEVERE ] Key 83 was pressed by player 0
[2022-12-11 18:32:16] [SEVERE ] Key 65 was pressed by player 0
[2022-12-11 18:32:16] [SEVERE ] Key 83 was pressed by player 0
[2022-12-11 18:32:16] [SEVERE ] Key 65 was pressed by player 0
[2022-12-11 18:32:16] [SEVERE ] setting player 0 freeze to -1670776336909
[2022-12-11 18:32:16] [SEVERE ] setting player 1 freeze to -1670776336909
[2022-12-11 18:32:17] [SEVERE ] Key 83 was pressed by player 0
[2022-12-11 18:32:17] [SEVERE ] Key 65 was pressed by player 0
[2022-12-11 18:32:17] [SEVERE ] setting player 0 freeze to -1670776337923
[2022-12-11 18:32:17] [SEVERE ] setting player 1 freeze to -1670776337923
[2022-12-11 18:32:18] [SEVERE ] Key 83 was pressed by player 0
[2022-12-11 18:32:18] [SEVERE ] Key 65 was pressed by player 0
[2022-12-11 18:32:18] [SEVERE ] Key 83 was pressed by player 0
[2022-12-11 18:32:18] [SEVERE ] setting player 0 freeze to -1670776338933
[2022-12-11 18:32:18] [SEVERE ] setting player 1 freeze to -1670776338933
[2022-12-11 18:32:19] [SEVERE ] Key 65 was pressed by player 0
[2022-12-11 18:32:19] [SEVERE ] Key 65 was pressed by player 0
[2022-12-11 18:32:19] [SEVERE ] Key 83 was pressed by player 0
[2022-12-11 18:32:19] [SEVERE ] setting player 0 freeze to -1670776339942
[2022-12-11 18:32:19] [SEVERE ] setting player 1 freeze to -1670776339942
[2022-12-11 18:32:20] [SEVERE ] Key 83 was pressed by player 0
[2022-12-11 18:32:20] [SEVERE ] Key 65 was pressed by player 0
[2022-12-11 18:32:20] [SEVERE ] setting player 0 freeze to -1670776340943
[2022-12-11 18:32:20] [SEVERE ] setting player 1 freeze to -1670776340943
[2022-12-11 18:32:21] [SEVERE ] Key 68 was pressed by player 0
[2022-12-11 18:32:21] [SEVERE ] Key 70 was pressed by player 0
[2022-12-11 18:32:21] [SEVERE ] Key 81 was pressed by player 0
[2022-12-11 18:32:21] [SEVERE ] setting player 0 freeze to -1670776341950
[2022-12-11 18:32:21] [SEVERE ] setting player 1 freeze to -1670776341950
[2022-12-11 18:32:22] [SEVERE ] Key 69 was pressed by player 0
[2022-12-11 18:32:22] [SEVERE ] Key 87 was pressed by player 0
[2022-12-11 18:32:22] [SEVERE ] Key 75 was pressed by player 1
[2022-12-11 18:32:22] [SEVERE ] player 1 placing token on slot 5
[2022-12-11 18:32:22] [SEVERE ] Key 74 was pressed by player 1
[2022-12-11 18:32:22] [SEVERE ] player 1 placing token on slot 4
[2022-12-11 18:32:22] [SEVERE ] Key 76 was pressed by player 1
[2022-12-11 18:32:22] [SEVERE ] player 1 placing token on slot 6
[2022-12-11 18:32:22] [SEVERE ] setting player 0 freeze to -1670776342961
[2022-12-11 18:32:22] [SEVERE ] setting player 1 freeze to 2999
[2022-12-11 18:32:23] [SEVERE ] Key 74 was pressed by player 1
[2022-12-11 18:32:23] [SEVERE ] setting player 0 freeze to -1670776343972
[2022-12-11 18:32:23] [SEVERE ] setting player 1 freeze to 1989
[2022-12-11 18:32:24] [SEVERE ] setting player 0 freeze to -1670776344984
[2022-12-11 18:32:24] [SEVERE ] setting player 1 freeze to 977
[2022-12-11 18:32:25] [SEVERE ] setting player 0 freeze to -1670776345996
[2022-12-11 18:32:25] [SEVERE ] setting player 1 freeze to -35
[2022-12-11 18:32:26] [SEVERE ] Key 74 was pressed by player 1
[2022-12-11 18:32:26] [SEVERE ] removing player 1 token from slot 4
[2022-12-11 18:32:26] [SEVERE ] player 1 placing token on slot 4
[2022-12-11 18:32:26] [SEVERE ] Key 75 was pressed by player 1
[2022-12-11 18:32:26] [SEVERE ] removing player 1 token from slot 5
[2022-12-11 18:32:26] [SEVERE ] Key 76 was pressed by player 1
[2022-12-11 18:32:26] [SEVERE ] removing player 1 token from slot 6
[2022-12-11 18:32:27] [SEVERE ] setting player 0 freeze to -1670776347005
[2022-12-11 18:32:27] [SEVERE ] setting player 1 freeze to -1044
[2022-12-11 18:32:27] [SEVERE ] Key 74 was pressed by player 1
[2022-12-11 18:32:27] [SEVERE ] removing player 1 token from slot 4
[2022-12-11 18:32:28] [SEVERE ] setting player 0 freeze to -1670776348011
[2022-12-11 18:32:28] [SEVERE ] setting player 1 freeze to -2050
[2022-12-11 18:32:29] [SEVERE ] setting player 0 freeze to -1670776349023
[2022-12-11 18:32:29] [SEVERE ] setting player 1 freeze to -3062
[2022-12-11 18:32:30] [SEVERE ] setting player 0 freeze to -1670776350036
[2022-12-11 18:32:30] [SEVERE ] setting player 1 freeze to -4075
[2022-12-11 18:32:31] [SEVERE ] setting player 0 freeze to -1670776351045
[2022-12-11 18:32:31] [SEVERE ] setting player 1 freeze to -5084
[2022-12-11 18:32:32] [SEVERE ] setting player 0 freeze to -1670776352059
[2022-12-11 18:32:32] [SEVERE ] setting player 1 freeze to -6098
[2022-12-11 18:32:32] [SEVERE ] Key 79 was pressed by player 1
[2022-12-11 18:32:32] [SEVERE ] player 1 placing token on slot 2
[2022-12-11 18:32:32] [SEVERE ] Key 80 was pressed by player 1
[2022-12-11 18:32:32] [SEVERE ] player 1 placing token on slot 3
[2022-12-11 18:32:33] [SEVERE ] setting player 0 freeze to -1670776353069
[2022-12-11 18:32:33] [SEVERE ] setting player 1 freeze to -7108
[2022-12-11 18:32:33] [SEVERE ] Key 85 was pressed by player 1
[2022-12-11 18:32:33] [SEVERE ] player 1 placing token on slot 0
[2022-12-11 18:32:34] [SEVERE ] setting player 0 freeze to -1670776354081
[2022-12-11 18:32:34] [SEVERE ] setting player 1 freeze to 3000
[2022-12-11 18:32:34] [SEVERE ] Key 85 was pressed by player 1
[2022-12-11 18:32:34] [SEVERE ] Key 73 was pressed by player 1
[2022-12-11 18:32:35] [SEVERE ] setting player 0 freeze to -1670776355096
[2022-12-11 18:32:35] [SEVERE ] setting player 1 freeze to 1985
[2022-12-11 18:32:36] [SEVERE ] setting player 0 freeze to -1670776356106
[2022-12-11 18:32:36] [SEVERE ] setting player 1 freeze to 974
[2022-12-11 18:32:37] [SEVERE ] setting player 0 freeze to -1670776357120
[2022-12-11 18:32:37] [SEVERE ] setting player 1 freeze to -39
[2022-12-11 18:32:38] [SEVERE ] setting player 0 freeze to -1670776358134
[2022-12-11 18:32:38] [SEVERE ] setting player 1 freeze to -1053
[2022-12-11 18:32:38] [SEVERE ] Key 85 was pressed by player 1
[2022-12-11 18:32:38] [SEVERE ] removing player 1 token from slot 0
[2022-12-11 18:32:38] [SEVERE ] player 1 placing token on slot 1
[2022-12-11 18:32:39] [SEVERE ] setting player 0 freeze to -1670776359144
[2022-12-11 18:32:39] [SEVERE ] setting player 1 freeze to 3000
[2022-12-11 18:32:40] [SEVERE ] setting player 0 freeze to -1670776360154
[2022-12-11 18:32:40] [SEVERE ] setting player 1 freeze to 1990
[2022-12-11 18:32:41] [SEVERE ] setting player 0 freeze to -1670776361163
[2022-12-11 18:32:41] [SEVERE ] setting player 1 freeze to 980
[2022-12-11 18:32:42] [SEVERE ] setting player 0 freeze to -1670776362172
[2022-12-11 18:32:42] [SEVERE ] setting player 1 freeze to -28
[2022-12-11 18:32:42] [SEVERE ] Key 73 was pressed by player 1
[2022-12-11 18:32:42] [SEVERE ] removing player 1 token from slot 1
[2022-12-11 18:32:42] [SEVERE ] Key 79 was pressed by player 1
[2022-12-11 18:32:42] [SEVERE ] removing player 1 token from slot 2
[2022-12-11 18:32:42] [SEVERE ] Key 80 was pressed by player 1
[2022-12-11 18:32:42] [SEVERE ] removing player 1 token from slot 3
[2022-12-11 18:32:43] [SEVERE ] setting player 0 freeze to -1670776363184
[2022-12-11 18:32:43] [SEVERE ] setting player 1 freeze to -1040
[2022-12-11 18:32:43] [SEVERE ] Key 80 was pressed by player 1
[2022-12-11 18:32:43] [SEVERE ] player 1 placing token on slot 3
[2022-12-11 18:32:43] [SEVERE ] Key 79 was pressed by player 1
[2022-12-11 18:32:43] [SEVERE ] player 1 placing token on slot 2
[2022-12-11 18:32:43] [SEVERE ] Key 73 was pressed by player 1
[2022-12-11 18:32:43] [SEVERE ] player 1 placing token on slot 1
[2022-12-11 18:32:44] [SEVERE ] setting player 0 freeze to -1670776364200
[2022-12-11 18:32:44] [SEVERE ] setting player 1 freeze to 3000
[2022-12-11 18:32:45] [SEVERE ] setting player 0 freeze to -1670776365206
[2022-12-11 18:32:45] [SEVERE ] setting player 1 freeze to 1994
[2022-12-11 18:32:46] [SEVERE ] setting player 0 freeze to -1670776366221
[2022-12-11 18:32:46] [SEVERE ] setting player 1 freeze to 979
[2022-12-11 18:32:46] [SEVERE ] setting player 0 freeze to -1670776366222
[2022-12-11 18:32:46] [SEVERE ] setting player 1 freeze to 978
[2022-12-11 18:32:46] [SEVERE ] Key 73 was pressed by player 1
[2022-12-11 18:32:46] [SEVERE ] removing card from slot 0
[2022-12-11 18:32:46] [SEVERE ] Key 79 was pressed by player 1
[2022-12-11 18:32:46] [SEVERE ] removing card from slot 1
[2022-12-11 18:32:46] [SEVERE ] Key 80 was pressed by player 1
[2022-12-11 18:32:46] [SEVERE ] removing card from slot 2
[2022-12-11 18:32:46] [SEVERE ] removing card from slot 3
[2022-12-11 18:32:46] [SEVERE ] removing card from slot 4
[2022-12-11 18:32:46] [SEVERE ] removing card from slot 5
[2022-12-11 18:32:46] [SEVERE ] removing card from slot 6
[2022-12-11 18:32:47] [SEVERE ] removing card from slot 7
[2022-12-11 18:32:47] [SEVERE ] removing card from slot 8
[2022-12-11 18:32:47] [SEVERE ] removing card from slot 9
[2022-12-11 18:32:47] [SEVERE ] removing card from slot 10
[2022-12-11 18:32:47] [SEVERE ] removing card from slot 11
[2022-12-11 18:32:47] [SEVERE ] removing player 1 token from slot 1
[2022-12-11 18:32:47] [SEVERE ] removing player 1 token from slot 2
[2022-12-11 18:32:47] [SEVERE ] removing player 1 token from slot 3
[2022-12-11 18:32:47] [SEVERE ] setting player 0 freeze to -1670776367528
[2022-12-11 18:32:47] [SEVERE ] setting player 1 freeze to -1670776367528
[2022-12-11 18:32:47] [SEVERE ] placing card 66 in slot 0
[2022-12-11 18:32:47] [SEVERE ] placing card 46 in slot 1
[2022-12-11 18:32:47] [SEVERE ] placing card 55 in slot 2
[2022-12-11 18:32:47] [SEVERE ] placing card 7 in slot 3
[2022-12-11 18:32:48] [SEVERE ] placing card 20 in slot 4
[2022-12-11 18:32:48] [SEVERE ] placing card 56 in slot 5
[2022-12-11 18:32:48] [SEVERE ] placing card 14 in slot 6
[2022-12-11 18:32:48] [SEVERE ] placing card 67 in slot 7
[2022-12-11 18:32:48] [SEVERE ] placing card 0 in slot 8
[2022-12-11 18:32:48] [SEVERE ] placing card 53 in slot 9
[2022-12-11 18:32:48] [SEVERE ] placing card 79 in slot 10
[2022-12-11 18:32:48] [SEVERE ] placing card 5 in slot 11
[2022-12-11 18:32:48] [SEVERE ] setting player 0 freeze to -1670776368833
[2022-12-11 18:32:48] [SEVERE ] setting player 1 freeze to -1670776368833
[2022-12-11 18:32:49] [SEVERE ] setting player 0 freeze to -1670776369845
[2022-12-11 18:32:49] [SEVERE ] setting player 1 freeze to -1670776369845
[2022-12-11 18:32:50] [SEVERE ] setting player 0 freeze to -1670776370858
[2022-12-11 18:32:50] [SEVERE ] setting player 1 freeze to -1670776370858
