[2022-12-11 21:55:51] [INFO   ] cannot read configuration file config.properties trying from resources.
[2022-12-11 21:55:51] [INFO   ] configuration file was loaded from resources directory.
[2022-12-11 21:55:52] [SEVERE ] placing card 22 in slot 0
[2022-12-11 21:55:52] [SEVERE ] placing card 66 in slot 1
[2022-12-11 21:55:52] [SEVERE ] placing card 20 in slot 2
[2022-12-11 21:55:52] [SEVERE ] placing card 69 in slot 3
[2022-12-11 21:55:52] [SEVERE ] placing card 64 in slot 4
[2022-12-11 21:55:52] [SEVERE ] placing card 6 in slot 5
[2022-12-11 21:55:53] [SEVERE ] placing card 56 in slot 6
[2022-12-11 21:55:53] [SEVERE ] placing card 46 in slot 7
[2022-12-11 21:55:53] [SEVERE ] placing card 15 in slot 8
[2022-12-11 21:55:53] [SEVERE ] placing card 30 in slot 9
[2022-12-11 21:55:53] [SEVERE ] placing card 29 in slot 10
[2022-12-11 21:55:53] [SEVERE ] placing card 23 in slot 11
[2022-12-11 21:55:53] [SEVERE ] setting player 0 freeze to -1670788553563
[2022-12-11 21:55:53] [SEVERE ] setting player 1 freeze to -1670788553563
[2022-12-11 21:55:53] [SEVERE ] player 1 placing token on slot 5
[2022-12-11 21:55:53] [SEVERE ] player 0 placing token on slot 4
[2022-12-11 21:55:53] [SEVERE ] player 1 placing token on slot 11
[2022-12-11 21:55:53] [SEVERE ] player 0 placing token on slot 11
[2022-12-11 21:55:53] [SEVERE ] player 1 placing token on slot 4
[2022-12-11 21:55:53] [SEVERE ] player 0 placing token on slot 0
[2022-12-11 21:55:53] [SEVERE ] removing player 1 token from slot 4
[2022-12-11 21:55:53] [SEVERE ] removing player 1 token from slot 5
[2022-12-11 21:55:53] [SEVERE ] removing player 0 token from slot 4
[2022-12-11 21:55:53] [SEVERE ] player 1 placing token on slot 5
[2022-12-11 21:55:53] [SEVERE ] player 1 placing token on slot 8
[2022-12-11 21:55:53] [SEVERE ] player 0 placing token on slot 9
[2022-12-11 21:55:53] [SEVERE ] removing player 0 token from slot 9
[2022-12-11 21:55:53] [SEVERE ] removing player 1 token from slot 11
[2022-12-11 21:55:53] [SEVERE ] player 0 placing token on slot 6
[2022-12-11 21:55:53] [SEVERE ] player 1 placing token on slot 3
[2022-12-11 21:55:53] [SEVERE ] removing player 0 token from slot 6
[2022-12-11 21:55:53] [SEVERE ] player 0 placing token on slot 4
[2022-12-11 21:55:53] [SEVERE ] removing player 0 token from slot 4
[2022-12-11 21:55:53] [SEVERE ] removing player 1 token from slot 8
[2022-12-11 21:55:53] [SEVERE ] player 0 placing token on slot 12
[2022-12-11 21:55:53] [SEVERE ] player 1 placing token on slot 0
[2022-12-11 21:55:53] [SEVERE ] removing player 1 token from slot 5
[2022-12-11 21:55:53] [SEVERE ] player 1 placing token on slot 7
[2022-12-11 21:55:53] [SEVERE ] removing player 1 token from slot 0
[2022-12-11 21:55:53] [SEVERE ] player 1 placing token on slot 6
[2022-12-11 21:55:53] [INFO   ] Thread main terminated.
[2022-12-11 21:55:53] [SEVERE ] removing player 1 token from slot 6
