[2022-12-11 22:11:28] [INFO   ] cannot read configuration file config.properties trying from resources.
[2022-12-11 22:11:28] [INFO   ] configuration file was loaded from resources directory.
[2022-12-11 22:11:28] [SEVERE ] placing card 73 in slot 0
[2022-12-11 22:11:28] [SEVERE ] placing card 20 in slot 1
[2022-12-11 22:11:28] [SEVERE ] placing card 11 in slot 2
[2022-12-11 22:11:29] [SEVERE ] placing card 1 in slot 3
[2022-12-11 22:11:29] [SEVERE ] placing card 13 in slot 4
[2022-12-11 22:11:29] [SEVERE ] placing card 22 in slot 5
[2022-12-11 22:11:29] [SEVERE ] placing card 67 in slot 6
[2022-12-11 22:11:29] [SEVERE ] placing card 80 in slot 7
[2022-12-11 22:11:29] [SEVERE ] placing card 23 in slot 8
[2022-12-11 22:11:29] [SEVERE ] placing card 37 in slot 9
[2022-12-11 22:11:29] [SEVERE ] placing card 24 in slot 10
[2022-12-11 22:11:29] [SEVERE ] placing card 72 in slot 11
[2022-12-11 22:11:29] [SEVERE ] setting player 0 freeze to -1670789489936
[2022-12-11 22:11:29] [SEVERE ] setting player 1 freeze to -1670789489936
[2022-12-11 22:11:30] [SEVERE ] setting player 0 freeze to -1670789490943
[2022-12-11 22:11:30] [SEVERE ] setting player 1 freeze to -1670789490943
[2022-12-11 22:11:30] [SEVERE ] player 0 placing token on slot 5
[2022-12-11 22:11:30] [SEVERE ] player 1 placing token on slot 3
[2022-12-11 22:11:30] [SEVERE ] player 0 placing token on slot 0
[2022-12-11 22:11:30] [SEVERE ] player 1 placing token on slot 6
[2022-12-11 22:11:30] [SEVERE ] player 1 placing token on slot 5
[2022-12-11 22:11:30] [SEVERE ] player 0 placing token on slot 8
[2022-12-11 22:11:30] [SEVERE ] removing player 1 token from slot 5
[2022-12-11 22:11:30] [SEVERE ] removing player 0 token from slot 8
[2022-12-11 22:11:30] [SEVERE ] player 1 placing token on slot 9
[2022-12-11 22:11:30] [SEVERE ] player 0 placing token on slot 10
[2022-12-11 22:11:30] [SEVERE ] removing player 0 token from slot 0
[2022-12-11 22:11:30] [SEVERE ] player 0 placing token on slot 6
[2022-12-11 22:11:30] [SEVERE ] removing player 0 token from slot 6
[2022-12-11 22:11:30] [SEVERE ] player 0 placing token on slot 8
[2022-12-11 22:11:30] [SEVERE ] removing player 0 token from slot 8
[2022-12-11 22:11:30] [SEVERE ] player 0 placing token on slot 2
[2022-12-11 22:11:30] [SEVERE ] removing player 0 token from slot 10
[2022-12-11 22:11:30] [SEVERE ] player 0 placing token on slot 1
[2022-12-11 22:11:30] [SEVERE ] removing player 0 token from slot 1
[2022-12-11 22:11:30] [SEVERE ] removing player 1 token from slot 6
[2022-12-11 22:11:30] [SEVERE ] player 0 placing token on slot 11
[2022-12-11 22:11:30] [SEVERE ] player 1 placing token on slot 2
[2022-12-11 22:11:30] [SEVERE ] setting player 0 freeze to 0
[2022-12-11 22:11:30] [SEVERE ] setting player 1 freeze to 0
[2022-12-11 22:11:30] [SEVERE ] setting player 0 freeze to 0
[2022-12-11 22:11:30] [SEVERE ] setting player 1 freeze to -1
[2022-12-11 22:11:30] [SEVERE ] removing player 1 token from slot 9
[2022-12-11 22:11:30] [SEVERE ] removing player 0 token from slot 2
[2022-12-11 22:11:30] [SEVERE ] player 1 placing token on slot 8
[2022-12-11 22:11:30] [SEVERE ] player 0 placing token on slot 4
[2022-12-11 22:11:30] [SEVERE ] setting player 0 freeze to -1
[2022-12-11 22:11:30] [SEVERE ] setting player 1 freeze to 0
[2022-12-11 22:11:30] [SEVERE ] removing player 0 token from slot 11
[2022-12-11 22:11:30] [SEVERE ] removing player 1 token from slot 2
[2022-12-11 22:11:30] [SEVERE ] setting player 0 freeze to -2
[2022-12-11 22:11:30] [SEVERE ] removing player 0 token from slot 4
[2022-12-11 22:11:30] [SEVERE ] setting player 1 freeze to -1
[2022-12-11 22:11:30] [SEVERE ] player 1 placing token on slot 4
[2022-12-11 22:11:30] [SEVERE ] player 0 placing token on slot 7
[2022-12-11 22:11:30] [SEVERE ] removing player 1 token from slot 8
[2022-12-11 22:11:30] [SEVERE ] player 0 placing token on slot 11
[2022-12-11 22:11:30] [SEVERE ] setting player 0 freeze to -3
[2022-12-11 22:11:30] [SEVERE ] removing player 0 token from slot 7
[2022-12-11 22:11:30] [SEVERE ] player 1 placing token on slot 2
[2022-12-11 22:11:30] [SEVERE ] player 0 placing token on slot 7
[2022-12-11 22:11:30] [SEVERE ] setting player 1 freeze to 0
[2022-12-11 22:11:30] [SEVERE ] removing player 0 token from slot 11
[2022-12-11 22:11:30] [SEVERE ] removing player 1 token from slot 4
[2022-12-11 22:11:30] [SEVERE ] player 0 placing token on slot 4
[2022-12-11 22:11:30] [SEVERE ] player 1 placing token on slot 1
[2022-12-11 22:11:30] [SEVERE ] removing player 0 token from slot 7
[2022-12-11 22:11:30] [SEVERE ] removing player 1 token from slot 1
[2022-12-11 22:11:30] [SEVERE ] removing player 0 token from slot 4
[2022-12-11 22:11:30] [SEVERE ] setting player 0 freeze to 0
[2022-12-11 22:11:30] [SEVERE ] player 1 placing token on slot 1
[2022-12-11 22:11:30] [SEVERE ] setting player 1 freeze to 0
[2022-12-11 22:11:30] [SEVERE ] player 0 placing token on slot 4
[2022-12-11 22:11:30] [SEVERE ] removing player 1 token from slot 2
[2022-12-11 22:11:30] [SEVERE ] player 0 placing token on slot 7
[2022-12-11 22:11:30] [SEVERE ] player 1 placing token on slot 7
[2022-12-11 22:11:30] [SEVERE ] removing player 0 token from slot 5
[2022-12-11 22:11:30] [SEVERE ] removing player 1 token from slot 3
[2022-12-11 22:11:30] [SEVERE ] player 0 placing token on slot 8
[2022-12-11 22:11:30] [SEVERE ] player 1 placing token on slot 9
[2022-12-11 22:11:30] [SEVERE ] removing player 1 token from slot 1
[2022-12-11 22:11:30] [SEVERE ] setting player 0 freeze to 0
[2022-12-11 22:11:30] [SEVERE ] setting player 1 freeze to 0
[2022-12-11 22:11:30] [SEVERE ] removing player 1 token from slot 7
[2022-12-11 22:11:30] [SEVERE ] removing player 0 token from slot 4
[2022-12-11 22:11:30] [SEVERE ] setting player 0 freeze to -1
[2022-12-11 22:11:30] [SEVERE ] removing player 0 token from slot 8
[2022-12-11 22:11:30] [SEVERE ] player 1 placing token on slot 6
[2022-12-11 22:11:30] [SEVERE ] player 0 placing token on slot 9
[2022-12-11 22:11:30] [SEVERE ] setting player 1 freeze to -1
[2022-12-11 22:11:30] [SEVERE ] player 0 placing token on slot 8
[2022-12-11 22:11:30] [SEVERE ] player 1 placing token on slot 4
[2022-12-11 22:11:30] [SEVERE ] setting player 0 freeze to 0
[2022-12-11 22:11:30] [SEVERE ] removing player 0 token from slot 8
[2022-12-11 22:11:30] [SEVERE ] setting player 1 freeze to -2
[2022-12-11 22:11:30] [SEVERE ] removing player 1 token from slot 6
[2022-12-11 22:11:30] [SEVERE ] removing player 0 token from slot 9
[2022-12-11 22:11:30] [SEVERE ] player 1 placing token on slot 5
[2022-12-11 22:11:30] [SEVERE ] removing player 0 token from slot 7
[2022-12-11 22:11:30] [SEVERE ] removing player 1 token from slot 5
[2022-12-11 22:11:30] [SEVERE ] player 0 placing token on slot 8
[2022-12-11 22:11:30] [SEVERE ] setting player 0 freeze to -1
[2022-12-11 22:11:30] [SEVERE ] player 0 placing token on slot 9
[2022-12-11 22:11:30] [SEVERE ] player 1 placing token on slot 5
[2022-12-11 22:11:30] [SEVERE ] player 0 placing token on slot 0
[2022-12-11 22:11:30] [SEVERE ] setting player 1 freeze to -1
[2022-12-11 22:11:30] [SEVERE ] removing player 0 token from slot 8
[2022-12-11 22:11:30] [SEVERE ] removing player 1 token from slot 9
[2022-12-11 22:11:30] [SEVERE ] player 0 placing token on slot 8
[2022-12-11 22:11:30] [SEVERE ] player 1 placing token on slot 10
[2022-12-11 22:11:30] [SEVERE ] setting player 0 freeze to 0
[2022-12-11 22:11:30] [SEVERE ] removing player 0 token from slot 0
[2022-12-11 22:11:30] [SEVERE ] setting player 1 freeze to -2
[2022-12-11 22:11:30] [SEVERE ] removing player 1 token from slot 4
[2022-12-11 22:11:30] [SEVERE ] removing player 0 token from slot 9
[2022-12-11 22:11:30] [SEVERE ] player 1 placing token on slot 1
[2022-12-11 22:11:30] [SEVERE ] removing player 0 token from slot 8
[2022-12-11 22:11:30] [SEVERE ] removing player 0 token from slot 1
[2022-12-11 22:11:30] [SEVERE ] removing player 0 token from slot 5
[2022-12-11 22:11:30] [SEVERE ] removing player 0 token from slot 10
[2022-12-11 22:11:30] [SEVERE ] removing player 1 token from slot 1
[2022-12-11 22:11:30] [SEVERE ] removing player 1 token from slot 5
[2022-12-11 22:11:30] [SEVERE ] removing player 1 token from slot 10
[2022-12-11 22:11:30] [SEVERE ] setting player 1 score to 1
[2022-12-11 22:11:30] [SEVERE ] removing player 1 token from slot 1
[2022-12-11 22:11:30] [SEVERE ] setting player 0 freeze to -2
[2022-12-11 22:11:30] [SEVERE ] setting player 1 freeze to -1
[2022-12-11 22:11:30] [SEVERE ] removing card from slot 1
[2022-12-11 22:11:31] [SEVERE ] removing card from slot 5
[2022-12-11 22:11:31] [SEVERE ] removing card from slot 10
[2022-12-11 22:11:31] [SEVERE ] placing card 32 in slot 1
[2022-12-11 22:11:31] [SEVERE ] placing card 42 in slot 5
[2022-12-11 22:11:31] [SEVERE ] placing card 0 in slot 10
[2022-12-11 22:11:31] [SEVERE ] setting player 0 freeze to -1670789491509
[2022-12-11 22:11:31] [SEVERE ] setting player 1 freeze to -1670789491509
[2022-12-11 22:11:32] [SEVERE ] setting player 0 freeze to -1670789492518
[2022-12-11 22:11:32] [SEVERE ] setting player 1 freeze to -1670789492518
[2022-12-11 22:11:33] [SEVERE ] setting player 0 freeze to -1670789493529
[2022-12-11 22:11:33] [SEVERE ] setting player 1 freeze to -1670789493529
[2022-12-11 22:11:34] [SEVERE ] setting player 0 freeze to -1670789494542
[2022-12-11 22:11:34] [SEVERE ] setting player 1 freeze to -1670789494542
[2022-12-11 22:11:35] [SEVERE ] setting player 0 freeze to -1670789495551
[2022-12-11 22:11:35] [SEVERE ] setting player 1 freeze to -1670789495551
[2022-12-11 22:11:36] [SEVERE ] setting player 0 freeze to -1670789496562
[2022-12-11 22:11:36] [SEVERE ] setting player 1 freeze to -1670789496562
[2022-12-11 22:11:37] [SEVERE ] setting player 0 freeze to -1670789497575
[2022-12-11 22:11:37] [SEVERE ] setting player 1 freeze to -1670789497575
[2022-12-11 22:11:38] [SEVERE ] setting player 0 freeze to -1670789498583
[2022-12-11 22:11:38] [SEVERE ] setting player 1 freeze to -1670789498584
[2022-12-11 22:11:39] [SEVERE ] setting player 0 freeze to -1670789499595
[2022-12-11 22:11:39] [SEVERE ] setting player 1 freeze to -1670789499595
[2022-12-11 22:11:40] [SEVERE ] setting player 0 freeze to -1670789500603
[2022-12-11 22:11:40] [SEVERE ] setting player 1 freeze to -1670789500603
[2022-12-11 22:11:41] [SEVERE ] setting player 0 freeze to -1670789501611
[2022-12-11 22:11:41] [SEVERE ] setting player 1 freeze to -1670789501611
[2022-12-11 22:11:42] [SEVERE ] setting player 0 freeze to -1670789502623
[2022-12-11 22:11:42] [SEVERE ] setting player 1 freeze to -1670789502623
[2022-12-11 22:11:43] [SEVERE ] setting player 0 freeze to -1670789503634
[2022-12-11 22:11:43] [SEVERE ] setting player 1 freeze to -1670789503634
[2022-12-11 22:11:44] [SEVERE ] setting player 0 freeze to -1670789504646
[2022-12-11 22:11:44] [SEVERE ] setting player 1 freeze to -1670789504646
[2022-12-11 22:11:45] [SEVERE ] setting player 0 freeze to -1670789505658
[2022-12-11 22:11:45] [SEVERE ] setting player 1 freeze to -1670789505659
[2022-12-11 22:11:46] [SEVERE ] setting player 0 freeze to -1670789506670
[2022-12-11 22:11:46] [SEVERE ] setting player 1 freeze to -1670789506670
[2022-12-11 22:11:47] [SEVERE ] setting player 0 freeze to -1670789507680
[2022-12-11 22:11:47] [SEVERE ] setting player 1 freeze to -1670789507680
