[2022-12-11 18:50:32] [INFO   ] cannot read configuration file config.properties trying from resources.
[2022-12-11 18:50:32] [INFO   ] configuration file was loaded from resources directory.
[2022-12-11 18:50:33] [SEVERE ] placing card 68 in slot 0
[2022-12-11 18:50:33] [SEVERE ] placing card 77 in slot 1
[2022-12-11 18:50:33] [SEVERE ] placing card 20 in slot 2
[2022-12-11 18:50:33] [SEVERE ] placing card 32 in slot 3
[2022-12-11 18:50:33] [SEVERE ] placing card 7 in slot 4
[2022-12-11 18:50:33] [SEVERE ] placing card 80 in slot 5
[2022-12-11 18:50:34] [SEVERE ] placing card 39 in slot 6
[2022-12-11 18:50:34] [SEVERE ] placing card 49 in slot 7
[2022-12-11 18:50:34] [SEVERE ] placing card 37 in slot 8
[2022-12-11 18:50:34] [SEVERE ] placing card 43 in slot 9
[2022-12-11 18:50:34] [SEVERE ] placing card 45 in slot 10
[2022-12-11 18:50:34] [SEVERE ] Key 65 was pressed by player 0
[2022-12-11 18:50:34] [SEVERE ] placing card 33 in slot 11
[2022-12-11 18:50:34] [SEVERE ] setting player 0 freeze to -1670777434657
[2022-12-11 18:50:34] [SEVERE ] setting player 1 freeze to -1670777434658
[2022-12-11 18:50:34] [SEVERE ] Key 83 was pressed by player 0
[2022-12-11 18:50:34] [SEVERE ] player 0 placing token on slot 5
[2022-12-11 18:50:34] [SEVERE ] Key 68 was pressed by player 0
[2022-12-11 18:50:34] [SEVERE ] player 0 placing token on slot 6
[2022-12-11 18:50:34] [SEVERE ] Key 68 was pressed by player 0
[2022-12-11 18:50:34] [SEVERE ] removing player 0 token from slot 6
[2022-12-11 18:50:34] [SEVERE ] Key 83 was pressed by player 0
[2022-12-11 18:50:34] [SEVERE ] removing player 0 token from slot 5
[2022-12-11 18:50:34] [SEVERE ] Key 65 was pressed by player 0
[2022-12-11 18:50:34] [SEVERE ] player 0 placing token on slot 4
[2022-12-11 18:50:35] [SEVERE ] Key 65 was pressed by player 0
[2022-12-11 18:50:35] [SEVERE ] removing player 0 token from slot 4
[2022-12-11 18:50:35] [SEVERE ] Key 83 was pressed by player 0
[2022-12-11 18:50:35] [SEVERE ] player 0 placing token on slot 5
[2022-12-11 18:50:35] [SEVERE ] setting player 0 freeze to -1670777435667
[2022-12-11 18:50:35] [SEVERE ] setting player 1 freeze to -1670777435667
[2022-12-11 18:50:35] [SEVERE ] Key 68 was pressed by player 0
[2022-12-11 18:50:35] [SEVERE ] player 0 placing token on slot 6
[2022-12-11 18:50:36] [SEVERE ] Key 65 was pressed by player 0
[2022-12-11 18:50:36] [SEVERE ] player 0 placing token on slot 4
[2022-12-11 18:50:36] [SEVERE ] Key 65 was pressed by player 0
