[2022-12-11 20:20:40] [INFO   ] cannot read configuration file config.properties trying from resources.
[2022-12-11 20:20:40] [INFO   ] configuration file was loaded from resources directory.
[2022-12-11 20:20:41] [SEVERE ] placing card 25 in slot 0
[2022-12-11 20:20:41] [SEVERE ] placing card 8 in slot 1
[2022-12-11 20:20:41] [SEVERE ] placing card 72 in slot 2
[2022-12-11 20:20:41] [SEVERE ] placing card 12 in slot 3
[2022-12-11 20:20:41] [SEVERE ] placing card 2 in slot 4
[2022-12-11 20:20:41] [SEVERE ] placing card 48 in slot 5
[2022-12-11 20:20:42] [SEVERE ] placing card 73 in slot 6
[2022-12-11 20:20:42] [SEVERE ] placing card 71 in slot 7
[2022-12-11 20:20:42] [SEVERE ] placing card 39 in slot 8
[2022-12-11 20:20:42] [SEVERE ] placing card 54 in slot 9
[2022-12-11 20:20:42] [SEVERE ] placing card 52 in slot 10
[2022-12-11 20:20:42] [SEVERE ] placing card 21 in slot 11
[2022-12-11 20:20:42] [SEVERE ] setting player 0 freeze to -1670782842611
[2022-12-11 20:20:42] [SEVERE ] setting player 1 freeze to -1670782842611
[2022-12-11 20:20:43] [SEVERE ] setting player 0 freeze to -1670782843625
[2022-12-11 20:20:43] [SEVERE ] setting player 1 freeze to -1670782843626
[2022-12-11 20:20:43] [SEVERE ] Key 65 was pressed by player 0
[2022-12-11 20:20:43] [SEVERE ] player 0 placing token on slot 4
[2022-12-11 20:20:43] [SEVERE ] Key 83 was pressed by player 0
[2022-12-11 20:20:43] [SEVERE ] player 0 placing token on slot 5
[2022-12-11 20:20:44] [SEVERE ] Key 68 was pressed by player 0
[2022-12-11 20:20:44] [SEVERE ] player 0 placing token on slot 6
[2022-12-11 20:20:44] [SEVERE ] setting player 0 freeze to 3000
[2022-12-11 20:20:44] [SEVERE ] setting player 1 freeze to -1670782844012
[2022-12-11 20:20:45] [SEVERE ] setting player 0 freeze to 1998
[2022-12-11 20:20:45] [SEVERE ] setting player 1 freeze to -1670782845014
[2022-12-11 20:20:45] [SEVERE ] Key 68 was pressed by player 0
[2022-12-11 20:20:45] [SEVERE ] Key 83 was pressed by player 0
[2022-12-11 20:20:45] [SEVERE ] Key 65 was pressed by player 0
[2022-12-11 20:20:46] [SEVERE ] setting player 0 freeze to 985
[2022-12-11 20:20:46] [SEVERE ] setting player 1 freeze to -1670782846027
[2022-12-11 20:20:47] [SEVERE ] setting player 0 freeze to -26
[2022-12-11 20:20:47] [SEVERE ] setting player 1 freeze to -1670782847038
[2022-12-11 20:20:48] [SEVERE ] setting player 0 freeze to -1037
[2022-12-11 20:20:48] [SEVERE ] setting player 1 freeze to -1670782848049
[2022-12-11 20:20:49] [SEVERE ] setting player 0 freeze to -2045
[2022-12-11 20:20:49] [SEVERE ] setting player 1 freeze to -1670782849056
[2022-12-11 20:20:49] [SEVERE ] Key 68 was pressed by player 0
[2022-12-11 20:20:49] [SEVERE ] removing player 0 token from slot 6
[2022-12-11 20:20:49] [SEVERE ] Key 83 was pressed by player 0
[2022-12-11 20:20:49] [SEVERE ] removing player 0 token from slot 5
[2022-12-11 20:20:49] [SEVERE ] Key 65 was pressed by player 0
[2022-12-11 20:20:49] [SEVERE ] removing player 0 token from slot 4
[2022-12-11 20:20:50] [SEVERE ] setting player 0 freeze to -3056
[2022-12-11 20:20:50] [SEVERE ] setting player 1 freeze to -1670782850067
[2022-12-11 20:20:51] [SEVERE ] setting player 0 freeze to -4068
[2022-12-11 20:20:51] [SEVERE ] setting player 1 freeze to -1670782851080
[2022-12-11 20:20:51] [SEVERE ] Key 81 was pressed by player 0
[2022-12-11 20:20:51] [SEVERE ] player 0 placing token on slot 0
[2022-12-11 20:20:51] [SEVERE ] Key 69 was pressed by player 0
[2022-12-11 20:20:51] [SEVERE ] player 0 placing token on slot 2
[2022-12-11 20:20:52] [SEVERE ] setting player 0 freeze to -5080
[2022-12-11 20:20:52] [SEVERE ] setting player 1 freeze to -1670782852092
[2022-12-11 20:20:52] [SEVERE ] Key 82 was pressed by player 0
[2022-12-11 20:20:52] [SEVERE ] player 0 placing token on slot 3
[2022-12-11 20:20:52] [SEVERE ] setting player 0 freeze to 3000
[2022-12-11 20:20:52] [SEVERE ] setting player 1 freeze to -1670782852190
[2022-12-11 20:20:52] [SEVERE ] Key 69 was pressed by player 0
[2022-12-11 20:20:53] [SEVERE ] setting player 0 freeze to 1995
[2022-12-11 20:20:53] [SEVERE ] setting player 1 freeze to -1670782853196
[2022-12-11 20:20:54] [SEVERE ] setting player 0 freeze to 988
[2022-12-11 20:20:54] [SEVERE ] setting player 1 freeze to -1670782854203
[2022-12-11 20:20:54] [SEVERE ] Key 69 was pressed by player 0
[2022-12-11 20:20:55] [SEVERE ] setting player 0 freeze to -24
[2022-12-11 20:20:55] [SEVERE ] setting player 1 freeze to -1670782855214
[2022-12-11 20:20:55] [SEVERE ] Key 69 was pressed by player 0
[2022-12-11 20:20:55] [SEVERE ] removing player 0 token from slot 2
[2022-12-11 20:20:55] [SEVERE ] Key 87 was pressed by player 0
[2022-12-11 20:20:55] [SEVERE ] player 0 placing token on slot 1
[2022-12-11 20:20:55] [SEVERE ] setting player 0 freeze to 3000
[2022-12-11 20:20:55] [SEVERE ] setting player 1 freeze to -1670782855941
[2022-12-11 20:20:56] [SEVERE ] setting player 0 freeze to 1985
[2022-12-11 20:20:56] [SEVERE ] setting player 1 freeze to -1670782856957
[2022-12-11 20:20:57] [SEVERE ] setting player 0 freeze to 970
[2022-12-11 20:20:57] [SEVERE ] setting player 1 freeze to -1670782857972
[2022-12-11 20:20:58] [SEVERE ] setting player 0 freeze to -43
[2022-12-11 20:20:58] [SEVERE ] setting player 1 freeze to -1670782858985
[2022-12-11 20:20:59] [SEVERE ] Key 87 was pressed by player 0
[2022-12-11 20:20:59] [SEVERE ] removing player 0 token from slot 1
[2022-12-11 20:20:59] [SEVERE ] setting player 0 freeze to -1050
[2022-12-11 20:20:59] [SEVERE ] setting player 1 freeze to -1670782859992
[2022-12-11 20:21:00] [SEVERE ] setting player 0 freeze to -2053
[2022-12-11 20:21:00] [SEVERE ] setting player 1 freeze to -1670782860994
[2022-12-11 20:21:02] [SEVERE ] setting player 0 freeze to -3066
[2022-12-11 20:21:02] [SEVERE ] setting player 1 freeze to -1670782862008
[2022-12-11 20:21:02] [SEVERE ] Key 65 was pressed by player 0
[2022-12-11 20:21:02] [SEVERE ] player 0 placing token on slot 4
[2022-12-11 20:21:02] [SEVERE ] removing player 0 token from slot 0
[2022-12-11 20:21:02] [SEVERE ] removing player 0 token from slot 3
[2022-12-11 20:21:02] [SEVERE ] removing player 0 token from slot 4
[2022-12-11 20:21:02] [SEVERE ] removing player 1 token from slot 0
[2022-12-11 20:21:02] [SEVERE ] removing player 1 token from slot 3
[2022-12-11 20:21:02] [SEVERE ] removing player 1 token from slot 4
[2022-12-11 20:21:03] [SEVERE ] Key 81 was pressed by player 0
[2022-12-11 20:21:03] [SEVERE ] setting player 0 score to 1
[2022-12-11 20:21:03] [SEVERE ] setting player 0 freeze to -11
[2022-12-11 20:21:03] [SEVERE ] setting player 1 freeze to -1670782863904
[2022-12-11 20:21:04] [SEVERE ] removing card from slot 0
[2022-12-11 20:21:04] [SEVERE ] removing card from slot 3
[2022-12-11 20:21:04] [SEVERE ] removing card from slot 4
[2022-12-11 20:21:04] [SEVERE ] placing card 15 in slot 0
[2022-12-11 20:21:04] [SEVERE ] placing card 9 in slot 3
[2022-12-11 20:21:04] [SEVERE ] placing card 67 in slot 4
[2022-12-11 20:21:04] [SEVERE ] setting player 0 freeze to -1670782864555
[2022-12-11 20:21:04] [SEVERE ] setting player 1 freeze to -1670782864555
[2022-12-11 20:21:05] [SEVERE ] setting player 0 freeze to -1670782865567
[2022-12-11 20:21:05] [SEVERE ] setting player 1 freeze to -1670782865568
[2022-12-11 20:21:06] [SEVERE ] setting player 0 freeze to -1670782866578
[2022-12-11 20:21:06] [SEVERE ] setting player 1 freeze to -1670782866579
[2022-12-11 20:21:07] [SEVERE ] setting player 0 freeze to -1670782867594
[2022-12-11 20:21:07] [SEVERE ] setting player 1 freeze to -1670782867594
[2022-12-11 20:21:08] [SEVERE ] setting player 0 freeze to -1670782868604
[2022-12-11 20:21:08] [SEVERE ] setting player 1 freeze to -1670782868604
[2022-12-11 20:21:09] [SEVERE ] setting player 0 freeze to -1670782869612
[2022-12-11 20:21:09] [SEVERE ] setting player 1 freeze to -1670782869613
[2022-12-11 20:21:10] [SEVERE ] Key 81 was pressed by player 0
[2022-12-11 20:21:10] [SEVERE ] player 0 placing token on slot 0
[2022-12-11 20:21:10] [SEVERE ] setting player 0 freeze to -1670782870623
[2022-12-11 20:21:10] [SEVERE ] setting player 1 freeze to -1670782870624
[2022-12-11 20:21:10] [SEVERE ] Key 68 was pressed by player 0
[2022-12-11 20:21:10] [SEVERE ] player 0 placing token on slot 6
[2022-12-11 20:21:11] [SEVERE ] setting player 0 freeze to -1670782871636
[2022-12-11 20:21:11] [SEVERE ] setting player 1 freeze to -1670782871637
[2022-12-11 20:21:11] [SEVERE ] Key 90 was pressed by player 0
[2022-12-11 20:21:11] [SEVERE ] player 0 placing token on slot 8
[2022-12-11 20:21:11] [SEVERE ] setting player 0 freeze to 3000
[2022-12-11 20:21:11] [SEVERE ] setting player 1 freeze to -1670782871947
[2022-12-11 20:21:12] [SEVERE ] setting player 0 freeze to 1987
[2022-12-11 20:21:12] [SEVERE ] setting player 1 freeze to -1670782872961
[2022-12-11 20:21:13] [SEVERE ] setting player 0 freeze to 977
[2022-12-11 20:21:13] [SEVERE ] setting player 1 freeze to -1670782873970
[2022-12-11 20:21:14] [SEVERE ] setting player 0 freeze to -37
[2022-12-11 20:21:14] [SEVERE ] setting player 1 freeze to -1670782874984
[2022-12-11 20:21:15] [SEVERE ] Key 68 was pressed by player 0
[2022-12-11 20:21:15] [SEVERE ] removing player 0 token from slot 6
[2022-12-11 20:21:15] [SEVERE ] setting player 0 freeze to -1048
[2022-12-11 20:21:15] [SEVERE ] setting player 1 freeze to -1670782875995
[2022-12-11 20:21:16] [SEVERE ] Key 83 was pressed by player 0
[2022-12-11 20:21:16] [SEVERE ] player 0 placing token on slot 5
[2022-12-11 20:21:16] [SEVERE ] setting player 0 freeze to 3000
[2022-12-11 20:21:16] [SEVERE ] setting player 1 freeze to -1670782876099
[2022-12-11 20:21:17] [SEVERE ] setting player 0 freeze to 1987
[2022-12-11 20:21:17] [SEVERE ] setting player 1 freeze to -1670782877112
[2022-12-11 20:21:18] [SEVERE ] setting player 0 freeze to 972
[2022-12-11 20:21:18] [SEVERE ] setting player 1 freeze to -1670782878128
[2022-12-11 20:21:19] [SEVERE ] setting player 0 freeze to -40
[2022-12-11 20:21:19] [SEVERE ] setting player 1 freeze to -1670782879140
[2022-12-11 20:21:20] [SEVERE ] setting player 0 freeze to -1049
[2022-12-11 20:21:20] [SEVERE ] setting player 1 freeze to -1670782880149
[2022-12-11 20:21:21] [SEVERE ] setting player 0 freeze to -2057
[2022-12-11 20:21:21] [SEVERE ] setting player 1 freeze to -1670782881157
[2022-12-11 20:21:22] [SEVERE ] setting player 0 freeze to -3063
[2022-12-11 20:21:22] [SEVERE ] setting player 1 freeze to -1670782882162
[2022-12-11 20:21:23] [SEVERE ] setting player 0 freeze to -4071
[2022-12-11 20:21:23] [SEVERE ] setting player 1 freeze to -1670782883171
[2022-12-11 20:21:24] [SEVERE ] setting player 0 freeze to -5083
[2022-12-11 20:21:24] [SEVERE ] setting player 1 freeze to -1670782884182
[2022-12-11 20:21:25] [SEVERE ] setting player 0 freeze to -6097
[2022-12-11 20:21:25] [SEVERE ] setting player 1 freeze to -1670782885196
[2022-12-11 20:21:25] [SEVERE ] Key 90 was pressed by player 0
[2022-12-11 20:21:25] [SEVERE ] removing player 0 token from slot 8
[2022-12-11 20:21:25] [SEVERE ] Key 88 was pressed by player 0
[2022-12-11 20:21:25] [SEVERE ] player 0 placing token on slot 9
[2022-12-11 20:21:25] [SEVERE ] removing player 0 token from slot 0
[2022-12-11 20:21:25] [SEVERE ] removing player 0 token from slot 5
[2022-12-11 20:21:25] [SEVERE ] removing player 0 token from slot 9
[2022-12-11 20:21:25] [SEVERE ] removing player 1 token from slot 0
[2022-12-11 20:21:25] [SEVERE ] removing player 1 token from slot 5
[2022-12-11 20:21:25] [SEVERE ] removing player 1 token from slot 9
[2022-12-11 20:21:26] [SEVERE ] setting player 0 score to 2
[2022-12-11 20:21:26] [SEVERE ] setting player 0 freeze to -15
[2022-12-11 20:21:26] [SEVERE ] setting player 1 freeze to -1670782886876
[2022-12-11 20:21:26] [SEVERE ] removing card from slot 0
[2022-12-11 20:21:27] [SEVERE ] removing card from slot 5
[2022-12-11 20:21:27] [SEVERE ] removing card from slot 9
[2022-12-11 20:21:27] [SEVERE ] placing card 34 in slot 0
[2022-12-11 20:21:27] [SEVERE ] placing card 51 in slot 5
[2022-12-11 20:21:27] [SEVERE ] placing card 55 in slot 9
[2022-12-11 20:21:27] [SEVERE ] setting player 0 freeze to -1670782887530
[2022-12-11 20:21:27] [SEVERE ] setting player 1 freeze to -1670782887530
[2022-12-11 20:21:28] [SEVERE ] setting player 0 freeze to -1670782888543
[2022-12-11 20:21:28] [SEVERE ] setting player 1 freeze to -1670782888543
[2022-12-11 20:21:29] [SEVERE ] setting player 0 freeze to -1670782889559
[2022-12-11 20:21:29] [SEVERE ] setting player 1 freeze to -1670782889560
[2022-12-11 20:21:29] [SEVERE ] Key 90 was pressed by player 0
[2022-12-11 20:21:29] [SEVERE ] player 0 placing token on slot 8
[2022-12-11 20:21:29] [SEVERE ] Key 88 was pressed by player 0
[2022-12-11 20:21:29] [SEVERE ] player 0 placing token on slot 9
[2022-12-11 20:21:29] [SEVERE ] Key 67 was pressed by player 0
[2022-12-11 20:21:29] [SEVERE ] player 0 placing token on slot 10
[2022-12-11 20:21:29] [SEVERE ] setting player 0 freeze to 3000
[2022-12-11 20:21:29] [SEVERE ] setting player 1 freeze to -1670782889892
[2022-12-11 20:21:30] [SEVERE ] setting player 0 freeze to 1993
[2022-12-11 20:21:30] [SEVERE ] setting player 1 freeze to -1670782890898
[2022-12-11 20:21:31] [SEVERE ] setting player 0 freeze to 985
[2022-12-11 20:21:31] [SEVERE ] setting player 1 freeze to -1670782891906
