[2022-12-11 20:46:46] [INFO   ] cannot read configuration file config.properties trying from resources.
[2022-12-11 20:46:46] [INFO   ] configuration file was loaded from resources directory.
[2022-12-11 20:46:46] [SEVERE ] placing card 13 in slot 0
[2022-12-11 20:46:46] [SEVERE ] placing card 60 in slot 1
[2022-12-11 20:46:47] [SEVERE ] placing card 9 in slot 2
[2022-12-11 20:46:47] [SEVERE ] placing card 37 in slot 3
[2022-12-11 20:46:47] [SEVERE ] placing card 10 in slot 4
[2022-12-11 20:46:47] [SEVERE ] placing card 65 in slot 5
[2022-12-11 20:46:47] [SEVERE ] placing card 59 in slot 6
[2022-12-11 20:46:47] [SEVERE ] placing card 1 in slot 7
[2022-12-11 20:46:47] [SEVERE ] placing card 61 in slot 8
[2022-12-11 20:46:47] [SEVERE ] placing card 55 in slot 9
[2022-12-11 20:46:47] [SEVERE ] placing card 70 in slot 10
[2022-12-11 20:46:48] [SEVERE ] placing card 43 in slot 11
[2022-12-11 20:46:48] [SEVERE ] setting player 0 freeze to -1670784408018
[2022-12-11 20:46:48] [SEVERE ] setting player 1 freeze to -1670784408019
[2022-12-11 20:46:49] [SEVERE ] setting player 0 freeze to -1670784409031
[2022-12-11 20:46:49] [SEVERE ] setting player 1 freeze to -1670784409032
[2022-12-11 20:46:49] [SEVERE ] Key 65 was pressed by player 0
[2022-12-11 20:46:49] [SEVERE ] player 0 placing token on slot 4
[2022-12-11 20:46:49] [SEVERE ] Key 83 was pressed by player 0
[2022-12-11 20:46:49] [SEVERE ] player 0 placing token on slot 5
[2022-12-11 20:46:50] [SEVERE ] setting player 0 freeze to -1670784410036
[2022-12-11 20:46:50] [SEVERE ] setting player 1 freeze to -1670784410037
[2022-12-11 20:46:50] [SEVERE ] Key 68 was pressed by player 0
[2022-12-11 20:46:50] [SEVERE ] player 0 placing token on slot 6
[2022-12-11 20:46:50] [SEVERE ] setting player 0 freeze to 3000
[2022-12-11 20:46:50] [SEVERE ] setting player 1 freeze to -1670784410170
[2022-12-11 20:46:51] [SEVERE ] setting player 0 freeze to 1998
[2022-12-11 20:46:51] [SEVERE ] setting player 1 freeze to -1670784411172
[2022-12-11 20:46:52] [SEVERE ] setting player 0 freeze to 988
[2022-12-11 20:46:52] [SEVERE ] setting player 1 freeze to -1670784412182
[2022-12-11 20:46:53] [SEVERE ] setting player 0 freeze to -22
[2022-12-11 20:46:53] [SEVERE ] setting player 1 freeze to -1670784413192
[2022-12-11 20:46:54] [SEVERE ] setting player 0 freeze to -1035
[2022-12-11 20:46:54] [SEVERE ] setting player 1 freeze to -1670784414206
[2022-12-11 20:46:54] [SEVERE ] Key 68 was pressed by player 0
[2022-12-11 20:46:54] [SEVERE ] removing player 0 token from slot 6
[2022-12-11 20:46:54] [SEVERE ] Key 83 was pressed by player 0
[2022-12-11 20:46:54] [SEVERE ] removing player 0 token from slot 5
[2022-12-11 20:46:54] [SEVERE ] Key 65 was pressed by player 0
[2022-12-11 20:46:54] [SEVERE ] removing player 0 token from slot 4
[2022-12-11 20:46:55] [SEVERE ] setting player 0 freeze to -2045
[2022-12-11 20:46:55] [SEVERE ] setting player 1 freeze to -1670784415216
[2022-12-11 20:46:56] [SEVERE ] setting player 0 freeze to -3057
[2022-12-11 20:46:56] [SEVERE ] setting player 1 freeze to -1670784416227
[2022-12-11 20:46:56] [SEVERE ] Key 65 was pressed by player 0
[2022-12-11 20:46:56] [SEVERE ] player 0 placing token on slot 4
[2022-12-11 20:46:56] [SEVERE ] Key 83 was pressed by player 0
[2022-12-11 20:46:56] [SEVERE ] player 0 placing token on slot 5
[2022-12-11 20:46:56] [SEVERE ] Key 68 was pressed by player 0
[2022-12-11 20:46:56] [SEVERE ] player 0 placing token on slot 6
[2022-12-11 20:46:56] [SEVERE ] setting player 0 freeze to 3000
[2022-12-11 20:46:56] [SEVERE ] setting player 1 freeze to -1670784416844
[2022-12-11 20:46:57] [SEVERE ] Key 65 was pressed by player 0
[2022-12-11 20:46:57] [SEVERE ] Key 83 was pressed by player 0
[2022-12-11 20:46:57] [SEVERE ] setting player 0 freeze to 1993
[2022-12-11 20:46:57] [SEVERE ] setting player 1 freeze to -1670784417852
[2022-12-11 20:46:57] [SEVERE ] Key 68 was pressed by player 0
[2022-12-11 20:46:58] [SEVERE ] Key 68 was pressed by player 0
[2022-12-11 20:46:58] [SEVERE ] Key 83 was pressed by player 0
[2022-12-11 20:46:58] [SEVERE ] Key 65 was pressed by player 0
[2022-12-11 20:46:58] [SEVERE ] Key 83 was pressed by player 0
[2022-12-11 20:46:58] [SEVERE ] Key 68 was pressed by player 0
[2022-12-11 20:46:58] [SEVERE ] setting player 0 freeze to 990
[2022-12-11 20:46:58] [SEVERE ] setting player 1 freeze to -1670784418855
[2022-12-11 20:46:58] [SEVERE ] Key 83 was pressed by player 0
[2022-12-11 20:46:58] [SEVERE ] Key 65 was pressed by player 0
[2022-12-11 20:46:59] [SEVERE ] setting player 0 freeze to -13
[2022-12-11 20:46:59] [SEVERE ] setting player 1 freeze to -1670784419858
[2022-12-11 20:47:00] [SEVERE ] Key 65 was pressed by player 0
[2022-12-11 20:47:00] [SEVERE ] removing player 0 token from slot 4
[2022-12-11 20:47:00] [SEVERE ] Key 83 was pressed by player 0
[2022-12-11 20:47:00] [SEVERE ] removing player 0 token from slot 5
[2022-12-11 20:47:00] [SEVERE ] Key 68 was pressed by player 0
[2022-12-11 20:47:00] [SEVERE ] removing player 0 token from slot 6
[2022-12-11 20:47:00] [SEVERE ] setting player 0 freeze to -1027
[2022-12-11 20:47:00] [SEVERE ] setting player 1 freeze to -1670784420872
[2022-12-11 20:47:01] [SEVERE ] setting player 0 freeze to -2040
[2022-12-11 20:47:01] [SEVERE ] setting player 1 freeze to -1670784421885
[2022-12-11 20:47:02] [SEVERE ] setting player 0 freeze to -3051
[2022-12-11 20:47:02] [SEVERE ] setting player 1 freeze to -1670784422896
[2022-12-11 20:47:03] [SEVERE ] setting player 0 freeze to -4060
[2022-12-11 20:47:03] [SEVERE ] setting player 1 freeze to -1670784423905
[2022-12-11 20:47:04] [SEVERE ] setting player 0 freeze to -5075
[2022-12-11 20:47:04] [SEVERE ] setting player 1 freeze to -1670784424919
[2022-12-11 20:47:05] [SEVERE ] Key 69 was pressed by player 0
[2022-12-11 20:47:05] [SEVERE ] player 0 placing token on slot 2
[2022-12-11 20:47:05] [SEVERE ] Key 88 was pressed by player 0
[2022-12-11 20:47:05] [SEVERE ] player 0 placing token on slot 9
[2022-12-11 20:47:05] [SEVERE ] Key 90 was pressed by player 0
[2022-12-11 20:47:05] [SEVERE ] player 0 placing token on slot 8
[2022-12-11 20:47:05] [SEVERE ] setting player 0 freeze to 3000
[2022-12-11 20:47:05] [SEVERE ] setting player 1 freeze to -1670784425229
[2022-12-11 20:47:06] [SEVERE ] setting player 0 freeze to 1987
[2022-12-11 20:47:06] [SEVERE ] setting player 1 freeze to -1670784426242
[2022-12-11 20:47:06] [SEVERE ] Key 90 was pressed by player 0
[2022-12-11 20:47:06] [SEVERE ] Key 88 was pressed by player 0
[2022-12-11 20:47:06] [SEVERE ] Key 82 was pressed by player 0
[2022-12-11 20:47:06] [SEVERE ] Key 69 was pressed by player 0
[2022-12-11 20:47:07] [SEVERE ] setting player 0 freeze to 972
[2022-12-11 20:47:07] [SEVERE ] setting player 1 freeze to -1670784427256
[2022-12-11 20:47:08] [SEVERE ] setting player 0 freeze to -40
[2022-12-11 20:47:08] [SEVERE ] setting player 1 freeze to -1670784428269
[2022-12-11 20:47:09] [SEVERE ] setting player 0 freeze to -1053
[2022-12-11 20:47:09] [SEVERE ] setting player 1 freeze to -1670784429282
[2022-12-11 20:47:10] [SEVERE ] setting player 0 freeze to -2066
[2022-12-11 20:47:10] [SEVERE ] setting player 1 freeze to -1670784430295
[2022-12-11 20:47:11] [SEVERE ] setting player 0 freeze to -3076
[2022-12-11 20:47:11] [SEVERE ] setting player 1 freeze to -1670784431305
[2022-12-11 20:47:11] [SEVERE ] Key 69 was pressed by player 0
[2022-12-11 20:47:11] [SEVERE ] removing player 0 token from slot 2
[2022-12-11 20:47:11] [SEVERE ] Key 88 was pressed by player 0
[2022-12-11 20:47:11] [SEVERE ] removing player 0 token from slot 9
[2022-12-11 20:47:11] [SEVERE ] Key 90 was pressed by player 0
[2022-12-11 20:47:11] [SEVERE ] removing player 0 token from slot 8
[2022-12-11 20:47:12] [SEVERE ] setting player 0 freeze to -4085
[2022-12-11 20:47:12] [SEVERE ] setting player 1 freeze to -1670784432313
[2022-12-11 20:47:12] [SEVERE ] Key 81 was pressed by player 0
[2022-12-11 20:47:12] [SEVERE ] player 0 placing token on slot 0
[2022-12-11 20:47:13] [SEVERE ] setting player 0 freeze to -5096
[2022-12-11 20:47:13] [SEVERE ] setting player 1 freeze to -1670784433331
[2022-12-11 20:47:13] [SEVERE ] Key 82 was pressed by player 0
[2022-12-11 20:47:13] [SEVERE ] player 0 placing token on slot 3
[2022-12-11 20:47:14] [SEVERE ] setting player 0 freeze to -6108
[2022-12-11 20:47:14] [SEVERE ] setting player 1 freeze to -1670784434337
[2022-12-11 20:47:15] [SEVERE ] setting player 0 freeze to -7118
[2022-12-11 20:47:15] [SEVERE ] setting player 1 freeze to -1670784435347
[2022-12-11 20:47:15] [SEVERE ] Key 88 was pressed by player 0
[2022-12-11 20:47:15] [SEVERE ] player 0 placing token on slot 9
[2022-12-11 20:47:15] [SEVERE ] setting player 0 freeze to 3000
[2022-12-11 20:47:15] [SEVERE ] setting player 1 freeze to -1670784435573
[2022-12-11 20:47:16] [SEVERE ] setting player 0 freeze to 1984
[2022-12-11 20:47:16] [SEVERE ] setting player 1 freeze to -1670784436590
[2022-12-11 20:47:17] [SEVERE ] setting player 0 freeze to 972
[2022-12-11 20:47:17] [SEVERE ] setting player 1 freeze to -1670784437602
[2022-12-11 20:47:17] [SEVERE ] Key 88 was pressed by player 0
[2022-12-11 20:47:18] [SEVERE ] setting player 0 freeze to -40
[2022-12-11 20:47:18] [SEVERE ] setting player 1 freeze to -1670784438614
[2022-12-11 20:47:18] [SEVERE ] setting player 0 freeze to -41
[2022-12-11 20:47:18] [SEVERE ] setting player 1 freeze to -1670784438614
[2022-12-11 20:47:18] [SEVERE ] removing player 0 token from slot 0
[2022-12-11 20:47:18] [SEVERE ] removing player 0 token from slot 3
[2022-12-11 20:47:18] [SEVERE ] removing player 0 token from slot 9
[2022-12-11 20:47:18] [SEVERE ] removing card from slot 0
[2022-12-11 20:47:18] [SEVERE ] removing card from slot 1
[2022-12-11 20:47:18] [SEVERE ] removing card from slot 2
[2022-12-11 20:47:19] [SEVERE ] removing card from slot 3
[2022-12-11 20:47:19] [SEVERE ] removing card from slot 4
[2022-12-11 20:47:19] [SEVERE ] removing card from slot 5
[2022-12-11 20:47:19] [SEVERE ] removing card from slot 6
[2022-12-11 20:47:19] [SEVERE ] removing card from slot 7
[2022-12-11 20:47:19] [SEVERE ] removing card from slot 8
[2022-12-11 20:47:19] [SEVERE ] removing card from slot 9
[2022-12-11 20:47:19] [SEVERE ] removing card from slot 10
[2022-12-11 20:47:19] [SEVERE ] removing card from slot 11
[2022-12-11 20:47:19] [SEVERE ] setting player 0 freeze to -1670784439921
[2022-12-11 20:47:19] [SEVERE ] setting player 1 freeze to -1670784439921
[2022-12-11 20:47:20] [SEVERE ] placing card 62 in slot 0
[2022-12-11 20:47:20] [SEVERE ] placing card 8 in slot 1
[2022-12-11 20:47:20] [SEVERE ] placing card 49 in slot 2
[2022-12-11 20:47:20] [SEVERE ] placing card 77 in slot 3
[2022-12-11 20:47:20] [SEVERE ] placing card 2 in slot 4
[2022-12-11 20:47:20] [SEVERE ] placing card 79 in slot 5
[2022-12-11 20:47:20] [SEVERE ] placing card 47 in slot 6
[2022-12-11 20:47:20] [SEVERE ] placing card 14 in slot 7
[2022-12-11 20:47:20] [SEVERE ] placing card 61 in slot 8
[2022-12-11 20:47:21] [SEVERE ] placing card 58 in slot 9
[2022-12-11 20:47:21] [SEVERE ] placing card 75 in slot 10
[2022-12-11 20:47:21] [SEVERE ] placing card 34 in slot 11
[2022-12-11 20:47:21] [SEVERE ] setting player 0 freeze to -1670784441244
[2022-12-11 20:47:21] [SEVERE ] setting player 1 freeze to -1670784441245
[2022-12-11 20:47:22] [SEVERE ] setting player 0 freeze to -1670784442255
[2022-12-11 20:47:22] [SEVERE ] setting player 1 freeze to -1670784442256
[2022-12-11 20:47:23] [SEVERE ] setting player 0 freeze to -1670784443264
[2022-12-11 20:47:23] [SEVERE ] setting player 1 freeze to -1670784443265
[2022-12-11 20:47:23] [SEVERE ] Key 81 was pressed by player 0
[2022-12-11 20:47:23] [SEVERE ] player 0 placing token on slot 0
[2022-12-11 20:47:24] [SEVERE ] setting player 0 freeze to -1670784444279
[2022-12-11 20:47:24] [SEVERE ] setting player 1 freeze to -1670784444280
[2022-12-11 20:47:25] [SEVERE ] setting player 0 freeze to -1670784445291
[2022-12-11 20:47:25] [SEVERE ] setting player 1 freeze to -1670784445291
[2022-12-11 20:47:26] [SEVERE ] Key 68 was pressed by player 0
[2022-12-11 20:47:26] [SEVERE ] player 0 placing token on slot 6
[2022-12-11 20:47:26] [SEVERE ] setting player 0 freeze to -1670784446298
[2022-12-11 20:47:26] [SEVERE ] setting player 1 freeze to -1670784446299
[2022-12-11 20:47:27] [SEVERE ] setting player 0 freeze to -1670784447312
[2022-12-11 20:47:27] [SEVERE ] setting player 1 freeze to -1670784447313
[2022-12-11 20:47:27] [SEVERE ] Key 70 was pressed by player 0
[2022-12-11 20:47:27] [SEVERE ] player 0 placing token on slot 7
[2022-12-11 20:47:27] [SEVERE ] removing player 0 token from slot 0
[2022-12-11 20:47:27] [SEVERE ] removing player 0 token from slot 6
[2022-12-11 20:47:27] [SEVERE ] removing player 0 token from slot 7
[2022-12-11 20:47:27] [SEVERE ] removing player 1 token from slot 0
[2022-12-11 20:47:27] [SEVERE ] removing player 1 token from slot 6
[2022-12-11 20:47:27] [SEVERE ] removing player 1 token from slot 7
[2022-12-11 20:47:27] [SEVERE ] setting player 0 score to 1
[2022-12-11 20:47:27] [SEVERE ] setting player 0 freeze to 1000
[2022-12-11 20:47:27] [SEVERE ] setting player 1 freeze to -1670784447564
[2022-12-11 20:47:27] [SEVERE ] removing card from slot 0
[2022-12-11 20:47:27] [SEVERE ] removing card from slot 6
[2022-12-11 20:47:27] [SEVERE ] removing card from slot 7
[2022-12-11 20:47:27] [SEVERE ] placing card 0 in slot 0
[2022-12-11 20:47:28] [SEVERE ] placing card 78 in slot 6
[2022-12-11 20:47:28] [SEVERE ] placing card 26 in slot 7
[2022-12-11 20:47:28] [SEVERE ] setting player 0 freeze to -1670784448218
[2022-12-11 20:47:28] [SEVERE ] setting player 1 freeze to -1670784448218
[2022-12-11 20:47:29] [SEVERE ] setting player 0 freeze to -1670784449227
[2022-12-11 20:47:29] [SEVERE ] setting player 1 freeze to -1670784449227
[2022-12-11 20:47:30] [SEVERE ] setting player 0 freeze to -1670784450236
[2022-12-11 20:47:30] [SEVERE ] setting player 1 freeze to -1670784450237
[2022-12-11 20:47:31] [SEVERE ] setting player 0 freeze to -1670784451247
[2022-12-11 20:47:31] [SEVERE ] setting player 1 freeze to -1670784451248
[2022-12-11 20:47:32] [SEVERE ] setting player 0 freeze to -1670784452258
[2022-12-11 20:47:32] [SEVERE ] setting player 1 freeze to -1670784452259
[2022-12-11 20:47:33] [SEVERE ] setting player 0 freeze to -1670784453269
[2022-12-11 20:47:33] [SEVERE ] setting player 1 freeze to -1670784453270
[2022-12-11 20:47:34] [SEVERE ] setting player 0 freeze to -1670784454283
[2022-12-11 20:47:34] [SEVERE ] setting player 1 freeze to -1670784454283
