[2022-12-11 18:50:54] [INFO   ] cannot read configuration file config.properties trying from resources.
[2022-12-11 18:50:54] [INFO   ] configuration file was loaded from resources directory.
[2022-12-11 18:50:55] [SEVERE ] placing card 16 in slot 0
[2022-12-11 18:50:55] [SEVERE ] placing card 11 in slot 1
[2022-12-11 18:50:55] [SEVERE ] placing card 17 in slot 2
[2022-12-11 18:50:55] [SEVERE ] placing card 63 in slot 3
[2022-12-11 18:50:55] [SEVERE ] placing card 70 in slot 4
[2022-12-11 18:50:55] [SEVERE ] placing card 72 in slot 5
[2022-12-11 18:50:55] [SEVERE ] placing card 80 in slot 6
[2022-12-11 18:50:56] [SEVERE ] placing card 2 in slot 7
[2022-12-11 18:50:56] [SEVERE ] placing card 51 in slot 8
[2022-12-11 18:50:56] [SEVERE ] placing card 66 in slot 9
[2022-12-11 18:50:56] [SEVERE ] placing card 15 in slot 10
[2022-12-11 18:50:56] [SEVERE ] placing card 10 in slot 11
[2022-12-11 18:50:56] [SEVERE ] setting player 0 freeze to -1670777456479
[2022-12-11 18:50:56] [SEVERE ] setting player 1 freeze to -1670777456480
[2022-12-11 18:50:57] [SEVERE ] Key 65 was pressed by player 0
[2022-12-11 18:50:57] [SEVERE ] player 0 placing token on slot 4
[2022-12-11 18:50:57] [SEVERE ] Key 83 was pressed by player 0
[2022-12-11 18:50:57] [SEVERE ] player 0 placing token on slot 5
[2022-12-11 18:50:57] [SEVERE ] Key 68 was pressed by player 0
[2022-12-11 18:50:57] [SEVERE ] player 0 placing token on slot 6
[2022-12-11 18:50:57] [SEVERE ] Key 65 was pressed by player 0
