[2022-12-11 21:44:29] [INFO   ] cannot read configuration file config.properties trying from resources.
[2022-12-11 21:44:29] [INFO   ] configuration file was loaded from resources directory.
[2022-12-11 21:44:30] [SEVERE ] placing card 31 in slot 0
[2022-12-11 21:44:30] [SEVERE ] placing card 10 in slot 1
[2022-12-11 21:44:30] [SEVERE ] placing card 61 in slot 2
[2022-12-11 21:44:30] [SEVERE ] placing card 51 in slot 3
[2022-12-11 21:44:30] [SEVERE ] placing card 44 in slot 4
[2022-12-11 21:44:30] [SEVERE ] Key 65 was pressed by player 0
[2022-12-11 21:44:30] [SEVERE ] Key 83 was pressed by player 0
[2022-12-11 21:44:30] [SEVERE ] Key 68 was pressed by player 0
[2022-12-11 21:44:30] [SEVERE ] placing card 55 in slot 5
[2022-12-11 21:44:30] [SEVERE ] placing card 54 in slot 6
[2022-12-11 21:44:30] [SEVERE ] placing card 29 in slot 7
[2022-12-11 21:44:30] [SEVERE ] placing card 72 in slot 8
[2022-12-11 21:44:31] [SEVERE ] placing card 62 in slot 9
[2022-12-11 21:44:31] [SEVERE ] placing card 69 in slot 10
[2022-12-11 21:44:31] [SEVERE ] placing card 80 in slot 11
[2022-12-11 21:44:31] [SEVERE ] setting player 0 freeze to -1670787871316
[2022-12-11 21:44:31] [SEVERE ] setting player 1 freeze to -1670787871316
[2022-12-11 21:44:32] [SEVERE ] setting player 0 freeze to -1670787872329
[2022-12-11 21:44:32] [SEVERE ] setting player 1 freeze to -1670787872329
[2022-12-11 21:44:32] [SEVERE ] Key 65 was pressed by player 0
[2022-12-11 21:44:32] [SEVERE ] player 0 placing token on slot 4
[2022-12-11 21:44:32] [SEVERE ] Key 83 was pressed by player 0
[2022-12-11 21:44:32] [SEVERE ] player 0 placing token on slot 5
[2022-12-11 21:44:32] [SEVERE ] Key 68 was pressed by player 0
[2022-12-11 21:44:32] [SEVERE ] player 0 placing token on slot 6
[2022-12-11 21:44:32] [SEVERE ] setting player 0 freeze to 3000
[2022-12-11 21:44:32] [SEVERE ] setting player 1 freeze to -1670787872794
[2022-12-11 21:44:33] [SEVERE ] setting player 0 freeze to 1999
[2022-12-11 21:44:33] [SEVERE ] setting player 1 freeze to -1670787873795
[2022-12-11 21:44:34] [SEVERE ] setting player 0 freeze to 987
[2022-12-11 21:44:34] [SEVERE ] setting player 1 freeze to -1670787874807
[2022-12-11 21:44:35] [SEVERE ] setting player 0 freeze to -22
[2022-12-11 21:44:35] [SEVERE ] setting player 1 freeze to -1670787875815
[2022-12-11 21:44:36] [SEVERE ] Key 68 was pressed by player 0
[2022-12-11 21:44:36] [SEVERE ] removing player 0 token from slot 6
[2022-12-11 21:44:36] [SEVERE ] setting player 0 freeze to -1030
[2022-12-11 21:44:36] [SEVERE ] setting player 1 freeze to -1670787876823
[2022-12-11 21:44:37] [SEVERE ] setting player 0 freeze to -2040
[2022-12-11 21:44:37] [SEVERE ] setting player 1 freeze to -1670787877833
[2022-12-11 21:44:38] [SEVERE ] Key 83 was pressed by player 0
[2022-12-11 21:44:38] [SEVERE ] removing player 0 token from slot 5
[2022-12-11 21:44:38] [SEVERE ] setting player 0 freeze to -3049
[2022-12-11 21:44:38] [SEVERE ] setting player 1 freeze to -1670787878843
[2022-12-11 21:44:39] [SEVERE ] Key 65 was pressed by player 0
[2022-12-11 21:44:39] [SEVERE ] removing player 0 token from slot 4
[2022-12-11 21:44:39] [SEVERE ] setting player 0 freeze to -4062
[2022-12-11 21:44:39] [SEVERE ] setting player 1 freeze to -1670787879856
[2022-12-11 21:44:40] [SEVERE ] setting player 0 freeze to -5073
[2022-12-11 21:44:40] [SEVERE ] setting player 1 freeze to -1670787880867
[2022-12-11 21:44:41] [SEVERE ] setting player 0 freeze to -6085
[2022-12-11 21:44:41] [SEVERE ] setting player 1 freeze to -1670787881880
