[2022-12-11 19:20:22] [INFO   ] cannot read configuration file config.properties trying from resources.
[2022-12-11 19:20:22] [INFO   ] configuration file was loaded from resources directory.
[2022-12-11 19:20:23] [SEVERE ] placing card 69 in slot 0
[2022-12-11 19:20:23] [SEVERE ] placing card 57 in slot 1
[2022-12-11 19:20:23] [SEVERE ] placing card 23 in slot 2
[2022-12-11 19:20:23] [SEVERE ] placing card 43 in slot 3
[2022-12-11 19:20:24] [SEVERE ] placing card 2 in slot 4
[2022-12-11 19:20:24] [SEVERE ] placing card 21 in slot 5
[2022-12-11 19:20:24] [SEVERE ] placing card 74 in slot 6
[2022-12-11 19:20:24] [SEVERE ] placing card 25 in slot 7
[2022-12-11 19:20:24] [SEVERE ] placing card 41 in slot 8
[2022-12-11 19:20:24] [SEVERE ] placing card 50 in slot 9
[2022-12-11 19:20:24] [SEVERE ] placing card 78 in slot 10
[2022-12-11 19:20:24] [SEVERE ] placing card 3 in slot 11
[2022-12-11 19:20:24] [SEVERE ] setting player 0 freeze to -1670779224816
[2022-12-11 19:20:24] [SEVERE ] setting player 1 freeze to -1670779224816
[2022-12-11 19:20:25] [SEVERE ] setting player 0 freeze to -1670779225828
[2022-12-11 19:20:25] [SEVERE ] setting player 1 freeze to -1670779225829
[2022-12-11 19:20:26] [SEVERE ] setting player 0 freeze to -1670779226841
[2022-12-11 19:20:26] [SEVERE ] setting player 1 freeze to -1670779226842
[2022-12-11 19:20:27] [SEVERE ] setting player 0 freeze to -1670779227856
[2022-12-11 19:20:27] [SEVERE ] setting player 1 freeze to -1670779227856
[2022-12-11 19:20:28] [SEVERE ] Key 82 was pressed by player 0
[2022-12-11 19:20:28] [SEVERE ] player 0 placing token on slot 3
[2022-12-11 19:20:28] [SEVERE ] setting player 0 freeze to -1670779228866
[2022-12-11 19:20:28] [SEVERE ] setting player 1 freeze to -1670779228867
[2022-12-11 19:20:29] [SEVERE ] Key 68 was pressed by player 0
[2022-12-11 19:20:29] [SEVERE ] player 0 placing token on slot 6
[2022-12-11 19:20:29] [SEVERE ] setting player 0 freeze to -1670779229879
[2022-12-11 19:20:29] [SEVERE ] setting player 1 freeze to -1670779229879
[2022-12-11 19:20:30] [SEVERE ] Key 67 was pressed by player 0
[2022-12-11 19:20:30] [SEVERE ] player 0 placing token on slot 10
[2022-12-11 19:20:30] [SEVERE ] setting player 0 freeze to 3000
[2022-12-11 19:20:30] [SEVERE ] setting player 1 freeze to -1670779230614
[2022-12-11 19:20:31] [SEVERE ] setting player 0 freeze to 1994
[2022-12-11 19:20:31] [SEVERE ] setting player 1 freeze to -1670779231621
[2022-12-11 19:20:31] [SEVERE ] Key 67 was pressed by player 0
[2022-12-11 19:20:32] [SEVERE ] setting player 0 freeze to 983
[2022-12-11 19:20:32] [SEVERE ] setting player 1 freeze to -1670779232632
[2022-12-11 19:20:33] [SEVERE ] setting player 0 freeze to -31
[2022-12-11 19:20:33] [SEVERE ] setting player 1 freeze to -1670779233645
[2022-12-11 19:20:34] [SEVERE ] Key 67 was pressed by player 0
[2022-12-11 19:20:34] [SEVERE ] removing player 0 token from slot 10
[2022-12-11 19:20:34] [SEVERE ] setting player 0 freeze to -1040
[2022-12-11 19:20:34] [SEVERE ] setting player 1 freeze to -1670779234654
[2022-12-11 19:20:34] [SEVERE ] Key 86 was pressed by player 0
[2022-12-11 19:20:34] [SEVERE ] player 0 placing token on slot 11
[2022-12-11 19:20:34] [SEVERE ] setting player 0 score to 1
[2022-12-11 19:20:34] [SEVERE ] setting player 0 freeze to 1000
[2022-12-11 19:20:34] [SEVERE ] setting player 1 freeze to -1670779234764
[2022-12-11 19:20:34] [SEVERE ] removing card from slot 3
[2022-12-11 19:20:34] [SEVERE ] removing card from slot 6
[2022-12-11 19:20:35] [SEVERE ] removing card from slot 11
[2022-12-11 19:20:35] [SEVERE ] placing card 29 in slot 3
[2022-12-11 19:20:35] [SEVERE ] placing card 59 in slot 6
[2022-12-11 19:20:35] [SEVERE ] placing card 72 in slot 11
[2022-12-11 19:20:35] [SEVERE ] setting player 0 freeze to -1670779235415
[2022-12-11 19:20:35] [SEVERE ] setting player 1 freeze to -1670779235416
[2022-12-11 19:20:36] [SEVERE ] setting player 0 freeze to -1670779236424
[2022-12-11 19:20:36] [SEVERE ] setting player 1 freeze to -1670779236424
[2022-12-11 19:20:37] [SEVERE ] setting player 0 freeze to -1670779237434
[2022-12-11 19:20:37] [SEVERE ] setting player 1 freeze to -1670779237435
[2022-12-11 19:20:38] [SEVERE ] setting player 0 freeze to -1670779238450
[2022-12-11 19:20:38] [SEVERE ] setting player 1 freeze to -1670779238451
[2022-12-11 19:20:39] [SEVERE ] setting player 0 freeze to -1670779239464
[2022-12-11 19:20:39] [SEVERE ] setting player 1 freeze to -1670779239465
[2022-12-11 19:20:40] [SEVERE ] setting player 0 freeze to -1670779240474
[2022-12-11 19:20:40] [SEVERE ] setting player 1 freeze to -1670779240475
[2022-12-11 19:20:40] [SEVERE ] Key 86 was pressed by player 0
[2022-12-11 19:20:40] [SEVERE ] removing player 0 token from slot 11
[2022-12-11 19:20:40] [SEVERE ] Key 68 was pressed by player 0
[2022-12-11 19:20:40] [SEVERE ] removing player 0 token from slot 6
[2022-12-11 19:20:41] [SEVERE ] Key 82 was pressed by player 0
[2022-12-11 19:20:41] [SEVERE ] player 0 placing token on slot 3
[2022-12-11 19:20:41] [SEVERE ] setting player 0 freeze to -1670779241489
[2022-12-11 19:20:41] [SEVERE ] setting player 1 freeze to -1670779241489
