[2022-12-11 21:37:10] [INFO   ] cannot read configuration file config.properties trying from resources.
[2022-12-11 21:37:10] [INFO   ] configuration file was loaded from resources directory.
[2022-12-11 21:37:11] [SEVERE ] placing card 12 in slot 0
[2022-12-11 21:37:11] [SEVERE ] placing card 30 in slot 1
[2022-12-11 21:37:11] [SEVERE ] placing card 57 in slot 2
[2022-12-11 21:37:11] [SEVERE ] placing card 22 in slot 3
[2022-12-11 21:37:12] [SEVERE ] placing card 39 in slot 4
[2022-12-11 21:37:12] [SEVERE ] placing card 64 in slot 5
[2022-12-11 21:37:12] [SEVERE ] placing card 71 in slot 6
[2022-12-11 21:37:12] [SEVERE ] placing card 50 in slot 7
[2022-12-11 21:37:12] [SEVERE ] placing card 48 in slot 8
[2022-12-11 21:37:12] [SEVERE ] placing card 55 in slot 9
[2022-12-11 21:37:12] [SEVERE ] placing card 80 in slot 10
[2022-12-11 21:37:12] [SEVERE ] placing card 13 in slot 11
[2022-12-11 21:37:12] [SEVERE ] setting player 0 freeze to -1670787432829
[2022-12-11 21:37:12] [SEVERE ] setting player 1 freeze to -1670787432830
[2022-12-11 21:37:13] [SEVERE ] setting player 0 freeze to -1670787433843
[2022-12-11 21:37:13] [SEVERE ] setting player 1 freeze to -1670787433844
[2022-12-11 21:37:14] [SEVERE ] setting player 0 freeze to -1670787434856
[2022-12-11 21:37:14] [SEVERE ] setting player 1 freeze to -1670787434856
[2022-12-11 21:37:15] [SEVERE ] Key 65 was pressed by player 0
[2022-12-11 21:37:15] [SEVERE ] player 0 placing token on slot 4
[2022-12-11 21:37:15] [SEVERE ] Key 83 was pressed by player 0
[2022-12-11 21:37:15] [SEVERE ] player 0 placing token on slot 5
[2022-12-11 21:37:15] [SEVERE ] setting player 0 freeze to -1670787435864
[2022-12-11 21:37:15] [SEVERE ] setting player 1 freeze to -1670787435864
[2022-12-11 21:37:16] [SEVERE ] Key 68 was pressed by player 0
[2022-12-11 21:37:16] [SEVERE ] player 0 placing token on slot 6
[2022-12-11 21:39:10] [SEVERE ] setting player 0 freeze to 2998
[2022-12-11 21:39:10] [SEVERE ] setting player 1 freeze to -1670787550648
[2022-12-11 21:39:10] [SEVERE ] setting player 0 freeze to 2997
[2022-12-11 21:39:10] [SEVERE ] setting player 1 freeze to -1670787550649
[2022-12-11 21:39:10] [SEVERE ] removing player 0 token from slot 4
[2022-12-11 21:39:10] [SEVERE ] removing player 0 token from slot 5
[2022-12-11 21:39:10] [SEVERE ] removing player 0 token from slot 6
