[2022-12-11 19:16:43] [INFO   ] cannot read configuration file config.properties trying from resources.
[2022-12-11 19:16:43] [INFO   ] configuration file was loaded from resources directory.
[2022-12-11 19:16:44] [SEVERE ] placing card 51 in slot 0
[2022-12-11 19:16:44] [SEVERE ] placing card 14 in slot 1
[2022-12-11 19:16:44] [SEVERE ] placing card 42 in slot 2
[2022-12-11 19:16:44] [SEVERE ] placing card 23 in slot 3
[2022-12-11 19:16:44] [SEVERE ] placing card 27 in slot 4
[2022-12-11 19:16:44] [SEVERE ] placing card 28 in slot 5
[2022-12-11 19:16:44] [SEVERE ] placing card 11 in slot 6
[2022-12-11 19:16:45] [SEVERE ] placing card 5 in slot 7
[2022-12-11 19:16:45] [SEVERE ] placing card 1 in slot 8
[2022-12-11 19:16:45] [SEVERE ] placing card 18 in slot 9
[2022-12-11 19:16:45] [SEVERE ] placing card 73 in slot 10
[2022-12-11 19:16:45] [SEVERE ] placing card 19 in slot 11
[2022-12-11 19:16:45] [SEVERE ] setting player 0 freeze to -1670779005542
[2022-12-11 19:16:45] [SEVERE ] setting player 1 freeze to -1670779005542
[2022-12-11 19:16:46] [SEVERE ] setting player 0 freeze to -1670779006555
[2022-12-11 19:16:46] [SEVERE ] setting player 1 freeze to -1670779006556
[2022-12-11 19:16:47] [SEVERE ] setting player 0 freeze to -1670779007563
[2022-12-11 19:16:47] [SEVERE ] setting player 1 freeze to -1670779007565
[2022-12-11 19:16:47] [SEVERE ] Key 81 was pressed by player 0
[2022-12-11 19:16:47] [SEVERE ] player 0 placing token on slot 0
[2022-12-11 19:16:48] [SEVERE ] Key 69 was pressed by player 0
[2022-12-11 19:16:48] [SEVERE ] player 0 placing token on slot 2
[2022-12-11 19:16:48] [SEVERE ] setting player 0 freeze to -1670779008575
[2022-12-11 19:16:48] [SEVERE ] setting player 1 freeze to -1670779008576
[2022-12-11 19:16:48] [SEVERE ] Key 69 was pressed by player 0
[2022-12-11 19:16:48] [SEVERE ] removing player 0 token from slot 2
[2022-12-11 19:16:49] [SEVERE ] Key 82 was pressed by player 0
[2022-12-11 19:16:49] [SEVERE ] player 0 placing token on slot 3
[2022-12-11 19:16:49] [SEVERE ] setting player 0 freeze to -1670779009587
[2022-12-11 19:16:49] [SEVERE ] setting player 1 freeze to -1670779009588
[2022-12-11 19:16:50] [SEVERE ] setting player 0 freeze to -1670779010598
[2022-12-11 19:16:50] [SEVERE ] setting player 1 freeze to -1670779010598
[2022-12-11 19:16:51] [SEVERE ] Key 88 was pressed by player 0
[2022-12-11 19:16:51] [SEVERE ] player 0 placing token on slot 9
[2022-12-11 19:16:51] [SEVERE ] setting player 0 freeze to 3000
[2022-12-11 19:16:51] [SEVERE ] setting player 1 freeze to -1670779011380
[2022-12-11 19:16:52] [SEVERE ] setting player 0 freeze to 1987
[2022-12-11 19:16:52] [SEVERE ] setting player 1 freeze to -1670779012393
[2022-12-11 19:16:53] [SEVERE ] setting player 0 freeze to 976
[2022-12-11 19:16:53] [SEVERE ] setting player 1 freeze to -1670779013404
[2022-12-11 19:16:54] [SEVERE ] setting player 0 freeze to -26
[2022-12-11 19:16:54] [SEVERE ] setting player 1 freeze to -1670779014406
[2022-12-11 19:16:55] [SEVERE ] setting player 0 freeze to -1041
[2022-12-11 19:16:55] [SEVERE ] setting player 1 freeze to -1670779015420
[2022-12-11 19:16:55] [SEVERE ] Key 88 was pressed by player 0
[2022-12-11 19:16:55] [SEVERE ] removing player 0 token from slot 9
[2022-12-11 19:16:56] [SEVERE ] Key 67 was pressed by player 0
[2022-12-11 19:16:56] [SEVERE ] player 0 placing token on slot 10
[2022-12-11 19:16:56] [SEVERE ] setting player 0 score to 1
[2022-12-11 19:16:56] [SEVERE ] setting player 0 freeze to 999
[2022-12-11 19:16:56] [SEVERE ] setting player 1 freeze to -1670779016117
[2022-12-11 19:16:56] [SEVERE ] removing card from slot 0
[2022-12-11 19:16:56] [INFO   ] Thread main terminated.
