[2022-12-11 19:02:16] [INFO   ] cannot read configuration file config.properties trying from resources.
[2022-12-11 19:02:16] [INFO   ] configuration file was loaded from resources directory.
[2022-12-11 19:02:17] [SEVERE ] placing card 70 in slot 0
[2022-12-11 19:02:17] [SEVERE ] placing card 78 in slot 1
[2022-12-11 19:02:17] [SEVERE ] placing card 64 in slot 2
[2022-12-11 19:02:17] [SEVERE ] placing card 14 in slot 3
[2022-12-11 19:02:17] [SEVERE ] placing card 38 in slot 4
[2022-12-11 19:02:17] [SEVERE ] placing card 79 in slot 5
[2022-12-11 19:02:17] [SEVERE ] placing card 69 in slot 6
[2022-12-11 19:02:17] [SEVERE ] placing card 35 in slot 7
[2022-12-11 19:02:18] [SEVERE ] placing card 43 in slot 8
[2022-12-11 19:02:18] [SEVERE ] placing card 32 in slot 9
[2022-12-11 19:02:18] [SEVERE ] Key 74 was pressed by player 1
[2022-12-11 19:02:18] [SEVERE ] placing card 42 in slot 10
[2022-12-11 19:02:18] [SEVERE ] placing card 25 in slot 11
[2022-12-11 19:02:18] [SEVERE ] setting player 0 freeze to -1670778138392
[2022-12-11 19:02:18] [SEVERE ] setting player 1 freeze to -1670778138392
[2022-12-11 19:02:19] [SEVERE ] setting player 0 freeze to -1670778139407
[2022-12-11 19:02:19] [SEVERE ] setting player 1 freeze to -1670778139408
[2022-12-11 19:02:20] [SEVERE ] setting player 0 freeze to -1670778140419
[2022-12-11 19:02:20] [SEVERE ] setting player 1 freeze to -1670778140420
[2022-12-11 19:02:21] [SEVERE ] Key 74 was pressed by player 1
[2022-12-11 19:02:21] [SEVERE ] player 1 placing token on slot 4
[2022-12-11 19:02:21] [SEVERE ] setting player 0 freeze to -1670778141432
[2022-12-11 19:02:21] [SEVERE ] setting player 1 freeze to -1670778141432
[2022-12-11 19:02:22] [SEVERE ] Key 75 was pressed by player 1
[2022-12-11 19:02:22] [SEVERE ] player 1 placing token on slot 5
[2022-12-11 19:02:22] [SEVERE ] setting player 0 freeze to -1670778142443
[2022-12-11 19:02:22] [SEVERE ] setting player 1 freeze to -1670778142443
[2022-12-11 19:02:22] [SEVERE ] Key 76 was pressed by player 1
[2022-12-11 19:02:22] [SEVERE ] player 1 placing token on slot 6
[2022-12-11 19:02:22] [SEVERE ] setting player 0 freeze to -1670778142749
[2022-12-11 19:02:22] [SEVERE ] setting player 1 freeze to 2999
[2022-12-11 19:02:23] [SEVERE ] setting player 0 freeze to -1670778143763
[2022-12-11 19:02:23] [SEVERE ] setting player 1 freeze to 1985
[2022-12-11 19:02:24] [SEVERE ] setting player 0 freeze to -1670778144770
[2022-12-11 19:02:24] [SEVERE ] setting player 1 freeze to 978
[2022-12-11 19:02:25] [SEVERE ] setting player 0 freeze to -1670778145782
[2022-12-11 19:02:25] [SEVERE ] setting player 1 freeze to -34
[2022-12-11 19:02:26] [SEVERE ] setting player 0 freeze to -1670778146795
[2022-12-11 19:02:26] [SEVERE ] setting player 1 freeze to -1046
[2022-12-11 19:02:27] [SEVERE ] setting player 0 freeze to -1670778147805
[2022-12-11 19:02:27] [SEVERE ] setting player 1 freeze to -2056
[2022-12-11 19:02:28] [SEVERE ] Key 76 was pressed by player 1
[2022-12-11 19:02:28] [SEVERE ] removing player 1 token from slot 6
[2022-12-11 19:02:28] [SEVERE ] Key 75 was pressed by player 1
[2022-12-11 19:02:28] [SEVERE ] removing player 1 token from slot 5
[2022-12-11 19:02:28] [SEVERE ] Key 74 was pressed by player 1
[2022-12-11 19:02:28] [SEVERE ] removing player 1 token from slot 4
[2022-12-11 19:02:28] [SEVERE ] Key 74 was pressed by player 1
[2022-12-11 19:02:28] [SEVERE ] player 1 placing token on slot 4
[2022-12-11 19:02:28] [SEVERE ] Key 75 was pressed by player 1
[2022-12-11 19:02:28] [SEVERE ] player 1 placing token on slot 5
[2022-12-11 19:02:28] [SEVERE ] Key 76 was pressed by player 1
[2022-12-11 19:02:28] [SEVERE ] player 1 placing token on slot 6
[2022-12-11 19:02:28] [SEVERE ] setting player 0 freeze to -1670778148675
[2022-12-11 19:02:28] [SEVERE ] setting player 1 freeze to 2999
[2022-12-11 19:02:28] [SEVERE ] Key 74 was pressed by player 1
[2022-12-11 19:02:28] [SEVERE ] Key 75 was pressed by player 1
[2022-12-11 19:02:28] [SEVERE ] Key 76 was pressed by player 1
[2022-12-11 19:02:29] [SEVERE ] setting player 0 freeze to -1670778149683
[2022-12-11 19:02:29] [SEVERE ] setting player 1 freeze to 1990
[2022-12-11 19:02:30] [SEVERE ] setting player 0 freeze to -1670778150695
[2022-12-11 19:02:30] [SEVERE ] setting player 1 freeze to 978
[2022-12-11 19:02:31] [SEVERE ] setting player 0 freeze to -1670778151709
[2022-12-11 19:02:31] [SEVERE ] setting player 1 freeze to -36
[2022-12-11 19:02:32] [SEVERE ] setting player 0 freeze to -1670778152724
[2022-12-11 19:02:32] [SEVERE ] setting player 1 freeze to -1051
[2022-12-11 19:02:33] [SEVERE ] setting player 0 freeze to -1670778153738
[2022-12-11 19:02:33] [SEVERE ] setting player 1 freeze to -2065
[2022-12-11 19:02:33] [SEVERE ] Key 74 was pressed by player 1
[2022-12-11 19:02:33] [SEVERE ] removing player 1 token from slot 4
[2022-12-11 19:02:33] [SEVERE ] Key 75 was pressed by player 1
[2022-12-11 19:02:33] [SEVERE ] removing player 1 token from slot 5
[2022-12-11 19:02:33] [SEVERE ] Key 76 was pressed by player 1
[2022-12-11 19:02:33] [SEVERE ] removing player 1 token from slot 6
[2022-12-11 19:02:34] [SEVERE ] setting player 0 freeze to -1670778154752
[2022-12-11 19:02:34] [SEVERE ] setting player 1 freeze to -3079
[2022-12-11 19:02:34] [SEVERE ] Key 74 was pressed by player 1
[2022-12-11 19:02:34] [SEVERE ] player 1 placing token on slot 4
[2022-12-11 19:02:34] [SEVERE ] Key 75 was pressed by player 1
[2022-12-11 19:02:34] [SEVERE ] player 1 placing token on slot 5
[2022-12-11 19:02:34] [SEVERE ] Key 76 was pressed by player 1
[2022-12-11 19:02:34] [SEVERE ] player 1 placing token on slot 6
[2022-12-11 19:02:34] [SEVERE ] setting player 0 freeze to -1670778154841
[2022-12-11 19:02:34] [SEVERE ] setting player 1 freeze to 2999
[2022-12-11 19:02:34] [SEVERE ] Key 74 was pressed by player 1
[2022-12-11 19:02:35] [SEVERE ] Key 75 was pressed by player 1
[2022-12-11 19:02:35] [SEVERE ] Key 76 was pressed by player 1
[2022-12-11 19:02:35] [SEVERE ] setting player 0 freeze to -1670778155843
[2022-12-11 19:02:35] [SEVERE ] setting player 1 freeze to 1998
[2022-12-11 19:02:36] [SEVERE ] setting player 0 freeze to -1670778156848
[2022-12-11 19:02:36] [SEVERE ] setting player 1 freeze to 992
[2022-12-11 19:02:37] [SEVERE ] setting player 0 freeze to -1670778157859
[2022-12-11 19:02:37] [SEVERE ] setting player 1 freeze to -19
[2022-12-11 19:02:38] [SEVERE ] setting player 0 freeze to -1670778158871
[2022-12-11 19:02:38] [SEVERE ] setting player 1 freeze to -1031
[2022-12-11 19:02:39] [SEVERE ] setting player 0 freeze to -1670778159881
[2022-12-11 19:02:39] [SEVERE ] setting player 1 freeze to -2041
[2022-12-11 19:02:39] [SEVERE ] Key 76 was pressed by player 1
[2022-12-11 19:02:39] [SEVERE ] removing player 1 token from slot 6
[2022-12-11 19:02:40] [SEVERE ] Key 75 was pressed by player 1
[2022-12-11 19:02:40] [SEVERE ] removing player 1 token from slot 5
[2022-12-11 19:02:40] [SEVERE ] Key 74 was pressed by player 1
[2022-12-11 19:02:40] [SEVERE ] removing player 1 token from slot 4
[2022-12-11 19:02:40] [SEVERE ] setting player 0 freeze to -1670778160893
[2022-12-11 19:02:40] [SEVERE ] setting player 1 freeze to -3053
[2022-12-11 19:02:41] [SEVERE ] setting player 0 freeze to -1670778161901
[2022-12-11 19:02:41] [SEVERE ] setting player 1 freeze to -4061
[2022-12-11 19:02:42] [SEVERE ] setting player 0 freeze to -1670778162915
[2022-12-11 19:02:42] [SEVERE ] setting player 1 freeze to -5074
[2022-12-11 19:02:43] [SEVERE ] setting player 0 freeze to -1670778163932
[2022-12-11 19:02:43] [SEVERE ] setting player 1 freeze to -6091
[2022-12-11 19:02:44] [SEVERE ] Key 85 was pressed by player 1
[2022-12-11 19:02:44] [SEVERE ] player 1 placing token on slot 0
[2022-12-11 19:02:44] [SEVERE ] Key 75 was pressed by player 1
[2022-12-11 19:02:44] [SEVERE ] player 1 placing token on slot 5
[2022-12-11 19:02:44] [SEVERE ] setting player 0 freeze to -1670778164939
[2022-12-11 19:02:44] [SEVERE ] setting player 1 freeze to -7099
[2022-12-11 19:02:45] [SEVERE ] Key 73 was pressed by player 1
[2022-12-11 19:02:45] [SEVERE ] player 1 placing token on slot 1
[2022-12-11 19:02:45] [SEVERE ] setting player 0 freeze to -1670778165099
[2022-12-11 19:02:45] [SEVERE ] setting player 1 freeze to 3000
[2022-12-11 19:02:45] [SEVERE ] Key 85 was pressed by player 1
[2022-12-11 19:02:45] [SEVERE ] Key 75 was pressed by player 1
[2022-12-11 19:02:45] [SEVERE ] Key 73 was pressed by player 1
[2022-12-11 19:02:46] [SEVERE ] setting player 0 freeze to -1670778166107
[2022-12-11 19:02:46] [SEVERE ] setting player 1 freeze to 1991
[2022-12-11 19:02:47] [SEVERE ] setting player 0 freeze to -1670778167113
[2022-12-11 19:02:47] [SEVERE ] setting player 1 freeze to 985
[2022-12-11 19:02:48] [SEVERE ] setting player 0 freeze to -1670778168127
[2022-12-11 19:02:48] [SEVERE ] setting player 1 freeze to -29
[2022-12-11 19:02:49] [SEVERE ] setting player 0 freeze to -1670778169138
[2022-12-11 19:02:49] [SEVERE ] setting player 1 freeze to -1039
[2022-12-11 19:02:49] [SEVERE ] setting player 0 freeze to -1670778169139
[2022-12-11 19:02:49] [SEVERE ] setting player 1 freeze to -1040
[2022-12-11 19:02:49] [SEVERE ] removing card from slot 0
[2022-12-11 19:02:49] [SEVERE ] removing card from slot 1
[2022-12-11 19:02:49] [SEVERE ] removing card from slot 2
[2022-12-11 19:02:49] [SEVERE ] removing card from slot 3
[2022-12-11 19:02:49] [SEVERE ] removing card from slot 4
[2022-12-11 19:02:49] [SEVERE ] removing card from slot 5
[2022-12-11 19:02:49] [SEVERE ] removing card from slot 6
[2022-12-11 19:02:50] [SEVERE ] removing card from slot 7
[2022-12-11 19:02:50] [SEVERE ] removing card from slot 8
[2022-12-11 19:02:50] [SEVERE ] removing card from slot 9
[2022-12-11 19:02:50] [SEVERE ] removing card from slot 10
[2022-12-11 19:02:50] [SEVERE ] removing card from slot 11
[2022-12-11 19:02:50] [SEVERE ] removing player 1 token from slot 0
[2022-12-11 19:02:50] [SEVERE ] removing player 1 token from slot 1
[2022-12-11 19:02:50] [SEVERE ] removing player 1 token from slot 5
[2022-12-11 19:02:50] [SEVERE ] setting player 0 freeze to -1670778170448
[2022-12-11 19:02:50] [SEVERE ] setting player 1 freeze to -1670778170448
[2022-12-11 19:02:50] [SEVERE ] placing card 79 in slot 0
[2022-12-11 19:02:50] [SEVERE ] placing card 46 in slot 1
[2022-12-11 19:02:50] [SEVERE ] placing card 8 in slot 2
[2022-12-11 19:02:50] [SEVERE ] placing card 31 in slot 3
[2022-12-11 19:02:50] [SEVERE ] placing card 39 in slot 4
[2022-12-11 19:02:51] [SEVERE ] placing card 42 in slot 5
[2022-12-11 19:02:51] [SEVERE ] placing card 7 in slot 6
[2022-12-11 19:02:51] [SEVERE ] placing card 41 in slot 7
[2022-12-11 19:02:51] [SEVERE ] placing card 24 in slot 8
[2022-12-11 19:02:51] [SEVERE ] placing card 6 in slot 9
[2022-12-11 19:02:51] [SEVERE ] placing card 12 in slot 10
[2022-12-11 19:02:51] [SEVERE ] placing card 62 in slot 11
[2022-12-11 19:02:51] [SEVERE ] setting player 0 freeze to -1670778171772
[2022-12-11 19:02:51] [SEVERE ] setting player 1 freeze to -1670778171772
[2022-12-11 19:02:52] [SEVERE ] setting player 0 freeze to -1670778172781
[2022-12-11 19:02:52] [SEVERE ] setting player 1 freeze to -1670778172782
[2022-12-11 19:02:53] [SEVERE ] setting player 0 freeze to -1670778173791
[2022-12-11 19:02:53] [SEVERE ] setting player 1 freeze to -1670778173792
[2022-12-11 19:02:54] [SEVERE ] setting player 0 freeze to -1670778174802
[2022-12-11 19:02:54] [SEVERE ] setting player 1 freeze to -1670778174803
[2022-12-11 19:02:55] [SEVERE ] setting player 0 freeze to -1670778175810
[2022-12-11 19:02:55] [SEVERE ] setting player 1 freeze to -1670778175811
[2022-12-11 19:02:56] [SEVERE ] setting player 0 freeze to -1670778176819
[2022-12-11 19:02:56] [SEVERE ] setting player 1 freeze to -1670778176820
[2022-12-11 19:02:57] [SEVERE ] setting player 0 freeze to -1670778177829
[2022-12-11 19:02:57] [SEVERE ] setting player 1 freeze to -1670778177830
[2022-12-11 19:02:58] [SEVERE ] setting player 0 freeze to -1670778178839
[2022-12-11 19:02:58] [SEVERE ] setting player 1 freeze to -1670778178839
[2022-12-11 19:02:59] [SEVERE ] setting player 0 freeze to -1670778179848
[2022-12-11 19:02:59] [SEVERE ] setting player 1 freeze to -1670778179849
[2022-12-11 19:03:00] [SEVERE ] setting player 0 freeze to -1670778180856
[2022-12-11 19:03:00] [SEVERE ] setting player 1 freeze to -1670778180857
[2022-12-11 19:03:01] [SEVERE ] setting player 0 freeze to -1670778181866
[2022-12-11 19:03:01] [SEVERE ] setting player 1 freeze to -1670778181866
[2022-12-11 19:03:02] [SEVERE ] setting player 0 freeze to -1670778182876
[2022-12-11 19:03:02] [SEVERE ] setting player 1 freeze to -1670778182876
[2022-12-11 19:03:03] [SEVERE ] Key 74 was pressed by player 1
[2022-12-11 19:03:03] [SEVERE ] player 1 placing token on slot 4
[2022-12-11 19:03:03] [SEVERE ] Key 75 was pressed by player 1
[2022-12-11 19:03:03] [SEVERE ] player 1 placing token on slot 5
[2022-12-11 19:03:03] [SEVERE ] Key 76 was pressed by player 1
[2022-12-11 19:03:03] [SEVERE ] player 1 placing token on slot 6
[2022-12-11 19:03:03] [SEVERE ] setting player 0 freeze to -1670778183522
[2022-12-11 19:03:03] [SEVERE ] setting player 1 freeze to 2999
[2022-12-11 19:03:03] [SEVERE ] Key 74 was pressed by player 1
[2022-12-11 19:03:03] [SEVERE ] Key 75 was pressed by player 1
[2022-12-11 19:03:03] [SEVERE ] Key 76 was pressed by player 1
[2022-12-11 19:03:03] [SEVERE ] Key 74 was pressed by player 1
[2022-12-11 19:03:03] [SEVERE ] Key 76 was pressed by player 1
[2022-12-11 19:03:03] [SEVERE ] Key 75 was pressed by player 1
[2022-12-11 19:03:03] [SEVERE ] Key 74 was pressed by player 1
[2022-12-11 19:03:04] [SEVERE ] Key 75 was pressed by player 1
[2022-12-11 19:03:04] [SEVERE ] Key 76 was pressed by player 1
[2022-12-11 19:03:04] [SEVERE ] Key 74 was pressed by player 1
[2022-12-11 19:03:04] [SEVERE ] Key 75 was pressed by player 1
[2022-12-11 19:03:04] [SEVERE ] Key 76 was pressed by player 1
[2022-12-11 19:03:04] [SEVERE ] setting player 0 freeze to -1670778184538
[2022-12-11 19:03:04] [SEVERE ] setting player 1 freeze to 1982
[2022-12-11 19:03:04] [SEVERE ] Key 74 was pressed by player 1
[2022-12-11 19:03:04] [SEVERE ] Key 75 was pressed by player 1
[2022-12-11 19:03:04] [SEVERE ] Key 76 was pressed by player 1
[2022-12-11 19:03:04] [SEVERE ] Key 59 was pressed by player 1
[2022-12-11 19:03:04] [SEVERE ] Key 74 was pressed by player 1
[2022-12-11 19:03:04] [SEVERE ] Key 59 was pressed by player 1
[2022-12-11 19:03:04] [SEVERE ] Key 76 was pressed by player 1
[2022-12-11 19:03:05] [SEVERE ] Key 75 was pressed by player 1
[2022-12-11 19:03:05] [SEVERE ] Key 74 was pressed by player 1
[2022-12-11 19:03:05] [SEVERE ] Key 59 was pressed by player 1
[2022-12-11 19:03:05] [SEVERE ] Key 76 was pressed by player 1
[2022-12-11 19:03:05] [SEVERE ] Key 75 was pressed by player 1
[2022-12-11 19:03:05] [SEVERE ] Key 74 was pressed by player 1
[2022-12-11 19:03:05] [SEVERE ] setting player 0 freeze to -1670778185550
[2022-12-11 19:03:05] [SEVERE ] setting player 1 freeze to 970
[2022-12-11 19:03:05] [SEVERE ] Key 74 was pressed by player 1
[2022-12-11 19:03:05] [SEVERE ] Key 75 was pressed by player 1
[2022-12-11 19:03:06] [SEVERE ] Key 76 was pressed by player 1
[2022-12-11 19:03:06] [SEVERE ] Key 59 was pressed by player 1
[2022-12-11 19:03:06] [SEVERE ] Key 75 was pressed by player 1
[2022-12-11 19:03:06] [SEVERE ] Key 76 was pressed by player 1
[2022-12-11 19:03:06] [SEVERE ] Key 59 was pressed by player 1
[2022-12-11 19:03:06] [SEVERE ] Key 74 was pressed by player 1
[2022-12-11 19:03:06] [SEVERE ] Key 75 was pressed by player 1
[2022-12-11 19:03:06] [SEVERE ] setting player 0 freeze to -1670778186556
[2022-12-11 19:03:06] [SEVERE ] setting player 1 freeze to -36
[2022-12-11 19:03:06] [SEVERE ] Key 76 was pressed by player 1
[2022-12-11 19:03:06] [SEVERE ] removing player 1 token from slot 6
[2022-12-11 19:03:06] [SEVERE ] Key 59 was pressed by player 1
[2022-12-11 19:03:06] [SEVERE ] player 1 placing token on slot 7
[2022-12-11 19:03:06] [SEVERE ] setting player 0 freeze to -1670778186602
[2022-12-11 19:03:06] [SEVERE ] setting player 1 freeze to 2999
[2022-12-11 19:03:06] [SEVERE ] Key 59 was pressed by player 1
[2022-12-11 19:03:06] [SEVERE ] Key 75 was pressed by player 1
[2022-12-11 19:03:06] [SEVERE ] Key 76 was pressed by player 1
[2022-12-11 19:03:06] [SEVERE ] Key 74 was pressed by player 1
[2022-12-11 19:03:07] [SEVERE ] Key 75 was pressed by player 1
[2022-12-11 19:03:07] [SEVERE ] Key 76 was pressed by player 1
[2022-12-11 19:03:07] [SEVERE ] Key 59 was pressed by player 1
[2022-12-11 19:03:07] [SEVERE ] Key 75 was pressed by player 1
[2022-12-11 19:03:07] [SEVERE ] Key 76 was pressed by player 1
[2022-12-11 19:03:07] [SEVERE ] Key 74 was pressed by player 1
[2022-12-11 19:03:07] [SEVERE ] Key 75 was pressed by player 1
[2022-12-11 19:03:07] [SEVERE ] Key 76 was pressed by player 1
[2022-12-11 19:03:07] [SEVERE ] Key 59 was pressed by player 1
[2022-12-11 19:03:07] [SEVERE ] setting player 0 freeze to -1670778187616
[2022-12-11 19:03:07] [SEVERE ] setting player 1 freeze to 1986
[2022-12-11 19:03:07] [SEVERE ] Key 85 was pressed by player 1
[2022-12-11 19:03:07] [SEVERE ] Key 73 was pressed by player 1
[2022-12-11 19:03:07] [SEVERE ] Key 79 was pressed by player 1
[2022-12-11 19:03:07] [SEVERE ] Key 74 was pressed by player 1
[2022-12-11 19:03:08] [SEVERE ] Key 75 was pressed by player 1
[2022-12-11 19:03:08] [SEVERE ] Key 76 was pressed by player 1
[2022-12-11 19:03:08] [SEVERE ] Key 74 was pressed by player 1
[2022-12-11 19:03:08] [SEVERE ] Key 85 was pressed by player 1
[2022-12-11 19:03:08] [SEVERE ] Key 59 was pressed by player 1
[2022-12-11 19:03:08] [SEVERE ] Key 75 was pressed by player 1
[2022-12-11 19:03:08] [SEVERE ] Key 76 was pressed by player 1
[2022-12-11 19:03:08] [SEVERE ] Key 74 was pressed by player 1
[2022-12-11 19:03:08] [SEVERE ] setting player 0 freeze to -1670778188630
[2022-12-11 19:03:08] [SEVERE ] setting player 1 freeze to 971
[2022-12-11 19:03:08] [SEVERE ] Key 75 was pressed by player 1
[2022-12-11 19:03:08] [SEVERE ] Key 76 was pressed by player 1
[2022-12-11 19:03:08] [SEVERE ] Key 74 was pressed by player 1
[2022-12-11 19:03:08] [SEVERE ] Key 75 was pressed by player 1
[2022-12-11 19:03:08] [SEVERE ] Key 76 was pressed by player 1
[2022-12-11 19:03:08] [SEVERE ] Key 74 was pressed by player 1
[2022-12-11 19:03:09] [SEVERE ] Key 75 was pressed by player 1
[2022-12-11 19:03:09] [SEVERE ] Key 65 was pressed by player 0
[2022-12-11 19:03:09] [SEVERE ] player 0 placing token on slot 4
[2022-12-11 19:03:09] [SEVERE ] Key 76 was pressed by player 1
[2022-12-11 19:03:09] [SEVERE ] Key 74 was pressed by player 1
[2022-12-11 19:03:09] [SEVERE ] Key 83 was pressed by player 0
[2022-12-11 19:03:09] [SEVERE ] player 0 placing token on slot 5
[2022-12-11 19:03:09] [SEVERE ] Key 68 was pressed by player 0
[2022-12-11 19:03:09] [SEVERE ] player 0 placing token on slot 6
[2022-12-11 19:03:09] [SEVERE ] setting player 0 freeze to 3000
[2022-12-11 19:03:09] [SEVERE ] setting player 1 freeze to 386
[2022-12-11 19:03:09] [SEVERE ] Key 83 was pressed by player 0
[2022-12-11 19:03:09] [SEVERE ] Key 65 was pressed by player 0
[2022-12-11 19:03:09] [SEVERE ] Key 75 was pressed by player 1
[2022-12-11 19:03:09] [SEVERE ] Key 68 was pressed by player 0
[2022-12-11 19:03:09] [SEVERE ] Key 74 was pressed by player 1
[2022-12-11 19:03:09] [SEVERE ] Key 83 was pressed by player 0
[2022-12-11 19:03:09] [SEVERE ] Key 65 was pressed by player 0
[2022-12-11 19:03:09] [SEVERE ] Key 75 was pressed by player 1
[2022-12-11 19:03:09] [SEVERE ] Key 76 was pressed by player 1
[2022-12-11 19:03:09] [SEVERE ] Key 70 was pressed by player 0
[2022-12-11 19:03:09] [SEVERE ] Key 74 was pressed by player 1
[2022-12-11 19:03:09] [SEVERE ] removing player 1 token from slot 4
[2022-12-11 19:03:09] [SEVERE ] Key 68 was pressed by player 0
[2022-12-11 19:03:09] [SEVERE ] Key 83 was pressed by player 0
[2022-12-11 19:03:09] [SEVERE ] Key 65 was pressed by player 0
[2022-12-11 19:03:09] [SEVERE ] Key 75 was pressed by player 1
[2022-12-11 19:03:09] [SEVERE ] removing player 1 token from slot 5
[2022-12-11 19:03:09] [SEVERE ] Key 76 was pressed by player 1
[2022-12-11 19:03:09] [SEVERE ] player 1 placing token on slot 6
[2022-12-11 19:03:09] [SEVERE ] Key 70 was pressed by player 0
[2022-12-11 19:03:10] [SEVERE ] Key 68 was pressed by player 0
[2022-12-11 19:03:10] [SEVERE ] Key 75 was pressed by player 1
[2022-12-11 19:03:10] [SEVERE ] player 1 placing token on slot 5
[2022-12-11 19:03:10] [SEVERE ] setting player 0 freeze to 2167
[2022-12-11 19:03:10] [SEVERE ] setting player 1 freeze to 3000
[2022-12-11 19:03:10] [SEVERE ] Key 74 was pressed by player 1
[2022-12-11 19:03:10] [SEVERE ] Key 70 was pressed by player 0
[2022-12-11 19:03:10] [SEVERE ] Key 59 was pressed by player 1
[2022-12-11 19:03:10] [SEVERE ] Key 76 was pressed by player 1
[2022-12-11 19:03:10] [SEVERE ] Key 65 was pressed by player 0
[2022-12-11 19:03:10] [SEVERE ] Key 68 was pressed by player 0
[2022-12-11 19:03:10] [SEVERE ] Key 83 was pressed by player 0
[2022-12-11 19:03:10] [SEVERE ] Key 70 was pressed by player 0
[2022-12-11 19:03:10] [SEVERE ] Key 74 was pressed by player 1
[2022-12-11 19:03:10] [SEVERE ] Key 75 was pressed by player 1
[2022-12-11 19:03:10] [SEVERE ] Key 68 was pressed by player 0
[2022-12-11 19:03:10] [SEVERE ] Key 76 was pressed by player 1
[2022-12-11 19:03:10] [SEVERE ] Key 59 was pressed by player 1
[2022-12-11 19:03:10] [SEVERE ] Key 68 was pressed by player 0
[2022-12-11 19:03:10] [SEVERE ] Key 65 was pressed by player 0
[2022-12-11 19:03:10] [SEVERE ] Key 75 was pressed by player 1
[2022-12-11 19:03:10] [SEVERE ] Key 70 was pressed by player 0
[2022-12-11 19:03:11] [SEVERE ] setting player 0 freeze to 1157
[2022-12-11 19:03:11] [SEVERE ] setting player 1 freeze to 1989
[2022-12-11 19:03:11] [SEVERE ] Key 74 was pressed by player 1
[2022-12-11 19:03:11] [SEVERE ] Key 68 was pressed by player 0
[2022-12-11 19:03:11] [SEVERE ] Key 75 was pressed by player 1
[2022-12-11 19:03:11] [SEVERE ] Key 70 was pressed by player 0
[2022-12-11 19:03:11] [SEVERE ] Key 59 was pressed by player 1
[2022-12-11 19:03:11] [SEVERE ] Key 65 was pressed by player 0
[2022-12-11 19:03:11] [SEVERE ] Key 76 was pressed by player 1
[2022-12-11 19:03:11] [SEVERE ] Key 82 was pressed by player 0
[2022-12-11 19:03:11] [SEVERE ] Key 69 was pressed by player 0
[2022-12-11 19:03:11] [SEVERE ] Key 75 was pressed by player 1
[2022-12-11 19:03:11] [SEVERE ] Key 65 was pressed by player 0
[2022-12-11 19:03:12] [SEVERE ] Key 74 was pressed by player 1
[2022-12-11 19:03:12] [SEVERE ] setting player 0 freeze to 149
[2022-12-11 19:03:12] [SEVERE ] setting player 1 freeze to 982
[2022-12-11 19:03:12] [SEVERE ] Key 70 was pressed by player 0
[2022-12-11 19:03:12] [SEVERE ] Key 68 was pressed by player 0
[2022-12-11 19:03:12] [SEVERE ] Key 75 was pressed by player 1
[2022-12-11 19:03:12] [SEVERE ] Key 59 was pressed by player 1
[2022-12-11 19:03:12] [SEVERE ] Key 65 was pressed by player 0
[2022-12-11 19:03:12] [SEVERE ] removing player 0 token from slot 4
[2022-12-11 19:03:12] [SEVERE ] Key 83 was pressed by player 0
[2022-12-11 19:03:12] [SEVERE ] removing player 0 token from slot 5
[2022-12-11 19:03:12] [SEVERE ] Key 70 was pressed by player 0
[2022-12-11 19:03:12] [SEVERE ] player 0 placing token on slot 7
[2022-12-11 19:03:12] [SEVERE ] Key 75 was pressed by player 1
[2022-12-11 19:03:12] [SEVERE ] Key 74 was pressed by player 1
[2022-12-11 19:03:12] [SEVERE ] Key 65 was pressed by player 0
[2022-12-11 19:03:12] [SEVERE ] player 0 placing token on slot 4
[2022-12-11 19:03:12] [SEVERE ] setting player 0 freeze to 3000
[2022-12-11 19:03:12] [SEVERE ] setting player 1 freeze to 385
[2022-12-11 19:03:12] [SEVERE ] Key 83 was pressed by player 0
[2022-12-11 19:03:12] [SEVERE ] Key 70 was pressed by player 0
[2022-12-11 19:03:12] [SEVERE ] Key 76 was pressed by player 1
[2022-12-11 19:03:12] [SEVERE ] Key 75 was pressed by player 1
[2022-12-11 19:03:12] [SEVERE ] Key 59 was pressed by player 1
[2022-12-11 19:03:12] [SEVERE ] Key 83 was pressed by player 0
[2022-12-11 19:03:13] [SEVERE ] Key 70 was pressed by player 0
[2022-12-11 19:03:13] [SEVERE ] Key 74 was pressed by player 1
[2022-12-11 19:03:13] [SEVERE ] Key 75 was pressed by player 1
[2022-12-11 19:03:13] [SEVERE ] removing player 1 token from slot 5
[2022-12-11 19:03:13] [SEVERE ] Key 65 was pressed by player 0
[2022-12-11 19:03:13] [SEVERE ] Key 59 was pressed by player 1
[2022-12-11 19:03:13] [SEVERE ] removing player 1 token from slot 7
[2022-12-11 19:03:13] [SEVERE ] Key 76 was pressed by player 1
[2022-12-11 19:03:13] [SEVERE ] removing player 1 token from slot 6
[2022-12-11 19:03:13] [SEVERE ] Key 70 was pressed by player 0
[2022-12-11 19:03:13] [SEVERE ] Key 74 was pressed by player 1
[2022-12-11 19:03:13] [SEVERE ] player 1 placing token on slot 4
[2022-12-11 19:03:13] [SEVERE ] Key 75 was pressed by player 1
[2022-12-11 19:03:13] [SEVERE ] player 1 placing token on slot 5
[2022-12-11 19:03:13] [SEVERE ] Key 68 was pressed by player 0
[2022-12-11 19:03:13] [SEVERE ] Key 65 was pressed by player 0
[2022-12-11 19:03:13] [SEVERE ] setting player 0 freeze to 1992
[2022-12-11 19:03:13] [SEVERE ] setting player 1 freeze to -623
[2022-12-11 19:03:13] [SEVERE ] Key 59 was pressed by player 1
[2022-12-11 19:03:13] [SEVERE ] player 1 placing token on slot 7
[2022-12-11 19:03:13] [SEVERE ] setting player 0 freeze to 1969
[2022-12-11 19:03:13] [SEVERE ] setting player 1 freeze to 2999
[2022-12-11 19:03:13] [SEVERE ] Key 70 was pressed by player 0
[2022-12-11 19:03:13] [SEVERE ] Key 75 was pressed by player 1
[2022-12-11 19:03:13] [SEVERE ] Key 68 was pressed by player 0
[2022-12-11 19:03:13] [SEVERE ] Key 76 was pressed by player 1
[2022-12-11 19:03:14] [SEVERE ] Key 74 was pressed by player 1
[2022-12-11 19:03:14] [SEVERE ] Key 70 was pressed by player 0
[2022-12-11 19:03:14] [SEVERE ] Key 75 was pressed by player 1
[2022-12-11 19:03:14] [SEVERE ] Key 76 was pressed by player 1
[2022-12-11 19:03:14] [SEVERE ] Key 65 was pressed by player 0
[2022-12-11 19:03:14] [SEVERE ] Key 59 was pressed by player 1
[2022-12-11 19:03:14] [SEVERE ] setting player 0 freeze to 953
[2022-12-11 19:03:14] [SEVERE ] setting player 1 freeze to 1984
[2022-12-11 19:03:15] [SEVERE ] Key 74 was pressed by player 1
[2022-12-11 19:03:15] [SEVERE ] setting player 0 freeze to -56
[2022-12-11 19:03:15] [SEVERE ] setting player 1 freeze to 975
[2022-12-11 19:03:16] [SEVERE ] Key 65 was pressed by player 0
[2022-12-11 19:03:16] [SEVERE ] removing player 0 token from slot 4
[2022-12-11 19:03:16] [SEVERE ] setting player 0 freeze to -1066
[2022-12-11 19:03:16] [SEVERE ] setting player 1 freeze to -35
[2022-12-11 19:03:17] [SEVERE ] Key 70 was pressed by player 0
[2022-12-11 19:03:17] [SEVERE ] removing player 0 token from slot 7
[2022-12-11 19:03:17] [SEVERE ] setting player 0 freeze to -2074
[2022-12-11 19:03:17] [SEVERE ] setting player 1 freeze to -1043
[2022-12-11 19:03:17] [SEVERE ] Key 68 was pressed by player 0
[2022-12-11 19:03:17] [SEVERE ] removing player 0 token from slot 6
[2022-12-11 19:03:18] [SEVERE ] Key 74 was pressed by player 1
[2022-12-11 19:03:18] [SEVERE ] removing player 1 token from slot 4
[2022-12-11 19:03:18] [SEVERE ] setting player 0 freeze to -3085
[2022-12-11 19:03:18] [SEVERE ] setting player 1 freeze to -2054
[2022-12-11 19:03:18] [SEVERE ] Key 75 was pressed by player 1
[2022-12-11 19:03:18] [SEVERE ] removing player 1 token from slot 5
[2022-12-11 19:03:19] [SEVERE ] Key 59 was pressed by player 1
[2022-12-11 19:03:19] [SEVERE ] removing player 1 token from slot 7
[2022-12-11 19:03:19] [SEVERE ] setting player 0 freeze to -4095
[2022-12-11 19:03:19] [SEVERE ] setting player 1 freeze to -3064
[2022-12-11 19:03:20] [SEVERE ] Key 79 was pressed by player 1
[2022-12-11 19:03:20] [SEVERE ] player 1 placing token on slot 2
[2022-12-11 19:03:20] [SEVERE ] Key 79 was pressed by player 1
[2022-12-11 19:03:20] [SEVERE ] removing player 1 token from slot 2
[2022-12-11 19:03:20] [SEVERE ] setting player 0 freeze to -5103
[2022-12-11 19:03:20] [SEVERE ] setting player 1 freeze to -4072
[2022-12-11 19:03:20] [SEVERE ] Key 73 was pressed by player 1
[2022-12-11 19:03:20] [SEVERE ] player 1 placing token on slot 1
[2022-12-11 19:03:21] [SEVERE ] Key 76 was pressed by player 1
[2022-12-11 19:03:21] [SEVERE ] player 1 placing token on slot 6
[2022-12-11 19:03:21] [SEVERE ] setting player 0 freeze to -6115
[2022-12-11 19:03:21] [SEVERE ] setting player 1 freeze to -5084
[2022-12-11 19:03:21] [SEVERE ] setting player 0 freeze to -6115
[2022-12-11 19:03:21] [SEVERE ] setting player 1 freeze to -5084
[2022-12-11 19:03:21] [SEVERE ] Key 46 was pressed by player 1
[2022-12-11 19:03:21] [SEVERE ] removing card from slot 0
[2022-12-11 19:03:21] [SEVERE ] removing card from slot 1
[2022-12-11 19:03:22] [SEVERE ] removing card from slot 2
[2022-12-11 19:03:22] [SEVERE ] Key 47 was pressed by player 1
[2022-12-11 19:03:22] [SEVERE ] removing card from slot 3
[2022-12-11 19:03:22] [SEVERE ] Key 46 was pressed by player 1
[2022-12-11 19:03:22] [SEVERE ] removing card from slot 4
[2022-12-11 19:03:22] [SEVERE ] removing card from slot 5
[2022-12-11 19:03:22] [SEVERE ] Key 47 was pressed by player 1
[2022-12-11 19:03:22] [SEVERE ] removing card from slot 6
[2022-12-11 19:03:22] [SEVERE ] removing card from slot 7
[2022-12-11 19:03:22] [SEVERE ] removing card from slot 8
[2022-12-11 19:03:22] [SEVERE ] removing card from slot 9
[2022-12-11 19:03:22] [SEVERE ] removing card from slot 10
[2022-12-11 19:03:23] [SEVERE ] removing card from slot 11
[2022-12-11 19:03:23] [SEVERE ] removing player 1 token from slot 1
[2022-12-11 19:03:23] [SEVERE ] removing player 1 token from slot 6
[2022-12-11 19:03:23] [SEVERE ] setting player 0 freeze to -1670778203084
[2022-12-11 19:03:23] [SEVERE ] setting player 1 freeze to -1670778203084
[2022-12-11 19:03:23] [SEVERE ] placing card 42 in slot 0
[2022-12-11 19:03:23] [SEVERE ] placing card 22 in slot 1
[2022-12-11 19:03:23] [SEVERE ] placing card 12 in slot 2
[2022-12-11 19:03:23] [SEVERE ] placing card 53 in slot 3
[2022-12-11 19:03:23] [SEVERE ] placing card 2 in slot 4
[2022-12-11 19:03:23] [SEVERE ] placing card 5 in slot 5
[2022-12-11 19:03:23] [SEVERE ] placing card 39 in slot 6
[2022-12-11 19:03:23] [SEVERE ] placing card 29 in slot 7
[2022-12-11 19:03:24] [SEVERE ] placing card 74 in slot 8
[2022-12-11 19:03:24] [SEVERE ] placing card 15 in slot 9
[2022-12-11 19:03:24] [SEVERE ] placing card 57 in slot 10
[2022-12-11 19:03:24] [SEVERE ] placing card 51 in slot 11
[2022-12-11 19:03:24] [SEVERE ] setting player 0 freeze to -1670778204388
[2022-12-11 19:03:24] [SEVERE ] setting player 1 freeze to -1670778204388
[2022-12-11 19:03:25] [SEVERE ] setting player 0 freeze to -1670778205402
[2022-12-11 19:03:25] [SEVERE ] setting player 1 freeze to -1670778205402
[2022-12-11 19:03:26] [SEVERE ] setting player 0 freeze to -1670778206411
[2022-12-11 19:03:26] [SEVERE ] setting player 1 freeze to -1670778206411
[2022-12-11 19:03:27] [SEVERE ] setting player 0 freeze to -1670778207422
[2022-12-11 19:03:27] [SEVERE ] setting player 1 freeze to -1670778207422
[2022-12-11 19:03:28] [SEVERE ] setting player 0 freeze to -1670778208430
[2022-12-11 19:03:28] [SEVERE ] setting player 1 freeze to -1670778208430
[2022-12-11 19:03:29] [SEVERE ] setting player 0 freeze to -1670778209441
[2022-12-11 19:03:29] [SEVERE ] setting player 1 freeze to -1670778209441
[2022-12-11 19:03:30] [SEVERE ] setting player 0 freeze to -1670778210453
[2022-12-11 19:03:30] [SEVERE ] setting player 1 freeze to -1670778210453
[2022-12-11 19:03:31] [SEVERE ] setting player 0 freeze to -1670778211462
[2022-12-11 19:03:31] [SEVERE ] setting player 1 freeze to -1670778211463
[2022-12-11 19:03:32] [SEVERE ] setting player 0 freeze to -1670778212473
[2022-12-11 19:03:32] [SEVERE ] setting player 1 freeze to -1670778212473
[2022-12-11 19:03:33] [SEVERE ] setting player 0 freeze to -1670778213480
[2022-12-11 19:03:33] [SEVERE ] setting player 1 freeze to -1670778213480
[2022-12-11 19:03:34] [SEVERE ] setting player 0 freeze to -1670778214490
[2022-12-11 19:03:34] [SEVERE ] setting player 1 freeze to -1670778214490
[2022-12-11 19:03:35] [SEVERE ] setting player 0 freeze to -1670778215499
[2022-12-11 19:03:35] [SEVERE ] setting player 1 freeze to -1670778215499
[2022-12-11 19:03:36] [SEVERE ] setting player 0 freeze to -1670778216509
[2022-12-11 19:03:36] [SEVERE ] setting player 1 freeze to -1670778216509
[2022-12-11 19:03:37] [SEVERE ] setting player 0 freeze to -1670778217521
[2022-12-11 19:03:37] [SEVERE ] setting player 1 freeze to -1670778217521
[2022-12-11 19:03:38] [SEVERE ] setting player 0 freeze to -1670778218528
[2022-12-11 19:03:38] [SEVERE ] setting player 1 freeze to -1670778218528
[2022-12-11 19:03:39] [SEVERE ] setting player 0 freeze to -1670778219540
[2022-12-11 19:03:39] [SEVERE ] setting player 1 freeze to -1670778219540
[2022-12-11 19:03:40] [SEVERE ] setting player 0 freeze to -1670778220549
[2022-12-11 19:03:40] [SEVERE ] setting player 1 freeze to -1670778220549
[2022-12-11 19:03:41] [SEVERE ] setting player 0 freeze to -1670778221563
[2022-12-11 19:03:41] [SEVERE ] setting player 1 freeze to -1670778221563
[2022-12-11 19:03:42] [SEVERE ] setting player 0 freeze to -1670778222575
[2022-12-11 19:03:42] [SEVERE ] setting player 1 freeze to -1670778222575
[2022-12-11 19:03:43] [SEVERE ] setting player 0 freeze to -1670778223585
[2022-12-11 19:03:43] [SEVERE ] setting player 1 freeze to -1670778223585
[2022-12-11 19:03:44] [SEVERE ] setting player 0 freeze to -1670778224593
[2022-12-11 19:03:44] [SEVERE ] setting player 1 freeze to -1670778224594
[2022-12-11 19:03:45] [SEVERE ] setting player 0 freeze to -1670778225600
[2022-12-11 19:03:45] [SEVERE ] setting player 1 freeze to -1670778225600
[2022-12-11 19:03:46] [SEVERE ] setting player 0 freeze to -1670778226609
[2022-12-11 19:03:46] [SEVERE ] setting player 1 freeze to -1670778226609
[2022-12-11 19:03:47] [SEVERE ] setting player 0 freeze to -1670778227614
[2022-12-11 19:03:47] [SEVERE ] setting player 1 freeze to -1670778227614
[2022-12-11 19:03:48] [SEVERE ] setting player 0 freeze to -1670778228621
[2022-12-11 19:03:48] [SEVERE ] setting player 1 freeze to -1670778228621
[2022-12-11 19:03:49] [SEVERE ] setting player 0 freeze to -1670778229629
[2022-12-11 19:03:49] [SEVERE ] setting player 1 freeze to -1670778229630
[2022-12-11 19:03:50] [SEVERE ] setting player 0 freeze to -1670778230639
[2022-12-11 19:03:50] [SEVERE ] setting player 1 freeze to -1670778230639
[2022-12-11 19:03:51] [SEVERE ] setting player 0 freeze to -1670778231647
[2022-12-11 19:03:51] [SEVERE ] setting player 1 freeze to -1670778231647
[2022-12-11 19:03:52] [SEVERE ] setting player 0 freeze to -1670778232662
[2022-12-11 19:03:52] [SEVERE ] setting player 1 freeze to -1670778232662
[2022-12-11 19:03:53] [SEVERE ] setting player 0 freeze to -1670778233671
[2022-12-11 19:03:53] [SEVERE ] setting player 1 freeze to -1670778233671
[2022-12-11 19:03:54] [SEVERE ] setting player 0 freeze to -1670778234680
[2022-12-11 19:03:54] [SEVERE ] setting player 1 freeze to -1670778234680
[2022-12-11 19:03:54] [SEVERE ] setting player 0 freeze to -1670778234681
[2022-12-11 19:03:54] [SEVERE ] setting player 1 freeze to -1670778234681
[2022-12-11 19:03:54] [SEVERE ] removing card from slot 0
[2022-12-11 19:03:54] [SEVERE ] removing card from slot 1
[2022-12-11 19:03:55] [SEVERE ] removing card from slot 2
[2022-12-11 19:03:55] [SEVERE ] removing card from slot 3
[2022-12-11 19:03:55] [SEVERE ] removing card from slot 4
[2022-12-11 19:03:55] [SEVERE ] removing card from slot 5
[2022-12-11 19:03:55] [SEVERE ] removing card from slot 6
[2022-12-11 19:03:55] [SEVERE ] removing card from slot 7
[2022-12-11 19:03:55] [SEVERE ] removing card from slot 8
[2022-12-11 19:03:55] [SEVERE ] removing card from slot 9
[2022-12-11 19:03:55] [SEVERE ] removing card from slot 10
[2022-12-11 19:03:55] [SEVERE ] removing card from slot 11
[2022-12-11 19:03:55] [SEVERE ] setting player 0 freeze to -1670778235985
[2022-12-11 19:03:55] [SEVERE ] setting player 1 freeze to -1670778235985
[2022-12-11 19:03:56] [SEVERE ] placing card 47 in slot 0
[2022-12-11 19:03:56] [SEVERE ] placing card 41 in slot 1
[2022-12-11 19:03:56] [SEVERE ] placing card 27 in slot 2
[2022-12-11 19:03:56] [SEVERE ] placing card 51 in slot 3
[2022-12-11 19:03:56] [SEVERE ] placing card 30 in slot 4
[2022-12-11 19:03:56] [SEVERE ] placing card 46 in slot 5
[2022-12-11 19:03:56] [SEVERE ] placing card 32 in slot 6
[2022-12-11 19:03:56] [SEVERE ] placing card 17 in slot 7
[2022-12-11 19:03:56] [SEVERE ] placing card 53 in slot 8
[2022-12-11 19:03:57] [SEVERE ] placing card 55 in slot 9
[2022-12-11 19:03:57] [SEVERE ] placing card 69 in slot 10
[2022-12-11 19:03:57] [SEVERE ] placing card 20 in slot 11
[2022-12-11 19:03:57] [SEVERE ] setting player 0 freeze to -1670778237312
[2022-12-11 19:03:57] [SEVERE ] setting player 1 freeze to -1670778237312
[2022-12-11 19:03:58] [SEVERE ] setting player 0 freeze to -1670778238319
[2022-12-11 19:03:58] [SEVERE ] setting player 1 freeze to -1670778238319
[2022-12-11 19:03:59] [SEVERE ] setting player 0 freeze to -1670778239333
[2022-12-11 19:03:59] [SEVERE ] setting player 1 freeze to -1670778239333
[2022-12-11 19:04:00] [SEVERE ] setting player 0 freeze to -1670778240342
[2022-12-11 19:04:00] [SEVERE ] setting player 1 freeze to -1670778240342
[2022-12-11 19:04:01] [SEVERE ] setting player 0 freeze to -1670778241351
[2022-12-11 19:04:01] [SEVERE ] setting player 1 freeze to -1670778241351
[2022-12-11 19:04:02] [SEVERE ] setting player 0 freeze to -1670778242358
[2022-12-11 19:04:02] [SEVERE ] setting player 1 freeze to -1670778242359
[2022-12-11 19:04:03] [SEVERE ] setting player 0 freeze to -1670778243373
[2022-12-11 19:04:03] [SEVERE ] setting player 1 freeze to -1670778243373
[2022-12-11 19:04:04] [SEVERE ] setting player 0 freeze to -1670778244383
[2022-12-11 19:04:04] [SEVERE ] setting player 1 freeze to -1670778244383
[2022-12-11 19:04:05] [SEVERE ] setting player 0 freeze to -1670778245393
[2022-12-11 19:04:05] [SEVERE ] setting player 1 freeze to -1670778245393
[2022-12-11 19:04:06] [SEVERE ] setting player 0 freeze to -1670778246399
[2022-12-11 19:04:06] [SEVERE ] setting player 1 freeze to -1670778246399
[2022-12-11 19:04:07] [SEVERE ] setting player 0 freeze to -1670778247400
[2022-12-11 19:04:07] [SEVERE ] setting player 1 freeze to -1670778247400
[2022-12-11 19:04:08] [SEVERE ] setting player 0 freeze to -1670778248412
[2022-12-11 19:04:08] [SEVERE ] setting player 1 freeze to -1670778248412
[2022-12-11 19:04:09] [SEVERE ] setting player 0 freeze to -1670778249425
[2022-12-11 19:04:09] [SEVERE ] setting player 1 freeze to -1670778249425
[2022-12-11 19:04:10] [SEVERE ] setting player 0 freeze to -1670778250436
[2022-12-11 19:04:10] [SEVERE ] setting player 1 freeze to -1670778250436
[2022-12-11 19:04:11] [SEVERE ] setting player 0 freeze to -1670778251444
[2022-12-11 19:04:11] [SEVERE ] setting player 1 freeze to -1670778251444
[2022-12-11 19:04:12] [SEVERE ] setting player 0 freeze to -1670778252457
[2022-12-11 19:04:12] [SEVERE ] setting player 1 freeze to -1670778252458
[2022-12-11 19:04:13] [SEVERE ] setting player 0 freeze to -1670778253469
[2022-12-11 19:04:13] [SEVERE ] setting player 1 freeze to -1670778253469
[2022-12-11 19:04:14] [SEVERE ] setting player 0 freeze to -1670778254479
[2022-12-11 19:04:14] [SEVERE ] setting player 1 freeze to -1670778254479
[2022-12-11 19:04:15] [SEVERE ] setting player 0 freeze to -1670778255490
[2022-12-11 19:04:15] [SEVERE ] setting player 1 freeze to -1670778255490
[2022-12-11 19:04:16] [SEVERE ] setting player 0 freeze to -1670778256503
[2022-12-11 19:04:16] [SEVERE ] setting player 1 freeze to -1670778256503
[2022-12-11 19:04:17] [SEVERE ] setting player 0 freeze to -1670778257515
[2022-12-11 19:04:17] [SEVERE ] setting player 1 freeze to -1670778257515
[2022-12-11 19:04:18] [SEVERE ] setting player 0 freeze to -1670778258523
[2022-12-11 19:04:18] [SEVERE ] setting player 1 freeze to -1670778258523
[2022-12-11 19:04:19] [SEVERE ] setting player 0 freeze to -1670778259532
[2022-12-11 19:04:19] [SEVERE ] setting player 1 freeze to -1670778259532
[2022-12-11 19:04:20] [SEVERE ] setting player 0 freeze to -1670778260541
[2022-12-11 19:04:20] [SEVERE ] setting player 1 freeze to -1670778260541
[2022-12-11 19:04:21] [SEVERE ] setting player 0 freeze to -1670778261553
[2022-12-11 19:04:21] [SEVERE ] setting player 1 freeze to -1670778261553
[2022-12-11 19:04:22] [SEVERE ] setting player 0 freeze to -1670778262566
[2022-12-11 19:04:22] [SEVERE ] setting player 1 freeze to -1670778262566
[2022-12-11 19:04:23] [SEVERE ] setting player 0 freeze to -1670778263578
[2022-12-11 19:04:23] [SEVERE ] setting player 1 freeze to -1670778263578
[2022-12-11 19:04:23] [SEVERE ] Key 65 was pressed by player 0
[2022-12-11 19:04:23] [SEVERE ] player 0 placing token on slot 4
[2022-12-11 19:04:23] [SEVERE ] Key 69 was pressed by player 0
[2022-12-11 19:04:23] [SEVERE ] player 0 placing token on slot 2
[2022-12-11 19:04:23] [SEVERE ] Key 83 was pressed by player 0
[2022-12-11 19:04:23] [SEVERE ] player 0 placing token on slot 5
[2022-12-11 19:04:23] [SEVERE ] setting player 0 freeze to 3000
[2022-12-11 19:04:23] [SEVERE ] setting player 1 freeze to -1670778263973
[2022-12-11 19:04:24] [SEVERE ] setting player 0 freeze to 1996
[2022-12-11 19:04:24] [SEVERE ] setting player 1 freeze to -1670778264976
[2022-12-11 19:04:25] [SEVERE ] Key 83 was pressed by player 0
[2022-12-11 19:04:25] [SEVERE ] Key 69 was pressed by player 0
[2022-12-11 19:04:25] [SEVERE ] Key 65 was pressed by player 0
[2022-12-11 19:04:25] [SEVERE ] setting player 0 freeze to 989
[2022-12-11 19:04:25] [SEVERE ] setting player 1 freeze to -1670778265984
[2022-12-11 19:04:26] [SEVERE ] setting player 0 freeze to -24
[2022-12-11 19:04:26] [SEVERE ] setting player 1 freeze to -1670778266997
[2022-12-11 19:04:28] [SEVERE ] setting player 0 freeze to -1034
[2022-12-11 19:04:28] [SEVERE ] setting player 1 freeze to -1670778268006
[2022-12-11 19:04:28] [SEVERE ] setting player 0 freeze to -1034
[2022-12-11 19:04:28] [SEVERE ] setting player 1 freeze to -1670778268007
[2022-12-11 19:04:28] [SEVERE ] Key 83 was pressed by player 0
[2022-12-11 19:04:28] [SEVERE ] Key 69 was pressed by player 0
[2022-12-11 19:04:28] [SEVERE ] removing card from slot 0
[2022-12-11 19:04:28] [SEVERE ] Key 65 was pressed by player 0
[2022-12-11 19:04:28] [SEVERE ] removing card from slot 1
[2022-12-11 19:04:28] [SEVERE ] removing card from slot 2
[2022-12-11 19:04:28] [SEVERE ] removing card from slot 3
[2022-12-11 19:04:28] [SEVERE ] removing card from slot 4
[2022-12-11 19:04:28] [SEVERE ] removing card from slot 5
[2022-12-11 19:04:28] [SEVERE ] removing card from slot 6
[2022-12-11 19:04:28] [SEVERE ] removing card from slot 7
[2022-12-11 19:04:28] [SEVERE ] removing card from slot 8
[2022-12-11 19:04:29] [SEVERE ] removing card from slot 9
[2022-12-11 19:04:29] [SEVERE ] removing card from slot 10
[2022-12-11 19:04:29] [SEVERE ] removing card from slot 11
[2022-12-11 19:04:29] [SEVERE ] removing player 0 token from slot 2
[2022-12-11 19:04:29] [SEVERE ] removing player 0 token from slot 4
[2022-12-11 19:04:29] [SEVERE ] removing player 0 token from slot 5
[2022-12-11 19:04:29] [SEVERE ] setting player 0 freeze to -1670778269312
[2022-12-11 19:04:29] [SEVERE ] setting player 1 freeze to -1670778269313
[2022-12-11 19:04:29] [SEVERE ] placing card 67 in slot 0
[2022-12-11 19:04:29] [SEVERE ] placing card 24 in slot 1
[2022-12-11 19:04:29] [SEVERE ] placing card 63 in slot 2
[2022-12-11 19:04:29] [SEVERE ] placing card 69 in slot 3
[2022-12-11 19:04:29] [SEVERE ] placing card 74 in slot 4
[2022-12-11 19:04:29] [SEVERE ] placing card 68 in slot 5
[2022-12-11 19:04:30] [SEVERE ] placing card 13 in slot 6
[2022-12-11 19:04:30] [SEVERE ] placing card 33 in slot 7
[2022-12-11 19:04:30] [SEVERE ] placing card 73 in slot 8
[2022-12-11 19:04:30] [SEVERE ] placing card 45 in slot 9
[2022-12-11 19:04:30] [SEVERE ] placing card 19 in slot 10
[2022-12-11 19:04:30] [SEVERE ] placing card 26 in slot 11
[2022-12-11 19:04:30] [SEVERE ] setting player 0 freeze to -1670778270633
[2022-12-11 19:04:30] [SEVERE ] setting player 1 freeze to -1670778270633
[2022-12-11 19:04:31] [SEVERE ] setting player 0 freeze to -1670778271648
[2022-12-11 19:04:31] [SEVERE ] setting player 1 freeze to -1670778271648
[2022-12-11 19:04:32] [SEVERE ] setting player 0 freeze to -1670778272660
[2022-12-11 19:04:32] [SEVERE ] setting player 1 freeze to -1670778272660
[2022-12-11 19:04:33] [SEVERE ] setting player 0 freeze to -1670778273672
[2022-12-11 19:04:33] [SEVERE ] setting player 1 freeze to -1670778273672
[2022-12-11 19:04:34] [SEVERE ] setting player 0 freeze to -1670778274680
[2022-12-11 19:04:34] [SEVERE ] setting player 1 freeze to -1670778274680
[2022-12-11 19:04:35] [SEVERE ] setting player 0 freeze to -1670778275688
[2022-12-11 19:04:35] [SEVERE ] setting player 1 freeze to -1670778275688
[2022-12-11 19:04:36] [SEVERE ] setting player 0 freeze to -1670778276697
[2022-12-11 19:04:36] [SEVERE ] setting player 1 freeze to -1670778276697
[2022-12-11 19:04:37] [SEVERE ] setting player 0 freeze to -1670778277706
[2022-12-11 19:04:37] [SEVERE ] setting player 1 freeze to -1670778277706
[2022-12-11 19:04:38] [SEVERE ] setting player 0 freeze to -1670778278717
[2022-12-11 19:04:38] [SEVERE ] setting player 1 freeze to -1670778278717
[2022-12-11 19:04:39] [SEVERE ] setting player 0 freeze to -1670778279729
[2022-12-11 19:04:39] [SEVERE ] setting player 1 freeze to -1670778279729
[2022-12-11 19:04:40] [SEVERE ] setting player 0 freeze to -1670778280738
[2022-12-11 19:04:40] [SEVERE ] setting player 1 freeze to -1670778280738
[2022-12-11 19:04:41] [SEVERE ] setting player 0 freeze to -1670778281749
[2022-12-11 19:04:41] [SEVERE ] setting player 1 freeze to -1670778281749
