[2022-12-11 21:56:40] [INFO   ] cannot read configuration file config.properties trying from resources.
[2022-12-11 21:56:40] [INFO   ] configuration file was loaded from resources directory.
[2022-12-11 21:56:41] [SEVERE ] placing card 74 in slot 0
[2022-12-11 21:56:41] [SEVERE ] placing card 9 in slot 1
[2022-12-11 21:56:41] [SEVERE ] placing card 49 in slot 2
[2022-12-11 21:56:41] [SEVERE ] Key 65 was pressed by player 0
[2022-12-11 21:56:41] [SEVERE ] Key 83 was pressed by player 0
[2022-12-11 21:56:41] [SEVERE ] placing card 21 in slot 3
[2022-12-11 21:56:41] [SEVERE ] Key 68 was pressed by player 0
[2022-12-11 21:56:41] [SEVERE ] placing card 8 in slot 4
[2022-12-11 21:56:41] [SEVERE ] placing card 38 in slot 5
[2022-12-11 21:56:41] [SEVERE ] placing card 32 in slot 6
[2022-12-11 21:56:42] [SEVERE ] placing card 72 in slot 7
[2022-12-11 21:56:42] [SEVERE ] Key 65 was pressed by player 0
[2022-12-11 21:56:42] [SEVERE ] Key 83 was pressed by player 0
[2022-12-11 21:56:42] [SEVERE ] placing card 16 in slot 8
[2022-12-11 21:56:42] [SEVERE ] Key 68 was pressed by player 0
[2022-12-11 21:56:42] [SEVERE ] placing card 44 in slot 9
[2022-12-11 21:56:42] [SEVERE ] placing card 39 in slot 10
[2022-12-11 21:56:42] [SEVERE ] placing card 79 in slot 11
[2022-12-11 21:56:42] [SEVERE ] setting player 0 freeze to -1670788602527
[2022-12-11 21:56:42] [SEVERE ] setting player 1 freeze to -1670788602528
[2022-12-11 21:56:42] [SEVERE ] Key 83 was pressed by player 0
[2022-12-11 21:56:42] [SEVERE ] player 0 placing token on slot 5
[2022-12-11 21:56:42] [SEVERE ] Key 65 was pressed by player 0
[2022-12-11 21:56:42] [SEVERE ] player 0 placing token on slot 4
[2022-12-11 21:56:42] [SEVERE ] Key 68 was pressed by player 0
[2022-12-11 21:56:42] [SEVERE ] player 0 placing token on slot 6
[2022-12-11 21:56:42] [SEVERE ] setting player 0 freeze to 0
[2022-12-11 21:56:42] [SEVERE ] setting player 1 freeze to -1670788602708
[2022-12-11 21:56:43] [SEVERE ] setting player 0 freeze to -1013
[2022-12-11 21:56:43] [SEVERE ] setting player 1 freeze to -1670788603721
[2022-12-11 21:56:43] [SEVERE ] Key 68 was pressed by player 0
[2022-12-11 21:56:43] [SEVERE ] removing player 0 token from slot 6
[2022-12-11 21:56:43] [SEVERE ] Key 83 was pressed by player 0
[2022-12-11 21:56:43] [SEVERE ] removing player 0 token from slot 5
[2022-12-11 21:56:43] [SEVERE ] Key 65 was pressed by player 0
[2022-12-11 21:56:43] [SEVERE ] removing player 0 token from slot 4
[2022-12-11 21:56:44] [SEVERE ] Key 65 was pressed by player 0
[2022-12-11 21:56:44] [SEVERE ] player 0 placing token on slot 4
[2022-12-11 21:56:44] [SEVERE ] Key 83 was pressed by player 0
[2022-12-11 21:56:44] [SEVERE ] player 0 placing token on slot 5
[2022-12-11 21:56:44] [SEVERE ] Key 68 was pressed by player 0
[2022-12-11 21:56:44] [SEVERE ] player 0 placing token on slot 6
[2022-12-11 21:56:44] [SEVERE ] setting player 0 freeze to 0
[2022-12-11 21:56:44] [SEVERE ] setting player 1 freeze to -1670788604559
[2022-12-11 21:56:44] [SEVERE ] Key 68 was pressed by player 0
[2022-12-11 21:56:44] [SEVERE ] removing player 0 token from slot 6
[2022-12-11 21:56:44] [SEVERE ] Key 83 was pressed by player 0
[2022-12-11 21:56:44] [SEVERE ] removing player 0 token from slot 5
[2022-12-11 21:56:44] [SEVERE ] Key 65 was pressed by player 0
[2022-12-11 21:56:44] [SEVERE ] removing player 0 token from slot 4
[2022-12-11 21:56:45] [SEVERE ] Key 65 was pressed by player 0
[2022-12-11 21:56:45] [SEVERE ] player 0 placing token on slot 4
[2022-12-11 21:56:45] [SEVERE ] Key 83 was pressed by player 0
[2022-12-11 21:56:45] [SEVERE ] player 0 placing token on slot 5
[2022-12-11 21:56:45] [SEVERE ] Key 68 was pressed by player 0
[2022-12-11 21:56:45] [SEVERE ] player 0 placing token on slot 6
[2022-12-11 21:56:45] [SEVERE ] setting player 0 freeze to -1
[2022-12-11 21:56:45] [SEVERE ] setting player 1 freeze to -1670788605240
[2022-12-11 21:56:45] [SEVERE ] Key 68 was pressed by player 0
[2022-12-11 21:56:45] [SEVERE ] removing player 0 token from slot 6
[2022-12-11 21:56:45] [SEVERE ] Key 83 was pressed by player 0
[2022-12-11 21:56:45] [SEVERE ] removing player 0 token from slot 5
[2022-12-11 21:56:45] [SEVERE ] Key 65 was pressed by player 0
[2022-12-11 21:56:45] [SEVERE ] removing player 0 token from slot 4
[2022-12-11 21:56:45] [SEVERE ] Key 65 was pressed by player 0
[2022-12-11 21:56:45] [SEVERE ] player 0 placing token on slot 4
[2022-12-11 21:56:45] [SEVERE ] Key 83 was pressed by player 0
[2022-12-11 21:56:45] [SEVERE ] player 0 placing token on slot 5
[2022-12-11 21:56:45] [SEVERE ] Key 68 was pressed by player 0
[2022-12-11 21:56:45] [SEVERE ] player 0 placing token on slot 6
[2022-12-11 21:56:45] [SEVERE ] setting player 0 freeze to 0
[2022-12-11 21:56:45] [SEVERE ] setting player 1 freeze to -1670788605967
[2022-12-11 21:56:46] [SEVERE ] Key 68 was pressed by player 0
[2022-12-11 21:56:46] [SEVERE ] removing player 0 token from slot 6
[2022-12-11 21:56:46] [SEVERE ] Key 83 was pressed by player 0
[2022-12-11 21:56:46] [SEVERE ] removing player 0 token from slot 5
[2022-12-11 21:56:46] [SEVERE ] Key 65 was pressed by player 0
[2022-12-11 21:56:46] [SEVERE ] removing player 0 token from slot 4
[2022-12-11 21:56:46] [SEVERE ] Key 65 was pressed by player 0
[2022-12-11 21:56:46] [SEVERE ] player 0 placing token on slot 4
[2022-12-11 21:56:46] [SEVERE ] Key 83 was pressed by player 0
[2022-12-11 21:56:46] [SEVERE ] player 0 placing token on slot 5
[2022-12-11 21:56:46] [SEVERE ] Key 68 was pressed by player 0
[2022-12-11 21:56:46] [SEVERE ] player 0 placing token on slot 6
[2022-12-11 21:56:46] [SEVERE ] setting player 0 freeze to 0
[2022-12-11 21:56:46] [SEVERE ] setting player 1 freeze to -1670788606767
[2022-12-11 21:56:47] [SEVERE ] Key 68 was pressed by player 0
[2022-12-11 21:56:47] [SEVERE ] removing player 0 token from slot 6
[2022-12-11 21:56:47] [SEVERE ] setting player 0 freeze to -1012
[2022-12-11 21:56:47] [SEVERE ] setting player 1 freeze to -1670788607780
[2022-12-11 21:56:47] [SEVERE ] Key 68 was pressed by player 0
[2022-12-11 21:56:47] [SEVERE ] player 0 placing token on slot 6
[2022-12-11 21:56:47] [SEVERE ] setting player 0 freeze to 0
[2022-12-11 21:56:47] [SEVERE ] setting player 1 freeze to -1670788607969
[2022-12-11 21:56:48] [SEVERE ] Key 83 was pressed by player 0
[2022-12-11 21:56:48] [SEVERE ] removing player 0 token from slot 5
[2022-12-11 21:56:48] [SEVERE ] Key 83 was pressed by player 0
[2022-12-11 21:56:48] [SEVERE ] player 0 placing token on slot 5
[2022-12-11 21:56:48] [SEVERE ] setting player 0 freeze to -1
[2022-12-11 21:56:48] [SEVERE ] setting player 1 freeze to -1670788608648
[2022-12-11 21:56:48] [SEVERE ] Key 83 was pressed by player 0
[2022-12-11 21:56:48] [SEVERE ] removing player 0 token from slot 5
[2022-12-11 21:56:48] [SEVERE ] Key 83 was pressed by player 0
[2022-12-11 21:56:48] [SEVERE ] player 0 placing token on slot 5
[2022-12-11 21:56:48] [SEVERE ] setting player 0 freeze to 0
[2022-12-11 21:56:48] [SEVERE ] setting player 1 freeze to -1670788608986
[2022-12-11 21:56:49] [SEVERE ] Key 83 was pressed by player 0
[2022-12-11 21:56:49] [SEVERE ] removing player 0 token from slot 5
[2022-12-11 21:56:49] [SEVERE ] Key 65 was pressed by player 0
[2022-12-11 21:56:49] [SEVERE ] removing player 0 token from slot 4
[2022-12-11 21:56:49] [SEVERE ] Key 65 was pressed by player 0
[2022-12-11 21:56:49] [SEVERE ] player 0 placing token on slot 4
[2022-12-11 21:56:49] [SEVERE ] Key 65 was pressed by player 0
[2022-12-11 21:56:49] [SEVERE ] removing player 0 token from slot 4
[2022-12-11 21:56:49] [SEVERE ] setting player 0 freeze to -1003
[2022-12-11 21:56:49] [SEVERE ] setting player 1 freeze to -1670788609990
[2022-12-11 21:56:50] [SEVERE ] Key 65 was pressed by player 0
[2022-12-11 21:56:50] [SEVERE ] player 0 placing token on slot 4
[2022-12-11 21:56:50] [SEVERE ] Key 83 was pressed by player 0
[2022-12-11 21:56:50] [SEVERE ] player 0 placing token on slot 5
[2022-12-11 21:56:50] [SEVERE ] setting player 0 freeze to 0
[2022-12-11 21:56:50] [SEVERE ] setting player 1 freeze to -1670788610183
[2022-12-11 21:56:50] [SEVERE ] Key 68 was pressed by player 0
[2022-12-11 21:56:50] [SEVERE ] removing player 0 token from slot 6
[2022-12-11 21:56:50] [SEVERE ] Key 83 was pressed by player 0
[2022-12-11 21:56:50] [SEVERE ] removing player 0 token from slot 5
[2022-12-11 21:56:50] [SEVERE ] Key 65 was pressed by player 0
[2022-12-11 21:56:50] [SEVERE ] removing player 0 token from slot 4
[2022-12-11 21:56:51] [SEVERE ] Key 65 was pressed by player 0
[2022-12-11 21:56:51] [SEVERE ] player 0 placing token on slot 4
[2022-12-11 21:56:51] [SEVERE ] Key 83 was pressed by player 0
[2022-12-11 21:56:51] [SEVERE ] player 0 placing token on slot 5
[2022-12-11 21:56:51] [SEVERE ] setting player 0 freeze to -1012
[2022-12-11 21:56:51] [SEVERE ] setting player 1 freeze to -1670788611194
[2022-12-11 21:56:51] [SEVERE ] Key 68 was pressed by player 0
[2022-12-11 21:56:51] [SEVERE ] player 0 placing token on slot 6
[2022-12-11 21:56:51] [SEVERE ] setting player 0 freeze to 0
[2022-12-11 21:56:51] [SEVERE ] setting player 1 freeze to -1670788611309
[2022-12-11 21:56:51] [SEVERE ] Key 68 was pressed by player 0
[2022-12-11 21:56:51] [SEVERE ] removing player 0 token from slot 6
[2022-12-11 21:56:51] [SEVERE ] Key 68 was pressed by player 0
[2022-12-11 21:56:51] [SEVERE ] player 0 placing token on slot 6
[2022-12-11 21:56:51] [SEVERE ] setting player 0 freeze to -1
[2022-12-11 21:56:51] [SEVERE ] setting player 1 freeze to -1670788611917
[2022-12-11 21:56:51] [SEVERE ] Key 68 was pressed by player 0
[2022-12-11 21:56:51] [SEVERE ] removing player 0 token from slot 6
[2022-12-11 21:56:52] [SEVERE ] Key 90 was pressed by player 0
[2022-12-11 21:56:52] [SEVERE ] player 0 placing token on slot 8
[2022-12-11 21:56:52] [SEVERE ] setting player 0 freeze to 0
[2022-12-11 21:56:52] [SEVERE ] setting player 1 freeze to -1670788612068
[2022-12-11 21:56:52] [SEVERE ] Key 88 was pressed by player 0
[2022-12-11 21:56:52] [SEVERE ] Key 67 was pressed by player 0
[2022-12-11 21:56:52] [SEVERE ] Key 67 was pressed by player 0
[2022-12-11 21:56:53] [SEVERE ] setting player 0 freeze to -1009
[2022-12-11 21:56:53] [SEVERE ] setting player 1 freeze to -1670788613077
[2022-12-11 21:56:53] [SEVERE ] Key 81 was pressed by player 0
[2022-12-11 21:56:53] [SEVERE ] Key 87 was pressed by player 0
[2022-12-11 21:56:53] [SEVERE ] Key 69 was pressed by player 0
[2022-12-11 21:56:54] [SEVERE ] setting player 0 freeze to -2013
[2022-12-11 21:56:54] [SEVERE ] setting player 1 freeze to -1670788614081
[2022-12-11 21:56:54] [SEVERE ] Exit button pressed
[2022-12-11 21:56:55] [SEVERE ] setting player 0 freeze to -3020
[2022-12-11 21:56:55] [SEVERE ] setting player 1 freeze to -1670788615089
[2022-12-11 21:56:55] [SEVERE ] setting player 0 freeze to -3021
[2022-12-11 21:56:55] [SEVERE ] setting player 1 freeze to -1670788615089
[2022-12-11 21:56:55] [SEVERE ] removing player 0 token from slot 4
[2022-12-11 21:56:55] [SEVERE ] removing player 0 token from slot 5
[2022-12-11 21:56:55] [SEVERE ] removing player 0 token from slot 8
[2022-12-11 21:56:55] [SEVERE ] removing card from slot 0
[2022-12-11 21:56:55] [SEVERE ] removing card from slot 1
[2022-12-11 21:56:55] [SEVERE ] removing card from slot 2
[2022-12-11 21:56:55] [SEVERE ] removing card from slot 3
[2022-12-11 21:56:55] [SEVERE ] removing card from slot 4
[2022-12-11 21:56:55] [SEVERE ] removing card from slot 5
[2022-12-11 21:56:55] [SEVERE ] removing card from slot 6
[2022-12-11 21:56:55] [SEVERE ] removing card from slot 7
[2022-12-11 21:56:56] [SEVERE ] removing card from slot 8
[2022-12-11 21:56:56] [SEVERE ] removing card from slot 9
[2022-12-11 21:56:56] [SEVERE ] removing card from slot 10
[2022-12-11 21:56:56] [SEVERE ] removing card from slot 11
[2022-12-11 21:56:56] [SEVERE ] setting player 0 freeze to -1670788616390
[2022-12-11 21:56:56] [SEVERE ] setting player 1 freeze to -1670788616391
[2022-12-11 21:56:56] [INFO   ] Thread main terminated.
