[2022-12-11 21:43:16] [INFO   ] cannot read configuration file config.properties trying from resources.
[2022-12-11 21:43:16] [INFO   ] configuration file was loaded from resources directory.
[2022-12-11 21:43:16] [SEVERE ] placing card 64 in slot 0
[2022-12-11 21:43:16] [SEVERE ] placing card 53 in slot 1
[2022-12-11 21:43:17] [SEVERE ] placing card 62 in slot 2
[2022-12-11 21:43:17] [SEVERE ] Key 65 was pressed by player 0
[2022-12-11 21:43:17] [SEVERE ] placing card 39 in slot 3
[2022-12-11 21:43:17] [SEVERE ] placing card 56 in slot 4
[2022-12-11 21:43:17] [SEVERE ] Key 83 was pressed by player 0
[2022-12-11 21:43:17] [SEVERE ] placing card 43 in slot 5
[2022-12-11 21:43:17] [SEVERE ] Key 68 was pressed by player 0
[2022-12-11 21:43:17] [SEVERE ] placing card 57 in slot 6
[2022-12-11 21:43:17] [SEVERE ] placing card 12 in slot 7
[2022-12-11 21:43:17] [SEVERE ] placing card 23 in slot 8
[2022-12-11 21:43:17] [SEVERE ] placing card 24 in slot 9
[2022-12-11 21:43:17] [SEVERE ] placing card 59 in slot 10
[2022-12-11 21:43:18] [SEVERE ] placing card 1 in slot 11
[2022-12-11 21:43:18] [SEVERE ] setting player 0 freeze to -1670787798021
[2022-12-11 21:43:18] [SEVERE ] setting player 1 freeze to -1670787798021
[2022-12-11 21:43:19] [SEVERE ] setting player 0 freeze to -1670787799031
[2022-12-11 21:43:19] [SEVERE ] setting player 1 freeze to -1670787799032
[2022-12-11 21:43:19] [SEVERE ] Key 68 was pressed by player 0
[2022-12-11 21:43:19] [SEVERE ] player 0 placing token on slot 6
[2022-12-11 21:43:20] [SEVERE ] setting player 0 freeze to -1670787800043
[2022-12-11 21:43:20] [SEVERE ] setting player 1 freeze to -1670787800044
[2022-12-11 21:43:20] [SEVERE ] Key 83 was pressed by player 0
[2022-12-11 21:43:20] [SEVERE ] player 0 placing token on slot 5
[2022-12-11 21:43:21] [SEVERE ] setting player 0 freeze to -1670787801051
[2022-12-11 21:43:21] [SEVERE ] setting player 1 freeze to -1670787801052
[2022-12-11 21:43:21] [SEVERE ] Key 65 was pressed by player 0
[2022-12-11 21:43:21] [SEVERE ] player 0 placing token on slot 4
[2022-12-11 21:43:21] [SEVERE ] setting player 0 freeze to 3000
[2022-12-11 21:43:21] [SEVERE ] setting player 1 freeze to -1670787801460
[2022-12-11 21:43:22] [SEVERE ] setting player 0 freeze to 1993
[2022-12-11 21:43:22] [SEVERE ] setting player 1 freeze to -1670787802467
[2022-12-11 21:43:23] [SEVERE ] setting player 0 freeze to 980
[2022-12-11 21:43:23] [SEVERE ] setting player 1 freeze to -1670787803480
[2022-12-11 21:43:24] [SEVERE ] setting player 0 freeze to -34
[2022-12-11 21:43:24] [SEVERE ] setting player 1 freeze to -1670787804494
