[2022-12-11 18:19:44] [INFO   ] cannot read configuration file config.properties trying from resources.
[2022-12-11 18:19:44] [INFO   ] configuration file was loaded from resources directory.
[2022-12-11 18:19:45] [SEVERE ] placing card 67 in slot 0
[2022-12-11 18:19:45] [SEVERE ] placing card 39 in slot 1
[2022-12-11 18:19:45] [SEVERE ] placing card 23 in slot 2
[2022-12-11 18:19:45] [SEVERE ] placing card 74 in slot 3
[2022-12-11 18:19:45] [SEVERE ] placing card 41 in slot 4
[2022-12-11 18:19:45] [SEVERE ] placing card 66 in slot 5
[2022-12-11 18:19:45] [SEVERE ] placing card 26 in slot 6
[2022-12-11 18:19:45] [SEVERE ] placing card 10 in slot 7
[2022-12-11 18:19:46] [SEVERE ] placing card 0 in slot 8
[2022-12-11 18:19:46] [SEVERE ] placing card 17 in slot 9
[2022-12-11 18:19:46] [SEVERE ] placing card 14 in slot 10
[2022-12-11 18:19:46] [SEVERE ] placing card 19 in slot 11
[2022-12-11 18:19:46] [SEVERE ] setting player 0 freeze to -1670775586406
[2022-12-11 18:19:46] [SEVERE ] setting player 1 freeze to -1670775586407
[2022-12-11 18:19:47] [SEVERE ] setting player 0 freeze to -1670775587418
[2022-12-11 18:19:47] [SEVERE ] setting player 1 freeze to -1670775587419
[2022-12-11 18:19:47] [SEVERE ] Key 65 was pressed by player 0
[2022-12-11 18:19:47] [SEVERE ] player 0 placing token on slot 4
[2022-12-11 18:19:47] [SEVERE ] Key 83 was pressed by player 0
[2022-12-11 18:19:47] [SEVERE ] player 0 placing token on slot 5
[2022-12-11 18:19:48] [SEVERE ] Key 68 was pressed by player 0
[2022-12-11 18:19:48] [SEVERE ] player 0 placing token on slot 6
[2022-12-11 18:19:48] [SEVERE ] setting player 0 freeze to 3000
[2022-12-11 18:19:48] [SEVERE ] setting player 1 freeze to -1670775588432
[2022-12-11 18:19:49] [SEVERE ] setting player 0 freeze to 1994
[2022-12-11 18:19:49] [SEVERE ] setting player 1 freeze to -1670775589437
[2022-12-11 18:19:50] [SEVERE ] setting player 0 freeze to 979
[2022-12-11 18:19:50] [SEVERE ] setting player 1 freeze to -1670775590453
[2022-12-11 18:19:51] [SEVERE ] setting player 0 freeze to -33
[2022-12-11 18:19:51] [SEVERE ] setting player 1 freeze to -1670775591465
[2022-12-11 18:19:52] [SEVERE ] setting player 0 freeze to -1047
[2022-12-11 18:19:52] [SEVERE ] setting player 1 freeze to -1670775592478
[2022-12-11 18:19:52] [SEVERE ] Key 68 was pressed by player 0
[2022-12-11 18:19:52] [SEVERE ] removing player 0 token from slot 6
[2022-12-11 18:19:53] [SEVERE ] Key 83 was pressed by player 0
[2022-12-11 18:19:53] [SEVERE ] removing player 0 token from slot 5
[2022-12-11 18:19:53] [SEVERE ] setting player 0 freeze to -2053
[2022-12-11 18:19:53] [SEVERE ] setting player 1 freeze to -1670775593485
[2022-12-11 18:19:53] [SEVERE ] Key 65 was pressed by player 0
[2022-12-11 18:19:53] [SEVERE ] removing player 0 token from slot 4
[2022-12-11 18:19:54] [SEVERE ] setting player 0 freeze to -3055
[2022-12-11 18:19:54] [SEVERE ] setting player 1 freeze to -1670775594486
[2022-12-11 18:19:54] [SEVERE ] Key 81 was pressed by player 0
[2022-12-11 18:19:54] [SEVERE ] player 0 placing token on slot 0
[2022-12-11 18:19:54] [SEVERE ] Key 83 was pressed by player 0
[2022-12-11 18:19:54] [SEVERE ] player 0 placing token on slot 5
[2022-12-11 18:19:54] [SEVERE ] Key 68 was pressed by player 0
[2022-12-11 18:19:54] [SEVERE ] player 0 placing token on slot 6
[2022-12-11 18:19:55] [SEVERE ] setting player 0 freeze to 2999
[2022-12-11 18:19:55] [SEVERE ] setting player 1 freeze to -1670775595497
[2022-12-11 18:19:56] [SEVERE ] setting player 0 freeze to 1991
[2022-12-11 18:19:56] [SEVERE ] setting player 1 freeze to -1670775596506
[2022-12-11 18:19:56] [SEVERE ] setting player 0 freeze to 1989
[2022-12-11 18:19:56] [SEVERE ] setting player 1 freeze to -1670775596507
[2022-12-11 18:19:56] [SEVERE ] removing card from slot 0
[2022-12-11 18:19:56] [SEVERE ] removing card from slot 1
[2022-12-11 18:19:56] [SEVERE ] removing card from slot 2
[2022-12-11 18:19:56] [SEVERE ] removing card from slot 3
[2022-12-11 18:19:57] [SEVERE ] removing card from slot 4
[2022-12-11 18:19:57] [SEVERE ] removing card from slot 5
[2022-12-11 18:19:57] [SEVERE ] removing card from slot 6
[2022-12-11 18:19:57] [SEVERE ] removing card from slot 7
[2022-12-11 18:19:57] [SEVERE ] removing card from slot 8
[2022-12-11 18:19:57] [SEVERE ] removing card from slot 9
[2022-12-11 18:19:57] [SEVERE ] removing card from slot 10
[2022-12-11 18:19:57] [SEVERE ] removing card from slot 11
[2022-12-11 18:19:57] [SEVERE ] removing player 0 token from slot 0
[2022-12-11 18:19:57] [SEVERE ] removing player 0 token from slot 5
[2022-12-11 18:19:57] [SEVERE ] removing player 0 token from slot 6
[2022-12-11 18:19:57] [SEVERE ] setting player 0 freeze to -1670775597808
[2022-12-11 18:19:57] [SEVERE ] setting player 1 freeze to -1670775597809
[2022-12-11 18:19:57] [SEVERE ] placing card 23 in slot 0
[2022-12-11 18:19:58] [SEVERE ] placing card 12 in slot 1
[2022-12-11 18:19:58] [SEVERE ] placing card 15 in slot 2
[2022-12-11 18:19:58] [SEVERE ] placing card 60 in slot 3
[2022-12-11 18:19:58] [SEVERE ] placing card 29 in slot 4
[2022-12-11 18:19:58] [SEVERE ] placing card 74 in slot 5
[2022-12-11 18:19:58] [SEVERE ] placing card 59 in slot 6
[2022-12-11 18:19:58] [SEVERE ] placing card 21 in slot 7
[2022-12-11 18:19:58] [SEVERE ] placing card 33 in slot 8
[2022-12-11 18:19:58] [SEVERE ] placing card 78 in slot 9
[2022-12-11 18:19:58] [SEVERE ] placing card 68 in slot 10
[2022-12-11 18:19:59] [SEVERE ] placing card 73 in slot 11
[2022-12-11 18:19:59] [SEVERE ] setting player 0 freeze to -1670775599108
[2022-12-11 18:19:59] [SEVERE ] setting player 1 freeze to -1670775599108
[2022-12-11 18:20:00] [SEVERE ] setting player 0 freeze to -1670775600116
[2022-12-11 18:20:00] [SEVERE ] setting player 1 freeze to -1670775600117
[2022-12-11 18:20:01] [SEVERE ] setting player 0 freeze to -1670775601130
[2022-12-11 18:20:01] [SEVERE ] setting player 1 freeze to -1670775601131
[2022-12-11 18:20:02] [SEVERE ] setting player 0 freeze to -1670775602141
[2022-12-11 18:20:02] [SEVERE ] setting player 1 freeze to -1670775602142
[2022-12-11 18:20:03] [SEVERE ] setting player 0 freeze to -1670775603151
[2022-12-11 18:20:03] [SEVERE ] setting player 1 freeze to -1670775603152
[2022-12-11 18:20:04] [SEVERE ] setting player 0 freeze to -1670775604159
[2022-12-11 18:20:04] [SEVERE ] setting player 1 freeze to -1670775604159
[2022-12-11 18:20:04] [SEVERE ] Key 68 was pressed by player 0
[2022-12-11 18:20:04] [SEVERE ] player 0 placing token on slot 6
[2022-12-11 18:20:04] [SEVERE ] Key 83 was pressed by player 0
[2022-12-11 18:20:04] [SEVERE ] player 0 placing token on slot 5
[2022-12-11 18:20:04] [SEVERE ] Key 65 was pressed by player 0
[2022-12-11 18:20:04] [SEVERE ] player 0 placing token on slot 4
[2022-12-11 18:20:05] [SEVERE ] setting player 0 freeze to 3000
[2022-12-11 18:20:05] [SEVERE ] setting player 1 freeze to -1670775605171
[2022-12-11 18:20:06] [SEVERE ] setting player 0 freeze to 1990
[2022-12-11 18:20:06] [SEVERE ] setting player 1 freeze to -1670775606182
[2022-12-11 18:20:07] [SEVERE ] setting player 0 freeze to 989
[2022-12-11 18:20:07] [SEVERE ] setting player 1 freeze to -1670775607183
[2022-12-11 18:20:08] [SEVERE ] setting player 0 freeze to -22
[2022-12-11 18:20:08] [SEVERE ] setting player 1 freeze to -1670775608194
[2022-12-11 18:20:09] [SEVERE ] setting player 0 freeze to -1036
[2022-12-11 18:20:09] [SEVERE ] setting player 1 freeze to -1670775609208
[2022-12-11 18:20:09] [SEVERE ] setting player 0 freeze to -1037
[2022-12-11 18:20:09] [SEVERE ] setting player 1 freeze to -1670775609209
[2022-12-11 18:20:09] [SEVERE ] removing card from slot 0
[2022-12-11 18:20:09] [SEVERE ] removing card from slot 1
[2022-12-11 18:20:09] [SEVERE ] removing card from slot 2
[2022-12-11 18:20:09] [SEVERE ] removing card from slot 3
[2022-12-11 18:20:09] [SEVERE ] removing card from slot 4
[2022-12-11 18:20:09] [SEVERE ] removing card from slot 5
[2022-12-11 18:20:09] [SEVERE ] removing card from slot 6
[2022-12-11 18:20:10] [SEVERE ] removing card from slot 7
[2022-12-11 18:20:10] [SEVERE ] removing card from slot 8
[2022-12-11 18:20:10] [SEVERE ] removing card from slot 9
[2022-12-11 18:20:10] [SEVERE ] removing card from slot 10
[2022-12-11 18:20:10] [SEVERE ] removing card from slot 11
[2022-12-11 18:20:10] [SEVERE ] removing player 0 token from slot 4
[2022-12-11 18:20:10] [SEVERE ] removing player 0 token from slot 5
[2022-12-11 18:20:10] [SEVERE ] removing player 0 token from slot 6
[2022-12-11 18:20:10] [SEVERE ] setting player 0 freeze to -1670775610515
[2022-12-11 18:20:10] [SEVERE ] setting player 1 freeze to -1670775610515
[2022-12-11 18:20:10] [SEVERE ] placing card 64 in slot 0
[2022-12-11 18:20:10] [SEVERE ] placing card 40 in slot 1
[2022-12-11 18:20:10] [SEVERE ] placing card 57 in slot 2
[2022-12-11 18:20:10] [SEVERE ] placing card 34 in slot 3
[2022-12-11 18:20:11] [SEVERE ] placing card 63 in slot 4
[2022-12-11 18:20:11] [SEVERE ] placing card 5 in slot 5
[2022-12-11 18:20:11] [SEVERE ] placing card 28 in slot 6
[2022-12-11 18:20:11] [SEVERE ] placing card 73 in slot 7
[2022-12-11 18:20:11] [SEVERE ] placing card 41 in slot 8
[2022-12-11 18:20:11] [SEVERE ] placing card 80 in slot 9
[2022-12-11 18:20:11] [SEVERE ] placing card 2 in slot 10
[2022-12-11 18:20:11] [SEVERE ] placing card 9 in slot 11
[2022-12-11 18:20:11] [SEVERE ] setting player 0 freeze to -1670775611879
[2022-12-11 18:20:11] [SEVERE ] setting player 1 freeze to -1670775611879
[2022-12-11 18:20:12] [SEVERE ] setting player 0 freeze to -1670775612885
[2022-12-11 18:20:12] [SEVERE ] setting player 1 freeze to -1670775612885
[2022-12-11 18:20:13] [SEVERE ] setting player 0 freeze to -1670775613887
[2022-12-11 18:20:13] [SEVERE ] setting player 1 freeze to -1670775613888
[2022-12-11 18:20:14] [SEVERE ] setting player 0 freeze to -1670775614897
[2022-12-11 18:20:14] [SEVERE ] setting player 1 freeze to -1670775614898
[2022-12-11 18:20:15] [SEVERE ] setting player 0 freeze to -1670775615912
[2022-12-11 18:20:15] [SEVERE ] setting player 1 freeze to -1670775615913
[2022-12-11 18:20:16] [SEVERE ] setting player 0 freeze to -1670775616926
[2022-12-11 18:20:16] [SEVERE ] setting player 1 freeze to -1670775616926
[2022-12-11 18:20:17] [SEVERE ] setting player 0 freeze to -1670775617935
[2022-12-11 18:20:17] [SEVERE ] setting player 1 freeze to -1670775617936
[2022-12-11 18:20:18] [SEVERE ] setting player 0 freeze to -1670775618943
[2022-12-11 18:20:18] [SEVERE ] setting player 1 freeze to -1670775618944
[2022-12-11 18:20:19] [SEVERE ] setting player 0 freeze to -1670775619955
[2022-12-11 18:20:19] [SEVERE ] setting player 1 freeze to -1670775619955
[2022-12-11 18:20:20] [SEVERE ] setting player 0 freeze to -1670775620963
[2022-12-11 18:20:20] [SEVERE ] setting player 1 freeze to -1670775620964
[2022-12-11 18:20:21] [SEVERE ] setting player 0 freeze to -1670775621975
[2022-12-11 18:20:21] [SEVERE ] setting player 1 freeze to -1670775621976
[2022-12-11 18:20:21] [SEVERE ] setting player 0 freeze to -1670775621976
[2022-12-11 18:20:21] [SEVERE ] setting player 1 freeze to -1670775621976
[2022-12-11 18:20:22] [SEVERE ] removing card from slot 0
[2022-12-11 18:20:22] [SEVERE ] removing card from slot 1
[2022-12-11 18:20:22] [SEVERE ] removing card from slot 2
[2022-12-11 18:20:22] [SEVERE ] removing card from slot 3
[2022-12-11 18:20:22] [SEVERE ] removing card from slot 4
[2022-12-11 18:20:22] [SEVERE ] removing card from slot 5
[2022-12-11 18:20:22] [SEVERE ] removing card from slot 6
[2022-12-11 18:20:22] [SEVERE ] removing card from slot 7
[2022-12-11 18:20:22] [SEVERE ] removing card from slot 8
[2022-12-11 18:20:23] [SEVERE ] removing card from slot 9
[2022-12-11 18:20:23] [SEVERE ] removing card from slot 10
[2022-12-11 18:20:23] [SEVERE ] removing card from slot 11
[2022-12-11 18:20:23] [SEVERE ] setting player 0 freeze to -1670775623325
[2022-12-11 18:20:23] [SEVERE ] setting player 1 freeze to -1670775623326
[2022-12-11 18:20:23] [SEVERE ] placing card 26 in slot 0
[2022-12-11 18:20:23] [SEVERE ] placing card 72 in slot 1
[2022-12-11 18:20:23] [SEVERE ] placing card 62 in slot 2
[2022-12-11 18:20:23] [SEVERE ] placing card 0 in slot 3
[2022-12-11 18:20:23] [SEVERE ] placing card 32 in slot 4
[2022-12-11 18:20:23] [SEVERE ] placing card 8 in slot 5
[2022-12-11 18:20:24] [SEVERE ] placing card 9 in slot 6
[2022-12-11 18:20:24] [SEVERE ] placing card 69 in slot 7
[2022-12-11 18:20:24] [SEVERE ] placing card 65 in slot 8
[2022-12-11 18:20:24] [SEVERE ] placing card 63 in slot 9
[2022-12-11 18:20:24] [SEVERE ] placing card 67 in slot 10
[2022-12-11 18:20:24] [SEVERE ] placing card 60 in slot 11
[2022-12-11 18:20:24] [SEVERE ] setting player 0 freeze to -1670775624636
[2022-12-11 18:20:24] [SEVERE ] setting player 1 freeze to -1670775624636
[2022-12-11 18:20:25] [SEVERE ] setting player 0 freeze to -1670775625638
[2022-12-11 18:20:25] [SEVERE ] setting player 1 freeze to -1670775625638
[2022-12-11 18:20:26] [SEVERE ] setting player 0 freeze to -1670775626651
[2022-12-11 18:20:26] [SEVERE ] setting player 1 freeze to -1670775626651
[2022-12-11 18:20:27] [SEVERE ] setting player 0 freeze to -1670775627655
[2022-12-11 18:20:27] [SEVERE ] setting player 1 freeze to -1670775627655
[2022-12-11 18:20:28] [SEVERE ] setting player 0 freeze to -1670775628668
[2022-12-11 18:20:28] [SEVERE ] setting player 1 freeze to -1670775628669
[2022-12-11 18:20:29] [SEVERE ] setting player 0 freeze to -1670775629679
[2022-12-11 18:20:29] [SEVERE ] setting player 1 freeze to -1670775629680
[2022-12-11 18:20:30] [SEVERE ] setting player 0 freeze to -1670775630693
[2022-12-11 18:20:30] [SEVERE ] setting player 1 freeze to -1670775630693
[2022-12-11 18:20:31] [SEVERE ] setting player 0 freeze to -1670775631707
[2022-12-11 18:20:31] [SEVERE ] setting player 1 freeze to -1670775631708
[2022-12-11 18:20:32] [SEVERE ] setting player 0 freeze to -1670775632722
[2022-12-11 18:20:32] [SEVERE ] setting player 1 freeze to -1670775632722
[2022-12-11 18:20:33] [SEVERE ] setting player 0 freeze to -1670775633735
[2022-12-11 18:20:33] [SEVERE ] setting player 1 freeze to -1670775633735
[2022-12-11 18:20:34] [SEVERE ] setting player 0 freeze to -1670775634737
[2022-12-11 18:20:34] [SEVERE ] setting player 1 freeze to -1670775634738
[2022-12-11 18:20:34] [SEVERE ] setting player 0 freeze to -1670775634738
[2022-12-11 18:20:34] [SEVERE ] setting player 1 freeze to -1670775634738
[2022-12-11 18:20:34] [SEVERE ] removing card from slot 0
[2022-12-11 18:20:34] [SEVERE ] removing card from slot 1
[2022-12-11 18:20:35] [SEVERE ] removing card from slot 2
[2022-12-11 18:20:35] [SEVERE ] removing card from slot 3
[2022-12-11 18:20:35] [SEVERE ] removing card from slot 4
[2022-12-11 18:20:35] [SEVERE ] removing card from slot 5
[2022-12-11 18:20:35] [SEVERE ] removing card from slot 6
[2022-12-11 18:20:35] [SEVERE ] removing card from slot 7
[2022-12-11 18:20:35] [SEVERE ] removing card from slot 8
[2022-12-11 18:20:35] [SEVERE ] removing card from slot 9
[2022-12-11 18:20:35] [SEVERE ] removing card from slot 10
[2022-12-11 18:20:36] [SEVERE ] removing card from slot 11
[2022-12-11 18:20:36] [SEVERE ] setting player 0 freeze to -1670775636044
[2022-12-11 18:20:36] [SEVERE ] setting player 1 freeze to -1670775636044
[2022-12-11 18:20:36] [SEVERE ] placing card 76 in slot 0
[2022-12-11 18:20:36] [SEVERE ] placing card 0 in slot 1
[2022-12-11 18:20:36] [SEVERE ] placing card 6 in slot 2
[2022-12-11 18:20:36] [SEVERE ] placing card 60 in slot 3
[2022-12-11 18:20:36] [SEVERE ] placing card 19 in slot 4
[2022-12-11 18:20:36] [SEVERE ] placing card 40 in slot 5
[2022-12-11 18:20:36] [SEVERE ] placing card 39 in slot 6
[2022-12-11 18:20:36] [SEVERE ] placing card 32 in slot 7
[2022-12-11 18:20:37] [SEVERE ] placing card 24 in slot 8
[2022-12-11 18:20:37] [SEVERE ] placing card 55 in slot 9
[2022-12-11 18:20:37] [SEVERE ] placing card 74 in slot 10
[2022-12-11 18:20:37] [SEVERE ] placing card 54 in slot 11
[2022-12-11 18:20:37] [SEVERE ] setting player 0 freeze to -1670775637353
[2022-12-11 18:20:37] [SEVERE ] setting player 1 freeze to -1670775637354
[2022-12-11 18:20:38] [SEVERE ] setting player 0 freeze to -1670775638363
[2022-12-11 18:20:38] [SEVERE ] setting player 1 freeze to -1670775638364
[2022-12-11 18:20:39] [SEVERE ] setting player 0 freeze to -1670775639379
[2022-12-11 18:20:39] [SEVERE ] setting player 1 freeze to -1670775639380
[2022-12-11 18:20:40] [SEVERE ] setting player 0 freeze to -1670775640392
[2022-12-11 18:20:40] [SEVERE ] setting player 1 freeze to -1670775640393
[2022-12-11 18:20:41] [SEVERE ] setting player 0 freeze to -1670775641404
[2022-12-11 18:20:41] [SEVERE ] setting player 1 freeze to -1670775641404
[2022-12-11 18:20:42] [SEVERE ] setting player 0 freeze to -1670775642404
[2022-12-11 18:20:42] [SEVERE ] setting player 1 freeze to -1670775642405
[2022-12-11 18:20:43] [SEVERE ] setting player 0 freeze to -1670775643419
[2022-12-11 18:20:43] [SEVERE ] setting player 1 freeze to -1670775643419
[2022-12-11 18:20:44] [SEVERE ] setting player 0 freeze to -1670775644428
[2022-12-11 18:20:44] [SEVERE ] setting player 1 freeze to -1670775644429
[2022-12-11 18:20:45] [SEVERE ] setting player 0 freeze to -1670775645431
[2022-12-11 18:20:45] [SEVERE ] setting player 1 freeze to -1670775645431
[2022-12-11 18:20:46] [SEVERE ] setting player 0 freeze to -1670775646444
[2022-12-11 18:20:46] [SEVERE ] setting player 1 freeze to -1670775646444
[2022-12-11 18:20:47] [SEVERE ] setting player 0 freeze to -1670775647445
[2022-12-11 18:20:47] [SEVERE ] setting player 1 freeze to -1670775647445
[2022-12-11 18:20:47] [SEVERE ] setting player 0 freeze to -1670775647445
[2022-12-11 18:20:47] [SEVERE ] setting player 1 freeze to -1670775647445
[2022-12-11 18:20:47] [SEVERE ] removing card from slot 0
[2022-12-11 18:20:47] [SEVERE ] removing card from slot 1
[2022-12-11 18:20:47] [SEVERE ] removing card from slot 2
[2022-12-11 18:20:47] [SEVERE ] removing card from slot 3
[2022-12-11 18:20:47] [SEVERE ] removing card from slot 4
[2022-12-11 18:20:48] [SEVERE ] removing card from slot 5
[2022-12-11 18:20:48] [SEVERE ] removing card from slot 6
[2022-12-11 18:20:48] [SEVERE ] removing card from slot 7
[2022-12-11 18:20:48] [SEVERE ] removing card from slot 8
[2022-12-11 18:20:48] [SEVERE ] removing card from slot 9
[2022-12-11 18:20:48] [SEVERE ] removing card from slot 10
[2022-12-11 18:20:48] [SEVERE ] removing card from slot 11
[2022-12-11 18:20:48] [SEVERE ] setting player 0 freeze to -1670775648758
[2022-12-11 18:20:48] [SEVERE ] setting player 1 freeze to -1670775648758
[2022-12-11 18:20:48] [SEVERE ] placing card 68 in slot 0
[2022-12-11 18:20:48] [SEVERE ] placing card 64 in slot 1
[2022-12-11 18:20:49] [SEVERE ] placing card 44 in slot 2
[2022-12-11 18:20:49] [SEVERE ] placing card 50 in slot 3
[2022-12-11 18:20:49] [SEVERE ] placing card 6 in slot 4
[2022-12-11 18:20:49] [SEVERE ] placing card 19 in slot 5
[2022-12-11 18:20:49] [SEVERE ] placing card 13 in slot 6
[2022-12-11 18:20:49] [SEVERE ] placing card 54 in slot 7
[2022-12-11 18:20:49] [SEVERE ] placing card 47 in slot 8
[2022-12-11 18:20:49] [SEVERE ] placing card 73 in slot 9
[2022-12-11 18:20:49] [SEVERE ] placing card 30 in slot 10
[2022-12-11 18:20:50] [SEVERE ] placing card 45 in slot 11
[2022-12-11 18:20:50] [SEVERE ] setting player 0 freeze to -1670775650069
[2022-12-11 18:20:50] [SEVERE ] setting player 1 freeze to -1670775650070
[2022-12-11 18:20:51] [SEVERE ] setting player 0 freeze to -1670775651081
[2022-12-11 18:20:51] [SEVERE ] setting player 1 freeze to -1670775651081
[2022-12-11 18:20:52] [SEVERE ] setting player 0 freeze to -1670775652092
[2022-12-11 18:20:52] [SEVERE ] setting player 1 freeze to -1670775652092
[2022-12-11 18:20:53] [SEVERE ] setting player 0 freeze to -1670775653106
[2022-12-11 18:20:53] [SEVERE ] setting player 1 freeze to -1670775653107
[2022-12-11 18:20:54] [SEVERE ] setting player 0 freeze to -1670775654118
[2022-12-11 18:20:54] [SEVERE ] setting player 1 freeze to -1670775654118
[2022-12-11 18:20:55] [SEVERE ] setting player 0 freeze to -1670775655122
[2022-12-11 18:20:55] [SEVERE ] setting player 1 freeze to -1670775655122
[2022-12-11 18:20:56] [SEVERE ] setting player 0 freeze to -1670775656137
[2022-12-11 18:20:56] [SEVERE ] setting player 1 freeze to -1670775656137
[2022-12-11 18:20:57] [SEVERE ] setting player 0 freeze to -1670775657146
[2022-12-11 18:20:57] [SEVERE ] setting player 1 freeze to -1670775657147
