[2022-12-11 18:38:44] [INFO   ] cannot read configuration file config.properties trying from resources.
[2022-12-11 18:38:44] [INFO   ] configuration file was loaded from resources directory.
[2022-12-11 18:38:45] [SEVERE ] placing card 50 in slot 0
[2022-12-11 18:38:45] [SEVERE ] placing card 72 in slot 1
[2022-12-11 18:38:45] [SEVERE ] placing card 15 in slot 2
[2022-12-11 18:38:45] [SEVERE ] placing card 53 in slot 3
[2022-12-11 18:38:45] [SEVERE ] placing card 39 in slot 4
[2022-12-11 18:38:45] [SEVERE ] placing card 57 in slot 5
[2022-12-11 18:38:45] [SEVERE ] placing card 67 in slot 6
[2022-12-11 18:38:45] [SEVERE ] placing card 51 in slot 7
[2022-12-11 18:38:45] [SEVERE ] placing card 41 in slot 8
[2022-12-11 18:38:46] [SEVERE ] placing card 4 in slot 9
[2022-12-11 18:38:46] [SEVERE ] placing card 17 in slot 10
[2022-12-11 18:38:46] [SEVERE ] Key 65 was pressed by player 0
[2022-12-11 18:38:46] [SEVERE ] placing card 25 in slot 11
[2022-12-11 18:38:46] [SEVERE ] setting player 0 freeze to -1670776726303
[2022-12-11 18:38:46] [SEVERE ] setting player 1 freeze to -1670776726303
[2022-12-11 18:38:47] [SEVERE ] setting player 0 freeze to -1670776727316
[2022-12-11 18:38:47] [SEVERE ] setting player 1 freeze to -1670776727317
[2022-12-11 18:38:48] [SEVERE ] Key 65 was pressed by player 0
[2022-12-11 18:38:48] [SEVERE ] player 0 placing token on slot 4
[2022-12-11 18:38:48] [SEVERE ] setting player 0 freeze to -1670776728328
[2022-12-11 18:38:48] [SEVERE ] setting player 1 freeze to -1670776728329
[2022-12-11 18:38:49] [SEVERE ] Key 83 was pressed by player 0
[2022-12-11 18:38:49] [SEVERE ] player 0 placing token on slot 5
[2022-12-11 18:38:49] [SEVERE ] setting player 0 freeze to -1670776729340
[2022-12-11 18:38:49] [SEVERE ] setting player 1 freeze to -1670776729341
[2022-12-11 18:38:50] [SEVERE ] setting player 0 freeze to -1670776730353
[2022-12-11 18:38:50] [SEVERE ] setting player 1 freeze to -1670776730354
[2022-12-11 18:38:50] [SEVERE ] Key 68 was pressed by player 0
[2022-12-11 18:38:50] [SEVERE ] player 0 placing token on slot 6
[2022-12-11 18:38:51] [SEVERE ] setting player 0 freeze to 2999
[2022-12-11 18:38:51] [SEVERE ] setting player 1 freeze to -1670776731363
[2022-12-11 18:38:52] [SEVERE ] setting player 0 freeze to 1989
[2022-12-11 18:38:52] [SEVERE ] setting player 1 freeze to -1670776732373
[2022-12-11 18:38:53] [SEVERE ] setting player 0 freeze to 977
[2022-12-11 18:38:53] [SEVERE ] setting player 1 freeze to -1670776733385
[2022-12-11 18:38:54] [SEVERE ] setting player 0 freeze to -39
[2022-12-11 18:38:54] [SEVERE ] setting player 1 freeze to -1670776734401
[2022-12-11 18:38:54] [SEVERE ] Key 68 was pressed by player 0
[2022-12-11 18:38:54] [SEVERE ] removing player 0 token from slot 6
[2022-12-11 18:38:54] [SEVERE ] Key 83 was pressed by player 0
[2022-12-11 18:38:54] [SEVERE ] removing player 0 token from slot 5
[2022-12-11 18:38:55] [SEVERE ] Key 65 was pressed by player 0
[2022-12-11 18:38:55] [SEVERE ] removing player 0 token from slot 4
[2022-12-11 18:38:55] [SEVERE ] setting player 0 freeze to -1049
[2022-12-11 18:38:55] [SEVERE ] setting player 1 freeze to -1670776735411
[2022-12-11 18:38:55] [SEVERE ] Key 65 was pressed by player 0
[2022-12-11 18:38:55] [SEVERE ] player 0 placing token on slot 4
[2022-12-11 18:38:55] [SEVERE ] Key 83 was pressed by player 0
[2022-12-11 18:38:55] [SEVERE ] player 0 placing token on slot 5
[2022-12-11 18:38:55] [SEVERE ] Key 68 was pressed by player 0
[2022-12-11 18:38:55] [SEVERE ] player 0 placing token on slot 6
[2022-12-11 18:38:55] [SEVERE ] Key 68 was pressed by player 0
[2022-12-11 18:38:55] [SEVERE ] removing player 0 token from slot 6
[2022-12-11 18:38:55] [SEVERE ] Key 83 was pressed by player 0
[2022-12-11 18:38:55] [SEVERE ] removing player 0 token from slot 5
[2022-12-11 18:38:55] [SEVERE ] Key 65 was pressed by player 0
[2022-12-11 18:38:55] [SEVERE ] removing player 0 token from slot 4
[2022-12-11 18:38:56] [SEVERE ] setting player 0 freeze to -2059
[2022-12-11 18:38:56] [SEVERE ] setting player 1 freeze to -1670776736421
[2022-12-11 18:38:57] [SEVERE ] setting player 0 freeze to -3065
[2022-12-11 18:38:57] [SEVERE ] setting player 1 freeze to -1670776737427
[2022-12-11 18:38:58] [SEVERE ] setting player 0 freeze to -4078
[2022-12-11 18:38:58] [SEVERE ] setting player 1 freeze to -1670776738439
[2022-12-11 18:38:58] [SEVERE ] Key 65 was pressed by player 0
[2022-12-11 18:38:58] [SEVERE ] player 0 placing token on slot 4
[2022-12-11 18:38:58] [SEVERE ] Key 83 was pressed by player 0
[2022-12-11 18:38:58] [SEVERE ] player 0 placing token on slot 5
[2022-12-11 18:38:59] [SEVERE ] Key 68 was pressed by player 0
[2022-12-11 18:38:59] [SEVERE ] player 0 placing token on slot 6
[2022-12-11 18:38:59] [SEVERE ] Key 70 was pressed by player 0
[2022-12-11 18:38:59] [SEVERE ] setting player 0 freeze to 3000
[2022-12-11 18:38:59] [SEVERE ] setting player 1 freeze to -1670776739449
[2022-12-11 18:39:00] [SEVERE ] setting player 0 freeze to 1985
[2022-12-11 18:39:00] [SEVERE ] setting player 1 freeze to -1670776740464
[2022-12-11 18:39:00] [SEVERE ] Key 65 was pressed by player 0
[2022-12-11 18:39:00] [SEVERE ] Key 83 was pressed by player 0
[2022-12-11 18:39:00] [SEVERE ] Key 68 was pressed by player 0
[2022-12-11 18:39:01] [SEVERE ] setting player 0 freeze to 975
[2022-12-11 18:39:01] [SEVERE ] setting player 1 freeze to -1670776741474
[2022-12-11 18:39:02] [SEVERE ] setting player 0 freeze to -39
[2022-12-11 18:39:02] [SEVERE ] setting player 1 freeze to -1670776742488
[2022-12-11 18:39:02] [SEVERE ] Key 65 was pressed by player 0
[2022-12-11 18:39:02] [SEVERE ] removing player 0 token from slot 4
[2022-12-11 18:39:02] [SEVERE ] Key 83 was pressed by player 0
[2022-12-11 18:39:02] [SEVERE ] removing player 0 token from slot 5
[2022-12-11 18:39:02] [SEVERE ] Key 68 was pressed by player 0
[2022-12-11 18:39:02] [SEVERE ] removing player 0 token from slot 6
[2022-12-11 18:39:03] [SEVERE ] setting player 0 freeze to -1045
[2022-12-11 18:39:03] [SEVERE ] setting player 1 freeze to -1670776743494
[2022-12-11 18:39:03] [SEVERE ] Key 65 was pressed by player 0
[2022-12-11 18:39:03] [SEVERE ] player 0 placing token on slot 4
[2022-12-11 18:39:03] [SEVERE ] Key 83 was pressed by player 0
[2022-12-11 18:39:03] [SEVERE ] player 0 placing token on slot 5
[2022-12-11 18:39:03] [SEVERE ] Key 68 was pressed by player 0
[2022-12-11 18:39:03] [SEVERE ] player 0 placing token on slot 6
[2022-12-11 18:39:03] [SEVERE ] Key 68 was pressed by player 0
[2022-12-11 18:39:03] [SEVERE ] removing player 0 token from slot 6
[2022-12-11 18:39:03] [SEVERE ] Key 83 was pressed by player 0
[2022-12-11 18:39:03] [SEVERE ] removing player 0 token from slot 5
[2022-12-11 18:39:03] [SEVERE ] Key 65 was pressed by player 0
[2022-12-11 18:39:03] [SEVERE ] removing player 0 token from slot 4
[2022-12-11 18:39:04] [SEVERE ] setting player 0 freeze to -2058
[2022-12-11 18:39:04] [SEVERE ] setting player 1 freeze to -1670776744506
[2022-12-11 18:39:05] [SEVERE ] Key 65 was pressed by player 0
[2022-12-11 18:39:05] [SEVERE ] player 0 placing token on slot 4
[2022-12-11 18:39:05] [SEVERE ] Key 83 was pressed by player 0
[2022-12-11 18:39:05] [SEVERE ] player 0 placing token on slot 5
[2022-12-11 18:39:05] [SEVERE ] Key 68 was pressed by player 0
[2022-12-11 18:39:05] [SEVERE ] player 0 placing token on slot 6
[2022-12-11 18:39:05] [SEVERE ] Key 83 was pressed by player 0
[2022-12-11 18:39:05] [SEVERE ] removing player 0 token from slot 5
[2022-12-11 18:39:05] [SEVERE ] Key 65 was pressed by player 0
[2022-12-11 18:39:05] [SEVERE ] removing player 0 token from slot 4
[2022-12-11 18:39:05] [SEVERE ] setting player 0 freeze to -3067
[2022-12-11 18:39:05] [SEVERE ] setting player 1 freeze to -1670776745515
[2022-12-11 18:39:06] [SEVERE ] setting player 0 freeze to -4078
[2022-12-11 18:39:06] [SEVERE ] setting player 1 freeze to -1670776746527
[2022-12-11 18:39:07] [SEVERE ] Key 65 was pressed by player 0
[2022-12-11 18:39:07] [SEVERE ] player 0 placing token on slot 4
[2022-12-11 18:39:07] [SEVERE ] Key 87 was pressed by player 0
[2022-12-11 18:39:07] [SEVERE ] player 0 placing token on slot 1
[2022-12-11 18:39:07] [SEVERE ] Key 65 was pressed by player 0
[2022-12-11 18:39:07] [SEVERE ] removing player 0 token from slot 4
[2022-12-11 18:39:07] [SEVERE ] Key 87 was pressed by player 0
[2022-12-11 18:39:07] [SEVERE ] removing player 0 token from slot 1
[2022-12-11 18:39:07] [SEVERE ] setting player 0 freeze to -5088
[2022-12-11 18:39:07] [SEVERE ] setting player 1 freeze to -1670776747537
[2022-12-11 18:39:08] [SEVERE ] Key 65 was pressed by player 0
[2022-12-11 18:39:08] [SEVERE ] player 0 placing token on slot 4
[2022-12-11 18:39:08] [SEVERE ] Key 87 was pressed by player 0
[2022-12-11 18:39:08] [SEVERE ] player 0 placing token on slot 1
[2022-12-11 18:39:08] [SEVERE ] Key 81 was pressed by player 0
[2022-12-11 18:39:08] [SEVERE ] Key 65 was pressed by player 0
[2022-12-11 18:39:08] [SEVERE ] removing player 0 token from slot 4
[2022-12-11 18:39:08] [SEVERE ] Key 87 was pressed by player 0
[2022-12-11 18:39:08] [SEVERE ] removing player 0 token from slot 1
[2022-12-11 18:39:08] [SEVERE ] setting player 0 freeze to -6097
[2022-12-11 18:39:08] [SEVERE ] setting player 1 freeze to -1670776748545
[2022-12-11 18:39:09] [SEVERE ] setting player 0 freeze to -7105
[2022-12-11 18:39:09] [SEVERE ] setting player 1 freeze to -1670776749554
[2022-12-11 18:39:09] [SEVERE ] Key 87 was pressed by player 0
[2022-12-11 18:39:09] [SEVERE ] player 0 placing token on slot 1
[2022-12-11 18:39:10] [SEVERE ] Key 81 was pressed by player 0
[2022-12-11 18:39:10] [SEVERE ] player 0 placing token on slot 0
[2022-12-11 18:39:10] [SEVERE ] Key 87 was pressed by player 0
[2022-12-11 18:39:10] [SEVERE ] removing player 0 token from slot 1
[2022-12-11 18:39:10] [SEVERE ] setting player 0 freeze to -8117
[2022-12-11 18:39:10] [SEVERE ] setting player 1 freeze to -1670776750566
[2022-12-11 18:39:10] [SEVERE ] Key 81 was pressed by player 0
[2022-12-11 18:39:10] [SEVERE ] removing player 0 token from slot 0
[2022-12-11 18:39:10] [SEVERE ] Key 69 was pressed by player 0
[2022-12-11 18:39:10] [SEVERE ] player 0 placing token on slot 2
[2022-12-11 18:39:11] [SEVERE ] Key 81 was pressed by player 0
[2022-12-11 18:39:11] [SEVERE ] player 0 placing token on slot 0
[2022-12-11 18:39:11] [SEVERE ] Key 69 was pressed by player 0
[2022-12-11 18:39:11] [SEVERE ] removing player 0 token from slot 2
[2022-12-11 18:39:11] [SEVERE ] setting player 0 freeze to -9130
[2022-12-11 18:39:11] [SEVERE ] setting player 1 freeze to -1670776751579
[2022-12-11 18:39:12] [SEVERE ] Key 69 was pressed by player 0
[2022-12-11 18:39:12] [SEVERE ] player 0 placing token on slot 2
[2022-12-11 18:39:12] [SEVERE ] Key 87 was pressed by player 0
[2022-12-11 18:39:12] [SEVERE ] Key 81 was pressed by player 0
[2022-12-11 18:39:12] [SEVERE ] removing player 0 token from slot 0
[2022-12-11 18:39:12] [SEVERE ] setting player 0 freeze to -10140
[2022-12-11 18:39:12] [SEVERE ] setting player 1 freeze to -1670776752589
[2022-12-11 18:39:12] [SEVERE ] Key 87 was pressed by player 0
[2022-12-11 18:39:12] [SEVERE ] player 0 placing token on slot 1
[2022-12-11 18:39:12] [SEVERE ] Key 69 was pressed by player 0
[2022-12-11 18:39:12] [SEVERE ] removing player 0 token from slot 2
[2022-12-11 18:39:13] [SEVERE ] setting player 0 freeze to -11151
[2022-12-11 18:39:13] [SEVERE ] setting player 1 freeze to -1670776753600
[2022-12-11 18:39:14] [SEVERE ] Key 65 was pressed by player 0
[2022-12-11 18:39:14] [SEVERE ] player 0 placing token on slot 4
[2022-12-11 18:39:14] [SEVERE ] Key 83 was pressed by player 0
[2022-12-11 18:39:14] [SEVERE ] Key 68 was pressed by player 0
[2022-12-11 18:39:14] [SEVERE ] removing player 0 token from slot 6
[2022-12-11 18:39:14] [SEVERE ] Key 65 was pressed by player 0
[2022-12-11 18:39:14] [SEVERE ] removing player 0 token from slot 4
[2022-12-11 18:39:14] [SEVERE ] Key 87 was pressed by player 0
[2022-12-11 18:39:14] [SEVERE ] removing player 0 token from slot 1
[2022-12-11 18:39:14] [SEVERE ] setting player 0 freeze to -12164
[2022-12-11 18:39:14] [SEVERE ] setting player 1 freeze to -1670776754613
[2022-12-11 18:39:15] [SEVERE ] Key 83 was pressed by player 0
[2022-12-11 18:39:15] [SEVERE ] player 0 placing token on slot 5
[2022-12-11 18:39:15] [SEVERE ] Key 65 was pressed by player 0
[2022-12-11 18:39:15] [SEVERE ] player 0 placing token on slot 4
[2022-12-11 18:39:15] [SEVERE ] Key 69 was pressed by player 0
[2022-12-11 18:39:15] [SEVERE ] player 0 placing token on slot 2
[2022-12-11 18:39:15] [SEVERE ] Key 81 was pressed by player 0
[2022-12-11 18:39:15] [SEVERE ] Key 87 was pressed by player 0
[2022-12-11 18:39:15] [SEVERE ] Key 65 was pressed by player 0
[2022-12-11 18:39:15] [SEVERE ] removing player 0 token from slot 4
[2022-12-11 18:39:15] [SEVERE ] setting player 0 freeze to -13177
[2022-12-11 18:39:15] [SEVERE ] setting player 1 freeze to -1670776755625
[2022-12-11 18:39:16] [SEVERE ] setting player 0 freeze to -14187
[2022-12-11 18:39:16] [SEVERE ] setting player 1 freeze to -1670776756636
[2022-12-11 18:39:16] [SEVERE ] setting player 0 freeze to -14188
[2022-12-11 18:39:16] [SEVERE ] setting player 1 freeze to -1670776756636
[2022-12-11 18:39:16] [SEVERE ] removing card from slot 0
[2022-12-11 18:39:16] [SEVERE ] removing card from slot 1
[2022-12-11 18:39:16] [SEVERE ] removing card from slot 2
[2022-12-11 18:39:17] [SEVERE ] removing card from slot 3
[2022-12-11 18:39:17] [SEVERE ] removing card from slot 4
[2022-12-11 18:39:17] [SEVERE ] removing card from slot 5
[2022-12-11 18:39:17] [SEVERE ] removing card from slot 6
[2022-12-11 18:39:17] [SEVERE ] Key 81 was pressed by player 0
[2022-12-11 18:39:17] [SEVERE ] removing card from slot 7
[2022-12-11 18:39:17] [SEVERE ] Key 83 was pressed by player 0
[2022-12-11 18:39:17] [SEVERE ] Key 68 was pressed by player 0
[2022-12-11 18:39:17] [SEVERE ] removing card from slot 8
[2022-12-11 18:39:17] [SEVERE ] removing card from slot 9
[2022-12-11 18:39:17] [SEVERE ] removing card from slot 10
[2022-12-11 18:39:17] [SEVERE ] removing card from slot 11
[2022-12-11 18:39:17] [SEVERE ] removing player 0 token from slot 2
[2022-12-11 18:39:17] [SEVERE ] removing player 0 token from slot 5
[2022-12-11 18:39:17] [SEVERE ] setting player 0 freeze to -1670776757944
[2022-12-11 18:39:17] [SEVERE ] setting player 1 freeze to -1670776757944
[2022-12-11 18:39:18] [SEVERE ] placing card 55 in slot 0
[2022-12-11 18:39:18] [SEVERE ] placing card 13 in slot 1
[2022-12-11 18:39:18] [SEVERE ] placing card 60 in slot 2
[2022-12-11 18:39:18] [SEVERE ] placing card 15 in slot 3
[2022-12-11 18:39:18] [SEVERE ] placing card 67 in slot 4
[2022-12-11 18:39:18] [SEVERE ] placing card 43 in slot 5
[2022-12-11 18:39:18] [SEVERE ] placing card 62 in slot 6
[2022-12-11 18:39:18] [SEVERE ] placing card 71 in slot 7
[2022-12-11 18:39:18] [SEVERE ] placing card 2 in slot 8
[2022-12-11 18:39:19] [SEVERE ] placing card 8 in slot 9
[2022-12-11 18:39:19] [SEVERE ] placing card 25 in slot 10
[2022-12-11 18:39:19] [SEVERE ] placing card 52 in slot 11
[2022-12-11 18:39:19] [SEVERE ] setting player 0 freeze to -1670776759250
[2022-12-11 18:39:19] [SEVERE ] setting player 1 freeze to -1670776759250
[2022-12-11 18:39:19] [SEVERE ] Key 65 was pressed by player 0
[2022-12-11 18:39:19] [SEVERE ] player 0 placing token on slot 4
[2022-12-11 18:39:20] [SEVERE ] Key 83 was pressed by player 0
[2022-12-11 18:39:20] [SEVERE ] player 0 placing token on slot 5
[2022-12-11 18:39:20] [SEVERE ] Key 68 was pressed by player 0
[2022-12-11 18:39:20] [SEVERE ] player 0 placing token on slot 6
[2022-12-11 18:39:20] [SEVERE ] Key 81 was pressed by player 0
[2022-12-11 18:39:20] [SEVERE ] Key 83 was pressed by player 0
[2022-12-11 18:39:20] [SEVERE ] removing player 0 token from slot 5
[2022-12-11 18:39:20] [SEVERE ] setting player 0 freeze to -1670776760265
[2022-12-11 18:39:20] [SEVERE ] setting player 1 freeze to -1670776760265
[2022-12-11 18:39:20] [SEVERE ] Key 68 was pressed by player 0
[2022-12-11 18:39:20] [SEVERE ] removing player 0 token from slot 6
[2022-12-11 18:39:20] [SEVERE ] Key 65 was pressed by player 0
[2022-12-11 18:39:20] [SEVERE ] removing player 0 token from slot 4
[2022-12-11 18:39:20] [SEVERE ] Key 87 was pressed by player 0
[2022-12-11 18:39:20] [SEVERE ] player 0 placing token on slot 1
[2022-12-11 18:39:21] [SEVERE ] Key 68 was pressed by player 0
[2022-12-11 18:39:21] [SEVERE ] player 0 placing token on slot 6
[2022-12-11 18:39:21] [SEVERE ] Key 65 was pressed by player 0
[2022-12-11 18:39:21] [SEVERE ] player 0 placing token on slot 4
[2022-12-11 18:39:21] [SEVERE ] setting player 0 freeze to 3000
[2022-12-11 18:39:21] [SEVERE ] setting player 1 freeze to -1670776761271
[2022-12-11 18:39:21] [SEVERE ] Key 83 was pressed by player 0
[2022-12-11 18:39:21] [SEVERE ] Key 68 was pressed by player 0
[2022-12-11 18:39:22] [SEVERE ] setting player 0 freeze to 1989
[2022-12-11 18:39:22] [SEVERE ] setting player 1 freeze to -1670776762282
[2022-12-11 18:39:23] [SEVERE ] setting player 0 freeze to 980
[2022-12-11 18:39:23] [SEVERE ] setting player 1 freeze to -1670776763292
[2022-12-11 18:39:24] [SEVERE ] setting player 0 freeze to -37
[2022-12-11 18:39:24] [SEVERE ] setting player 1 freeze to -1670776764308
[2022-12-11 18:39:25] [SEVERE ] setting player 0 freeze to -1045
[2022-12-11 18:39:25] [SEVERE ] setting player 1 freeze to -1670776765316
[2022-12-11 18:39:25] [SEVERE ] Key 65 was pressed by player 0
[2022-12-11 18:39:25] [SEVERE ] removing player 0 token from slot 4
[2022-12-11 18:39:25] [SEVERE ] Key 68 was pressed by player 0
[2022-12-11 18:39:25] [SEVERE ] removing player 0 token from slot 6
[2022-12-11 18:39:25] [SEVERE ] Key 81 was pressed by player 0
[2022-12-11 18:39:25] [SEVERE ] player 0 placing token on slot 0
[2022-12-11 18:39:25] [SEVERE ] Key 87 was pressed by player 0
[2022-12-11 18:39:25] [SEVERE ] removing player 0 token from slot 1
[2022-12-11 18:39:26] [SEVERE ] setting player 0 freeze to -2055
[2022-12-11 18:39:26] [SEVERE ] setting player 1 freeze to -1670776766326
[2022-12-11 18:39:27] [SEVERE ] setting player 0 freeze to -3069
[2022-12-11 18:39:27] [SEVERE ] setting player 1 freeze to -1670776767340
[2022-12-11 18:39:27] [SEVERE ] Key 69 was pressed by player 0
[2022-12-11 18:39:27] [SEVERE ] player 0 placing token on slot 2
[2022-12-11 18:39:27] [SEVERE ] Key 83 was pressed by player 0
[2022-12-11 18:39:27] [SEVERE ] player 0 placing token on slot 5
[2022-12-11 18:39:28] [SEVERE ] Key 65 was pressed by player 0
[2022-12-11 18:39:28] [SEVERE ] Key 87 was pressed by player 0
[2022-12-11 18:39:28] [SEVERE ] Key 69 was pressed by player 0
[2022-12-11 18:39:28] [SEVERE ] removing player 0 token from slot 2
[2022-12-11 18:39:28] [SEVERE ] setting player 0 freeze to -4083
[2022-12-11 18:39:28] [SEVERE ] setting player 1 freeze to -1670776768354
[2022-12-11 18:39:29] [SEVERE ] setting player 0 freeze to -5092
[2022-12-11 18:39:29] [SEVERE ] setting player 1 freeze to -1670776769363
[2022-12-11 18:39:29] [SEVERE ] Key 65 was pressed by player 0
[2022-12-11 18:39:29] [SEVERE ] player 0 placing token on slot 4
[2022-12-11 18:39:29] [SEVERE ] Key 87 was pressed by player 0
[2022-12-11 18:39:29] [SEVERE ] Key 65 was pressed by player 0
[2022-12-11 18:39:29] [SEVERE ] removing player 0 token from slot 4
[2022-12-11 18:39:29] [SEVERE ] Key 87 was pressed by player 0
[2022-12-11 18:39:29] [SEVERE ] player 0 placing token on slot 1
[2022-12-11 18:39:30] [SEVERE ] Key 87 was pressed by player 0
[2022-12-11 18:39:30] [SEVERE ] removing player 0 token from slot 1
[2022-12-11 18:39:30] [SEVERE ] setting player 0 freeze to -6102
[2022-12-11 18:39:30] [SEVERE ] setting player 1 freeze to -1670776770373
[2022-12-11 18:39:30] [SEVERE ] Key 65 was pressed by player 0
[2022-12-11 18:39:30] [SEVERE ] player 0 placing token on slot 4
[2022-12-11 18:39:30] [SEVERE ] Key 69 was pressed by player 0
[2022-12-11 18:39:31] [SEVERE ] Key 65 was pressed by player 0
[2022-12-11 18:39:31] [SEVERE ] removing player 0 token from slot 4
[2022-12-11 18:39:31] [SEVERE ] setting player 0 freeze to -7115
[2022-12-11 18:39:31] [SEVERE ] setting player 1 freeze to -1670776771386
[2022-12-11 18:39:31] [SEVERE ] Key 87 was pressed by player 0
[2022-12-11 18:39:31] [SEVERE ] player 0 placing token on slot 1
[2022-12-11 18:39:32] [SEVERE ] Key 87 was pressed by player 0
[2022-12-11 18:39:32] [SEVERE ] removing player 0 token from slot 1
[2022-12-11 18:39:32] [SEVERE ] setting player 0 freeze to -8124
[2022-12-11 18:39:32] [SEVERE ] setting player 1 freeze to -1670776772395
[2022-12-11 18:39:32] [SEVERE ] Key 87 was pressed by player 0
[2022-12-11 18:39:32] [SEVERE ] player 0 placing token on slot 1
[2022-12-11 18:39:33] [SEVERE ] Key 87 was pressed by player 0
[2022-12-11 18:39:33] [SEVERE ] removing player 0 token from slot 1
[2022-12-11 18:39:33] [SEVERE ] setting player 0 freeze to -9138
[2022-12-11 18:39:33] [SEVERE ] setting player 1 freeze to -1670776773409
[2022-12-11 18:39:33] [SEVERE ] Key 87 was pressed by player 0
[2022-12-11 18:39:33] [SEVERE ] player 0 placing token on slot 1
[2022-12-11 18:39:34] [SEVERE ] Key 87 was pressed by player 0
[2022-12-11 18:39:34] [SEVERE ] removing player 0 token from slot 1
[2022-12-11 18:39:34] [SEVERE ] setting player 0 freeze to -10147
[2022-12-11 18:39:34] [SEVERE ] setting player 1 freeze to -1670776774418
[2022-12-11 18:39:35] [SEVERE ] Key 87 was pressed by player 0
[2022-12-11 18:39:35] [SEVERE ] player 0 placing token on slot 1
[2022-12-11 18:39:35] [SEVERE ] setting player 0 freeze to 3000
[2022-12-11 18:39:35] [SEVERE ] setting player 1 freeze to -1670776775429
[2022-12-11 18:39:35] [SEVERE ] Key 87 was pressed by player 0
[2022-12-11 18:39:36] [SEVERE ] setting player 0 freeze to 1989
[2022-12-11 18:39:36] [SEVERE ] setting player 1 freeze to -1670776776440
[2022-12-11 18:39:36] [SEVERE ] Key 87 was pressed by player 0
[2022-12-11 18:39:37] [SEVERE ] Key 87 was pressed by player 0
[2022-12-11 18:39:37] [SEVERE ] setting player 0 freeze to 978
[2022-12-11 18:39:37] [SEVERE ] setting player 1 freeze to -1670776777452
[2022-12-11 18:39:38] [SEVERE ] setting player 0 freeze to -36
[2022-12-11 18:39:38] [SEVERE ] setting player 1 freeze to -1670776778465
[2022-12-11 18:39:39] [SEVERE ] setting player 0 freeze to -1044
[2022-12-11 18:39:39] [SEVERE ] setting player 1 freeze to -1670776779473
[2022-12-11 18:39:40] [SEVERE ] setting player 0 freeze to -2057
[2022-12-11 18:39:40] [SEVERE ] setting player 1 freeze to -1670776780486
[2022-12-11 18:39:41] [SEVERE ] setting player 0 freeze to -3067
[2022-12-11 18:39:41] [SEVERE ] setting player 1 freeze to -1670776781496
[2022-12-11 18:39:42] [SEVERE ] setting player 0 freeze to -4076
[2022-12-11 18:39:42] [SEVERE ] setting player 1 freeze to -1670776782505
[2022-12-11 18:39:43] [SEVERE ] setting player 0 freeze to -5090
[2022-12-11 18:39:43] [SEVERE ] setting player 1 freeze to -1670776783519
[2022-12-11 18:39:44] [SEVERE ] Key 87 was pressed by player 0
[2022-12-11 18:39:44] [SEVERE ] removing player 0 token from slot 1
[2022-12-11 18:39:44] [SEVERE ] setting player 0 freeze to -6096
[2022-12-11 18:39:44] [SEVERE ] setting player 1 freeze to -1670776784525
[2022-12-11 18:39:45] [SEVERE ] setting player 0 freeze to -7111
[2022-12-11 18:39:45] [SEVERE ] setting player 1 freeze to -1670776785540
[2022-12-11 18:39:45] [SEVERE ] Key 65 was pressed by player 0
[2022-12-11 18:39:45] [SEVERE ] player 0 placing token on slot 4
[2022-12-11 18:39:46] [SEVERE ] Key 87 was pressed by player 0
[2022-12-11 18:39:46] [SEVERE ] Key 65 was pressed by player 0
[2022-12-11 18:39:46] [SEVERE ] removing player 0 token from slot 4
[2022-12-11 18:39:46] [SEVERE ] setting player 0 freeze to -8122
[2022-12-11 18:39:46] [SEVERE ] setting player 1 freeze to -1670776786551
[2022-12-11 18:39:47] [SEVERE ] Key 81 was pressed by player 0
[2022-12-11 18:39:47] [SEVERE ] removing player 0 token from slot 0
[2022-12-11 18:39:47] [SEVERE ] setting player 0 freeze to -9129
[2022-12-11 18:39:47] [SEVERE ] setting player 1 freeze to -1670776787558
[2022-12-11 18:39:47] [SEVERE ] Key 83 was pressed by player 0
[2022-12-11 18:39:47] [SEVERE ] removing player 0 token from slot 5
[2022-12-11 18:39:48] [SEVERE ] setting player 0 freeze to -10140
[2022-12-11 18:39:48] [SEVERE ] setting player 1 freeze to -1670776788570
[2022-12-11 18:39:48] [SEVERE ] Key 68 was pressed by player 0
[2022-12-11 18:39:48] [SEVERE ] player 0 placing token on slot 6
[2022-12-11 18:39:48] [SEVERE ] Key 83 was pressed by player 0
[2022-12-11 18:39:48] [SEVERE ] player 0 placing token on slot 5
[2022-12-11 18:39:48] [SEVERE ] Key 87 was pressed by player 0
[2022-12-11 18:39:48] [SEVERE ] player 0 placing token on slot 1
[2022-12-11 18:39:49] [SEVERE ] Key 83 was pressed by player 0
[2022-12-11 18:39:49] [SEVERE ] removing player 0 token from slot 5
[2022-12-11 18:39:49] [SEVERE ] Key 65 was pressed by player 0
[2022-12-11 18:39:49] [SEVERE ] player 0 placing token on slot 4
[2022-12-11 18:39:49] [SEVERE ] setting player 0 freeze to 3000
[2022-12-11 18:39:49] [SEVERE ] setting player 1 freeze to -1670776789582
[2022-12-11 18:39:49] [SEVERE ] setting player 0 freeze to 2999
[2022-12-11 18:39:49] [SEVERE ] setting player 1 freeze to -1670776789582
[2022-12-11 18:39:49] [SEVERE ] removing card from slot 0
[2022-12-11 18:39:49] [SEVERE ] Key 87 was pressed by player 0
[2022-12-11 18:39:49] [SEVERE ] removing card from slot 1
[2022-12-11 18:39:49] [SEVERE ] removing card from slot 2
[2022-12-11 18:39:50] [SEVERE ] removing card from slot 3
[2022-12-11 18:39:50] [SEVERE ] removing card from slot 4
[2022-12-11 18:39:50] [SEVERE ] Key 65 was pressed by player 0
[2022-12-11 18:39:50] [SEVERE ] removing card from slot 5
[2022-12-11 18:39:50] [SEVERE ] removing card from slot 6
[2022-12-11 18:39:50] [SEVERE ] Key 68 was pressed by player 0
[2022-12-11 18:39:50] [SEVERE ] removing card from slot 7
[2022-12-11 18:39:50] [SEVERE ] Key 87 was pressed by player 0
[2022-12-11 18:39:50] [SEVERE ] removing card from slot 8
[2022-12-11 18:39:50] [SEVERE ] Key 65 was pressed by player 0
[2022-12-11 18:39:50] [SEVERE ] removing card from slot 9
[2022-12-11 18:39:50] [SEVERE ] removing card from slot 10
[2022-12-11 18:39:50] [SEVERE ] removing card from slot 11
[2022-12-11 18:39:50] [SEVERE ] removing player 0 token from slot 1
[2022-12-11 18:39:50] [SEVERE ] removing player 0 token from slot 4
[2022-12-11 18:39:50] [SEVERE ] removing player 0 token from slot 6
[2022-12-11 18:39:50] [SEVERE ] setting player 0 freeze to -1670776790891
[2022-12-11 18:39:50] [SEVERE ] setting player 1 freeze to -1670776790892
[2022-12-11 18:39:50] [SEVERE ] placing card 47 in slot 0
[2022-12-11 18:39:51] [SEVERE ] placing card 2 in slot 1
[2022-12-11 18:39:51] [SEVERE ] placing card 50 in slot 2
[2022-12-11 18:39:51] [SEVERE ] placing card 5 in slot 3
[2022-12-11 18:39:51] [SEVERE ] placing card 26 in slot 4
[2022-12-11 18:39:51] [SEVERE ] placing card 64 in slot 5
[2022-12-11 18:39:51] [SEVERE ] placing card 38 in slot 6
[2022-12-11 18:39:51] [SEVERE ] placing card 59 in slot 7
[2022-12-11 18:39:51] [SEVERE ] placing card 1 in slot 8
[2022-12-11 18:39:51] [SEVERE ] placing card 37 in slot 9
[2022-12-11 18:39:52] [SEVERE ] placing card 74 in slot 10
[2022-12-11 18:39:52] [SEVERE ] placing card 70 in slot 11
[2022-12-11 18:39:52] [SEVERE ] setting player 0 freeze to -1670776792195
[2022-12-11 18:39:52] [SEVERE ] setting player 1 freeze to -1670776792195
[2022-12-11 18:39:53] [SEVERE ] setting player 0 freeze to -1670776793202
[2022-12-11 18:39:53] [SEVERE ] setting player 1 freeze to -1670776793202
[2022-12-11 18:39:54] [SEVERE ] setting player 0 freeze to -1670776794214
[2022-12-11 18:39:54] [SEVERE ] setting player 1 freeze to -1670776794215
[2022-12-11 18:39:55] [SEVERE ] setting player 0 freeze to -1670776795225
[2022-12-11 18:39:55] [SEVERE ] setting player 1 freeze to -1670776795225
[2022-12-11 18:39:56] [SEVERE ] setting player 0 freeze to -1670776796235
[2022-12-11 18:39:56] [SEVERE ] setting player 1 freeze to -1670776796235
[2022-12-11 18:39:57] [SEVERE ] setting player 0 freeze to -1670776797247
[2022-12-11 18:39:57] [SEVERE ] setting player 1 freeze to -1670776797247
[2022-12-11 18:39:58] [SEVERE ] setting player 0 freeze to -1670776798254
[2022-12-11 18:39:58] [SEVERE ] setting player 1 freeze to -1670776798254
[2022-12-11 18:39:59] [SEVERE ] setting player 0 freeze to -1670776799261
[2022-12-11 18:39:59] [SEVERE ] setting player 1 freeze to -1670776799261
[2022-12-11 18:39:59] [SEVERE ] Key 83 was pressed by player 0
[2022-12-11 18:39:59] [SEVERE ] player 0 placing token on slot 5
[2022-12-11 18:39:59] [SEVERE ] Key 68 was pressed by player 0
[2022-12-11 18:39:59] [SEVERE ] player 0 placing token on slot 6
[2022-12-11 18:40:00] [SEVERE ] Key 67 was pressed by player 0
[2022-12-11 18:40:00] [SEVERE ] player 0 placing token on slot 10
[2022-12-11 18:40:00] [SEVERE ] setting player 0 freeze to 3000
[2022-12-11 18:40:00] [SEVERE ] setting player 1 freeze to -1670776800272
[2022-12-11 18:40:00] [SEVERE ] Key 67 was pressed by player 0
[2022-12-11 18:40:01] [SEVERE ] setting player 0 freeze to 1989
[2022-12-11 18:40:01] [SEVERE ] setting player 1 freeze to -1670776801283
[2022-12-11 18:40:02] [SEVERE ] setting player 0 freeze to 980
[2022-12-11 18:40:02] [SEVERE ] setting player 1 freeze to -1670776802292
[2022-12-11 18:40:03] [SEVERE ] setting player 0 freeze to -27
[2022-12-11 18:40:03] [SEVERE ] setting player 1 freeze to -1670776803300
[2022-12-11 18:40:03] [SEVERE ] Key 75 was pressed by player 1
[2022-12-11 18:40:03] [SEVERE ] player 1 placing token on slot 5
[2022-12-11 18:40:04] [SEVERE ] Key 75 was pressed by player 1
[2022-12-11 18:40:04] [SEVERE ] removing player 1 token from slot 5
[2022-12-11 18:40:04] [SEVERE ] setting player 0 freeze to -1035
[2022-12-11 18:40:04] [SEVERE ] setting player 1 freeze to -1670776804307
[2022-12-11 18:40:05] [SEVERE ] setting player 0 freeze to -2045
[2022-12-11 18:40:05] [SEVERE ] setting player 1 freeze to -1670776805318
[2022-12-11 18:40:06] [SEVERE ] Key 77 was pressed by player 1
[2022-12-11 18:40:06] [SEVERE ] player 1 placing token on slot 8
[2022-12-11 18:40:06] [SEVERE ] setting player 0 freeze to -3053
[2022-12-11 18:40:06] [SEVERE ] setting player 1 freeze to -1670776806325
[2022-12-11 18:40:07] [SEVERE ] Key 44 was pressed by player 1
[2022-12-11 18:40:07] [SEVERE ] player 1 placing token on slot 9
[2022-12-11 18:40:07] [SEVERE ] setting player 0 freeze to -4067
[2022-12-11 18:40:07] [SEVERE ] setting player 1 freeze to -1670776807339
[2022-12-11 18:40:07] [SEVERE ] Key 44 was pressed by player 1
[2022-12-11 18:40:07] [SEVERE ] removing player 1 token from slot 9
[2022-12-11 18:40:07] [SEVERE ] Key 46 was pressed by player 1
[2022-12-11 18:40:07] [SEVERE ] player 1 placing token on slot 10
[2022-12-11 18:40:08] [SEVERE ] setting player 0 freeze to -5076
[2022-12-11 18:40:08] [SEVERE ] setting player 1 freeze to -1670776808348
[2022-12-11 18:40:08] [SEVERE ] Key 47 was pressed by player 1
[2022-12-11 18:40:08] [SEVERE ] player 1 placing token on slot 11
[2022-12-11 18:40:09] [SEVERE ] Key 77 was pressed by player 1
[2022-12-11 18:40:09] [SEVERE ] removing player 1 token from slot 8
[2022-12-11 18:40:09] [SEVERE ] setting player 0 freeze to -6089
[2022-12-11 18:40:09] [SEVERE ] setting player 1 freeze to -1670776809361
[2022-12-11 18:40:10] [SEVERE ] setting player 0 freeze to -7095
[2022-12-11 18:40:10] [SEVERE ] setting player 1 freeze to -1670776810377
[2022-12-11 18:40:10] [SEVERE ] Key 47 was pressed by player 1
[2022-12-11 18:40:10] [SEVERE ] removing player 1 token from slot 11
[2022-12-11 18:40:10] [SEVERE ] Key 46 was pressed by player 1
[2022-12-11 18:40:10] [SEVERE ] removing player 1 token from slot 10
[2022-12-11 18:40:11] [SEVERE ] setting player 0 freeze to -8105
[2022-12-11 18:40:11] [SEVERE ] setting player 1 freeze to -1670776811377
[2022-12-11 18:40:11] [SEVERE ] Key 59 was pressed by player 1
[2022-12-11 18:40:11] [SEVERE ] player 1 placing token on slot 7
[2022-12-11 18:40:12] [SEVERE ] Key 76 was pressed by player 1
[2022-12-11 18:40:12] [SEVERE ] player 1 placing token on slot 6
[2022-12-11 18:40:12] [SEVERE ] setting player 0 freeze to -9118
[2022-12-11 18:40:12] [SEVERE ] setting player 1 freeze to -1670776812390
[2022-12-11 18:40:13] [SEVERE ] setting player 0 freeze to -10128
[2022-12-11 18:40:13] [SEVERE ] setting player 1 freeze to -1670776813400
[2022-12-11 18:40:14] [SEVERE ] Key 74 was pressed by player 1
[2022-12-11 18:40:14] [SEVERE ] player 1 placing token on slot 4
[2022-12-11 18:40:14] [SEVERE ] setting player 0 freeze to -11139
[2022-12-11 18:40:14] [SEVERE ] setting player 1 freeze to 3000
[2022-12-11 18:40:15] [SEVERE ] setting player 0 freeze to -12150
[2022-12-11 18:40:15] [SEVERE ] setting player 1 freeze to 1989
[2022-12-11 18:40:16] [SEVERE ] setting player 0 freeze to -13160
[2022-12-11 18:40:16] [SEVERE ] setting player 1 freeze to 979
[2022-12-11 18:40:17] [SEVERE ] setting player 0 freeze to -14171
[2022-12-11 18:40:17] [SEVERE ] setting player 1 freeze to -32
[2022-12-11 18:40:18] [SEVERE ] setting player 0 freeze to -15180
[2022-12-11 18:40:18] [SEVERE ] setting player 1 freeze to -1041
[2022-12-11 18:40:19] [SEVERE ] setting player 0 freeze to -16190
[2022-12-11 18:40:19] [SEVERE ] setting player 1 freeze to -2051
[2022-12-11 18:40:20] [SEVERE ] setting player 0 freeze to -17200
[2022-12-11 18:40:20] [SEVERE ] setting player 1 freeze to -3061
[2022-12-11 18:40:21] [SEVERE ] setting player 0 freeze to -18212
[2022-12-11 18:40:21] [SEVERE ] setting player 1 freeze to -4074
[2022-12-11 18:40:22] [SEVERE ] setting player 0 freeze to -19224
[2022-12-11 18:40:22] [SEVERE ] setting player 1 freeze to -5086
[2022-12-11 18:40:22] [SEVERE ] setting player 0 freeze to -19225
[2022-12-11 18:40:22] [SEVERE ] setting player 1 freeze to -5086
[2022-12-11 18:40:22] [SEVERE ] removing card from slot 0
[2022-12-11 18:40:22] [SEVERE ] removing card from slot 1
[2022-12-11 18:40:22] [SEVERE ] removing card from slot 2
[2022-12-11 18:40:22] [SEVERE ] removing card from slot 3
[2022-12-11 18:40:23] [SEVERE ] removing card from slot 4
