[2022-12-11 18:21:01] [INFO   ] cannot read configuration file config.properties trying from resources.
[2022-12-11 18:21:01] [INFO   ] configuration file was loaded from resources directory.
[2022-12-11 18:21:01] [SEVERE ] placing card 76 in slot 0
[2022-12-11 18:21:02] [SEVERE ] placing card 77 in slot 1
[2022-12-11 18:21:02] [SEVERE ] placing card 32 in slot 2
[2022-12-11 18:21:02] [SEVERE ] placing card 2 in slot 3
[2022-12-11 18:21:02] [SEVERE ] placing card 25 in slot 4
[2022-12-11 18:21:02] [SEVERE ] placing card 62 in slot 5
[2022-12-11 18:21:02] [SEVERE ] placing card 78 in slot 6
[2022-12-11 18:21:02] [SEVERE ] placing card 65 in slot 7
[2022-12-11 18:21:02] [SEVERE ] placing card 45 in slot 8
[2022-12-11 18:21:02] [SEVERE ] placing card 39 in slot 9
[2022-12-11 18:21:03] [SEVERE ] placing card 48 in slot 10
[2022-12-11 18:21:03] [SEVERE ] placing card 59 in slot 11
[2022-12-11 18:21:03] [SEVERE ] setting player 0 freeze to -1670775663177
[2022-12-11 18:21:03] [SEVERE ] setting player 1 freeze to -1670775663177
[2022-12-11 18:21:04] [SEVERE ] setting player 0 freeze to -1670775664191
[2022-12-11 18:21:04] [SEVERE ] setting player 1 freeze to -1670775664191
[2022-12-11 18:21:05] [SEVERE ] setting player 0 freeze to -1670775665198
[2022-12-11 18:21:05] [SEVERE ] setting player 1 freeze to -1670775665199
[2022-12-11 18:21:05] [SEVERE ] Key 65 was pressed by player 0
[2022-12-11 18:21:05] [SEVERE ] player 0 placing token on slot 4
[2022-12-11 18:21:05] [SEVERE ] Key 83 was pressed by player 0
[2022-12-11 18:21:05] [SEVERE ] player 0 placing token on slot 5
[2022-12-11 18:21:05] [SEVERE ] Key 68 was pressed by player 0
[2022-12-11 18:21:05] [SEVERE ] player 0 placing token on slot 6
[2022-12-11 18:21:06] [SEVERE ] setting player 0 freeze to 3000
[2022-12-11 18:21:06] [SEVERE ] setting player 1 freeze to -1670775666210
[2022-12-11 18:21:07] [SEVERE ] setting player 0 freeze to 1991
[2022-12-11 18:21:07] [SEVERE ] setting player 1 freeze to -1670775667220
[2022-12-11 18:21:08] [SEVERE ] setting player 0 freeze to 977
[2022-12-11 18:21:08] [SEVERE ] setting player 1 freeze to -1670775668233
[2022-12-11 18:21:09] [SEVERE ] setting player 0 freeze to -35
[2022-12-11 18:21:09] [SEVERE ] setting player 1 freeze to -1670775669245
[2022-12-11 18:21:10] [SEVERE ] setting player 0 freeze to -1046
[2022-12-11 18:21:10] [SEVERE ] setting player 1 freeze to -1670775670256
[2022-12-11 18:21:11] [SEVERE ] Key 68 was pressed by player 0
[2022-12-11 18:21:11] [SEVERE ] removing player 0 token from slot 6
[2022-12-11 18:21:11] [SEVERE ] setting player 0 freeze to -2057
[2022-12-11 18:21:11] [SEVERE ] setting player 1 freeze to -1670775671268
[2022-12-11 18:21:11] [SEVERE ] Key 83 was pressed by player 0
[2022-12-11 18:21:11] [SEVERE ] removing player 0 token from slot 5
[2022-12-11 18:21:11] [SEVERE ] Key 87 was pressed by player 0
[2022-12-11 18:21:11] [SEVERE ] player 0 placing token on slot 1
[2022-12-11 18:21:12] [SEVERE ] Key 68 was pressed by player 0
[2022-12-11 18:21:12] [SEVERE ] player 0 placing token on slot 6
[2022-12-11 18:21:12] [SEVERE ] setting player 0 freeze to 3000
[2022-12-11 18:21:12] [SEVERE ] setting player 1 freeze to -1670775672279
[2022-12-11 18:21:13] [SEVERE ] setting player 0 freeze to 1984
[2022-12-11 18:21:13] [SEVERE ] setting player 1 freeze to -1670775673294
[2022-12-11 18:21:13] [SEVERE ] setting player 0 freeze to 1984
[2022-12-11 18:21:13] [SEVERE ] setting player 1 freeze to -1670775673295
[2022-12-11 18:21:13] [SEVERE ] removing card from slot 0
[2022-12-11 18:21:13] [SEVERE ] removing card from slot 1
[2022-12-11 18:21:13] [SEVERE ] removing card from slot 2
[2022-12-11 18:21:13] [SEVERE ] removing card from slot 3
[2022-12-11 18:21:13] [SEVERE ] removing card from slot 4
[2022-12-11 18:21:13] [SEVERE ] removing card from slot 5
[2022-12-11 18:21:14] [SEVERE ] removing card from slot 6
[2022-12-11 18:21:14] [SEVERE ] removing card from slot 7
[2022-12-11 18:21:14] [SEVERE ] removing card from slot 8
[2022-12-11 18:21:14] [SEVERE ] removing card from slot 9
[2022-12-11 18:21:14] [SEVERE ] removing card from slot 10
[2022-12-11 18:21:14] [SEVERE ] removing card from slot 11
[2022-12-11 18:21:14] [SEVERE ] removing player 0 token from slot 1
[2022-12-11 18:21:14] [SEVERE ] removing player 0 token from slot 4
[2022-12-11 18:21:14] [SEVERE ] removing player 0 token from slot 6
[2022-12-11 18:21:14] [SEVERE ] setting player 0 freeze to -1670775674598
[2022-12-11 18:21:14] [SEVERE ] setting player 1 freeze to -1670775674599
[2022-12-11 18:21:14] [SEVERE ] placing card 11 in slot 0
[2022-12-11 18:21:14] [SEVERE ] placing card 20 in slot 1
[2022-12-11 18:21:14] [SEVERE ] placing card 10 in slot 2
[2022-12-11 18:21:15] [SEVERE ] placing card 25 in slot 3
[2022-12-11 18:21:15] [SEVERE ] placing card 54 in slot 4
[2022-12-11 18:21:15] [SEVERE ] placing card 55 in slot 5
[2022-12-11 18:21:15] [SEVERE ] placing card 64 in slot 6
[2022-12-11 18:21:15] [SEVERE ] placing card 74 in slot 7
[2022-12-11 18:21:15] [SEVERE ] placing card 70 in slot 8
[2022-12-11 18:21:15] [SEVERE ] placing card 75 in slot 9
[2022-12-11 18:21:15] [SEVERE ] placing card 0 in slot 10
[2022-12-11 18:21:15] [SEVERE ] placing card 27 in slot 11
[2022-12-11 18:21:15] [SEVERE ] setting player 0 freeze to -1670775675906
[2022-12-11 18:21:15] [SEVERE ] setting player 1 freeze to -1670775675906
[2022-12-11 18:21:16] [SEVERE ] setting player 0 freeze to -1670775676915
[2022-12-11 18:21:16] [SEVERE ] setting player 1 freeze to -1670775676916
[2022-12-11 18:21:17] [SEVERE ] setting player 0 freeze to -1670775677918
[2022-12-11 18:21:17] [SEVERE ] setting player 1 freeze to -1670775677919
[2022-12-11 18:21:18] [SEVERE ] setting player 0 freeze to -1670775678930
[2022-12-11 18:21:18] [SEVERE ] setting player 1 freeze to -1670775678930
[2022-12-11 18:21:19] [SEVERE ] setting player 0 freeze to -1670775679942
[2022-12-11 18:21:19] [SEVERE ] setting player 1 freeze to -1670775679942
[2022-12-11 18:21:20] [SEVERE ] setting player 0 freeze to -1670775680957
[2022-12-11 18:21:20] [SEVERE ] setting player 1 freeze to -1670775680957
[2022-12-11 18:21:21] [SEVERE ] setting player 0 freeze to -1670775681967
[2022-12-11 18:21:21] [SEVERE ] setting player 1 freeze to -1670775681968
[2022-12-11 18:21:22] [SEVERE ] setting player 0 freeze to -1670775682976
[2022-12-11 18:21:22] [SEVERE ] setting player 1 freeze to -1670775682978
[2022-12-11 18:21:23] [SEVERE ] setting player 0 freeze to -1670775683990
[2022-12-11 18:21:23] [SEVERE ] setting player 1 freeze to -1670775683991
[2022-12-11 18:21:24] [SEVERE ] setting player 0 freeze to -1670775684997
[2022-12-11 18:21:24] [SEVERE ] setting player 1 freeze to -1670775684997
[2022-12-11 18:21:26] [SEVERE ] setting player 0 freeze to -1670775686009
[2022-12-11 18:21:26] [SEVERE ] setting player 1 freeze to -1670775686009
[2022-12-11 18:21:26] [SEVERE ] setting player 0 freeze to -1670775686009
[2022-12-11 18:21:26] [SEVERE ] setting player 1 freeze to -1670775686010
[2022-12-11 18:21:26] [SEVERE ] removing card from slot 0
[2022-12-11 18:21:26] [SEVERE ] removing card from slot 1
[2022-12-11 18:21:26] [SEVERE ] removing card from slot 2
[2022-12-11 18:21:26] [SEVERE ] removing card from slot 3
[2022-12-11 18:21:26] [SEVERE ] removing card from slot 4
[2022-12-11 18:21:26] [SEVERE ] removing card from slot 5
[2022-12-11 18:21:26] [SEVERE ] removing card from slot 6
[2022-12-11 18:21:26] [SEVERE ] removing card from slot 7
[2022-12-11 18:21:26] [SEVERE ] removing card from slot 8
[2022-12-11 18:21:27] [SEVERE ] removing card from slot 9
[2022-12-11 18:21:27] [SEVERE ] removing card from slot 10
[2022-12-11 18:21:27] [SEVERE ] removing card from slot 11
[2022-12-11 18:21:27] [SEVERE ] setting player 0 freeze to -1670775687316
[2022-12-11 18:21:27] [SEVERE ] setting player 1 freeze to -1670775687316
[2022-12-11 18:21:27] [SEVERE ] placing card 79 in slot 0
[2022-12-11 18:21:27] [SEVERE ] placing card 48 in slot 1
[2022-12-11 18:21:27] [SEVERE ] placing card 15 in slot 2
[2022-12-11 18:21:27] [SEVERE ] placing card 70 in slot 3
[2022-12-11 18:21:27] [SEVERE ] placing card 46 in slot 4
[2022-12-11 18:21:27] [SEVERE ] placing card 69 in slot 5
[2022-12-11 18:21:28] [SEVERE ] placing card 39 in slot 6
[2022-12-11 18:21:28] [SEVERE ] placing card 74 in slot 7
[2022-12-11 18:21:28] [SEVERE ] placing card 24 in slot 8
[2022-12-11 18:21:28] [SEVERE ] placing card 17 in slot 9
[2022-12-11 18:21:28] [SEVERE ] placing card 57 in slot 10
[2022-12-11 18:21:28] [SEVERE ] placing card 49 in slot 11
[2022-12-11 18:21:28] [SEVERE ] setting player 0 freeze to -1670775688637
[2022-12-11 18:21:28] [SEVERE ] setting player 1 freeze to -1670775688637
[2022-12-11 18:21:29] [SEVERE ] setting player 0 freeze to -1670775689642
[2022-12-11 18:21:29] [SEVERE ] setting player 1 freeze to -1670775689643
[2022-12-11 18:21:30] [SEVERE ] setting player 0 freeze to -1670775690652
[2022-12-11 18:21:30] [SEVERE ] setting player 1 freeze to -1670775690653
[2022-12-11 18:21:31] [SEVERE ] setting player 0 freeze to -1670775691663
[2022-12-11 18:21:31] [SEVERE ] setting player 1 freeze to -1670775691663
[2022-12-11 18:21:32] [SEVERE ] setting player 0 freeze to -1670775692669
[2022-12-11 18:21:32] [SEVERE ] setting player 1 freeze to -1670775692669
[2022-12-11 18:21:33] [SEVERE ] setting player 0 freeze to -1670775693676
[2022-12-11 18:21:33] [SEVERE ] setting player 1 freeze to -1670775693677
[2022-12-11 18:21:34] [SEVERE ] setting player 0 freeze to -1670775694687
[2022-12-11 18:21:34] [SEVERE ] setting player 1 freeze to -1670775694688
[2022-12-11 18:21:35] [SEVERE ] setting player 0 freeze to -1670775695703
[2022-12-11 18:21:35] [SEVERE ] setting player 1 freeze to -1670775695704
[2022-12-11 18:21:36] [SEVERE ] setting player 0 freeze to -1670775696719
[2022-12-11 18:21:36] [SEVERE ] setting player 1 freeze to -1670775696720
[2022-12-11 18:21:37] [SEVERE ] setting player 0 freeze to -1670775697728
[2022-12-11 18:21:37] [SEVERE ] setting player 1 freeze to -1670775697728
[2022-12-11 18:21:38] [SEVERE ] setting player 0 freeze to -1670775698738
[2022-12-11 18:21:38] [SEVERE ] setting player 1 freeze to -1670775698739
[2022-12-11 18:21:38] [SEVERE ] setting player 0 freeze to -1670775698739
[2022-12-11 18:21:38] [SEVERE ] setting player 1 freeze to -1670775698739
[2022-12-11 18:21:38] [SEVERE ] removing card from slot 0
[2022-12-11 18:21:38] [SEVERE ] removing card from slot 1
[2022-12-11 18:21:39] [SEVERE ] removing card from slot 2
[2022-12-11 18:21:39] [SEVERE ] removing card from slot 3
[2022-12-11 18:21:39] [SEVERE ] removing card from slot 4
[2022-12-11 18:21:39] [SEVERE ] removing card from slot 5
[2022-12-11 18:21:39] [SEVERE ] removing card from slot 6
[2022-12-11 18:21:39] [SEVERE ] removing card from slot 7
[2022-12-11 18:21:39] [SEVERE ] removing card from slot 8
[2022-12-11 18:21:39] [SEVERE ] removing card from slot 9
[2022-12-11 18:21:39] [SEVERE ] removing card from slot 10
[2022-12-11 18:21:40] [SEVERE ] removing card from slot 11
[2022-12-11 18:21:40] [SEVERE ] setting player 0 freeze to -1670775700046
[2022-12-11 18:21:40] [SEVERE ] setting player 1 freeze to -1670775700047
[2022-12-11 18:21:40] [SEVERE ] placing card 50 in slot 0
[2022-12-11 18:21:40] [SEVERE ] placing card 2 in slot 1
[2022-12-11 18:21:40] [SEVERE ] placing card 64 in slot 2
[2022-12-11 18:21:40] [SEVERE ] placing card 5 in slot 3
[2022-12-11 18:21:40] [SEVERE ] placing card 25 in slot 4
[2022-12-11 18:21:40] [SEVERE ] placing card 43 in slot 5
[2022-12-11 18:21:40] [SEVERE ] placing card 79 in slot 6
[2022-12-11 18:21:40] [SEVERE ] placing card 60 in slot 7
[2022-12-11 18:21:41] [SEVERE ] placing card 46 in slot 8
[2022-12-11 18:21:41] [SEVERE ] placing card 38 in slot 9
[2022-12-11 18:21:41] [SEVERE ] placing card 52 in slot 10
[2022-12-11 18:21:41] [SEVERE ] placing card 45 in slot 11
[2022-12-11 18:21:41] [SEVERE ] setting player 0 freeze to -1670775701353
[2022-12-11 18:21:41] [SEVERE ] setting player 1 freeze to -1670775701354
[2022-12-11 18:21:42] [SEVERE ] setting player 0 freeze to -1670775702363
[2022-12-11 18:21:42] [SEVERE ] setting player 1 freeze to -1670775702364
[2022-12-11 18:21:43] [SEVERE ] setting player 0 freeze to -1670775703373
[2022-12-11 18:21:43] [SEVERE ] setting player 1 freeze to -1670775703374
[2022-12-11 18:21:44] [SEVERE ] setting player 0 freeze to -1670775704386
[2022-12-11 18:21:44] [SEVERE ] setting player 1 freeze to -1670775704387
[2022-12-11 18:21:45] [SEVERE ] setting player 0 freeze to -1670775705397
[2022-12-11 18:21:45] [SEVERE ] setting player 1 freeze to -1670775705397
[2022-12-11 18:21:46] [SEVERE ] Exit button pressed
[2022-12-11 18:21:46] [SEVERE ] setting player 0 freeze to -1670775706407
[2022-12-11 18:21:46] [SEVERE ] setting player 1 freeze to -1670775706409
[2022-12-11 18:21:46] [SEVERE ] setting player 0 freeze to -1670775706409
[2022-12-11 18:21:46] [SEVERE ] setting player 1 freeze to -1670775706409
[2022-12-11 18:21:46] [SEVERE ] removing card from slot 0
[2022-12-11 18:21:46] [SEVERE ] removing card from slot 1
[2022-12-11 18:21:46] [SEVERE ] removing card from slot 2
[2022-12-11 18:21:46] [SEVERE ] removing card from slot 3
[2022-12-11 18:21:46] [SEVERE ] removing card from slot 4
[2022-12-11 18:21:47] [SEVERE ] removing card from slot 5
[2022-12-11 18:21:47] [SEVERE ] removing card from slot 6
[2022-12-11 18:21:47] [SEVERE ] removing card from slot 7
[2022-12-11 18:21:47] [SEVERE ] removing card from slot 8
[2022-12-11 18:21:47] [SEVERE ] removing card from slot 9
[2022-12-11 18:21:47] [SEVERE ] removing card from slot 10
[2022-12-11 18:21:47] [SEVERE ] removing card from slot 11
[2022-12-11 18:21:47] [SEVERE ] setting player 0 freeze to -1670775707717
[2022-12-11 18:21:47] [SEVERE ] setting player 1 freeze to -1670775707717
[2022-12-11 18:21:47] [INFO   ] Thread main terminated.
