[2022-12-11 21:03:22] [INFO   ] cannot read configuration file config.properties trying from resources.
[2022-12-11 21:03:22] [INFO   ] configuration file was loaded from resources directory.
[2022-12-11 21:03:22] [SEVERE ] placing card 46 in slot 0
[2022-12-11 21:03:23] [SEVERE ] placing card 75 in slot 1
[2022-12-11 21:03:23] [SEVERE ] placing card 40 in slot 2
[2022-12-11 21:03:23] [SEVERE ] placing card 65 in slot 3
[2022-12-11 21:03:23] [SEVERE ] placing card 77 in slot 4
[2022-12-11 21:03:23] [SEVERE ] placing card 36 in slot 5
[2022-12-11 21:03:23] [SEVERE ] placing card 4 in slot 6
[2022-12-11 21:03:23] [SEVERE ] placing card 63 in slot 7
[2022-12-11 21:03:23] [SEVERE ] placing card 19 in slot 8
[2022-12-11 21:03:23] [SEVERE ] placing card 17 in slot 9
[2022-12-11 21:03:24] [SEVERE ] placing card 34 in slot 10
[2022-12-11 21:03:24] [SEVERE ] placing card 15 in slot 11
[2022-12-11 21:03:24] [SEVERE ] setting player 0 freeze to -1670785404148
[2022-12-11 21:03:24] [SEVERE ] setting player 1 freeze to -1670785404148
[2022-12-11 21:03:25] [SEVERE ] setting player 0 freeze to -1670785405160
[2022-12-11 21:03:25] [SEVERE ] setting player 1 freeze to -1670785405161
[2022-12-11 21:03:26] [SEVERE ] setting player 0 freeze to -1670785406171
[2022-12-11 21:03:26] [SEVERE ] setting player 1 freeze to -1670785406172
[2022-12-11 21:03:27] [SEVERE ] setting player 0 freeze to -1670785407184
[2022-12-11 21:03:27] [SEVERE ] setting player 1 freeze to -1670785407184
[2022-12-11 21:03:28] [SEVERE ] setting player 0 freeze to -1670785408191
[2022-12-11 21:03:28] [SEVERE ] setting player 1 freeze to -1670785408192
[2022-12-11 21:03:29] [SEVERE ] setting player 0 freeze to -1670785409199
[2022-12-11 21:03:29] [SEVERE ] setting player 1 freeze to -1670785409200
[2022-12-11 21:03:29] [SEVERE ] Key 65 was pressed by player 0
[2022-12-11 21:03:29] [SEVERE ] player 0 placing token on slot 4
[2022-12-11 21:03:30] [SEVERE ] setting player 0 freeze to -1670785410210
[2022-12-11 21:03:30] [SEVERE ] setting player 1 freeze to -1670785410211
[2022-12-11 21:03:31] [SEVERE ] setting player 0 freeze to -1670785411220
[2022-12-11 21:03:31] [SEVERE ] setting player 1 freeze to -1670785411221
[2022-12-11 21:03:32] [SEVERE ] setting player 0 freeze to -1670785412223
[2022-12-11 21:03:32] [SEVERE ] setting player 1 freeze to -1670785412223
[2022-12-11 21:03:33] [SEVERE ] setting player 0 freeze to -1670785413234
[2022-12-11 21:03:33] [SEVERE ] setting player 1 freeze to -1670785413235
[2022-12-11 21:03:33] [SEVERE ] Key 83 was pressed by player 0
[2022-12-11 21:03:33] [SEVERE ] player 0 placing token on slot 5
[2022-12-11 21:03:34] [SEVERE ] setting player 0 freeze to -1670785414246
[2022-12-11 21:03:34] [SEVERE ] setting player 1 freeze to -1670785414247
[2022-12-11 21:03:35] [SEVERE ] setting player 0 freeze to -1670785415259
[2022-12-11 21:03:35] [SEVERE ] setting player 1 freeze to -1670785415260
[2022-12-11 21:03:36] [SEVERE ] setting player 0 freeze to -1670785416269
[2022-12-11 21:03:36] [SEVERE ] setting player 1 freeze to -1670785416270
[2022-12-11 21:03:37] [SEVERE ] setting player 0 freeze to -1670785417286
[2022-12-11 21:03:37] [SEVERE ] setting player 1 freeze to -1670785417286
[2022-12-11 21:03:38] [SEVERE ] setting player 0 freeze to -1670785418298
[2022-12-11 21:03:38] [SEVERE ] setting player 1 freeze to -1670785418298
[2022-12-11 21:03:38] [SEVERE ] Key 68 was pressed by player 0
[2022-12-11 21:03:38] [SEVERE ] player 0 placing token on slot 6
[2022-12-11 21:03:38] [SEVERE ] setting player 0 freeze to 3000
[2022-12-11 21:03:38] [SEVERE ] setting player 1 freeze to -1670785418522
[2022-12-11 21:03:39] [SEVERE ] setting player 0 freeze to 1996
[2022-12-11 21:03:39] [SEVERE ] setting player 1 freeze to -1670785419527
[2022-12-11 21:03:40] [SEVERE ] setting player 0 freeze to 986
[2022-12-11 21:03:40] [SEVERE ] setting player 1 freeze to -1670785420536
[2022-12-11 21:03:41] [SEVERE ] setting player 0 freeze to -23
[2022-12-11 21:03:41] [SEVERE ] setting player 1 freeze to -1670785421546
[2022-12-11 21:03:42] [SEVERE ] setting player 0 freeze to -1037
[2022-12-11 21:03:42] [SEVERE ] setting player 1 freeze to -1670785422560
[2022-12-11 21:03:43] [SEVERE ] setting player 0 freeze to -2048
[2022-12-11 21:03:43] [SEVERE ] setting player 1 freeze to -1670785423571
[2022-12-11 21:03:44] [SEVERE ] setting player 0 freeze to -3059
[2022-12-11 21:03:44] [SEVERE ] setting player 1 freeze to -1670785424583
[2022-12-11 21:03:45] [SEVERE ] Key 68 was pressed by player 0
[2022-12-11 21:03:45] [SEVERE ] setting player 0 freeze to -4071
[2022-12-11 21:03:45] [SEVERE ] setting player 1 freeze to -1670785425593
[2022-12-11 21:03:46] [SEVERE ] setting player 0 freeze to -5080
[2022-12-11 21:03:46] [SEVERE ] setting player 1 freeze to -1670785426603
[2022-12-11 21:03:47] [SEVERE ] setting player 0 freeze to -6091
[2022-12-11 21:03:47] [SEVERE ] setting player 1 freeze to -1670785427614
[2022-12-11 21:03:48] [SEVERE ] removing player 0 token from slot 6
[2022-12-11 21:03:48] [SEVERE ] setting player 0 freeze to -7104
[2022-12-11 21:03:48] [SEVERE ] setting player 1 freeze to -1670785428627
[2022-12-11 21:03:49] [SEVERE ] setting player 0 freeze to -8118
[2022-12-11 21:03:49] [SEVERE ] setting player 1 freeze to -1670785429640
[2022-12-11 21:03:50] [SEVERE ] setting player 0 freeze to -9119
[2022-12-11 21:03:50] [SEVERE ] setting player 1 freeze to -1670785430641
