[2022-12-11 19:05:01] [INFO   ] cannot read configuration file config.properties trying from resources.
[2022-12-11 19:05:01] [INFO   ] configuration file was loaded from resources directory.
[2022-12-11 19:05:02] [SEVERE ] placing card 64 in slot 0
[2022-12-11 19:05:02] [SEVERE ] placing card 55 in slot 1
[2022-12-11 19:05:02] [SEVERE ] placing card 11 in slot 2
[2022-12-11 19:05:02] [SEVERE ] placing card 54 in slot 3
[2022-12-11 19:05:02] [SEVERE ] placing card 39 in slot 4
[2022-12-11 19:05:02] [SEVERE ] placing card 26 in slot 5
[2022-12-11 19:05:02] [SEVERE ] placing card 72 in slot 6
[2022-12-11 19:05:02] [SEVERE ] placing card 15 in slot 7
[2022-12-11 19:05:03] [SEVERE ] placing card 48 in slot 8
[2022-12-11 19:05:03] [SEVERE ] placing card 59 in slot 9
[2022-12-11 19:05:03] [SEVERE ] placing card 10 in slot 10
[2022-12-11 19:05:03] [SEVERE ] placing card 21 in slot 11
[2022-12-11 19:05:03] [SEVERE ] setting player 0 freeze to -1670778303378
[2022-12-11 19:05:03] [SEVERE ] setting player 1 freeze to -1670778303379
[2022-12-11 19:05:04] [SEVERE ] setting player 0 freeze to -1670778304400
[2022-12-11 19:05:04] [SEVERE ] setting player 1 freeze to -1670778304400
[2022-12-11 19:05:05] [SEVERE ] setting player 0 freeze to -1670778305413
[2022-12-11 19:05:05] [SEVERE ] setting player 1 freeze to -1670778305413
[2022-12-11 19:05:06] [SEVERE ] setting player 0 freeze to -1670778306424
[2022-12-11 19:05:06] [SEVERE ] setting player 1 freeze to -1670778306425
[2022-12-11 19:05:07] [SEVERE ] setting player 0 freeze to -1670778307434
[2022-12-11 19:05:07] [SEVERE ] setting player 1 freeze to -1670778307435
[2022-12-11 19:05:08] [SEVERE ] setting player 0 freeze to -1670778308445
[2022-12-11 19:05:08] [SEVERE ] setting player 1 freeze to -1670778308446
[2022-12-11 19:05:09] [SEVERE ] setting player 0 freeze to -1670778309460
[2022-12-11 19:05:09] [SEVERE ] setting player 1 freeze to -1670778309461
[2022-12-11 19:05:10] [SEVERE ] setting player 0 freeze to -1670778310469
[2022-12-11 19:05:10] [SEVERE ] setting player 1 freeze to -1670778310470
[2022-12-11 19:05:10] [SEVERE ] Key 81 was pressed by player 0
[2022-12-11 19:05:10] [SEVERE ] player 0 placing token on slot 0
[2022-12-11 19:05:11] [SEVERE ] setting player 0 freeze to -1670778311477
[2022-12-11 19:05:11] [SEVERE ] setting player 1 freeze to -1670778311478
[2022-12-11 19:05:11] [SEVERE ] Key 65 was pressed by player 0
[2022-12-11 19:05:11] [SEVERE ] player 0 placing token on slot 4
[2022-12-11 19:05:11] [SEVERE ] Key 83 was pressed by player 0
[2022-12-11 19:05:11] [SEVERE ] player 0 placing token on slot 5
[2022-12-11 19:05:11] [SEVERE ] setting player 0 freeze to 3000
[2022-12-11 19:05:11] [SEVERE ] setting player 1 freeze to -1670778311861
[2022-12-11 19:05:12] [SEVERE ] setting player 0 freeze to 1985
[2022-12-11 19:05:12] [SEVERE ] setting player 1 freeze to -1670778312875
[2022-12-11 19:05:13] [SEVERE ] setting player 0 freeze to 973
[2022-12-11 19:05:13] [SEVERE ] setting player 1 freeze to -1670778313888
[2022-12-11 19:05:14] [SEVERE ] setting player 0 freeze to -39
[2022-12-11 19:05:14] [SEVERE ] setting player 1 freeze to -1670778314900
[2022-12-11 19:05:15] [SEVERE ] setting player 0 freeze to -1051
[2022-12-11 19:05:15] [SEVERE ] setting player 1 freeze to -1670778315911
[2022-12-11 19:05:16] [SEVERE ] setting player 0 freeze to -2064
[2022-12-11 19:05:16] [SEVERE ] setting player 1 freeze to -1670778316925
[2022-12-11 19:05:17] [SEVERE ] Key 65 was pressed by player 0
[2022-12-11 19:05:17] [SEVERE ] removing player 0 token from slot 4
[2022-12-11 19:05:17] [SEVERE ] setting player 0 freeze to -3078
[2022-12-11 19:05:17] [SEVERE ] setting player 1 freeze to -1670778317938
[2022-12-11 19:05:18] [SEVERE ] Key 81 was pressed by player 0
[2022-12-11 19:05:18] [SEVERE ] removing player 0 token from slot 0
[2022-12-11 19:05:18] [SEVERE ] Key 83 was pressed by player 0
[2022-12-11 19:05:18] [SEVERE ] removing player 0 token from slot 5
[2022-12-11 19:05:18] [SEVERE ] setting player 0 freeze to -4091
[2022-12-11 19:05:18] [SEVERE ] setting player 1 freeze to -1670778318951
[2022-12-11 19:05:19] [SEVERE ] Key 87 was pressed by player 0
[2022-12-11 19:05:19] [SEVERE ] player 0 placing token on slot 1
[2022-12-11 19:05:19] [SEVERE ] setting player 0 freeze to -5105
[2022-12-11 19:05:19] [SEVERE ] setting player 1 freeze to -1670778319965
[2022-12-11 19:05:20] [SEVERE ] Key 83 was pressed by player 0
[2022-12-11 19:05:20] [SEVERE ] player 0 placing token on slot 5
[2022-12-11 19:05:20] [SEVERE ] Key 68 was pressed by player 0
[2022-12-11 19:05:20] [SEVERE ] player 0 placing token on slot 6
[2022-12-11 19:05:20] [SEVERE ] setting player 0 freeze to 2999
[2022-12-11 19:05:20] [SEVERE ] setting player 1 freeze to -1670778320691
[2022-12-11 19:05:21] [SEVERE ] setting player 0 freeze to 1995
[2022-12-11 19:05:21] [SEVERE ] setting player 1 freeze to -1670778321696
[2022-12-11 19:05:22] [SEVERE ] setting player 0 freeze to 986
[2022-12-11 19:05:22] [SEVERE ] setting player 1 freeze to -1670778322705
[2022-12-11 19:05:22] [SEVERE ] Key 68 was pressed by player 0
[2022-12-11 19:05:23] [SEVERE ] Key 83 was pressed by player 0
[2022-12-11 19:05:23] [SEVERE ] Key 87 was pressed by player 0
[2022-12-11 19:05:23] [SEVERE ] setting player 0 freeze to -22
[2022-12-11 19:05:23] [SEVERE ] setting player 1 freeze to -1670778323712
[2022-12-11 19:05:24] [SEVERE ] setting player 0 freeze to -1029
[2022-12-11 19:05:24] [SEVERE ] setting player 1 freeze to -1670778324720
[2022-12-11 19:05:24] [SEVERE ] Key 68 was pressed by player 0
[2022-12-11 19:05:24] [SEVERE ] removing player 0 token from slot 6
[2022-12-11 19:05:24] [SEVERE ] Key 83 was pressed by player 0
[2022-12-11 19:05:24] [SEVERE ] removing player 0 token from slot 5
[2022-12-11 19:05:24] [SEVERE ] Key 87 was pressed by player 0
[2022-12-11 19:05:24] [SEVERE ] removing player 0 token from slot 1
[2022-12-11 19:05:25] [SEVERE ] setting player 0 freeze to -2040
[2022-12-11 19:05:25] [SEVERE ] setting player 1 freeze to -1670778325731
[2022-12-11 19:05:26] [SEVERE ] setting player 0 freeze to -3054
[2022-12-11 19:05:26] [SEVERE ] setting player 1 freeze to -1670778326745
[2022-12-11 19:05:27] [SEVERE ] setting player 0 freeze to -4067
[2022-12-11 19:05:27] [SEVERE ] setting player 1 freeze to -1670778327758
[2022-12-11 19:05:28] [SEVERE ] setting player 0 freeze to -5082
[2022-12-11 19:05:28] [SEVERE ] setting player 1 freeze to -1670778328772
[2022-12-11 19:05:29] [SEVERE ] setting player 0 freeze to -6089
[2022-12-11 19:05:29] [SEVERE ] setting player 1 freeze to -1670778329780
[2022-12-11 19:05:30] [SEVERE ] setting player 0 freeze to -7100
[2022-12-11 19:05:30] [SEVERE ] setting player 1 freeze to -1670778330791
[2022-12-11 19:05:31] [SEVERE ] setting player 0 freeze to -8106
[2022-12-11 19:05:31] [SEVERE ] setting player 1 freeze to -1670778331797
[2022-12-11 19:05:32] [SEVERE ] setting player 0 freeze to -9115
[2022-12-11 19:05:32] [SEVERE ] setting player 1 freeze to -1670778332806
[2022-12-11 19:05:33] [SEVERE ] setting player 0 freeze to -10123
[2022-12-11 19:05:33] [SEVERE ] setting player 1 freeze to -1670778333814
[2022-12-11 19:05:33] [SEVERE ] setting player 0 freeze to -10124
[2022-12-11 19:05:33] [SEVERE ] setting player 1 freeze to -1670778333815
[2022-12-11 19:05:33] [SEVERE ] removing card from slot 0
[2022-12-11 19:05:34] [SEVERE ] removing card from slot 1
[2022-12-11 19:05:34] [SEVERE ] removing card from slot 2
[2022-12-11 19:05:34] [SEVERE ] removing card from slot 3
[2022-12-11 19:05:34] [SEVERE ] removing card from slot 4
[2022-12-11 19:05:34] [SEVERE ] removing card from slot 5
[2022-12-11 19:05:34] [SEVERE ] removing card from slot 6
[2022-12-11 19:05:34] [SEVERE ] removing card from slot 7
[2022-12-11 19:05:34] [SEVERE ] removing card from slot 8
[2022-12-11 19:05:34] [SEVERE ] removing card from slot 9
[2022-12-11 19:05:35] [SEVERE ] removing card from slot 10
[2022-12-11 19:05:35] [SEVERE ] removing card from slot 11
[2022-12-11 19:05:35] [SEVERE ] setting player 0 freeze to -1670778335124
[2022-12-11 19:05:35] [SEVERE ] setting player 1 freeze to -1670778335125
[2022-12-11 19:05:35] [SEVERE ] placing card 37 in slot 0
[2022-12-11 19:05:35] [SEVERE ] placing card 5 in slot 1
[2022-12-11 19:05:35] [SEVERE ] placing card 17 in slot 2
[2022-12-11 19:05:35] [SEVERE ] placing card 76 in slot 3
[2022-12-11 19:05:35] [SEVERE ] placing card 16 in slot 4
[2022-12-11 19:05:35] [SEVERE ] placing card 49 in slot 5
[2022-12-11 19:05:35] [SEVERE ] placing card 78 in slot 6
[2022-12-11 19:05:36] [SEVERE ] placing card 11 in slot 7
[2022-12-11 19:05:36] [SEVERE ] placing card 50 in slot 8
[2022-12-11 19:05:36] [SEVERE ] placing card 18 in slot 9
[2022-12-11 19:05:36] [SEVERE ] placing card 56 in slot 10
[2022-12-11 19:05:36] [SEVERE ] placing card 40 in slot 11
[2022-12-11 19:05:36] [SEVERE ] setting player 0 freeze to -1670778336448
[2022-12-11 19:05:36] [SEVERE ] setting player 1 freeze to -1670778336449
[2022-12-11 19:05:37] [SEVERE ] setting player 0 freeze to -1670778337461
[2022-12-11 19:05:37] [SEVERE ] setting player 1 freeze to -1670778337462
[2022-12-11 19:05:38] [SEVERE ] setting player 0 freeze to -1670778338471
[2022-12-11 19:05:38] [SEVERE ] setting player 1 freeze to -1670778338472
[2022-12-11 19:05:39] [SEVERE ] setting player 0 freeze to -1670778339480
[2022-12-11 19:05:39] [SEVERE ] setting player 1 freeze to -1670778339481
[2022-12-11 19:05:40] [SEVERE ] setting player 0 freeze to -1670778340490
[2022-12-11 19:05:40] [SEVERE ] setting player 1 freeze to -1670778340491
[2022-12-11 19:05:41] [SEVERE ] setting player 0 freeze to -1670778341504
[2022-12-11 19:05:41] [SEVERE ] setting player 1 freeze to -1670778341505
[2022-12-11 19:05:42] [SEVERE ] setting player 0 freeze to -1670778342513
[2022-12-11 19:05:42] [SEVERE ] setting player 1 freeze to -1670778342514
[2022-12-11 19:05:43] [SEVERE ] setting player 0 freeze to -1670778343529
[2022-12-11 19:05:43] [SEVERE ] setting player 1 freeze to -1670778343530
[2022-12-11 19:05:44] [SEVERE ] setting player 0 freeze to -1670778344538
[2022-12-11 19:05:44] [SEVERE ] setting player 1 freeze to -1670778344538
[2022-12-11 19:05:45] [SEVERE ] Key 65 was pressed by player 0
[2022-12-11 19:05:45] [SEVERE ] player 0 placing token on slot 4
[2022-12-11 19:05:45] [SEVERE ] setting player 0 freeze to -1670778345549
[2022-12-11 19:05:45] [SEVERE ] setting player 1 freeze to -1670778345549
[2022-12-11 19:05:45] [SEVERE ] Key 87 was pressed by player 0
[2022-12-11 19:05:45] [SEVERE ] player 0 placing token on slot 1
[2022-12-11 19:05:46] [SEVERE ] setting player 0 freeze to -1670778346557
[2022-12-11 19:05:46] [SEVERE ] setting player 1 freeze to -1670778346558
[2022-12-11 19:05:47] [SEVERE ] setting player 0 freeze to -1670778347567
[2022-12-11 19:05:47] [SEVERE ] setting player 1 freeze to -1670778347568
[2022-12-11 19:05:48] [SEVERE ] setting player 0 freeze to -1670778348579
[2022-12-11 19:05:48] [SEVERE ] setting player 1 freeze to -1670778348579
[2022-12-11 19:05:48] [SEVERE ] Key 68 was pressed by player 0
[2022-12-11 19:05:48] [SEVERE ] player 0 placing token on slot 6
[2022-12-11 19:05:48] [SEVERE ] setting player 0 freeze to 3000
[2022-12-11 19:05:48] [SEVERE ] setting player 1 freeze to -1670778348773
[2022-12-11 19:05:49] [SEVERE ] setting player 0 freeze to 1988
[2022-12-11 19:05:49] [SEVERE ] setting player 1 freeze to -1670778349786
[2022-12-11 19:05:50] [SEVERE ] setting player 0 freeze to 982
[2022-12-11 19:05:50] [SEVERE ] setting player 1 freeze to -1670778350792
[2022-12-11 19:05:51] [SEVERE ] setting player 0 freeze to -31
[2022-12-11 19:05:51] [SEVERE ] setting player 1 freeze to -1670778351804
[2022-12-11 19:05:52] [SEVERE ] setting player 0 freeze to -1043
[2022-12-11 19:05:52] [SEVERE ] setting player 1 freeze to -1670778352817
[2022-12-11 19:05:53] [SEVERE ] Key 65 was pressed by player 0
[2022-12-11 19:05:53] [SEVERE ] removing player 0 token from slot 4
[2022-12-11 19:05:53] [SEVERE ] Key 81 was pressed by player 0
[2022-12-11 19:05:53] [SEVERE ] player 0 placing token on slot 0
[2022-12-11 19:05:53] [SEVERE ] setting player 0 score to 1
[2022-12-11 19:05:53] [SEVERE ] setting player 0 freeze to 1000
[2022-12-11 19:05:53] [SEVERE ] setting player 1 freeze to -1670778353552
[2022-12-11 19:05:54] [SEVERE ] setting player 0 freeze to -1
[2022-12-11 19:05:54] [SEVERE ] setting player 1 freeze to -1670778354554
[2022-12-11 19:05:55] [SEVERE ] setting player 0 freeze to -1007
[2022-12-11 19:05:55] [SEVERE ] setting player 1 freeze to -1670778355560
[2022-12-11 19:05:56] [SEVERE ] setting player 0 freeze to -2018
[2022-12-11 19:05:56] [SEVERE ] setting player 1 freeze to -1670778356570
[2022-12-11 19:05:57] [SEVERE ] setting player 0 freeze to -3024
[2022-12-11 19:05:57] [SEVERE ] setting player 1 freeze to -1670778357576
[2022-12-11 19:05:57] [SEVERE ] Key 81 was pressed by player 0
[2022-12-11 19:05:57] [SEVERE ] removing player 0 token from slot 0
[2022-12-11 19:05:57] [SEVERE ] Key 87 was pressed by player 0
[2022-12-11 19:05:57] [SEVERE ] removing player 0 token from slot 1
[2022-12-11 19:05:57] [SEVERE ] Key 68 was pressed by player 0
[2022-12-11 19:05:57] [SEVERE ] removing player 0 token from slot 6
[2022-12-11 19:05:58] [SEVERE ] setting player 0 freeze to -4032
[2022-12-11 19:05:58] [SEVERE ] setting player 1 freeze to -1670778358584
[2022-12-11 19:05:58] [SEVERE ] Key 68 was pressed by player 0
[2022-12-11 19:05:58] [SEVERE ] player 0 placing token on slot 6
[2022-12-11 19:05:58] [SEVERE ] Key 87 was pressed by player 0
[2022-12-11 19:05:58] [SEVERE ] player 0 placing token on slot 1
[2022-12-11 19:05:58] [SEVERE ] Key 81 was pressed by player 0
[2022-12-11 19:05:58] [SEVERE ] player 0 placing token on slot 0
[2022-12-11 19:05:58] [SEVERE ] setting player 0 score to 2
[2022-12-11 19:05:58] [SEVERE ] setting player 0 freeze to 1000
[2022-12-11 19:05:58] [SEVERE ] setting player 1 freeze to -1670778358952
[2022-12-11 19:05:59] [SEVERE ] Key 81 was pressed by player 0
[2022-12-11 19:05:59] [SEVERE ] Key 87 was pressed by player 0
[2022-12-11 19:05:59] [SEVERE ] Key 68 was pressed by player 0
[2022-12-11 19:05:59] [SEVERE ] setting player 0 freeze to -8
[2022-12-11 19:05:59] [SEVERE ] setting player 1 freeze to -1670778359961
[2022-12-11 19:06:00] [SEVERE ] setting player 0 freeze to -1023
[2022-12-11 19:06:00] [SEVERE ] setting player 1 freeze to -1670778360975
[2022-12-11 19:06:01] [SEVERE ] setting player 0 freeze to -2033
[2022-12-11 19:06:01] [SEVERE ] setting player 1 freeze to -1670778361985
[2022-12-11 19:06:02] [SEVERE ] Key 81 was pressed by player 0
[2022-12-11 19:06:02] [SEVERE ] removing player 0 token from slot 0
[2022-12-11 19:06:02] [SEVERE ] Key 87 was pressed by player 0
[2022-12-11 19:06:02] [SEVERE ] removing player 0 token from slot 1
[2022-12-11 19:06:02] [SEVERE ] Key 68 was pressed by player 0
[2022-12-11 19:06:02] [SEVERE ] removing player 0 token from slot 6
[2022-12-11 19:06:02] [SEVERE ] setting player 0 freeze to -3046
[2022-12-11 19:06:02] [SEVERE ] setting player 1 freeze to -1670778362999
[2022-12-11 19:06:03] [SEVERE ] Key 68 was pressed by player 0
[2022-12-11 19:06:03] [SEVERE ] player 0 placing token on slot 6
[2022-12-11 19:06:03] [SEVERE ] Key 85 was pressed by player 1
[2022-12-11 19:06:03] [SEVERE ] player 1 placing token on slot 0
[2022-12-11 19:06:03] [SEVERE ] Key 73 was pressed by player 1
[2022-12-11 19:06:03] [SEVERE ] player 1 placing token on slot 1
[2022-12-11 19:06:03] [SEVERE ] Key 87 was pressed by player 0
[2022-12-11 19:06:03] [SEVERE ] player 0 placing token on slot 1
[2022-12-11 19:06:03] [SEVERE ] Key 81 was pressed by player 0
[2022-12-11 19:06:03] [SEVERE ] player 0 placing token on slot 0
[2022-12-11 19:06:03] [SEVERE ] setting player 0 score to 3
[2022-12-11 19:06:03] [SEVERE ] setting player 0 freeze to 1000
[2022-12-11 19:06:03] [SEVERE ] setting player 1 freeze to -1670778363385
[2022-12-11 19:06:03] [SEVERE ] Key 76 was pressed by player 1
[2022-12-11 19:06:03] [SEVERE ] player 1 placing token on slot 6
[2022-12-11 19:06:03] [SEVERE ] setting player 1 score to 1
[2022-12-11 19:06:03] [SEVERE ] setting player 0 freeze to 976
[2022-12-11 19:06:03] [SEVERE ] setting player 1 freeze to 1000
[2022-12-11 19:06:04] [SEVERE ] setting player 0 freeze to -27
[2022-12-11 19:06:04] [SEVERE ] setting player 1 freeze to -3
[2022-12-11 19:06:05] [SEVERE ] Key 85 was pressed by player 1
[2022-12-11 19:06:05] [SEVERE ] removing player 1 token from slot 0
[2022-12-11 19:06:05] [SEVERE ] Key 68 was pressed by player 0
[2022-12-11 19:06:05] [SEVERE ] removing player 0 token from slot 6
[2022-12-11 19:06:05] [SEVERE ] Key 73 was pressed by player 1
[2022-12-11 19:06:05] [SEVERE ] removing player 1 token from slot 1
[2022-12-11 19:06:05] [SEVERE ] Key 87 was pressed by player 0
[2022-12-11 19:06:05] [SEVERE ] removing player 0 token from slot 1
[2022-12-11 19:06:05] [SEVERE ] Key 81 was pressed by player 0
[2022-12-11 19:06:05] [SEVERE ] removing player 0 token from slot 0
[2022-12-11 19:06:05] [SEVERE ] Key 76 was pressed by player 1
[2022-12-11 19:06:05] [SEVERE ] removing player 1 token from slot 6
[2022-12-11 19:06:05] [SEVERE ] setting player 0 freeze to -1039
[2022-12-11 19:06:05] [SEVERE ] setting player 1 freeze to -1015
[2022-12-11 19:06:05] [SEVERE ] Key 68 was pressed by player 0
[2022-12-11 19:06:05] [SEVERE ] player 0 placing token on slot 6
[2022-12-11 19:06:05] [SEVERE ] Key 85 was pressed by player 1
[2022-12-11 19:06:05] [SEVERE ] player 1 placing token on slot 0
[2022-12-11 19:06:05] [SEVERE ] Key 73 was pressed by player 1
[2022-12-11 19:06:05] [SEVERE ] player 1 placing token on slot 1
[2022-12-11 19:06:05] [SEVERE ] Key 87 was pressed by player 0
[2022-12-11 19:06:05] [SEVERE ] player 0 placing token on slot 1
[2022-12-11 19:06:05] [SEVERE ] Key 81 was pressed by player 0
[2022-12-11 19:06:05] [SEVERE ] player 0 placing token on slot 0
[2022-12-11 19:06:05] [SEVERE ] setting player 0 score to 4
[2022-12-11 19:06:05] [SEVERE ] setting player 0 freeze to 1000
[2022-12-11 19:06:05] [SEVERE ] setting player 1 freeze to -1369
[2022-12-11 19:06:05] [SEVERE ] Key 76 was pressed by player 1
[2022-12-11 19:06:05] [SEVERE ] player 1 placing token on slot 6
[2022-12-11 19:06:05] [SEVERE ] setting player 1 score to 2
[2022-12-11 19:06:05] [SEVERE ] setting player 0 freeze to 977
[2022-12-11 19:06:05] [SEVERE ] setting player 1 freeze to 1000
[2022-12-11 19:06:06] [SEVERE ] setting player 0 freeze to -26
[2022-12-11 19:06:06] [SEVERE ] setting player 1 freeze to -4
[2022-12-11 19:06:06] [SEVERE ] setting player 0 freeze to -27
[2022-12-11 19:06:06] [SEVERE ] setting player 1 freeze to -4
[2022-12-11 19:06:06] [SEVERE ] removing card from slot 0
[2022-12-11 19:06:07] [SEVERE ] removing card from slot 1
[2022-12-11 19:06:07] [SEVERE ] removing card from slot 2
[2022-12-11 19:06:07] [SEVERE ] removing card from slot 3
[2022-12-11 19:06:07] [SEVERE ] removing card from slot 4
[2022-12-11 19:06:07] [SEVERE ] removing card from slot 5
[2022-12-11 19:06:07] [SEVERE ] removing card from slot 6
[2022-12-11 19:06:07] [SEVERE ] removing card from slot 7
[2022-12-11 19:06:07] [SEVERE ] removing card from slot 8
[2022-12-11 19:06:07] [SEVERE ] removing card from slot 9
[2022-12-11 19:06:08] [SEVERE ] removing card from slot 10
[2022-12-11 19:06:08] [SEVERE ] removing card from slot 11
[2022-12-11 19:06:08] [SEVERE ] removing player 0 token from slot 0
[2022-12-11 19:06:08] [SEVERE ] removing player 0 token from slot 1
[2022-12-11 19:06:08] [SEVERE ] removing player 0 token from slot 6
[2022-12-11 19:06:08] [SEVERE ] removing player 1 token from slot 0
[2022-12-11 19:06:08] [SEVERE ] removing player 1 token from slot 1
[2022-12-11 19:06:08] [SEVERE ] removing player 1 token from slot 6
[2022-12-11 19:06:08] [SEVERE ] setting player 0 freeze to -1670778368124
[2022-12-11 19:06:08] [SEVERE ] setting player 1 freeze to -1670778368124
[2022-12-11 19:06:08] [SEVERE ] placing card 56 in slot 0
[2022-12-11 19:06:08] [SEVERE ] placing card 45 in slot 1
[2022-12-11 19:06:08] [SEVERE ] placing card 59 in slot 2
[2022-12-11 19:06:08] [SEVERE ] placing card 7 in slot 3
[2022-12-11 19:06:08] [SEVERE ] placing card 44 in slot 4
[2022-12-11 19:06:08] [SEVERE ] placing card 0 in slot 5
[2022-12-11 19:06:08] [SEVERE ] placing card 34 in slot 6
[2022-12-11 19:06:08] [SEVERE ] placing card 48 in slot 7
[2022-12-11 19:06:09] [SEVERE ] placing card 29 in slot 8
[2022-12-11 19:06:09] [SEVERE ] placing card 55 in slot 9
[2022-12-11 19:06:09] [SEVERE ] placing card 18 in slot 10
[2022-12-11 19:06:09] [SEVERE ] placing card 49 in slot 11
[2022-12-11 19:06:09] [SEVERE ] setting player 0 freeze to -1670778369427
[2022-12-11 19:06:09] [SEVERE ] setting player 1 freeze to -1670778369427
[2022-12-11 19:06:10] [SEVERE ] setting player 0 freeze to -1670778370436
[2022-12-11 19:06:10] [SEVERE ] setting player 1 freeze to -1670778370437
[2022-12-11 19:06:11] [SEVERE ] Exit button pressed
[2022-12-11 19:06:11] [SEVERE ] setting player 0 freeze to -1670778371445
[2022-12-11 19:06:11] [SEVERE ] setting player 1 freeze to -1670778371445
[2022-12-11 19:06:11] [SEVERE ] setting player 0 freeze to -1670778371446
[2022-12-11 19:06:11] [SEVERE ] setting player 1 freeze to -1670778371446
[2022-12-11 19:06:11] [SEVERE ] removing card from slot 0
[2022-12-11 19:06:11] [SEVERE ] removing card from slot 1
[2022-12-11 19:06:11] [SEVERE ] removing card from slot 2
[2022-12-11 19:06:11] [SEVERE ] removing card from slot 3
[2022-12-11 19:06:11] [SEVERE ] removing card from slot 4
[2022-12-11 19:06:12] [SEVERE ] removing card from slot 5
[2022-12-11 19:06:12] [SEVERE ] removing card from slot 6
[2022-12-11 19:06:12] [SEVERE ] removing card from slot 7
[2022-12-11 19:06:12] [SEVERE ] removing card from slot 8
[2022-12-11 19:06:12] [SEVERE ] removing card from slot 9
[2022-12-11 19:06:12] [SEVERE ] removing card from slot 10
[2022-12-11 19:06:12] [SEVERE ] removing card from slot 11
[2022-12-11 19:06:12] [SEVERE ] setting player 0 freeze to -1670778372755
[2022-12-11 19:06:12] [SEVERE ] setting player 1 freeze to -1670778372755
[2022-12-11 19:06:12] [INFO   ] Thread main terminated.
