[2022-12-11 20:10:13] [INFO   ] cannot read configuration file config.properties trying from resources.
[2022-12-11 20:10:13] [INFO   ] configuration file was loaded from resources directory.
[2022-12-11 20:10:14] [SEVERE ] placing card 3 in slot 0
[2022-12-11 20:10:14] [SEVERE ] placing card 44 in slot 1
[2022-12-11 20:10:14] [SEVERE ] placing card 55 in slot 2
[2022-12-11 20:10:14] [SEVERE ] placing card 43 in slot 3
[2022-12-11 20:10:14] [SEVERE ] placing card 32 in slot 4
[2022-12-11 20:10:14] [SEVERE ] placing card 37 in slot 5
[2022-12-11 20:10:14] [SEVERE ] placing card 16 in slot 6
[2022-12-11 20:10:14] [SEVERE ] placing card 21 in slot 7
[2022-12-11 20:10:14] [SEVERE ] placing card 52 in slot 8
[2022-12-11 20:10:15] [SEVERE ] placing card 1 in slot 9
[2022-12-11 20:10:15] [SEVERE ] placing card 40 in slot 10
[2022-12-11 20:10:15] [SEVERE ] placing card 41 in slot 11
[2022-12-11 20:10:15] [SEVERE ] setting player 0 freeze to -1670782215236
[2022-12-11 20:10:15] [SEVERE ] setting player 1 freeze to -1670782215237
[2022-12-11 20:10:15] [SEVERE ] Key 65 was pressed by player 0
[2022-12-11 20:10:15] [SEVERE ] player 0 placing token on slot 4
[2022-12-11 20:10:15] [SEVERE ] Key 83 was pressed by player 0
[2022-12-11 20:10:15] [SEVERE ] player 0 placing token on slot 5
[2022-12-11 20:10:15] [SEVERE ] Key 68 was pressed by player 0
[2022-12-11 20:10:15] [SEVERE ] player 0 placing token on slot 6
[2022-12-11 20:10:17] [SEVERE ] Key 65 was pressed by player 0
[2022-12-11 20:10:17] [SEVERE ] removing player 0 token from slot 4
[2022-12-11 20:10:17] [SEVERE ] setting player 0 freeze to -1670782217203
[2022-12-11 20:10:17] [SEVERE ] setting player 1 freeze to -1670782217204
[2022-12-11 20:10:17] [SEVERE ] Key 83 was pressed by player 0
[2022-12-11 20:10:17] [SEVERE ] removing player 0 token from slot 5
[2022-12-11 20:10:17] [SEVERE ] Key 68 was pressed by player 0
[2022-12-11 20:10:17] [SEVERE ] removing player 0 token from slot 6
[2022-12-11 20:10:18] [SEVERE ] setting player 0 freeze to -1670782218206
[2022-12-11 20:10:18] [SEVERE ] setting player 1 freeze to -1670782218207
[2022-12-11 20:10:19] [SEVERE ] setting player 0 freeze to -1670782219218
[2022-12-11 20:10:19] [SEVERE ] setting player 1 freeze to -1670782219219
[2022-12-11 20:10:20] [SEVERE ] setting player 0 freeze to -1670782220229
[2022-12-11 20:10:20] [SEVERE ] setting player 1 freeze to -1670782220230
[2022-12-11 20:10:20] [SEVERE ] Key 65 was pressed by player 0
[2022-12-11 20:10:20] [SEVERE ] player 0 placing token on slot 4
[2022-12-11 20:10:21] [SEVERE ] Key 83 was pressed by player 0
[2022-12-11 20:10:21] [SEVERE ] player 0 placing token on slot 5
[2022-12-11 20:10:21] [SEVERE ] Key 68 was pressed by player 0
[2022-12-11 20:10:21] [SEVERE ] player 0 placing token on slot 6
[2022-12-11 20:10:23] [SEVERE ] Key 65 was pressed by player 0
[2022-12-11 20:10:23] [SEVERE ] removing player 0 token from slot 4
[2022-12-11 20:10:23] [SEVERE ] setting player 0 freeze to 2999
[2022-12-11 20:10:23] [SEVERE ] setting player 1 freeze to -1670782223874
[2022-12-11 20:10:23] [SEVERE ] Key 83 was pressed by player 0
[2022-12-11 20:10:24] [SEVERE ] Key 68 was pressed by player 0
[2022-12-11 20:10:24] [SEVERE ] Key 65 was pressed by player 0
[2022-12-11 20:10:24] [SEVERE ] Key 83 was pressed by player 0
[2022-12-11 20:10:24] [SEVERE ] Key 68 was pressed by player 0
[2022-12-11 20:10:24] [SEVERE ] setting player 0 freeze to 1985
[2022-12-11 20:10:24] [SEVERE ] setting player 1 freeze to -1670782224889
[2022-12-11 20:10:25] [SEVERE ] setting player 0 freeze to 969
[2022-12-11 20:10:25] [SEVERE ] setting player 1 freeze to -1670782225905
