[2022-12-11 21:06:22] [INFO   ] cannot read configuration file config.properties trying from resources.
[2022-12-11 21:06:22] [INFO   ] configuration file was loaded from resources directory.
[2022-12-11 21:06:27] [SEVERE ] placing card 11 in slot 0
[2022-12-11 21:06:27] [SEVERE ] placing card 75 in slot 1
[2022-12-11 21:06:28] [SEVERE ] placing card 55 in slot 2
[2022-12-11 21:06:28] [SEVERE ] placing card 0 in slot 3
[2022-12-11 21:06:28] [SEVERE ] placing card 3 in slot 4
[2022-12-11 21:06:28] [SEVERE ] placing card 61 in slot 5
[2022-12-11 21:06:28] [SEVERE ] placing card 12 in slot 6
[2022-12-11 21:06:28] [SEVERE ] placing card 79 in slot 7
[2022-12-11 21:06:28] [SEVERE ] placing card 15 in slot 8
[2022-12-11 21:06:28] [SEVERE ] placing card 46 in slot 9
[2022-12-11 21:06:28] [SEVERE ] placing card 42 in slot 10
[2022-12-11 21:06:29] [SEVERE ] placing card 25 in slot 11
[2022-12-11 21:06:29] [SEVERE ] setting player 0 freeze to -1670785589001
[2022-12-11 21:06:29] [SEVERE ] setting player 1 freeze to -1670785589002
[2022-12-11 21:06:29] [SEVERE ] Key 68 was pressed by player 0
[2022-12-11 21:06:33] [SEVERE ] setting player 0 freeze to -1670785593977
[2022-12-11 21:06:33] [SEVERE ] player 0 placing token on slot 6
[2022-12-11 21:06:33] [SEVERE ] Key 83 was pressed by player 0
[2022-12-11 21:06:33] [SEVERE ] setting player 1 freeze to -1670785593978
[2022-12-11 21:06:33] [SEVERE ] player 0 placing token on slot 5
[2022-12-11 21:06:33] [SEVERE ] Key 65 was pressed by player 0
[2022-12-11 21:06:33] [SEVERE ] player 0 placing token on slot 4
[2022-12-11 21:06:33] [SEVERE ] setting player 0 freeze to 3000
[2022-12-11 21:06:33] [SEVERE ] setting player 1 freeze to -1670785593991
