[2022-12-11 21:26:49] [INFO   ] cannot read configuration file config.properties trying from resources.
[2022-12-11 21:26:49] [INFO   ] configuration file was loaded from resources directory.
[2022-12-11 21:26:50] [SEVERE ] placing card 65 in slot 0
[2022-12-11 21:26:50] [SEVERE ] placing card 39 in slot 1
[2022-12-11 21:26:50] [SEVERE ] placing card 73 in slot 2
[2022-12-11 21:26:50] [SEVERE ] placing card 40 in slot 3
[2022-12-11 21:26:50] [SEVERE ] placing card 10 in slot 4
[2022-12-11 21:26:50] [SEVERE ] placing card 53 in slot 5
[2022-12-11 21:26:50] [SEVERE ] placing card 54 in slot 6
[2022-12-11 21:26:50] [SEVERE ] placing card 38 in slot 7
[2022-12-11 21:26:51] [SEVERE ] placing card 12 in slot 8
[2022-12-11 21:26:51] [SEVERE ] placing card 77 in slot 9
[2022-12-11 21:26:51] [SEVERE ] placing card 22 in slot 10
[2022-12-11 21:26:51] [SEVERE ] placing card 0 in slot 11
[2022-12-11 21:26:51] [SEVERE ] setting player 0 freeze to -1670786811423
[2022-12-11 21:26:51] [SEVERE ] setting player 1 freeze to -1670786811424
[2022-12-11 21:26:52] [SEVERE ] setting player 0 freeze to -1670786812440
[2022-12-11 21:26:52] [SEVERE ] setting player 1 freeze to -1670786812441
[2022-12-11 21:26:53] [SEVERE ] setting player 0 freeze to -1670786813451
[2022-12-11 21:26:53] [SEVERE ] setting player 1 freeze to -1670786813452
[2022-12-11 21:26:54] [SEVERE ] setting player 0 freeze to -1670786814465
[2022-12-11 21:26:54] [SEVERE ] setting player 1 freeze to -1670786814465
[2022-12-11 21:26:55] [SEVERE ] setting player 0 freeze to -1670786815475
[2022-12-11 21:26:55] [SEVERE ] setting player 1 freeze to -1670786815475
[2022-12-11 21:26:56] [SEVERE ] setting player 0 freeze to -1670786816488
[2022-12-11 21:26:56] [SEVERE ] setting player 1 freeze to -1670786816488
[2022-12-11 21:26:57] [SEVERE ] Key 65 was pressed by player 0
[2022-12-11 21:26:57] [SEVERE ] setting player 0 freeze to -1670786817489
[2022-12-11 21:26:57] [SEVERE ] setting player 1 freeze to -1670786817489
[2022-12-11 21:26:57] [SEVERE ] Key 65 was pressed by player 0
[2022-12-11 21:26:58] [SEVERE ] Key 83 was pressed by player 0
[2022-12-11 21:26:58] [SEVERE ] setting player 0 freeze to -1670786818504
[2022-12-11 21:26:58] [SEVERE ] setting player 1 freeze to -1670786818504
[2022-12-11 21:26:59] [SEVERE ] Key 68 was pressed by player 0
[2022-12-11 21:26:59] [SEVERE ] setting player 0 freeze to -1670786819513
[2022-12-11 21:26:59] [SEVERE ] setting player 1 freeze to -1670786819514
