[2022-12-11 18:59:31] [INFO   ] cannot read configuration file config.properties trying from resources.
[2022-12-11 18:59:31] [INFO   ] configuration file was loaded from resources directory.
[2022-12-11 18:59:31] [SEVERE ] placing card 69 in slot 0
[2022-12-11 18:59:32] [SEVERE ] placing card 51 in slot 1
[2022-12-11 18:59:32] [SEVERE ] placing card 63 in slot 2
[2022-12-11 18:59:32] [SEVERE ] placing card 33 in slot 3
[2022-12-11 18:59:32] [SEVERE ] placing card 70 in slot 4
[2022-12-11 18:59:32] [SEVERE ] placing card 65 in slot 5
[2022-12-11 18:59:32] [SEVERE ] placing card 10 in slot 6
[2022-12-11 18:59:32] [SEVERE ] placing card 59 in slot 7
[2022-12-11 18:59:32] [SEVERE ] placing card 64 in slot 8
[2022-12-11 18:59:32] [SEVERE ] placing card 49 in slot 9
[2022-12-11 18:59:33] [SEVERE ] placing card 19 in slot 10
[2022-12-11 18:59:33] [SEVERE ] placing card 20 in slot 11
[2022-12-11 18:59:33] [SEVERE ] setting player 0 freeze to -1670777973198
[2022-12-11 18:59:33] [SEVERE ] setting player 1 freeze to -1670777973198
[2022-12-11 18:59:34] [SEVERE ] setting player 0 freeze to -1670777974208
[2022-12-11 18:59:34] [SEVERE ] setting player 1 freeze to -1670777974208
[2022-12-11 18:59:35] [SEVERE ] Key 65 was pressed by player 0
[2022-12-11 18:59:35] [SEVERE ] player 0 placing token on slot 4
[2022-12-11 18:59:35] [SEVERE ] setting player 0 freeze to -1670777975221
[2022-12-11 18:59:35] [SEVERE ] setting player 1 freeze to -1670777975222
[2022-12-11 18:59:36] [SEVERE ] setting player 0 freeze to -1670777976230
[2022-12-11 18:59:36] [SEVERE ] setting player 1 freeze to -1670777976231
[2022-12-11 18:59:36] [SEVERE ] Key 83 was pressed by player 0
[2022-12-11 18:59:36] [SEVERE ] player 0 placing token on slot 5
[2022-12-11 18:59:37] [SEVERE ] setting player 0 freeze to -1670777977233
[2022-12-11 18:59:37] [SEVERE ] setting player 1 freeze to -1670777977234
[2022-12-11 18:59:37] [SEVERE ] Key 90 was pressed by player 0
[2022-12-11 18:59:37] [SEVERE ] player 0 placing token on slot 8
[2022-12-11 18:59:38] [SEVERE ] setting player 0 freeze to 3000
[2022-12-11 18:59:38] [SEVERE ] setting player 1 freeze to -1670777978242
[2022-12-11 18:59:39] [SEVERE ] setting player 0 freeze to 1989
[2022-12-11 18:59:39] [SEVERE ] setting player 1 freeze to -1670777979254
[2022-12-11 18:59:40] [SEVERE ] setting player 0 freeze to 978
[2022-12-11 18:59:40] [SEVERE ] setting player 1 freeze to -1670777980265
[2022-12-11 18:59:41] [SEVERE ] setting player 0 freeze to -25
[2022-12-11 18:59:41] [SEVERE ] setting player 1 freeze to -1670777981267
