[2022-12-11 22:05:06] [INFO   ] cannot read configuration file config.properties trying from resources.
[2022-12-11 22:05:06] [INFO   ] configuration file was loaded from resources directory.
[2022-12-11 22:05:06] [SEVERE ] placing card 11 in slot 0
[2022-12-11 22:05:06] [SEVERE ] placing card 60 in slot 1
[2022-12-11 22:05:06] [SEVERE ] placing card 24 in slot 2
[2022-12-11 22:05:07] [SEVERE ] placing card 65 in slot 3
[2022-12-11 22:05:07] [SEVERE ] placing card 75 in slot 4
[2022-12-11 22:05:07] [SEVERE ] placing card 2 in slot 5
[2022-12-11 22:05:07] [SEVERE ] placing card 40 in slot 6
[2022-12-11 22:05:07] [SEVERE ] placing card 78 in slot 7
[2022-12-11 22:05:07] [SEVERE ] placing card 71 in slot 8
[2022-12-11 22:05:07] [SEVERE ] Key 65 was pressed by player 0
[2022-12-11 22:05:07] [SEVERE ] placing card 38 in slot 9
[2022-12-11 22:05:07] [SEVERE ] placing card 39 in slot 10
[2022-12-11 22:05:07] [SEVERE ] placing card 25 in slot 11
[2022-12-11 22:05:07] [SEVERE ] setting player 0 freeze to -1670789107905
[2022-12-11 22:05:07] [SEVERE ] setting player 1 freeze to -1670789107905
[2022-12-11 22:05:07] [SEVERE ] Key 65 was pressed by player 0
[2022-12-11 22:05:07] [SEVERE ] player 0 placing token on slot 4
[2022-12-11 22:05:08] [SEVERE ] setting player 0 freeze to -1670789108928
[2022-12-11 22:05:08] [SEVERE ] setting player 1 freeze to -1670789108929
[2022-12-11 22:05:09] [SEVERE ] setting player 0 freeze to -1670789109942
[2022-12-11 22:05:09] [SEVERE ] setting player 1 freeze to -1670789109942
