[2022-12-11 21:46:30] [INFO   ] cannot read configuration file config.properties trying from resources.
[2022-12-11 21:46:30] [INFO   ] configuration file was loaded from resources directory.
[2022-12-11 21:46:31] [SEVERE ] placing card 49 in slot 0
[2022-12-11 21:46:31] [SEVERE ] placing card 4 in slot 1
[2022-12-11 21:46:31] [SEVERE ] placing card 38 in slot 2
[2022-12-11 21:46:31] [SEVERE ] placing card 75 in slot 3
[2022-12-11 21:46:31] [SEVERE ] placing card 70 in slot 4
[2022-12-11 21:46:31] [SEVERE ] placing card 62 in slot 5
[2022-12-11 21:46:32] [SEVERE ] placing card 8 in slot 6
[2022-12-11 21:46:32] [SEVERE ] placing card 24 in slot 7
[2022-12-11 21:46:32] [SEVERE ] placing card 3 in slot 8
[2022-12-11 21:46:32] [SEVERE ] placing card 5 in slot 9
[2022-12-11 21:46:32] [SEVERE ] placing card 67 in slot 10
[2022-12-11 21:46:32] [SEVERE ] placing card 30 in slot 11
[2022-12-11 21:46:32] [SEVERE ] setting player 0 freeze to -1670787992588
[2022-12-11 21:46:32] [SEVERE ] setting player 1 freeze to -1670787992589
[2022-12-11 21:46:33] [SEVERE ] setting player 0 freeze to -1670787993605
[2022-12-11 21:46:33] [SEVERE ] setting player 1 freeze to -1670787993605
[2022-12-11 21:46:34] [SEVERE ] setting player 0 freeze to -1670787994614
[2022-12-11 21:46:34] [SEVERE ] setting player 1 freeze to -1670787994615
[2022-12-11 21:46:35] [SEVERE ] setting player 0 freeze to -1670787995626
[2022-12-11 21:46:35] [SEVERE ] setting player 1 freeze to -1670787995627
[2022-12-11 21:46:36] [SEVERE ] setting player 0 freeze to -1670787996640
[2022-12-11 21:46:36] [SEVERE ] setting player 1 freeze to -1670787996640
[2022-12-11 21:46:37] [SEVERE ] Key 65 was pressed by player 0
[2022-12-11 21:46:37] [SEVERE ] player 0 placing token on slot 4
[2022-12-11 21:46:37] [SEVERE ] setting player 0 freeze to -1670787997652
[2022-12-11 21:46:37] [SEVERE ] setting player 1 freeze to -1670787997652
[2022-12-11 21:46:38] [SEVERE ] setting player 0 freeze to -1670787998668
[2022-12-11 21:46:38] [SEVERE ] setting player 1 freeze to -1670787998669
[2022-12-11 21:46:39] [SEVERE ] setting player 0 freeze to -1670787999679
[2022-12-11 21:46:39] [SEVERE ] setting player 1 freeze to -1670787999680
[2022-12-11 21:46:40] [SEVERE ] setting player 0 freeze to -1670788000682
[2022-12-11 21:46:40] [SEVERE ] setting player 1 freeze to -1670788000683
[2022-12-11 21:46:41] [SEVERE ] setting player 0 freeze to -1670788001692
[2022-12-11 21:46:41] [SEVERE ] setting player 1 freeze to -1670788001693
[2022-12-11 21:46:42] [SEVERE ] Key 83 was pressed by player 0
[2022-12-11 21:46:42] [SEVERE ] player 0 placing token on slot 5
[2022-12-11 21:46:42] [SEVERE ] setting player 0 freeze to -1670788002704
[2022-12-11 21:46:42] [SEVERE ] setting player 1 freeze to -1670788002704
[2022-12-11 21:46:43] [SEVERE ] setting player 0 freeze to -1670788003712
[2022-12-11 21:46:43] [SEVERE ] setting player 1 freeze to -1670788003713
[2022-12-11 21:46:44] [SEVERE ] setting player 0 freeze to -1670788004724
[2022-12-11 21:46:44] [SEVERE ] setting player 1 freeze to -1670788004734
[2022-12-11 21:46:45] [SEVERE ] setting player 0 freeze to -1670788005740
[2022-12-11 21:46:45] [SEVERE ] setting player 1 freeze to -1670788005741
[2022-12-11 21:46:46] [SEVERE ] setting player 0 freeze to -1670788006751
[2022-12-11 21:46:46] [SEVERE ] setting player 1 freeze to -1670788006752
[2022-12-11 21:46:47] [SEVERE ] setting player 0 freeze to -1670788007754
[2022-12-11 21:46:47] [SEVERE ] setting player 1 freeze to -1670788007755
[2022-12-11 21:46:48] [SEVERE ] setting player 0 freeze to -1670788008759
[2022-12-11 21:46:48] [SEVERE ] setting player 1 freeze to -1670788008759
[2022-12-11 21:46:49] [SEVERE ] Key 68 was pressed by player 0
[2022-12-11 21:46:49] [SEVERE ] player 0 placing token on slot 6
[2022-12-11 21:46:49] [SEVERE ] setting player 0 freeze to 3000
[2022-12-11 21:46:49] [SEVERE ] setting player 1 freeze to -1670788009107
[2022-12-11 21:46:50] [SEVERE ] setting player 0 freeze to 1992
[2022-12-11 21:46:50] [SEVERE ] setting player 1 freeze to -1670788010114
[2022-12-11 21:46:51] [SEVERE ] setting player 0 freeze to 980
[2022-12-11 21:46:51] [SEVERE ] setting player 1 freeze to -1670788011127
[2022-12-11 21:46:52] [SEVERE ] setting player 0 freeze to -30
[2022-12-11 21:46:52] [SEVERE ] setting player 1 freeze to -1670788012137
[2022-12-11 21:46:53] [SEVERE ] setting player 0 freeze to -1042
[2022-12-11 21:46:53] [SEVERE ] setting player 1 freeze to -1670788013148
[2022-12-11 21:46:54] [SEVERE ] setting player 0 freeze to -2055
[2022-12-11 21:46:54] [SEVERE ] setting player 1 freeze to -1670788014162
[2022-12-11 21:46:55] [SEVERE ] setting player 0 freeze to -3067
[2022-12-11 21:46:55] [SEVERE ] setting player 1 freeze to -1670788015174
[2022-12-11 21:46:56] [SEVERE ] setting player 0 freeze to -4076
[2022-12-11 21:46:56] [SEVERE ] setting player 1 freeze to -1670788016182
[2022-12-11 21:46:57] [SEVERE ] setting player 0 freeze to -5084
[2022-12-11 21:46:57] [SEVERE ] setting player 1 freeze to -1670788017191
[2022-12-11 21:46:58] [SEVERE ] setting player 0 freeze to -6088
[2022-12-11 21:46:58] [SEVERE ] setting player 1 freeze to -1670788018194
[2022-12-11 21:46:58] [SEVERE ] Exit button pressed
[2022-12-11 21:46:59] [SEVERE ] setting player 0 freeze to -7097
[2022-12-11 21:46:59] [SEVERE ] setting player 1 freeze to -1670788019204
[2022-12-11 21:46:59] [SEVERE ] setting player 0 freeze to -7098
[2022-12-11 21:46:59] [SEVERE ] setting player 1 freeze to -1670788019204
[2022-12-11 21:46:59] [SEVERE ] removing player 0 token from slot 4
[2022-12-11 21:46:59] [SEVERE ] removing player 0 token from slot 5
[2022-12-11 21:46:59] [SEVERE ] removing player 0 token from slot 6
[2022-12-11 21:46:59] [SEVERE ] removing card from slot 0
[2022-12-11 21:46:59] [SEVERE ] removing card from slot 1
[2022-12-11 21:46:59] [SEVERE ] removing card from slot 2
[2022-12-11 21:46:59] [SEVERE ] removing card from slot 3
[2022-12-11 21:46:59] [SEVERE ] removing card from slot 4
[2022-12-11 21:46:59] [SEVERE ] removing card from slot 5
[2022-12-11 21:46:59] [SEVERE ] removing card from slot 6
