[2022-12-11 20:16:23] [INFO   ] cannot read configuration file config.properties trying from resources.
[2022-12-11 20:16:23] [INFO   ] configuration file was loaded from resources directory.
[2022-12-11 20:16:24] [SEVERE ] placing card 29 in slot 0
[2022-12-11 20:16:24] [SEVERE ] placing card 25 in slot 1
[2022-12-11 20:16:24] [SEVERE ] placing card 37 in slot 2
[2022-12-11 20:16:24] [SEVERE ] placing card 19 in slot 3
[2022-12-11 20:16:24] [SEVERE ] placing card 49 in slot 4
[2022-12-11 20:16:25] [SEVERE ] placing card 12 in slot 5
[2022-12-11 20:16:25] [SEVERE ] placing card 11 in slot 6
[2022-12-11 20:16:25] [SEVERE ] placing card 59 in slot 7
[2022-12-11 20:16:25] [SEVERE ] placing card 64 in slot 8
[2022-12-11 20:16:25] [SEVERE ] placing card 38 in slot 9
[2022-12-11 20:16:25] [SEVERE ] placing card 26 in slot 10
[2022-12-11 20:16:25] [SEVERE ] Key 65 was pressed by player 0
[2022-12-11 20:16:25] [SEVERE ] placing card 65 in slot 11
[2022-12-11 20:16:25] [SEVERE ] setting player 0 freeze to -1670782585679
[2022-12-11 20:16:25] [SEVERE ] setting player 1 freeze to -1670782585679
[2022-12-11 20:16:25] [SEVERE ] Key 83 was pressed by player 0
[2022-12-11 20:16:25] [SEVERE ] player 0 placing token on slot 5
[2022-12-11 20:16:26] [SEVERE ] setting player 0 freeze to -1670782586694
[2022-12-11 20:16:26] [SEVERE ] setting player 1 freeze to -1670782586696
[2022-12-11 20:16:26] [SEVERE ] Key 68 was pressed by player 0
[2022-12-11 20:16:26] [SEVERE ] player 0 placing token on slot 6
[2022-12-11 20:16:26] [SEVERE ] Key 65 was pressed by player 0
[2022-12-11 20:16:26] [SEVERE ] player 0 placing token on slot 4
[2022-12-11 20:16:26] [INFO   ] Thread main terminated.
