[2022-12-11 22:00:58] [INFO   ] cannot read configuration file config.properties trying from resources.
[2022-12-11 22:00:58] [INFO   ] configuration file was loaded from resources directory.
[2022-12-11 22:00:59] [SEVERE ] placing card 26 in slot 0
[2022-12-11 22:00:59] [SEVERE ] placing card 12 in slot 1
[2022-12-11 22:00:59] [SEVERE ] placing card 25 in slot 2
[2022-12-11 22:00:59] [SEVERE ] placing card 52 in slot 3
[2022-12-11 22:00:59] [SEVERE ] placing card 18 in slot 4
[2022-12-11 22:00:59] [SEVERE ] placing card 29 in slot 5
[2022-12-11 22:00:59] [SEVERE ] placing card 64 in slot 6
[2022-12-11 22:00:59] [SEVERE ] Key 65 was pressed by player 0
[2022-12-11 22:00:59] [SEVERE ] placing card 75 in slot 7
[2022-12-11 22:01:00] [SEVERE ] Key 83 was pressed by player 0
[2022-12-11 22:01:00] [SEVERE ] placing card 61 in slot 8
[2022-12-11 22:01:00] [SEVERE ] Key 68 was pressed by player 0
[2022-12-11 22:01:00] [SEVERE ] placing card 41 in slot 9
[2022-12-11 22:01:00] [SEVERE ] placing card 72 in slot 10
[2022-12-11 22:01:00] [SEVERE ] placing card 31 in slot 11
[2022-12-11 22:01:00] [SEVERE ] setting player 0 freeze to -1670788860423
[2022-12-11 22:01:00] [SEVERE ] setting player 1 freeze to -1670788860424
[2022-12-11 22:01:00] [SEVERE ] Key 68 was pressed by player 0
[2022-12-11 22:01:00] [SEVERE ] player 0 placing token on slot 6
[2022-12-11 22:01:00] [SEVERE ] Key 83 was pressed by player 0
[2022-12-11 22:01:00] [SEVERE ] player 0 placing token on slot 5
[2022-12-11 22:01:00] [SEVERE ] Key 65 was pressed by player 0
[2022-12-11 22:01:00] [SEVERE ] player 0 placing token on slot 4
[2022-12-11 22:01:00] [SEVERE ] removing player 0 token from slot 4
[2022-12-11 22:01:00] [SEVERE ] removing player 0 token from slot 5
[2022-12-11 22:01:00] [SEVERE ] removing player 0 token from slot 6
[2022-12-11 22:01:00] [SEVERE ] removing player 1 token from slot 4
[2022-12-11 22:01:00] [SEVERE ] removing player 1 token from slot 5
[2022-12-11 22:01:00] [SEVERE ] removing player 1 token from slot 6
[2022-12-11 22:01:00] [SEVERE ] setting player 0 score to 1
[2022-12-11 22:01:00] [SEVERE ] setting player 0 freeze to 1000
[2022-12-11 22:01:00] [SEVERE ] setting player 1 freeze to -1670788860673
[2022-12-11 22:01:00] [SEVERE ] removing card from slot 4
[2022-12-11 22:01:00] [SEVERE ] removing card from slot 5
[2022-12-11 22:01:00] [SEVERE ] removing card from slot 6
[2022-12-11 22:01:01] [SEVERE ] placing card 59 in slot 4
[2022-12-11 22:01:01] [SEVERE ] placing card 70 in slot 5
[2022-12-11 22:01:01] [SEVERE ] placing card 56 in slot 6
[2022-12-11 22:01:01] [SEVERE ] setting player 0 freeze to -1670788861322
[2022-12-11 22:01:01] [SEVERE ] setting player 1 freeze to -1670788861323
[2022-12-11 22:01:01] [SEVERE ] Key 65 was pressed by player 0
[2022-12-11 22:01:01] [SEVERE ] player 0 placing token on slot 4
[2022-12-11 22:01:01] [SEVERE ] Key 83 was pressed by player 0
[2022-12-11 22:01:01] [SEVERE ] player 0 placing token on slot 5
[2022-12-11 22:01:01] [SEVERE ] Key 68 was pressed by player 0
[2022-12-11 22:01:01] [SEVERE ] player 0 placing token on slot 6
[2022-12-11 22:01:01] [SEVERE ] setting player 0 freeze to 3000
[2022-12-11 22:01:01] [SEVERE ] setting player 1 freeze to -1670788861717
[2022-12-11 22:01:02] [SEVERE ] Key 68 was pressed by player 0
[2022-12-11 22:01:02] [SEVERE ] Key 83 was pressed by player 0
[2022-12-11 22:01:02] [SEVERE ] Key 65 was pressed by player 0
[2022-12-11 22:01:02] [SEVERE ] setting player 0 freeze to 1993
[2022-12-11 22:01:02] [SEVERE ] setting player 1 freeze to -1670788862724
