[2022-12-11 20:13:55] [INFO   ] cannot read configuration file config.properties trying from resources.
[2022-12-11 20:13:55] [INFO   ] configuration file was loaded from resources directory.
[2022-12-11 20:13:55] [SEVERE ] placing card 16 in slot 0
[2022-12-11 20:13:56] [SEVERE ] placing card 56 in slot 1
[2022-12-11 20:13:56] [SEVERE ] placing card 1 in slot 2
[2022-12-11 20:13:56] [SEVERE ] placing card 80 in slot 3
[2022-12-11 20:13:56] [SEVERE ] placing card 55 in slot 4
[2022-12-11 20:13:56] [SEVERE ] placing card 35 in slot 5
[2022-12-11 20:13:56] [SEVERE ] placing card 58 in slot 6
[2022-12-11 20:13:56] [SEVERE ] placing card 30 in slot 7
[2022-12-11 20:13:56] [SEVERE ] placing card 62 in slot 8
[2022-12-11 20:13:56] [SEVERE ] placing card 48 in slot 9
[2022-12-11 20:13:57] [SEVERE ] placing card 7 in slot 10
[2022-12-11 20:13:57] [SEVERE ] placing card 78 in slot 11
[2022-12-11 20:13:57] [SEVERE ] setting player 0 freeze to -1670782437123
[2022-12-11 20:13:57] [SEVERE ] setting player 1 freeze to -1670782437123
[2022-12-11 20:13:58] [SEVERE ] setting player 0 freeze to -1670782438131
[2022-12-11 20:13:58] [SEVERE ] setting player 1 freeze to -1670782438132
[2022-12-11 20:13:58] [SEVERE ] Key 65 was pressed by player 0
[2022-12-11 20:13:58] [SEVERE ] player 0 placing token on slot 4
[2022-12-11 20:13:58] [SEVERE ] Key 83 was pressed by player 0
[2022-12-11 20:13:58] [SEVERE ] player 0 placing token on slot 5
[2022-12-11 20:13:58] [SEVERE ] Key 68 was pressed by player 0
[2022-12-11 20:13:58] [SEVERE ] player 0 placing token on slot 6
[2022-12-11 20:13:58] [SEVERE ] setting player 0 freeze to 3000
[2022-12-11 20:13:58] [SEVERE ] setting player 1 freeze to -1670782438994
[2022-12-11 20:13:59] [SEVERE ] setting player 0 freeze to 1997
[2022-12-11 20:13:59] [SEVERE ] setting player 1 freeze to -1670782439996
[2022-12-11 20:14:01] [SEVERE ] setting player 0 freeze to 989
[2022-12-11 20:14:01] [SEVERE ] setting player 1 freeze to -1670782441005
[2022-12-11 20:14:02] [SEVERE ] setting player 0 freeze to -23
[2022-12-11 20:14:02] [SEVERE ] setting player 1 freeze to -1670782442017
[2022-12-11 20:14:03] [SEVERE ] setting player 0 freeze to -1031
[2022-12-11 20:14:03] [SEVERE ] setting player 1 freeze to -1670782443025
[2022-12-11 20:14:04] [SEVERE ] setting player 0 freeze to -2042
[2022-12-11 20:14:04] [SEVERE ] setting player 1 freeze to -1670782444036
[2022-12-11 20:14:05] [SEVERE ] setting player 0 freeze to -3056
[2022-12-11 20:14:05] [SEVERE ] setting player 1 freeze to -1670782445050
[2022-12-11 20:14:05] [SEVERE ] Key 65 was pressed by player 0
[2022-12-11 20:14:05] [SEVERE ] removing player 0 token from slot 4
[2022-12-11 20:14:05] [SEVERE ] Key 83 was pressed by player 0
[2022-12-11 20:14:05] [SEVERE ] removing player 0 token from slot 5
[2022-12-11 20:14:05] [SEVERE ] Key 68 was pressed by player 0
[2022-12-11 20:14:05] [SEVERE ] removing player 0 token from slot 6
[2022-12-11 20:14:06] [SEVERE ] setting player 0 freeze to -4068
[2022-12-11 20:14:06] [SEVERE ] setting player 1 freeze to -1670782446062
[2022-12-11 20:14:06] [SEVERE ] Key 68 was pressed by player 0
[2022-12-11 20:14:06] [SEVERE ] player 0 placing token on slot 6
[2022-12-11 20:14:06] [SEVERE ] Key 83 was pressed by player 0
[2022-12-11 20:14:06] [SEVERE ] player 0 placing token on slot 5
[2022-12-11 20:14:06] [SEVERE ] Key 65 was pressed by player 0
[2022-12-11 20:14:06] [SEVERE ] player 0 placing token on slot 4
[2022-12-11 20:14:06] [SEVERE ] setting player 0 freeze to 3000
[2022-12-11 20:14:06] [SEVERE ] setting player 1 freeze to -1670782446156
[2022-12-11 20:14:07] [SEVERE ] setting player 0 freeze to 1989
[2022-12-11 20:14:07] [SEVERE ] setting player 1 freeze to -1670782447166
[2022-12-11 20:14:08] [SEVERE ] setting player 0 freeze to 976
[2022-12-11 20:14:08] [SEVERE ] setting player 1 freeze to -1670782448179
[2022-12-11 20:14:09] [SEVERE ] setting player 0 freeze to -35
[2022-12-11 20:14:09] [SEVERE ] setting player 1 freeze to -1670782449191
[2022-12-11 20:14:10] [SEVERE ] setting player 0 freeze to -1046
[2022-12-11 20:14:10] [SEVERE ] setting player 1 freeze to -1670782450202
[2022-12-11 20:14:11] [SEVERE ] setting player 0 freeze to -2058
[2022-12-11 20:14:11] [SEVERE ] setting player 1 freeze to -1670782451214
[2022-12-11 20:14:12] [SEVERE ] setting player 0 freeze to -3069
[2022-12-11 20:14:12] [SEVERE ] setting player 1 freeze to -1670782452225
[2022-12-11 20:14:13] [SEVERE ] setting player 0 freeze to -4080
[2022-12-11 20:14:13] [SEVERE ] setting player 1 freeze to -1670782453236
[2022-12-11 20:14:14] [SEVERE ] setting player 0 freeze to -5093
[2022-12-11 20:14:14] [SEVERE ] setting player 1 freeze to -1670782454249
[2022-12-11 20:14:15] [SEVERE ] setting player 0 freeze to -6107
[2022-12-11 20:14:15] [SEVERE ] setting player 1 freeze to -1670782455263
[2022-12-11 20:14:16] [SEVERE ] setting player 0 freeze to -7116
[2022-12-11 20:14:16] [SEVERE ] setting player 1 freeze to -1670782456272
[2022-12-11 20:14:17] [SEVERE ] setting player 0 freeze to -8126
[2022-12-11 20:14:17] [SEVERE ] setting player 1 freeze to -1670782457282
[2022-12-11 20:14:18] [SEVERE ] setting player 0 freeze to -9133
[2022-12-11 20:14:18] [SEVERE ] setting player 1 freeze to -1670782458289
[2022-12-11 20:14:19] [SEVERE ] setting player 0 freeze to -10146
[2022-12-11 20:14:19] [SEVERE ] setting player 1 freeze to -1670782459301
[2022-12-11 20:14:20] [SEVERE ] setting player 0 freeze to -11159
[2022-12-11 20:14:20] [SEVERE ] setting player 1 freeze to -1670782460314
[2022-12-11 20:14:21] [SEVERE ] setting player 0 freeze to -12170
[2022-12-11 20:14:21] [SEVERE ] setting player 1 freeze to -1670782461326
[2022-12-11 20:14:22] [SEVERE ] setting player 0 freeze to -13182
[2022-12-11 20:14:22] [SEVERE ] setting player 1 freeze to -1670782462337
[2022-12-11 20:14:23] [SEVERE ] setting player 0 freeze to -14194
[2022-12-11 20:14:23] [SEVERE ] setting player 1 freeze to -1670782463349
[2022-12-11 20:14:24] [SEVERE ] setting player 0 freeze to -15207
[2022-12-11 20:14:24] [SEVERE ] setting player 1 freeze to -1670782464363
[2022-12-11 20:14:25] [SEVERE ] setting player 0 freeze to -16223
[2022-12-11 20:14:25] [SEVERE ] setting player 1 freeze to -1670782465378
[2022-12-11 20:14:26] [SEVERE ] setting player 0 freeze to -17233
[2022-12-11 20:14:26] [SEVERE ] setting player 1 freeze to -1670782466388
[2022-12-11 20:14:27] [SEVERE ] setting player 0 freeze to -18246
[2022-12-11 20:14:27] [SEVERE ] setting player 1 freeze to -1670782467402
[2022-12-11 20:14:27] [SEVERE ] setting player 0 freeze to -18248
[2022-12-11 20:14:27] [SEVERE ] setting player 1 freeze to -1670782467403
[2022-12-11 20:14:27] [SEVERE ] removing player 0 token from slot 4
[2022-12-11 20:14:27] [SEVERE ] removing player 0 token from slot 5
[2022-12-11 20:14:27] [SEVERE ] removing player 0 token from slot 6
[2022-12-11 20:14:27] [SEVERE ] removing card from slot 0
[2022-12-11 20:14:27] [SEVERE ] removing card from slot 1
[2022-12-11 20:14:27] [SEVERE ] removing card from slot 2
[2022-12-11 20:14:27] [SEVERE ] removing card from slot 3
[2022-12-11 20:14:27] [SEVERE ] removing card from slot 4
[2022-12-11 20:14:28] [SEVERE ] removing card from slot 5
[2022-12-11 20:14:28] [SEVERE ] removing card from slot 6
[2022-12-11 20:14:28] [SEVERE ] removing card from slot 7
[2022-12-11 20:14:28] [SEVERE ] removing card from slot 8
[2022-12-11 20:14:28] [SEVERE ] removing card from slot 9
[2022-12-11 20:14:28] [SEVERE ] removing card from slot 10
[2022-12-11 20:14:28] [SEVERE ] removing card from slot 11
[2022-12-11 20:14:28] [SEVERE ] setting player 0 freeze to -1670782468709
[2022-12-11 20:14:28] [SEVERE ] setting player 1 freeze to -1670782468710
[2022-12-11 20:14:28] [SEVERE ] placing card 74 in slot 0
[2022-12-11 20:14:28] [SEVERE ] placing card 44 in slot 1
[2022-12-11 20:14:29] [SEVERE ] placing card 40 in slot 2
[2022-12-11 20:14:29] [SEVERE ] placing card 21 in slot 3
[2022-12-11 20:14:29] [SEVERE ] placing card 67 in slot 4
[2022-12-11 20:14:29] [SEVERE ] placing card 73 in slot 5
[2022-12-11 20:14:29] [SEVERE ] placing card 25 in slot 6
[2022-12-11 20:14:29] [SEVERE ] placing card 46 in slot 7
[2022-12-11 20:14:29] [SEVERE ] placing card 80 in slot 8
[2022-12-11 20:14:29] [SEVERE ] placing card 8 in slot 9
[2022-12-11 20:14:29] [SEVERE ] placing card 41 in slot 10
[2022-12-11 20:14:30] [SEVERE ] placing card 26 in slot 11
[2022-12-11 20:14:30] [SEVERE ] setting player 0 freeze to -1670782470018
[2022-12-11 20:14:30] [SEVERE ] setting player 1 freeze to -1670782470018
[2022-12-11 20:14:31] [SEVERE ] setting player 0 freeze to -1670782471034
[2022-12-11 20:14:31] [SEVERE ] setting player 1 freeze to -1670782471034
[2022-12-11 20:14:32] [SEVERE ] setting player 0 freeze to -1670782472040
[2022-12-11 20:14:32] [SEVERE ] setting player 1 freeze to -1670782472041
[2022-12-11 20:14:33] [SEVERE ] setting player 0 freeze to -1670782473049
[2022-12-11 20:14:33] [SEVERE ] setting player 1 freeze to -1670782473049
