[2022-12-11 18:12:24] [INFO   ] cannot read configuration file config.properties trying from resources.
[2022-12-11 18:12:24] [INFO   ] configuration file was loaded from resources directory.
[2022-12-11 18:12:24] [SEVERE ] placing card 62 in slot 0
[2022-12-11 18:12:24] [SEVERE ] placing card 19 in slot 1
[2022-12-11 18:12:25] [SEVERE ] placing card 72 in slot 2
[2022-12-11 18:12:25] [SEVERE ] placing card 36 in slot 3
[2022-12-11 18:12:25] [SEVERE ] placing card 65 in slot 4
[2022-12-11 18:12:25] [SEVERE ] placing card 74 in slot 5
[2022-12-11 18:12:25] [SEVERE ] placing card 13 in slot 6
[2022-12-11 18:12:25] [SEVERE ] placing card 67 in slot 7
[2022-12-11 18:12:25] [SEVERE ] placing card 37 in slot 8
[2022-12-11 18:12:25] [SEVERE ] placing card 52 in slot 9
[2022-12-11 18:12:25] [SEVERE ] placing card 75 in slot 10
[2022-12-11 18:12:26] [SEVERE ] placing card 69 in slot 11
[2022-12-11 18:12:26] [SEVERE ] setting player 0 freeze to -1670775146089
[2022-12-11 18:12:26] [SEVERE ] setting player 1 freeze to -1670775146090
[2022-12-11 18:12:27] [SEVERE ] setting player 0 freeze to -1670775147102
[2022-12-11 18:12:27] [SEVERE ] setting player 1 freeze to -1670775147103
[2022-12-11 18:12:28] [SEVERE ] setting player 0 freeze to -1670775148107
[2022-12-11 18:12:28] [SEVERE ] setting player 1 freeze to -1670775148107
[2022-12-11 18:12:29] [SEVERE ] setting player 0 freeze to -1670775149115
[2022-12-11 18:12:29] [SEVERE ] setting player 1 freeze to -1670775149116
[2022-12-11 18:12:29] [SEVERE ] Exit button pressed
[2022-12-11 18:12:30] [SEVERE ] setting player 0 freeze to -1670775150128
[2022-12-11 18:12:30] [SEVERE ] setting player 1 freeze to -1670775150129
[2022-12-11 18:12:30] [SEVERE ] setting player 0 freeze to -1670775150130
[2022-12-11 18:12:30] [SEVERE ] setting player 1 freeze to -1670775150130
[2022-12-11 18:12:30] [SEVERE ] removing card from slot 0
[2022-12-11 18:12:30] [SEVERE ] removing card from slot 1
[2022-12-11 18:12:30] [SEVERE ] removing card from slot 2
[2022-12-11 18:12:30] [SEVERE ] removing card from slot 3
[2022-12-11 18:12:30] [SEVERE ] removing card from slot 4
[2022-12-11 18:12:30] [SEVERE ] removing card from slot 5
[2022-12-11 18:12:30] [SEVERE ] removing card from slot 6
[2022-12-11 18:12:30] [SEVERE ] removing card from slot 7
[2022-12-11 18:12:31] [SEVERE ] removing card from slot 8
[2022-12-11 18:12:31] [SEVERE ] removing card from slot 9
[2022-12-11 18:12:31] [SEVERE ] removing card from slot 10
[2022-12-11 18:12:31] [SEVERE ] removing card from slot 11
[2022-12-11 18:12:31] [SEVERE ] setting player 0 freeze to -1670775151430
[2022-12-11 18:12:31] [SEVERE ] setting player 1 freeze to -1670775151430
[2022-12-11 18:12:31] [INFO   ] Thread main terminated.
