[2022-12-11 20:18:45] [INFO   ] cannot read configuration file config.properties trying from resources.
[2022-12-11 20:18:45] [INFO   ] configuration file was loaded from resources directory.
[2022-12-11 20:18:46] [SEVERE ] placing card 31 in slot 0
[2022-12-11 20:18:46] [SEVERE ] placing card 40 in slot 1
[2022-12-11 20:18:46] [SEVERE ] placing card 43 in slot 2
[2022-12-11 20:18:46] [SEVERE ] placing card 18 in slot 3
[2022-12-11 20:18:46] [SEVERE ] placing card 65 in slot 4
[2022-12-11 20:18:46] [SEVERE ] placing card 51 in slot 5
[2022-12-11 20:18:46] [SEVERE ] placing card 56 in slot 6
[2022-12-11 20:18:47] [SEVERE ] placing card 80 in slot 7
[2022-12-11 20:18:47] [SEVERE ] placing card 60 in slot 8
[2022-12-11 20:18:47] [SEVERE ] placing card 37 in slot 9
[2022-12-11 20:18:47] [SEVERE ] placing card 26 in slot 10
[2022-12-11 20:18:47] [SEVERE ] placing card 15 in slot 11
[2022-12-11 20:18:47] [SEVERE ] setting player 0 freeze to -1670782727487
[2022-12-11 20:18:47] [SEVERE ] setting player 1 freeze to -1670782727487
[2022-12-11 20:18:48] [SEVERE ] Key 65 was pressed by player 0
[2022-12-11 20:18:48] [SEVERE ] player 0 placing token on slot 4
[2022-12-11 20:18:48] [SEVERE ] Key 83 was pressed by player 0
[2022-12-11 20:18:48] [SEVERE ] player 0 placing token on slot 5
[2022-12-11 20:18:48] [SEVERE ] Key 68 was pressed by player 0
[2022-12-11 20:18:48] [SEVERE ] player 0 placing token on slot 6
[2022-12-11 20:18:51] [SEVERE ] setting player 0 freeze to -3
[2022-12-11 20:18:51] [SEVERE ] setting player 1 freeze to -1670782731074
[2022-12-11 20:18:52] [SEVERE ] setting player 0 freeze to -1006
[2022-12-11 20:18:52] [SEVERE ] setting player 1 freeze to -1670782732076
[2022-12-11 20:18:53] [SEVERE ] setting player 0 freeze to -2018
[2022-12-11 20:18:53] [SEVERE ] setting player 1 freeze to -1670782733088
[2022-12-11 20:18:54] [SEVERE ] setting player 0 freeze to -3022
[2022-12-11 20:18:54] [SEVERE ] setting player 1 freeze to -1670782734094
[2022-12-11 20:18:54] [SEVERE ] Key 68 was pressed by player 0
[2022-12-11 20:18:54] [SEVERE ] removing player 0 token from slot 6
[2022-12-11 20:18:54] [SEVERE ] Key 83 was pressed by player 0
[2022-12-11 20:18:54] [SEVERE ] removing player 0 token from slot 5
[2022-12-11 20:18:54] [SEVERE ] Key 68 was pressed by player 0
[2022-12-11 20:18:54] [SEVERE ] player 0 placing token on slot 6
[2022-12-11 20:18:54] [SEVERE ] Key 65 was pressed by player 0
[2022-12-11 20:18:54] [SEVERE ] removing player 0 token from slot 4
[2022-12-11 20:18:54] [SEVERE ] Key 87 was pressed by player 0
[2022-12-11 20:18:54] [SEVERE ] player 0 placing token on slot 1
[2022-12-11 20:18:54] [SEVERE ] Key 81 was pressed by player 0
[2022-12-11 20:18:54] [SEVERE ] player 0 placing token on slot 0
[2022-12-11 20:18:54] [SEVERE ] Key 69 was pressed by player 0
[2022-12-11 20:18:54] [SEVERE ] Key 87 was pressed by player 0
[2022-12-11 20:18:54] [SEVERE ] Key 70 was pressed by player 0
[2022-12-11 20:18:57] [SEVERE ] setting player 0 freeze to -11
[2022-12-11 20:18:57] [SEVERE ] setting player 1 freeze to -1670782737641
