[2022-12-11 21:54:23] [INFO   ] cannot read configuration file config.properties trying from resources.
[2022-12-11 21:54:23] [INFO   ] configuration file was loaded from resources directory.
[2022-12-11 21:54:24] [SEVERE ] placing card 56 in slot 0
[2022-12-11 21:54:24] [SEVERE ] placing card 46 in slot 1
[2022-12-11 21:54:24] [SEVERE ] placing card 1 in slot 2
[2022-12-11 21:54:24] [SEVERE ] placing card 76 in slot 3
[2022-12-11 21:54:25] [SEVERE ] placing card 12 in slot 4
[2022-12-11 21:54:25] [SEVERE ] placing card 2 in slot 5
[2022-12-11 21:54:25] [SEVERE ] Key 65 was pressed by player 0
[2022-12-11 21:54:25] [SEVERE ] placing card 32 in slot 6
[2022-12-11 21:54:25] [SEVERE ] Key 83 was pressed by player 0
[2022-12-11 21:54:25] [SEVERE ] placing card 74 in slot 7
[2022-12-11 21:54:25] [SEVERE ] Key 68 was pressed by player 0
[2022-12-11 21:54:25] [SEVERE ] placing card 66 in slot 8
[2022-12-11 21:54:25] [SEVERE ] placing card 57 in slot 9
[2022-12-11 21:54:25] [SEVERE ] placing card 67 in slot 10
[2022-12-11 21:54:25] [SEVERE ] Key 68 was pressed by player 0
[2022-12-11 21:54:25] [SEVERE ] placing card 8 in slot 11
[2022-12-11 21:54:25] [SEVERE ] setting player 0 freeze to -1670788465782
[2022-12-11 21:54:25] [SEVERE ] setting player 1 freeze to -1670788465782
[2022-12-11 21:54:25] [SEVERE ] Key 83 was pressed by player 0
[2022-12-11 21:54:25] [SEVERE ] player 0 placing token on slot 5
[2022-12-11 21:54:25] [SEVERE ] Key 65 was pressed by player 0
[2022-12-11 21:54:25] [SEVERE ] player 0 placing token on slot 4
[2022-12-11 21:54:26] [SEVERE ] setting player 0 freeze to -1670788466808
[2022-12-11 21:54:26] [SEVERE ] setting player 1 freeze to -1670788466808
[2022-12-11 21:54:27] [SEVERE ] Key 83 was pressed by player 0
[2022-12-11 21:54:27] [SEVERE ] removing player 0 token from slot 5
[2022-12-11 21:54:27] [SEVERE ] Key 65 was pressed by player 0
[2022-12-11 21:54:27] [SEVERE ] removing player 0 token from slot 4
[2022-12-11 21:54:27] [SEVERE ] Key 65 was pressed by player 0
[2022-12-11 21:54:27] [SEVERE ] player 0 placing token on slot 4
[2022-12-11 21:54:27] [SEVERE ] Key 83 was pressed by player 0
[2022-12-11 21:54:27] [SEVERE ] player 0 placing token on slot 5
[2022-12-11 21:54:27] [SEVERE ] Key 68 was pressed by player 0
[2022-12-11 21:54:27] [SEVERE ] player 0 placing token on slot 6
[2022-12-11 21:54:27] [SEVERE ] setting player 0 freeze to 3000
[2022-12-11 21:54:27] [SEVERE ] setting player 1 freeze to -1670788467713
[2022-12-11 21:54:28] [SEVERE ] Key 68 was pressed by player 0
[2022-12-11 21:54:28] [SEVERE ] Key 83 was pressed by player 0
[2022-12-11 21:54:28] [SEVERE ] Key 65 was pressed by player 0
[2022-12-11 21:54:28] [SEVERE ] Key 65 was pressed by player 0
[2022-12-11 21:54:28] [SEVERE ] Key 83 was pressed by player 0
[2022-12-11 21:54:28] [SEVERE ] Key 68 was pressed by player 0
[2022-12-11 21:54:28] [SEVERE ] setting player 0 freeze to 1992
[2022-12-11 21:54:28] [SEVERE ] setting player 1 freeze to -1670788468721
[2022-12-11 21:54:29] [SEVERE ] Key 68 was pressed by player 0
[2022-12-11 21:54:29] [SEVERE ] Key 83 was pressed by player 0
[2022-12-11 21:54:29] [SEVERE ] Key 65 was pressed by player 0
[2022-12-11 21:54:29] [SEVERE ] setting player 0 freeze to 982
[2022-12-11 21:54:29] [SEVERE ] setting player 1 freeze to -1670788469732
[2022-12-11 21:54:30] [SEVERE ] setting player 0 freeze to -31
[2022-12-11 21:54:30] [SEVERE ] setting player 1 freeze to -1670788470744
[2022-12-11 21:54:31] [SEVERE ] setting player 0 freeze to -1042
[2022-12-11 21:54:31] [SEVERE ] setting player 1 freeze to -1670788471755
[2022-12-11 21:54:32] [SEVERE ] Key 68 was pressed by player 0
[2022-12-11 21:54:32] [SEVERE ] removing player 0 token from slot 6
[2022-12-11 21:54:32] [SEVERE ] Key 83 was pressed by player 0
[2022-12-11 21:54:32] [SEVERE ] removing player 0 token from slot 5
[2022-12-11 21:54:32] [SEVERE ] Key 65 was pressed by player 0
[2022-12-11 21:54:32] [SEVERE ] removing player 0 token from slot 4
[2022-12-11 21:54:32] [SEVERE ] setting player 0 freeze to -2054
[2022-12-11 21:54:32] [SEVERE ] setting player 1 freeze to -1670788472767
[2022-12-11 21:54:33] [SEVERE ] setting player 0 freeze to -3064
[2022-12-11 21:54:33] [SEVERE ] setting player 1 freeze to -1670788473778
[2022-12-11 21:54:34] [SEVERE ] setting player 0 freeze to -4071
[2022-12-11 21:54:34] [SEVERE ] setting player 1 freeze to -1670788474786
[2022-12-11 21:54:35] [SEVERE ] setting player 0 freeze to -5083
[2022-12-11 21:54:35] [SEVERE ] setting player 1 freeze to -1670788475797
[2022-12-11 21:54:36] [SEVERE ] setting player 0 freeze to -6093
[2022-12-11 21:54:36] [SEVERE ] setting player 1 freeze to -1670788476807
[2022-12-11 21:54:37] [SEVERE ] setting player 0 freeze to -7104
[2022-12-11 21:54:37] [SEVERE ] setting player 1 freeze to -1670788477817
[2022-12-11 21:54:38] [SEVERE ] setting player 0 freeze to -8115
[2022-12-11 21:54:38] [SEVERE ] setting player 1 freeze to -1670788478829
[2022-12-11 21:54:39] [SEVERE ] setting player 0 freeze to -9117
[2022-12-11 21:54:39] [SEVERE ] setting player 1 freeze to -1670788479831
[2022-12-11 21:54:40] [SEVERE ] setting player 0 freeze to -10126
[2022-12-11 21:54:40] [SEVERE ] setting player 1 freeze to -1670788480840
[2022-12-11 21:54:41] [SEVERE ] setting player 0 freeze to -11137
[2022-12-11 21:54:41] [SEVERE ] setting player 1 freeze to -1670788481851
[2022-12-11 21:54:42] [SEVERE ] setting player 0 freeze to -12150
[2022-12-11 21:54:42] [SEVERE ] setting player 1 freeze to -1670788482863
[2022-12-11 21:54:43] [SEVERE ] setting player 0 freeze to -13154
[2022-12-11 21:54:43] [SEVERE ] setting player 1 freeze to -1670788483867
[2022-12-11 21:54:44] [SEVERE ] setting player 0 freeze to -14167
[2022-12-11 21:54:44] [SEVERE ] setting player 1 freeze to -1670788484881
[2022-12-11 21:54:45] [SEVERE ] setting player 0 freeze to -15173
[2022-12-11 21:54:45] [SEVERE ] setting player 1 freeze to -1670788485886
