[2022-12-11 21:06:11] [INFO   ] cannot read configuration file config.properties trying from resources.
[2022-12-11 21:06:11] [INFO   ] configuration file was loaded from resources directory.
[2022-12-11 21:06:12] [SEVERE ] placing card 59 in slot 0
[2022-12-11 21:06:12] [SEVERE ] placing card 16 in slot 1
[2022-12-11 21:06:12] [SEVERE ] placing card 41 in slot 2
[2022-12-11 21:06:12] [SEVERE ] placing card 53 in slot 3
[2022-12-11 21:06:12] [SEVERE ] placing card 38 in slot 4
[2022-12-11 21:06:12] [SEVERE ] placing card 27 in slot 5
[2022-12-11 21:06:12] [SEVERE ] placing card 26 in slot 6
[2022-12-11 21:06:12] [SEVERE ] placing card 64 in slot 7
[2022-12-11 21:06:12] [SEVERE ] placing card 40 in slot 8
[2022-12-11 21:06:13] [SEVERE ] placing card 13 in slot 9
[2022-12-11 21:06:13] [SEVERE ] placing card 17 in slot 10
[2022-12-11 21:06:13] [SEVERE ] placing card 63 in slot 11
[2022-12-11 21:06:13] [SEVERE ] setting player 0 freeze to -1670785573222
[2022-12-11 21:06:13] [SEVERE ] setting player 1 freeze to -1670785573223
[2022-12-11 21:06:14] [SEVERE ] setting player 0 freeze to -1670785574236
[2022-12-11 21:06:14] [SEVERE ] setting player 1 freeze to -1670785574236
[2022-12-11 21:06:14] [SEVERE ] Key 65 was pressed by player 0
[2022-12-11 21:06:14] [SEVERE ] player 0 placing token on slot 4
[2022-12-11 21:06:15] [SEVERE ] Key 83 was pressed by player 0
[2022-12-11 21:06:15] [SEVERE ] player 0 placing token on slot 5
[2022-12-11 21:06:15] [SEVERE ] setting player 0 freeze to -1670785575239
[2022-12-11 21:06:15] [SEVERE ] setting player 1 freeze to -1670785575240
[2022-12-11 21:06:15] [SEVERE ] Key 68 was pressed by player 0
[2022-12-11 21:06:15] [SEVERE ] player 0 placing token on slot 6
[2022-12-11 21:06:15] [SEVERE ] setting player 0 freeze to 2999
[2022-12-11 21:06:15] [SEVERE ] setting player 1 freeze to -1670785575853
[2022-12-11 21:06:16] [SEVERE ] setting player 0 freeze to 1988
[2022-12-11 21:06:16] [SEVERE ] setting player 1 freeze to -1670785576865
[2022-12-11 21:06:17] [SEVERE ] setting player 0 freeze to 974
[2022-12-11 21:06:17] [SEVERE ] setting player 1 freeze to -1670785577879
[2022-12-11 21:06:18] [SEVERE ] setting player 0 freeze to -42
[2022-12-11 21:06:18] [SEVERE ] setting player 1 freeze to -1670785578894
