[2022-12-11 21:04:21] [INFO   ] cannot read configuration file config.properties trying from resources.
[2022-12-11 21:04:21] [INFO   ] configuration file was loaded from resources directory.
[2022-12-11 21:04:35] [SEVERE ] placing card 78 in slot 0
[2022-12-11 21:04:35] [SEVERE ] placing card 14 in slot 1
[2022-12-11 21:04:35] [SEVERE ] placing card 0 in slot 2
[2022-12-11 21:04:35] [SEVERE ] placing card 6 in slot 3
[2022-12-11 21:04:35] [SEVERE ] placing card 21 in slot 4
[2022-12-11 21:04:36] [SEVERE ] placing card 68 in slot 5
[2022-12-11 21:04:36] [SEVERE ] placing card 46 in slot 6
[2022-12-11 21:04:36] [SEVERE ] placing card 39 in slot 7
[2022-12-11 21:04:36] [SEVERE ] placing card 16 in slot 8
[2022-12-11 21:04:36] [SEVERE ] placing card 30 in slot 9
[2022-12-11 21:04:36] [SEVERE ] placing card 41 in slot 10
[2022-12-11 21:04:36] [SEVERE ] placing card 28 in slot 11
[2022-12-11 21:04:36] [SEVERE ] setting player 0 freeze to -1670785476742
[2022-12-11 21:04:36] [SEVERE ] setting player 1 freeze to -1670785476742
[2022-12-11 21:04:37] [SEVERE ] setting player 0 freeze to -1670785477769
[2022-12-11 21:04:37] [SEVERE ] setting player 1 freeze to -1670785477769
[2022-12-11 21:04:38] [SEVERE ] setting player 0 freeze to -1670785478776
[2022-12-11 21:04:38] [SEVERE ] setting player 1 freeze to -1670785478776
[2022-12-11 21:04:39] [SEVERE ] Key 65 was pressed by player 0
[2022-12-11 21:04:55] [SEVERE ] setting player 0 freeze to -1670785495621
[2022-12-11 21:05:09] [SEVERE ] setting player 1 freeze to -1670785509502
[2022-12-11 21:05:09] [SEVERE ] player 0 placing token on slot 4
[2022-12-11 21:05:09] [SEVERE ] setting player 0 freeze to -1670785509504
[2022-12-11 21:05:09] [SEVERE ] setting player 1 freeze to -1670785509504
[2022-12-11 21:05:19] [SEVERE ] removing player 0 token from slot 4
[2022-12-11 21:05:28] [SEVERE ] removing card from slot 0
[2022-12-11 21:05:30] [SEVERE ] removing card from slot 1
[2022-12-11 21:05:31] [SEVERE ] removing card from slot 2
[2022-12-11 21:05:31] [SEVERE ] removing card from slot 3
[2022-12-11 21:05:31] [SEVERE ] removing card from slot 4
[2022-12-11 21:05:31] [SEVERE ] removing card from slot 5
[2022-12-11 21:05:31] [SEVERE ] removing card from slot 6
[2022-12-11 21:05:31] [SEVERE ] removing card from slot 7
[2022-12-11 21:05:31] [SEVERE ] removing card from slot 8
[2022-12-11 21:05:31] [SEVERE ] removing card from slot 9
[2022-12-11 21:05:31] [SEVERE ] removing card from slot 10
[2022-12-11 21:05:32] [SEVERE ] removing card from slot 11
[2022-12-11 21:05:32] [SEVERE ] setting player 0 freeze to -1670785532009
[2022-12-11 21:05:32] [SEVERE ] setting player 1 freeze to -1670785532009
[2022-12-11 21:05:32] [SEVERE ] placing card 19 in slot 0
[2022-12-11 21:05:32] [SEVERE ] placing card 6 in slot 1
[2022-12-11 21:05:32] [SEVERE ] placing card 7 in slot 2
[2022-12-11 21:05:32] [SEVERE ] placing card 73 in slot 3
[2022-12-11 21:05:32] [SEVERE ] placing card 59 in slot 4
[2022-12-11 21:05:32] [SEVERE ] placing card 60 in slot 5
[2022-12-11 21:05:32] [SEVERE ] placing card 31 in slot 6
[2022-12-11 21:05:32] [SEVERE ] placing card 3 in slot 7
[2022-12-11 21:05:32] [SEVERE ] placing card 41 in slot 8
[2022-12-11 21:05:33] [SEVERE ] placing card 1 in slot 9
[2022-12-11 21:05:33] [SEVERE ] placing card 50 in slot 10
[2022-12-11 21:05:33] [SEVERE ] placing card 35 in slot 11
[2022-12-11 21:05:33] [SEVERE ] setting player 0 freeze to -1670785533318
[2022-12-11 21:05:33] [SEVERE ] setting player 1 freeze to -1670785533318
[2022-12-11 21:05:34] [SEVERE ] setting player 0 freeze to -1670785534332
[2022-12-11 21:05:34] [SEVERE ] setting player 1 freeze to -1670785534333
[2022-12-11 21:05:35] [SEVERE ] setting player 0 freeze to -1670785535342
[2022-12-11 21:05:35] [SEVERE ] setting player 1 freeze to -1670785535343
[2022-12-11 21:05:36] [SEVERE ] setting player 0 freeze to -1670785536352
[2022-12-11 21:05:36] [SEVERE ] setting player 1 freeze to -1670785536352
[2022-12-11 21:05:37] [SEVERE ] Key 65 was pressed by player 0
[2022-12-11 21:05:46] [SEVERE ] setting player 0 freeze to -1670785546694
[2022-12-11 21:05:47] [SEVERE ] setting player 1 freeze to -1670785547046
[2022-12-11 21:05:47] [SEVERE ] player 0 placing token on slot 4
[2022-12-11 21:05:48] [SEVERE ] setting player 0 freeze to -1670785548159
[2022-12-11 21:05:48] [SEVERE ] setting player 1 freeze to -1670785548159
[2022-12-11 21:05:48] [SEVERE ] Key 83 was pressed by player 0
[2022-12-11 21:05:48] [SEVERE ] Key 68 was pressed by player 0
[2022-12-11 21:05:48] [SEVERE ] player 0 placing token on slot 5
[2022-12-11 21:05:49] [SEVERE ] setting player 0 freeze to -1670785549302
[2022-12-11 21:05:49] [SEVERE ] setting player 1 freeze to -1670785549447
[2022-12-11 21:05:49] [SEVERE ] player 0 placing token on slot 6
[2022-12-11 21:05:50] [SEVERE ] setting player 0 freeze to 3000
[2022-12-11 21:05:50] [SEVERE ] setting player 1 freeze to -1670785550417
[2022-12-11 21:05:51] [SEVERE ] setting player 0 freeze to 1997
[2022-12-11 21:05:51] [SEVERE ] setting player 1 freeze to -1670785551419
[2022-12-11 21:05:51] [SEVERE ] Key 83 was pressed by player 0
[2022-12-11 21:05:52] [SEVERE ] Key 68 was pressed by player 0
[2022-12-11 21:05:52] [SEVERE ] Key 83 was pressed by player 0
[2022-12-11 21:05:52] [SEVERE ] Key 65 was pressed by player 0
[2022-12-11 21:05:52] [SEVERE ] setting player 0 freeze to 994
[2022-12-11 21:05:52] [SEVERE ] setting player 1 freeze to -1670785552423
[2022-12-11 21:05:53] [SEVERE ] setting player 0 freeze to -19
[2022-12-11 21:05:53] [SEVERE ] setting player 1 freeze to -1670785553435
[2022-12-11 21:05:54] [SEVERE ] setting player 0 freeze to -1035
[2022-12-11 21:05:54] [SEVERE ] setting player 1 freeze to -1670785554451
[2022-12-11 21:05:55] [SEVERE ] setting player 0 freeze to -2040
[2022-12-11 21:05:55] [SEVERE ] setting player 1 freeze to -1670785555457
[2022-12-11 21:05:56] [SEVERE ] setting player 0 freeze to -3049
[2022-12-11 21:05:56] [SEVERE ] setting player 1 freeze to -1670785556466
