[2022-12-11 20:20:21] [INFO   ] cannot read configuration file config.properties trying from resources.
[2022-12-11 20:20:21] [INFO   ] configuration file was loaded from resources directory.
[2022-12-11 20:20:21] [SEVERE ] placing card 42 in slot 0
[2022-12-11 20:20:21] [SEVERE ] placing card 71 in slot 1
[2022-12-11 20:20:21] [SEVERE ] placing card 23 in slot 2
[2022-12-11 20:20:22] [SEVERE ] placing card 68 in slot 3
[2022-12-11 20:20:22] [SEVERE ] placing card 32 in slot 4
[2022-12-11 20:20:22] [SEVERE ] placing card 38 in slot 5
[2022-12-11 20:20:22] [SEVERE ] placing card 55 in slot 6
[2022-12-11 20:20:22] [SEVERE ] placing card 3 in slot 7
[2022-12-11 20:20:22] [SEVERE ] placing card 39 in slot 8
[2022-12-11 20:20:22] [SEVERE ] placing card 44 in slot 9
[2022-12-11 20:20:22] [SEVERE ] placing card 80 in slot 10
[2022-12-11 20:20:22] [SEVERE ] placing card 66 in slot 11
[2022-12-11 20:20:22] [SEVERE ] setting player 0 freeze to -1670782822892
[2022-12-11 20:20:22] [SEVERE ] setting player 1 freeze to -1670782822892
[2022-12-11 20:20:23] [SEVERE ] setting player 0 freeze to -1670782823904
[2022-12-11 20:20:23] [SEVERE ] setting player 1 freeze to -1670782823905
[2022-12-11 20:20:24] [SEVERE ] Key 65 was pressed by player 0
[2022-12-11 20:20:24] [SEVERE ] player 0 placing token on slot 4
[2022-12-11 20:20:24] [SEVERE ] Key 83 was pressed by player 0
[2022-12-11 20:20:24] [SEVERE ] player 0 placing token on slot 5
[2022-12-11 20:20:24] [SEVERE ] Key 68 was pressed by player 0
[2022-12-11 20:20:24] [SEVERE ] player 0 placing token on slot 6
[2022-12-11 20:20:24] [INFO   ] Thread main terminated.
