[2022-12-11 18:11:45] [INFO   ] cannot read configuration file config.properties trying from resources.
[2022-12-11 18:11:45] [INFO   ] configuration file was loaded from resources directory.
[2022-12-11 18:11:46] [SEVERE ] placing card 62 in slot 0
[2022-12-11 18:11:46] [SEVERE ] placing card 47 in slot 1
[2022-12-11 18:11:46] [SEVERE ] placing card 49 in slot 2
[2022-12-11 18:11:46] [SEVERE ] placing card 79 in slot 3
[2022-12-11 18:11:46] [SEVERE ] placing card 3 in slot 4
[2022-12-11 18:11:46] [SEVERE ] placing card 28 in slot 5
[2022-12-11 18:11:47] [SEVERE ] placing card 12 in slot 6
[2022-12-11 18:11:47] [SEVERE ] placing card 9 in slot 7
[2022-12-11 18:11:47] [SEVERE ] placing card 5 in slot 8
[2022-12-11 18:11:47] [SEVERE ] placing card 10 in slot 9
[2022-12-11 18:11:47] [SEVERE ] placing card 1 in slot 10
[2022-12-11 18:11:47] [SEVERE ] placing card 73 in slot 11
[2022-12-11 18:11:47] [SEVERE ] setting player 0 freeze to -1670775107615
[2022-12-11 18:11:47] [SEVERE ] setting player 1 freeze to -1670775107615
[2022-12-11 18:11:48] [SEVERE ] setting player 0 freeze to -1670775108632
[2022-12-11 18:11:48] [SEVERE ] setting player 1 freeze to -1670775108633
[2022-12-11 18:11:48] [SEVERE ] Key 65 was pressed by player 0
[2022-12-11 18:11:48] [SEVERE ] player 0 placing token on slot 4
[2022-12-11 18:11:49] [SEVERE ] setting player 0 freeze to -1670775109643
[2022-12-11 18:11:49] [SEVERE ] setting player 1 freeze to -1670775109644
[2022-12-11 18:11:50] [SEVERE ] setting player 0 freeze to -1670775110657
[2022-12-11 18:11:50] [SEVERE ] setting player 1 freeze to -1670775110658
[2022-12-11 18:11:51] [SEVERE ] setting player 0 freeze to -1670775111672
[2022-12-11 18:11:51] [SEVERE ] setting player 1 freeze to -1670775111673
[2022-12-11 18:11:51] [SEVERE ] Key 83 was pressed by player 0
[2022-12-11 18:11:51] [SEVERE ] player 0 placing token on slot 5
[2022-12-11 18:11:52] [SEVERE ] Key 68 was pressed by player 0
[2022-12-11 18:11:52] [SEVERE ] player 0 placing token on slot 6
[2022-12-11 18:11:52] [SEVERE ] setting player 0 freeze to 3000
[2022-12-11 18:11:52] [SEVERE ] setting player 1 freeze to -1670775112696
[2022-12-11 18:11:53] [SEVERE ] setting player 0 freeze to 1989
[2022-12-11 18:11:53] [SEVERE ] setting player 1 freeze to -1670775113707
[2022-12-11 18:11:54] [SEVERE ] setting player 0 freeze to 979
[2022-12-11 18:11:54] [SEVERE ] setting player 1 freeze to -1670775114716
[2022-12-11 18:11:55] [SEVERE ] setting player 0 freeze to -32
[2022-12-11 18:11:55] [SEVERE ] setting player 1 freeze to -1670775115728
[2022-12-11 18:11:56] [SEVERE ] setting player 0 freeze to -1053
[2022-12-11 18:11:56] [SEVERE ] setting player 1 freeze to -1670775116749
[2022-12-11 18:11:57] [SEVERE ] setting player 0 freeze to -2070
[2022-12-11 18:11:57] [SEVERE ] setting player 1 freeze to -1670775117765
[2022-12-11 18:11:58] [SEVERE ] setting player 0 freeze to -3090
[2022-12-11 18:11:58] [SEVERE ] setting player 1 freeze to -1670775118786
[2022-12-11 18:11:59] [SEVERE ] setting player 0 freeze to -4101
[2022-12-11 18:11:59] [SEVERE ] setting player 1 freeze to -1670775119797
[2022-12-11 18:12:00] [SEVERE ] setting player 0 freeze to -5114
[2022-12-11 18:12:00] [SEVERE ] setting player 1 freeze to -1670775120810
[2022-12-11 18:12:01] [SEVERE ] setting player 0 freeze to -6129
[2022-12-11 18:12:01] [SEVERE ] setting player 1 freeze to -1670775121825
[2022-12-11 18:12:02] [SEVERE ] setting player 0 freeze to -7144
[2022-12-11 18:12:02] [SEVERE ] setting player 1 freeze to -1670775122839
[2022-12-11 18:12:03] [SEVERE ] setting player 0 freeze to -8155
[2022-12-11 18:12:03] [SEVERE ] setting player 1 freeze to -1670775123851
[2022-12-11 18:12:04] [SEVERE ] setting player 0 freeze to -9169
[2022-12-11 18:12:04] [SEVERE ] setting player 1 freeze to -1670775124864
[2022-12-11 18:12:05] [SEVERE ] setting player 0 freeze to -10179
[2022-12-11 18:12:05] [SEVERE ] setting player 1 freeze to -1670775125875
[2022-12-11 18:12:06] [SEVERE ] setting player 0 freeze to -11194
[2022-12-11 18:12:06] [SEVERE ] setting player 1 freeze to -1670775126890
[2022-12-11 18:12:07] [SEVERE ] setting player 0 freeze to -12208
[2022-12-11 18:12:07] [SEVERE ] setting player 1 freeze to -1670775127903
[2022-12-11 18:12:08] [SEVERE ] setting player 0 freeze to -13223
[2022-12-11 18:12:08] [SEVERE ] setting player 1 freeze to -1670775128918
[2022-12-11 18:12:09] [SEVERE ] setting player 0 freeze to -14233
[2022-12-11 18:12:09] [SEVERE ] setting player 1 freeze to -1670775129929
[2022-12-11 18:12:10] [SEVERE ] setting player 0 freeze to -15247
[2022-12-11 18:12:10] [SEVERE ] setting player 1 freeze to -1670775130943
[2022-12-11 18:12:11] [SEVERE ] setting player 0 freeze to -16259
[2022-12-11 18:12:11] [SEVERE ] setting player 1 freeze to -1670775131955
