[2022-12-11 22:05:48] [INFO   ] cannot read configuration file config.properties trying from resources.
[2022-12-11 22:05:48] [INFO   ] configuration file was loaded from resources directory.
[2022-12-11 22:05:49] [SEVERE ] placing card 42 in slot 0
[2022-12-11 22:05:49] [SEVERE ] placing card 13 in slot 1
[2022-12-11 22:05:49] [SEVERE ] placing card 15 in slot 2
[2022-12-11 22:05:49] [SEVERE ] placing card 66 in slot 3
[2022-12-11 22:05:49] [SEVERE ] placing card 51 in slot 4
[2022-12-11 22:05:49] [SEVERE ] placing card 59 in slot 5
[2022-12-11 22:05:49] [SEVERE ] placing card 58 in slot 6
[2022-12-11 22:05:49] [SEVERE ] placing card 54 in slot 7
[2022-12-11 22:05:50] [SEVERE ] placing card 78 in slot 8
[2022-12-11 22:05:50] [SEVERE ] placing card 12 in slot 9
[2022-12-11 22:05:50] [SEVERE ] placing card 61 in slot 10
[2022-12-11 22:05:50] [SEVERE ] placing card 74 in slot 11
[2022-12-11 22:05:50] [SEVERE ] setting player 0 freeze to -1670789150411
[2022-12-11 22:05:50] [SEVERE ] setting player 1 freeze to -1670789150412
[2022-12-11 22:05:51] [SEVERE ] setting player 0 freeze to -1670789151422
[2022-12-11 22:05:51] [SEVERE ] setting player 1 freeze to -1670789151422
[2022-12-11 22:05:52] [SEVERE ] setting player 0 freeze to -1670789152428
[2022-12-11 22:05:52] [SEVERE ] setting player 1 freeze to -1670789152429
[2022-12-11 22:05:53] [SEVERE ] Key 81 was pressed by player 0
[2022-12-11 22:05:53] [SEVERE ] player 0 placing token on slot 0
[2022-12-11 22:05:53] [SEVERE ] setting player 0 freeze to -1670789153438
[2022-12-11 22:05:53] [SEVERE ] setting player 1 freeze to -1670789153439
[2022-12-11 22:05:53] [SEVERE ] Key 81 was pressed by player 0
[2022-12-11 22:05:53] [SEVERE ] removing player 0 token from slot 0
[2022-12-11 22:05:54] [SEVERE ] setting player 0 freeze to -1670789154450
[2022-12-11 22:05:54] [SEVERE ] setting player 1 freeze to -1670789154450
[2022-12-11 22:05:55] [SEVERE ] Key 82 was pressed by player 0
[2022-12-11 22:05:55] [SEVERE ] player 0 placing token on slot 3
[2022-12-11 22:05:55] [SEVERE ] setting player 0 freeze to -1670789155459
[2022-12-11 22:05:55] [SEVERE ] setting player 1 freeze to -1670789155459
[2022-12-11 22:05:56] [SEVERE ] setting player 0 freeze to -1670789156467
[2022-12-11 22:05:56] [SEVERE ] setting player 1 freeze to -1670789156469
[2022-12-11 22:05:56] [SEVERE ] Key 65 was pressed by player 0
[2022-12-11 22:05:56] [SEVERE ] player 0 placing token on slot 4
[2022-12-11 22:05:57] [SEVERE ] Key 65 was pressed by player 0
[2022-12-11 22:05:57] [SEVERE ] removing player 0 token from slot 4
[2022-12-11 22:05:57] [SEVERE ] setting player 0 freeze to -1670789157474
[2022-12-11 22:05:57] [SEVERE ] setting player 1 freeze to -1670789157475
[2022-12-11 22:05:58] [SEVERE ] setting player 0 freeze to -1670789158485
[2022-12-11 22:05:58] [SEVERE ] setting player 1 freeze to -1670789158486
[2022-12-11 22:05:59] [SEVERE ] Key 70 was pressed by player 0
[2022-12-11 22:05:59] [SEVERE ] player 0 placing token on slot 7
[2022-12-11 22:05:59] [SEVERE ] setting player 0 freeze to -1670789159496
[2022-12-11 22:05:59] [SEVERE ] setting player 1 freeze to -1670789159497
[2022-12-11 22:05:59] [SEVERE ] Key 90 was pressed by player 0
[2022-12-11 22:05:59] [SEVERE ] player 0 placing token on slot 8
[2022-12-11 22:05:59] [SEVERE ] removing player 0 token from slot 3
[2022-12-11 22:05:59] [SEVERE ] removing player 0 token from slot 7
[2022-12-11 22:05:59] [SEVERE ] removing player 0 token from slot 8
[2022-12-11 22:05:59] [SEVERE ] removing player 1 token from slot 3
[2022-12-11 22:05:59] [SEVERE ] removing player 1 token from slot 7
[2022-12-11 22:05:59] [SEVERE ] removing player 1 token from slot 8
[2022-12-11 22:05:59] [SEVERE ] setting player 0 score to 1
[2022-12-11 22:05:59] [SEVERE ] setting player 0 freeze to 1000
[2022-12-11 22:05:59] [SEVERE ] setting player 1 freeze to -1670789159653
[2022-12-11 22:05:59] [SEVERE ] removing card from slot 3
[2022-12-11 22:05:59] [SEVERE ] removing card from slot 7
[2022-12-11 22:05:59] [SEVERE ] removing card from slot 8
[2022-12-11 22:06:00] [SEVERE ] placing card 26 in slot 3
[2022-12-11 22:06:00] [SEVERE ] placing card 5 in slot 7
[2022-12-11 22:06:00] [SEVERE ] placing card 65 in slot 8
[2022-12-11 22:06:00] [SEVERE ] setting player 0 freeze to -1670789160302
[2022-12-11 22:06:00] [SEVERE ] setting player 1 freeze to -1670789160303
[2022-12-11 22:06:01] [SEVERE ] setting player 0 freeze to -1670789161309
[2022-12-11 22:06:01] [SEVERE ] setting player 1 freeze to -1670789161310
[2022-12-11 22:06:01] [SEVERE ] Key 81 was pressed by player 0
[2022-12-11 22:06:01] [SEVERE ] player 0 placing token on slot 0
[2022-12-11 22:06:02] [SEVERE ] Key 87 was pressed by player 0
[2022-12-11 22:06:02] [SEVERE ] player 0 placing token on slot 1
[2022-12-11 22:06:02] [SEVERE ] setting player 0 freeze to -1670789162317
[2022-12-11 22:06:02] [SEVERE ] setting player 1 freeze to -1670789162317
[2022-12-11 22:06:02] [SEVERE ] Key 90 was pressed by player 0
[2022-12-11 22:06:02] [SEVERE ] player 0 placing token on slot 8
[2022-12-11 22:06:02] [SEVERE ] removing player 0 token from slot 0
[2022-12-11 22:06:02] [SEVERE ] removing player 0 token from slot 1
[2022-12-11 22:06:02] [SEVERE ] removing player 0 token from slot 8
[2022-12-11 22:06:02] [SEVERE ] removing player 1 token from slot 0
[2022-12-11 22:06:02] [SEVERE ] removing player 1 token from slot 1
[2022-12-11 22:06:02] [SEVERE ] removing player 1 token from slot 8
[2022-12-11 22:06:02] [SEVERE ] setting player 0 score to 2
[2022-12-11 22:06:02] [SEVERE ] setting player 0 freeze to 999
[2022-12-11 22:06:02] [SEVERE ] setting player 1 freeze to -1670789162442
[2022-12-11 22:06:02] [SEVERE ] removing card from slot 0
[2022-12-11 22:06:02] [SEVERE ] removing card from slot 1
[2022-12-11 22:06:02] [SEVERE ] removing card from slot 8
[2022-12-11 22:06:02] [SEVERE ] placing card 9 in slot 0
[2022-12-11 22:06:02] [SEVERE ] placing card 50 in slot 1
[2022-12-11 22:06:03] [SEVERE ] placing card 16 in slot 8
[2022-12-11 22:06:03] [SEVERE ] setting player 0 freeze to -1670789163096
[2022-12-11 22:06:03] [SEVERE ] setting player 1 freeze to -1670789163096
[2022-12-11 22:06:04] [SEVERE ] setting player 0 freeze to -1670789164108
[2022-12-11 22:06:04] [SEVERE ] setting player 1 freeze to -1670789164108
[2022-12-11 22:06:04] [SEVERE ] Key 81 was pressed by player 0
[2022-12-11 22:06:04] [SEVERE ] player 0 placing token on slot 0
[2022-12-11 22:06:04] [SEVERE ] Key 87 was pressed by player 0
[2022-12-11 22:06:04] [SEVERE ] player 0 placing token on slot 1
[2022-12-11 22:06:05] [SEVERE ] setting player 0 freeze to -1670789165117
[2022-12-11 22:06:05] [SEVERE ] setting player 1 freeze to -1670789165118
[2022-12-11 22:06:05] [SEVERE ] Key 67 was pressed by player 0
[2022-12-11 22:06:05] [SEVERE ] player 0 placing token on slot 10
[2022-12-11 22:06:05] [SEVERE ] removing player 0 token from slot 0
[2022-12-11 22:06:05] [SEVERE ] removing player 0 token from slot 1
[2022-12-11 22:06:05] [SEVERE ] removing player 0 token from slot 10
[2022-12-11 22:06:05] [SEVERE ] removing player 1 token from slot 0
[2022-12-11 22:06:05] [SEVERE ] removing player 1 token from slot 1
[2022-12-11 22:06:05] [SEVERE ] removing player 1 token from slot 10
[2022-12-11 22:06:05] [SEVERE ] setting player 0 score to 3
[2022-12-11 22:06:05] [SEVERE ] setting player 0 freeze to 1000
[2022-12-11 22:06:05] [SEVERE ] setting player 1 freeze to -1670789165282
[2022-12-11 22:06:05] [SEVERE ] removing card from slot 0
[2022-12-11 22:06:05] [SEVERE ] removing card from slot 1
[2022-12-11 22:06:05] [SEVERE ] removing card from slot 10
[2022-12-11 22:06:05] [SEVERE ] placing card 23 in slot 0
[2022-12-11 22:06:05] [SEVERE ] placing card 45 in slot 1
[2022-12-11 22:06:05] [SEVERE ] placing card 63 in slot 10
[2022-12-11 22:06:05] [SEVERE ] setting player 0 freeze to -1670789165937
[2022-12-11 22:06:05] [SEVERE ] setting player 1 freeze to -1670789165937
[2022-12-11 22:06:06] [SEVERE ] setting player 0 freeze to -1670789166947
[2022-12-11 22:06:06] [SEVERE ] setting player 1 freeze to -1670789166948
[2022-12-11 22:06:07] [SEVERE ] Key 87 was pressed by player 0
[2022-12-11 22:06:07] [SEVERE ] player 0 placing token on slot 1
[2022-12-11 22:06:07] [SEVERE ] setting player 0 freeze to -1670789167958
[2022-12-11 22:06:07] [SEVERE ] setting player 1 freeze to -1670789167959
[2022-12-11 22:06:08] [SEVERE ] Key 68 was pressed by player 0
[2022-12-11 22:06:08] [SEVERE ] player 0 placing token on slot 6
[2022-12-11 22:06:08] [SEVERE ] Key 90 was pressed by player 0
[2022-12-11 22:06:08] [SEVERE ] player 0 placing token on slot 8
[2022-12-11 22:06:08] [SEVERE ] setting player 0 freeze to 3000
[2022-12-11 22:06:08] [SEVERE ] setting player 1 freeze to -1670789168408
[2022-12-11 22:06:09] [SEVERE ] setting player 0 freeze to 1991
[2022-12-11 22:06:09] [SEVERE ] setting player 1 freeze to -1670789169418
[2022-12-11 22:06:10] [SEVERE ] setting player 0 freeze to 979
[2022-12-11 22:06:10] [SEVERE ] setting player 1 freeze to -1670789170429
[2022-12-11 22:06:11] [SEVERE ] Key 68 was pressed by player 0
[2022-12-11 22:06:11] [SEVERE ] setting player 0 freeze to -28
[2022-12-11 22:06:11] [SEVERE ] setting player 1 freeze to -1670789171437
[2022-12-11 22:06:12] [SEVERE ] Key 68 was pressed by player 0
[2022-12-11 22:06:12] [SEVERE ] removing player 0 token from slot 6
[2022-12-11 22:06:12] [SEVERE ] Key 83 was pressed by player 0
[2022-12-11 22:06:12] [SEVERE ] player 0 placing token on slot 5
[2022-12-11 22:06:12] [SEVERE ] removing player 0 token from slot 1
[2022-12-11 22:06:12] [SEVERE ] removing player 0 token from slot 5
[2022-12-11 22:06:12] [SEVERE ] removing player 0 token from slot 8
[2022-12-11 22:06:12] [SEVERE ] removing player 1 token from slot 1
[2022-12-11 22:06:12] [SEVERE ] removing player 1 token from slot 5
[2022-12-11 22:06:12] [SEVERE ] removing player 1 token from slot 8
[2022-12-11 22:06:12] [SEVERE ] setting player 0 score to 4
[2022-12-11 22:06:12] [SEVERE ] setting player 0 freeze to 999
[2022-12-11 22:06:12] [SEVERE ] setting player 1 freeze to -1670789172417
[2022-12-11 22:06:12] [SEVERE ] removing card from slot 1
[2022-12-11 22:06:12] [SEVERE ] removing card from slot 5
[2022-12-11 22:06:12] [SEVERE ] removing card from slot 8
[2022-12-11 22:06:12] [SEVERE ] placing card 37 in slot 1
[2022-12-11 22:06:12] [SEVERE ] placing card 56 in slot 5
[2022-12-11 22:06:13] [SEVERE ] placing card 20 in slot 8
[2022-12-11 22:06:13] [SEVERE ] setting player 0 freeze to -1670789173066
[2022-12-11 22:06:13] [SEVERE ] setting player 1 freeze to -1670789173067
[2022-12-11 22:06:14] [SEVERE ] setting player 0 freeze to -1670789174074
[2022-12-11 22:06:14] [SEVERE ] setting player 1 freeze to -1670789174075
[2022-12-11 22:06:14] [SEVERE ] Key 81 was pressed by player 0
[2022-12-11 22:06:14] [SEVERE ] player 0 placing token on slot 0
[2022-12-11 22:06:15] [SEVERE ] setting player 0 freeze to -1670789175083
[2022-12-11 22:06:15] [SEVERE ] setting player 1 freeze to -1670789175084
[2022-12-11 22:06:15] [SEVERE ] Key 69 was pressed by player 0
[2022-12-11 22:06:15] [SEVERE ] player 0 placing token on slot 2
[2022-12-11 22:06:15] [SEVERE ] Key 69 was pressed by player 0
[2022-12-11 22:06:15] [SEVERE ] removing player 0 token from slot 2
[2022-12-11 22:06:16] [SEVERE ] Key 82 was pressed by player 0
[2022-12-11 22:06:16] [SEVERE ] player 0 placing token on slot 3
[2022-12-11 22:06:16] [SEVERE ] setting player 0 freeze to -1670789176093
[2022-12-11 22:06:16] [SEVERE ] setting player 1 freeze to -1670789176093
[2022-12-11 22:06:16] [SEVERE ] Key 88 was pressed by player 0
[2022-12-11 22:06:16] [SEVERE ] player 0 placing token on slot 9
[2022-12-11 22:06:16] [SEVERE ] setting player 0 freeze to 3000
[2022-12-11 22:06:16] [SEVERE ] setting player 1 freeze to -1670789176336
[2022-12-11 22:06:17] [SEVERE ] setting player 0 freeze to 1997
[2022-12-11 22:06:17] [SEVERE ] setting player 1 freeze to -1670789177340
[2022-12-11 22:06:18] [SEVERE ] Key 88 was pressed by player 0
[2022-12-11 22:06:18] [SEVERE ] setting player 0 freeze to 986
[2022-12-11 22:06:18] [SEVERE ] setting player 1 freeze to -1670789178351
[2022-12-11 22:06:19] [SEVERE ] setting player 0 freeze to -22
[2022-12-11 22:06:19] [SEVERE ] setting player 1 freeze to -1670789179359
[2022-12-11 22:06:19] [SEVERE ] Key 88 was pressed by player 0
[2022-12-11 22:06:19] [SEVERE ] removing player 0 token from slot 9
[2022-12-11 22:06:20] [SEVERE ] setting player 0 freeze to -1033
[2022-12-11 22:06:20] [SEVERE ] setting player 1 freeze to -1670789180370
[2022-12-11 22:06:20] [SEVERE ] Key 85 was pressed by player 1
[2022-12-11 22:06:20] [SEVERE ] player 1 placing token on slot 0
[2022-12-11 22:06:21] [SEVERE ] setting player 0 freeze to -2045
[2022-12-11 22:06:21] [SEVERE ] setting player 1 freeze to -1670789181382
[2022-12-11 22:06:21] [SEVERE ] Key 80 was pressed by player 1
[2022-12-11 22:06:21] [SEVERE ] player 1 placing token on slot 3
[2022-12-11 22:06:22] [SEVERE ] setting player 0 freeze to -3052
[2022-12-11 22:06:22] [SEVERE ] setting player 1 freeze to -1670789182389
[2022-12-11 22:06:23] [SEVERE ] setting player 0 freeze to -4064
[2022-12-11 22:06:23] [SEVERE ] setting player 1 freeze to -1670789183400
[2022-12-11 22:06:23] [SEVERE ] Key 74 was pressed by player 1
[2022-12-11 22:06:23] [SEVERE ] player 1 placing token on slot 4
[2022-12-11 22:06:23] [SEVERE ] setting player 0 freeze to -4229
[2022-12-11 22:06:23] [SEVERE ] setting player 1 freeze to 2999
[2022-12-11 22:06:24] [SEVERE ] Key 74 was pressed by player 1
[2022-12-11 22:06:24] [SEVERE ] setting player 0 freeze to -5233
[2022-12-11 22:06:24] [SEVERE ] setting player 1 freeze to 1996
[2022-12-11 22:06:25] [SEVERE ] setting player 0 freeze to -6243
[2022-12-11 22:06:25] [SEVERE ] setting player 1 freeze to 985
[2022-12-11 22:06:26] [SEVERE ] setting player 0 freeze to -7253
[2022-12-11 22:06:26] [SEVERE ] setting player 1 freeze to -25
[2022-12-11 22:06:26] [SEVERE ] Key 74 was pressed by player 1
[2022-12-11 22:06:26] [SEVERE ] removing player 1 token from slot 4
[2022-12-11 22:06:27] [SEVERE ] setting player 0 freeze to -8264
[2022-12-11 22:06:27] [SEVERE ] setting player 1 freeze to -1044
[2022-12-11 22:06:27] [SEVERE ] Key 90 was pressed by player 0
[2022-12-11 22:06:27] [SEVERE ] player 0 placing token on slot 8
[2022-12-11 22:06:27] [SEVERE ] removing player 0 token from slot 0
[2022-12-11 22:06:27] [SEVERE ] removing player 0 token from slot 3
[2022-12-11 22:06:27] [SEVERE ] removing player 0 token from slot 8
[2022-12-11 22:06:27] [SEVERE ] removing player 1 token from slot 0
[2022-12-11 22:06:27] [SEVERE ] removing player 1 token from slot 3
[2022-12-11 22:06:27] [SEVERE ] removing player 1 token from slot 8
[2022-12-11 22:06:27] [SEVERE ] setting player 0 score to 5
[2022-12-11 22:06:27] [SEVERE ] setting player 0 freeze to 1000
[2022-12-11 22:06:27] [SEVERE ] setting player 1 freeze to -1252
[2022-12-11 22:06:27] [SEVERE ] removing card from slot 0
[2022-12-11 22:06:28] [SEVERE ] removing card from slot 3
[2022-12-11 22:06:28] [SEVERE ] removing card from slot 8
[2022-12-11 22:06:28] [SEVERE ] placing card 69 in slot 0
[2022-12-11 22:06:28] [SEVERE ] placing card 79 in slot 3
[2022-12-11 22:06:28] [SEVERE ] placing card 1 in slot 8
[2022-12-11 22:06:28] [SEVERE ] setting player 0 freeze to -1670789188472
[2022-12-11 22:06:28] [SEVERE ] setting player 1 freeze to -1670789188473
[2022-12-11 22:06:29] [SEVERE ] setting player 0 freeze to -1670789189483
[2022-12-11 22:06:29] [SEVERE ] setting player 1 freeze to -1670789189484
[2022-12-11 22:06:30] [SEVERE ] setting player 0 freeze to -1670789190496
[2022-12-11 22:06:30] [SEVERE ] setting player 1 freeze to -1670789190496
[2022-12-11 22:06:30] [SEVERE ] Key 81 was pressed by player 0
[2022-12-11 22:06:30] [SEVERE ] player 0 placing token on slot 0
[2022-12-11 22:06:30] [SEVERE ] Key 85 was pressed by player 1
[2022-12-11 22:06:30] [SEVERE ] player 1 placing token on slot 0
[2022-12-11 22:06:31] [SEVERE ] setting player 0 freeze to -1670789191507
[2022-12-11 22:06:31] [SEVERE ] setting player 1 freeze to -1670789191507
[2022-12-11 22:06:31] [SEVERE ] Key 85 was pressed by player 1
[2022-12-11 22:06:31] [SEVERE ] removing player 1 token from slot 0
[2022-12-11 22:06:31] [SEVERE ] Key 81 was pressed by player 0
[2022-12-11 22:06:31] [SEVERE ] removing player 0 token from slot 0
[2022-12-11 22:06:32] [SEVERE ] Key 81 was pressed by player 0
[2022-12-11 22:06:32] [SEVERE ] player 0 placing token on slot 0
[2022-12-11 22:06:32] [SEVERE ] setting player 0 freeze to -1670789192521
[2022-12-11 22:06:32] [SEVERE ] setting player 1 freeze to -1670789192522
[2022-12-11 22:06:33] [SEVERE ] setting player 0 freeze to -1670789193528
[2022-12-11 22:06:33] [SEVERE ] setting player 1 freeze to -1670789193529
[2022-12-11 22:06:34] [SEVERE ] Key 85 was pressed by player 1
[2022-12-11 22:06:34] [SEVERE ] player 1 placing token on slot 0
[2022-12-11 22:06:34] [SEVERE ] setting player 0 freeze to -1670789194531
[2022-12-11 22:06:34] [SEVERE ] setting player 1 freeze to -1670789194531
[2022-12-11 22:06:35] [SEVERE ] Key 82 was pressed by player 0
[2022-12-11 22:06:35] [SEVERE ] player 0 placing token on slot 3
[2022-12-11 22:06:35] [SEVERE ] Key 79 was pressed by player 1
[2022-12-11 22:06:35] [SEVERE ] player 1 placing token on slot 2
[2022-12-11 22:06:35] [SEVERE ] setting player 0 freeze to -1670789195540
[2022-12-11 22:06:35] [SEVERE ] setting player 1 freeze to -1670789195540
[2022-12-11 22:06:36] [SEVERE ] Key 79 was pressed by player 1
[2022-12-11 22:06:36] [SEVERE ] removing player 1 token from slot 2
[2022-12-11 22:06:36] [SEVERE ] setting player 0 freeze to -1670789196548
[2022-12-11 22:06:36] [SEVERE ] setting player 1 freeze to -1670789196548
[2022-12-11 22:06:37] [SEVERE ] Key 80 was pressed by player 1
[2022-12-11 22:06:37] [SEVERE ] player 1 placing token on slot 3
[2022-12-11 22:06:37] [SEVERE ] setting player 0 freeze to -1670789197552
[2022-12-11 22:06:37] [SEVERE ] setting player 1 freeze to -1670789197552
[2022-12-11 22:06:38] [SEVERE ] setting player 0 freeze to -1670789198561
[2022-12-11 22:06:38] [SEVERE ] setting player 1 freeze to -1670789198562
[2022-12-11 22:06:39] [SEVERE ] Key 90 was pressed by player 0
[2022-12-11 22:06:39] [SEVERE ] player 0 placing token on slot 8
[2022-12-11 22:06:39] [SEVERE ] setting player 0 freeze to 3000
[2022-12-11 22:06:39] [SEVERE ] setting player 1 freeze to -1670789199263
[2022-12-11 22:06:39] [SEVERE ] Key 77 was pressed by player 1
[2022-12-11 22:06:39] [SEVERE ] player 1 placing token on slot 8
[2022-12-11 22:06:39] [SEVERE ] setting player 0 freeze to 2322
[2022-12-11 22:06:39] [SEVERE ] setting player 1 freeze to 3000
[2022-12-11 22:06:40] [SEVERE ] setting player 0 freeze to 1316
[2022-12-11 22:06:40] [SEVERE ] setting player 1 freeze to 1994
[2022-12-11 22:06:41] [SEVERE ] Key 90 was pressed by player 0
[2022-12-11 22:06:41] [SEVERE ] Key 77 was pressed by player 1
[2022-12-11 22:06:41] [SEVERE ] setting player 0 freeze to 304
[2022-12-11 22:06:41] [SEVERE ] setting player 1 freeze to 981
[2022-12-11 22:06:42] [SEVERE ] setting player 0 freeze to -703
[2022-12-11 22:06:42] [SEVERE ] setting player 1 freeze to -25
[2022-12-11 22:06:43] [SEVERE ] Key 77 was pressed by player 1
[2022-12-11 22:06:43] [SEVERE ] removing player 1 token from slot 8
[2022-12-11 22:06:43] [SEVERE ] Key 90 was pressed by player 0
[2022-12-11 22:06:43] [SEVERE ] removing player 0 token from slot 8
[2022-12-11 22:06:43] [SEVERE ] Key 81 was pressed by player 0
[2022-12-11 22:06:43] [SEVERE ] removing player 0 token from slot 0
[2022-12-11 22:06:43] [SEVERE ] setting player 0 freeze to -1717
[2022-12-11 22:06:43] [SEVERE ] setting player 1 freeze to -1039
[2022-12-11 22:06:44] [SEVERE ] Key 73 was pressed by player 1
[2022-12-11 22:06:44] [SEVERE ] player 1 placing token on slot 1
[2022-12-11 22:06:44] [SEVERE ] setting player 0 freeze to -1744
[2022-12-11 22:06:44] [SEVERE ] setting player 1 freeze to 3000
[2022-12-11 22:06:44] [SEVERE ] Key 73 was pressed by player 1
[2022-12-11 22:06:44] [SEVERE ] Key 81 was pressed by player 0
[2022-12-11 22:06:44] [SEVERE ] player 0 placing token on slot 0
[2022-12-11 22:06:45] [SEVERE ] setting player 0 freeze to -2745
[2022-12-11 22:06:45] [SEVERE ] setting player 1 freeze to 1998
[2022-12-11 22:06:45] [SEVERE ] Key 69 was pressed by player 0
[2022-12-11 22:06:45] [SEVERE ] player 0 placing token on slot 2
[2022-12-11 22:06:45] [SEVERE ] setting player 0 freeze to 3000
[2022-12-11 22:06:45] [SEVERE ] setting player 1 freeze to 1551
[2022-12-11 22:06:45] [SEVERE ] Key 87 was pressed by player 0
[2022-12-11 22:06:46] [SEVERE ] setting player 0 freeze to 1986
[2022-12-11 22:06:46] [SEVERE ] setting player 1 freeze to 536
[2022-12-11 22:06:47] [SEVERE ] setting player 0 freeze to 976
[2022-12-11 22:06:47] [SEVERE ] setting player 1 freeze to -474
[2022-12-11 22:06:48] [SEVERE ] Key 87 was pressed by player 0
[2022-12-11 22:06:48] [SEVERE ] setting player 0 freeze to -33
[2022-12-11 22:06:48] [SEVERE ] setting player 1 freeze to -1483
[2022-12-11 22:06:48] [SEVERE ] Key 87 was pressed by player 0
[2022-12-11 22:06:48] [SEVERE ] Key 87 was pressed by player 0
[2022-12-11 22:06:49] [SEVERE ] setting player 0 freeze to -1041
[2022-12-11 22:06:49] [SEVERE ] setting player 1 freeze to -2490
[2022-12-11 22:06:50] [SEVERE ] Key 87 was pressed by player 0
[2022-12-11 22:06:50] [SEVERE ] setting player 0 freeze to -2055
[2022-12-11 22:06:50] [SEVERE ] setting player 1 freeze to -3504
[2022-12-11 22:06:50] [SEVERE ] Key 87 was pressed by player 0
[2022-12-11 22:06:51] [SEVERE ] Key 81 was pressed by player 0
[2022-12-11 22:06:51] [SEVERE ] removing player 0 token from slot 0
[2022-12-11 22:06:51] [SEVERE ] setting player 0 freeze to -3066
[2022-12-11 22:06:51] [SEVERE ] setting player 1 freeze to -4516
[2022-12-11 22:06:52] [SEVERE ] setting player 0 freeze to -4078
[2022-12-11 22:06:52] [SEVERE ] setting player 1 freeze to -5528
[2022-12-11 22:06:52] [SEVERE ] Key 85 was pressed by player 1
[2022-12-11 22:06:52] [SEVERE ] removing player 1 token from slot 0
[2022-12-11 22:06:53] [SEVERE ] Key 73 was pressed by player 1
[2022-12-11 22:06:53] [SEVERE ] removing player 1 token from slot 1
[2022-12-11 22:06:53] [SEVERE ] setting player 0 freeze to -5091
[2022-12-11 22:06:53] [SEVERE ] setting player 1 freeze to -6540
[2022-12-11 22:06:53] [SEVERE ] Key 87 was pressed by player 0
[2022-12-11 22:06:53] [SEVERE ] player 0 placing token on slot 1
[2022-12-11 22:06:53] [SEVERE ] setting player 0 freeze to 3000
[2022-12-11 22:06:53] [SEVERE ] setting player 1 freeze to -6727
[2022-12-11 22:06:54] [SEVERE ] Key 73 was pressed by player 1
[2022-12-11 22:06:54] [SEVERE ] player 1 placing token on slot 1
[2022-12-11 22:06:54] [SEVERE ] setting player 0 freeze to 1991
[2022-12-11 22:06:54] [SEVERE ] setting player 1 freeze to -7735
[2022-12-11 22:06:55] [SEVERE ] Key 87 was pressed by player 0
[2022-12-11 22:06:55] [SEVERE ] Key 73 was pressed by player 1
[2022-12-11 22:06:55] [SEVERE ] removing player 1 token from slot 1
[2022-12-11 22:06:55] [SEVERE ] Key 79 was pressed by player 1
[2022-12-11 22:06:55] [SEVERE ] player 1 placing token on slot 2
[2022-12-11 22:06:55] [SEVERE ] setting player 0 freeze to 981
[2022-12-11 22:06:55] [SEVERE ] setting player 1 freeze to -8746
[2022-12-11 22:06:56] [SEVERE ] Key 79 was pressed by player 1
[2022-12-11 22:06:56] [SEVERE ] removing player 1 token from slot 2
[2022-12-11 22:06:56] [SEVERE ] Key 69 was pressed by player 0
[2022-12-11 22:06:56] [SEVERE ] setting player 0 freeze to -33
[2022-12-11 22:06:56] [SEVERE ] setting player 1 freeze to -9759
[2022-12-11 22:06:57] [SEVERE ] Key 87 was pressed by player 0
[2022-12-11 22:06:57] [SEVERE ] removing player 0 token from slot 1
[2022-12-11 22:06:57] [SEVERE ] setting player 0 freeze to -1046
[2022-12-11 22:06:57] [SEVERE ] setting player 1 freeze to -10772
[2022-12-11 22:06:58] [SEVERE ] Key 69 was pressed by player 0
[2022-12-11 22:06:58] [SEVERE ] removing player 0 token from slot 2
[2022-12-11 22:06:58] [SEVERE ] Key 82 was pressed by player 0
[2022-12-11 22:06:58] [SEVERE ] removing player 0 token from slot 3
[2022-12-11 22:06:58] [SEVERE ] setting player 0 freeze to -2060
[2022-12-11 22:06:58] [SEVERE ] setting player 1 freeze to -11787
[2022-12-11 22:06:58] [SEVERE ] Key 80 was pressed by player 1
[2022-12-11 22:06:58] [SEVERE ] removing player 1 token from slot 3
[2022-12-11 22:06:59] [SEVERE ] setting player 0 freeze to -3066
[2022-12-11 22:06:59] [SEVERE ] setting player 1 freeze to -12792
[2022-12-11 22:07:00] [SEVERE ] setting player 0 freeze to -4078
[2022-12-11 22:07:00] [SEVERE ] setting player 1 freeze to -13805
[2022-12-11 22:07:00] [SEVERE ] Key 81 was pressed by player 0
[2022-12-11 22:07:00] [SEVERE ] player 0 placing token on slot 0
[2022-12-11 22:07:01] [SEVERE ] Key 85 was pressed by player 1
[2022-12-11 22:07:01] [SEVERE ] player 1 placing token on slot 0
[2022-12-11 22:07:01] [SEVERE ] setting player 0 freeze to -5089
[2022-12-11 22:07:01] [SEVERE ] setting player 1 freeze to -14815
[2022-12-11 22:07:02] [SEVERE ] setting player 0 freeze to -6098
[2022-12-11 22:07:02] [SEVERE ] setting player 1 freeze to -15825
[2022-12-11 22:07:03] [SEVERE ] setting player 0 freeze to -7112
[2022-12-11 22:07:03] [SEVERE ] setting player 1 freeze to -16838
[2022-12-11 22:07:04] [SEVERE ] setting player 0 freeze to -8123
[2022-12-11 22:07:04] [SEVERE ] setting player 1 freeze to -17849
[2022-12-11 22:07:05] [SEVERE ] Key 68 was pressed by player 0
[2022-12-11 22:07:05] [SEVERE ] player 0 placing token on slot 6
[2022-12-11 22:07:05] [SEVERE ] Key 76 was pressed by player 1
[2022-12-11 22:07:05] [SEVERE ] player 1 placing token on slot 6
[2022-12-11 22:07:05] [SEVERE ] setting player 0 freeze to -9130
[2022-12-11 22:07:05] [SEVERE ] setting player 1 freeze to -18856
[2022-12-11 22:07:06] [SEVERE ] setting player 0 freeze to -10141
[2022-12-11 22:07:06] [SEVERE ] setting player 1 freeze to -19867
[2022-12-11 22:07:07] [SEVERE ] setting player 0 freeze to -11151
[2022-12-11 22:07:07] [SEVERE ] setting player 1 freeze to -20878
[2022-12-11 22:07:08] [SEVERE ] Key 77 was pressed by player 1
[2022-12-11 22:07:08] [SEVERE ] player 1 placing token on slot 8
[2022-12-11 22:07:08] [SEVERE ] setting player 0 freeze to -12001
[2022-12-11 22:07:08] [SEVERE ] setting player 1 freeze to 3000
[2022-12-11 22:07:09] [SEVERE ] Key 77 was pressed by player 1
[2022-12-11 22:07:09] [SEVERE ] setting player 0 freeze to -13004
[2022-12-11 22:07:09] [SEVERE ] setting player 1 freeze to 1996
[2022-12-11 22:07:10] [SEVERE ] Key 90 was pressed by player 0
[2022-12-11 22:07:10] [SEVERE ] player 0 placing token on slot 8
[2022-12-11 22:07:10] [SEVERE ] setting player 0 freeze to 3000
[2022-12-11 22:07:10] [SEVERE ] setting player 1 freeze to 1661
[2022-12-11 22:07:11] [SEVERE ] setting player 0 freeze to 1985
[2022-12-11 22:07:11] [SEVERE ] setting player 1 freeze to 646
[2022-12-11 22:07:12] [SEVERE ] setting player 0 freeze to 972
[2022-12-11 22:07:12] [SEVERE ] setting player 1 freeze to -367
[2022-12-11 22:07:13] [SEVERE ] setting player 0 freeze to -37
[2022-12-11 22:07:13] [SEVERE ] setting player 1 freeze to -1375
[2022-12-11 22:07:14] [SEVERE ] setting player 0 freeze to -1051
[2022-12-11 22:07:14] [SEVERE ] setting player 1 freeze to -2389
[2022-12-11 22:07:15] [SEVERE ] setting player 0 freeze to -2062
[2022-12-11 22:07:15] [SEVERE ] setting player 1 freeze to -3400
[2022-12-11 22:07:16] [SEVERE ] setting player 0 freeze to -3075
[2022-12-11 22:07:16] [SEVERE ] setting player 1 freeze to -4413
[2022-12-11 22:07:17] [SEVERE ] setting player 0 freeze to -4088
[2022-12-11 22:07:17] [SEVERE ] setting player 1 freeze to -5426
[2022-12-11 22:07:18] [SEVERE ] setting player 0 freeze to -5099
[2022-12-11 22:07:18] [SEVERE ] setting player 1 freeze to -6437
[2022-12-11 22:07:19] [SEVERE ] setting player 0 freeze to -6111
[2022-12-11 22:07:19] [SEVERE ] setting player 1 freeze to -7449
[2022-12-11 22:07:19] [SEVERE ] Key 44 was pressed by player 1
[2022-12-11 22:07:20] [SEVERE ] Key 44 was pressed by player 1
[2022-12-11 22:07:20] [SEVERE ] setting player 0 freeze to -7113
[2022-12-11 22:07:20] [SEVERE ] setting player 1 freeze to -8451
[2022-12-11 22:07:21] [SEVERE ] setting player 0 freeze to -8120
[2022-12-11 22:07:21] [SEVERE ] setting player 1 freeze to -9458
[2022-12-11 22:07:22] [SEVERE ] setting player 0 freeze to -9125
[2022-12-11 22:07:22] [SEVERE ] setting player 1 freeze to -10463
[2022-12-11 22:07:22] [SEVERE ] Key 86 was pressed by player 0
[2022-12-11 22:07:23] [SEVERE ] setting player 0 freeze to -10132
[2022-12-11 22:07:23] [SEVERE ] setting player 1 freeze to -11470
[2022-12-11 22:07:24] [SEVERE ] setting player 0 freeze to -11141
[2022-12-11 22:07:24] [SEVERE ] setting player 1 freeze to -12480
[2022-12-11 22:07:24] [SEVERE ] Key 88 was pressed by player 0
[2022-12-11 22:07:24] [SEVERE ] Key 44 was pressed by player 1
[2022-12-11 22:07:24] [SEVERE ] Key 67 was pressed by player 0
[2022-12-11 22:07:25] [SEVERE ] Key 46 was pressed by player 1
[2022-12-11 22:07:25] [SEVERE ] setting player 0 freeze to -12148
[2022-12-11 22:07:25] [SEVERE ] setting player 1 freeze to -13486
[2022-12-11 22:07:25] [SEVERE ] Key 47 was pressed by player 1
[2022-12-11 22:07:26] [SEVERE ] Key 75 was pressed by player 1
[2022-12-11 22:07:26] [SEVERE ] Key 68 was pressed by player 0
[2022-12-11 22:07:26] [SEVERE ] removing player 0 token from slot 6
[2022-12-11 22:07:26] [SEVERE ] setting player 0 freeze to -13155
[2022-12-11 22:07:26] [SEVERE ] setting player 1 freeze to -14494
[2022-12-11 22:07:26] [SEVERE ] Key 76 was pressed by player 1
[2022-12-11 22:07:26] [SEVERE ] removing player 1 token from slot 6
[2022-12-11 22:07:26] [SEVERE ] Key 83 was pressed by player 0
[2022-12-11 22:07:26] [SEVERE ] player 0 placing token on slot 5
[2022-12-11 22:07:26] [SEVERE ] setting player 0 freeze to 3000
[2022-12-11 22:07:26] [SEVERE ] setting player 1 freeze to -14553
[2022-12-11 22:07:26] [SEVERE ] Key 59 was pressed by player 1
[2022-12-11 22:07:26] [SEVERE ] player 1 placing token on slot 7
[2022-12-11 22:07:26] [SEVERE ] setting player 0 freeze to 2976
[2022-12-11 22:07:26] [SEVERE ] setting player 1 freeze to 2999
[2022-12-11 22:07:27] [SEVERE ] Key 67 was pressed by player 0
[2022-12-11 22:07:27] [SEVERE ] Key 88 was pressed by player 0
[2022-12-11 22:07:27] [SEVERE ] Key 77 was pressed by player 1
[2022-12-11 22:07:27] [SEVERE ] Key 90 was pressed by player 0
[2022-12-11 22:07:27] [SEVERE ] Key 44 was pressed by player 1
[2022-12-11 22:07:27] [SEVERE ] setting player 0 freeze to 1970
[2022-12-11 22:07:27] [SEVERE ] setting player 1 freeze to 1992
[2022-12-11 22:07:27] [SEVERE ] Key 46 was pressed by player 1
[2022-12-11 22:07:27] [SEVERE ] Key 76 was pressed by player 1
[2022-12-11 22:07:27] [SEVERE ] Key 83 was pressed by player 0
[2022-12-11 22:07:27] [SEVERE ] Key 59 was pressed by player 1
[2022-12-11 22:07:27] [SEVERE ] Key 68 was pressed by player 0
[2022-12-11 22:07:27] [SEVERE ] Key 75 was pressed by player 1
[2022-12-11 22:07:27] [SEVERE ] Key 65 was pressed by player 0
[2022-12-11 22:07:28] [SEVERE ] Key 65 was pressed by player 0
[2022-12-11 22:07:28] [SEVERE ] Key 68 was pressed by player 0
[2022-12-11 22:07:28] [SEVERE ] setting player 0 freeze to 957
[2022-12-11 22:07:28] [SEVERE ] setting player 1 freeze to 980
[2022-12-11 22:07:28] [SEVERE ] Key 83 was pressed by player 0
[2022-12-11 22:07:28] [SEVERE ] Key 65 was pressed by player 0
[2022-12-11 22:07:28] [SEVERE ] Key 68 was pressed by player 0
[2022-12-11 22:07:29] [SEVERE ] Key 68 was pressed by player 0
[2022-12-11 22:07:29] [SEVERE ] Key 83 was pressed by player 0
[2022-12-11 22:07:29] [SEVERE ] Key 65 was pressed by player 0
[2022-12-11 22:07:29] [SEVERE ] setting player 0 freeze to -55
[2022-12-11 22:07:29] [SEVERE ] setting player 1 freeze to -33
[2022-12-11 22:07:29] [SEVERE ] setting player 0 freeze to -56
[2022-12-11 22:07:29] [SEVERE ] setting player 1 freeze to -33
[2022-12-11 22:07:29] [SEVERE ] removing player 0 token from slot 0
[2022-12-11 22:07:29] [SEVERE ] removing player 0 token from slot 5
[2022-12-11 22:07:29] [SEVERE ] removing player 0 token from slot 8
[2022-12-11 22:07:29] [SEVERE ] removing player 1 token from slot 0
[2022-12-11 22:07:29] [SEVERE ] removing player 1 token from slot 7
[2022-12-11 22:07:29] [SEVERE ] removing player 1 token from slot 8
[2022-12-11 22:07:29] [SEVERE ] removing card from slot 0
[2022-12-11 22:07:29] [SEVERE ] removing card from slot 1
[2022-12-11 22:07:29] [SEVERE ] removing card from slot 2
[2022-12-11 22:07:29] [SEVERE ] Key 90 was pressed by player 0
[2022-12-11 22:07:29] [SEVERE ] removing card from slot 3
[2022-12-11 22:07:29] [SEVERE ] removing card from slot 4
[2022-12-11 22:07:29] [SEVERE ] removing card from slot 5
[2022-12-11 22:07:30] [SEVERE ] removing card from slot 6
[2022-12-11 22:07:30] [SEVERE ] removing card from slot 7
[2022-12-11 22:07:30] [SEVERE ] removing card from slot 8
[2022-12-11 22:07:30] [SEVERE ] removing card from slot 9
[2022-12-11 22:07:30] [SEVERE ] removing card from slot 10
[2022-12-11 22:07:30] [SEVERE ] removing card from slot 11
[2022-12-11 22:07:30] [SEVERE ] setting player 0 freeze to -1670789250644
[2022-12-11 22:07:30] [SEVERE ] setting player 1 freeze to -1670789250644
[2022-12-11 22:07:30] [SEVERE ] placing card 64 in slot 0
[2022-12-11 22:07:30] [SEVERE ] placing card 15 in slot 1
[2022-12-11 22:07:30] [SEVERE ] placing card 79 in slot 2
[2022-12-11 22:07:31] [SEVERE ] placing card 31 in slot 3
[2022-12-11 22:07:31] [SEVERE ] placing card 58 in slot 4
[2022-12-11 22:07:31] [SEVERE ] placing card 5 in slot 5
[2022-12-11 22:07:31] [SEVERE ] placing card 6 in slot 6
[2022-12-11 22:07:31] [SEVERE ] placing card 8 in slot 7
[2022-12-11 22:07:31] [SEVERE ] placing card 22 in slot 8
[2022-12-11 22:07:31] [SEVERE ] placing card 27 in slot 9
[2022-12-11 22:07:31] [SEVERE ] placing card 73 in slot 10
[2022-12-11 22:07:31] [SEVERE ] placing card 11 in slot 11
[2022-12-11 22:07:31] [SEVERE ] setting player 0 freeze to -1670789251948
[2022-12-11 22:07:31] [SEVERE ] setting player 1 freeze to -1670789251948
[2022-12-11 22:07:32] [SEVERE ] setting player 0 freeze to -1670789252961
[2022-12-11 22:07:32] [SEVERE ] setting player 1 freeze to -1670789252961
[2022-12-11 22:07:33] [SEVERE ] setting player 0 freeze to -1670789253975
[2022-12-11 22:07:33] [SEVERE ] setting player 1 freeze to -1670789253975
[2022-12-11 22:07:33] [SEVERE ] Key 73 was pressed by player 1
[2022-12-11 22:07:33] [SEVERE ] player 1 placing token on slot 1
[2022-12-11 22:07:34] [SEVERE ] Key 73 was pressed by player 1
[2022-12-11 22:07:34] [SEVERE ] removing player 1 token from slot 1
[2022-12-11 22:07:34] [SEVERE ] setting player 0 freeze to -1670789254989
[2022-12-11 22:07:34] [SEVERE ] setting player 1 freeze to -1670789254989
[2022-12-11 22:07:35] [SEVERE ] Key 81 was pressed by player 0
[2022-12-11 22:07:35] [SEVERE ] player 0 placing token on slot 0
[2022-12-11 22:07:35] [SEVERE ] Key 85 was pressed by player 1
[2022-12-11 22:07:35] [SEVERE ] player 1 placing token on slot 0
[2022-12-11 22:07:35] [SEVERE ] setting player 0 freeze to -1670789255996
[2022-12-11 22:07:35] [SEVERE ] setting player 1 freeze to -1670789255997
[2022-12-11 22:07:36] [SEVERE ] Key 69 was pressed by player 0
[2022-12-11 22:07:36] [SEVERE ] player 0 placing token on slot 2
[2022-12-11 22:07:36] [SEVERE ] Key 79 was pressed by player 1
[2022-12-11 22:07:36] [SEVERE ] player 1 placing token on slot 2
[2022-12-11 22:07:37] [SEVERE ] setting player 0 freeze to -1670789257006
[2022-12-11 22:07:37] [SEVERE ] setting player 1 freeze to -1670789257007
[2022-12-11 22:07:38] [SEVERE ] setting player 0 freeze to -1670789258017
[2022-12-11 22:07:38] [SEVERE ] setting player 1 freeze to -1670789258017
[2022-12-11 22:07:38] [SEVERE ] Key 76 was pressed by player 1
[2022-12-11 22:07:38] [SEVERE ] player 1 placing token on slot 6
[2022-12-11 22:07:38] [SEVERE ] setting player 0 freeze to -1670789258679
[2022-12-11 22:07:38] [SEVERE ] setting player 1 freeze to 3000
[2022-12-11 22:07:39] [SEVERE ] setting player 0 freeze to -1670789259683
[2022-12-11 22:07:39] [SEVERE ] setting player 1 freeze to 1996
[2022-12-11 22:07:39] [SEVERE ] Key 68 was pressed by player 0
[2022-12-11 22:07:39] [SEVERE ] player 0 placing token on slot 6
[2022-12-11 22:07:39] [SEVERE ] setting player 0 freeze to 3000
[2022-12-11 22:07:39] [SEVERE ] setting player 1 freeze to 1736
[2022-12-11 22:07:40] [SEVERE ] setting player 0 freeze to 1989
[2022-12-11 22:07:40] [SEVERE ] setting player 1 freeze to 724
[2022-12-11 22:07:41] [SEVERE ] setting player 0 freeze to 978
[2022-12-11 22:07:41] [SEVERE ] setting player 1 freeze to -286
[2022-12-11 22:07:42] [SEVERE ] setting player 0 freeze to -34
[2022-12-11 22:07:42] [SEVERE ] setting player 1 freeze to -1298
[2022-12-11 22:07:43] [SEVERE ] Key 76 was pressed by player 1
[2022-12-11 22:07:43] [SEVERE ] removing player 1 token from slot 6
[2022-12-11 22:07:43] [SEVERE ] Key 68 was pressed by player 0
[2022-12-11 22:07:43] [SEVERE ] removing player 0 token from slot 6
[2022-12-11 22:07:43] [SEVERE ] setting player 0 freeze to -1042
[2022-12-11 22:07:43] [SEVERE ] setting player 1 freeze to -2306
[2022-12-11 22:07:44] [SEVERE ] setting player 0 freeze to -2057
[2022-12-11 22:07:44] [SEVERE ] setting player 1 freeze to -3321
[2022-12-11 22:07:45] [SEVERE ] Key 65 was pressed by player 0
[2022-12-11 22:07:45] [SEVERE ] player 0 placing token on slot 4
[2022-12-11 22:07:45] [SEVERE ] removing player 0 token from slot 0
[2022-12-11 22:07:45] [SEVERE ] removing player 0 token from slot 2
[2022-12-11 22:07:45] [SEVERE ] removing player 0 token from slot 4
[2022-12-11 22:07:45] [SEVERE ] removing player 1 token from slot 0
[2022-12-11 22:07:45] [SEVERE ] removing player 1 token from slot 2
[2022-12-11 22:07:45] [SEVERE ] removing player 1 token from slot 4
[2022-12-11 22:07:45] [SEVERE ] setting player 0 score to 6
[2022-12-11 22:07:45] [SEVERE ] setting player 0 freeze to 1000
[2022-12-11 22:07:45] [SEVERE ] setting player 1 freeze to -4320
[2022-12-11 22:07:46] [SEVERE ] Key 74 was pressed by player 1
[2022-12-11 22:07:46] [SEVERE ] removing card from slot 0
[2022-12-11 22:07:46] [SEVERE ] removing card from slot 2
[2022-12-11 22:07:46] [SEVERE ] removing card from slot 4
[2022-12-11 22:07:46] [SEVERE ] placing card 28 in slot 0
[2022-12-11 22:07:46] [SEVERE ] placing card 60 in slot 2
[2022-12-11 22:07:46] [SEVERE ] placing card 35 in slot 4
[2022-12-11 22:07:46] [SEVERE ] setting player 0 freeze to -1670789266645
[2022-12-11 22:07:46] [SEVERE ] setting player 1 freeze to -1670789266645
[2022-12-11 22:07:47] [SEVERE ] setting player 0 freeze to -1670789267659
[2022-12-11 22:07:47] [SEVERE ] setting player 1 freeze to -1670789267660
[2022-12-11 22:07:48] [SEVERE ] Key 65 was pressed by player 0
[2022-12-11 22:07:48] [SEVERE ] player 0 placing token on slot 4
[2022-12-11 22:07:48] [SEVERE ] Key 74 was pressed by player 1
[2022-12-11 22:07:48] [SEVERE ] player 1 placing token on slot 4
[2022-12-11 22:07:48] [SEVERE ] setting player 0 freeze to -1670789268668
[2022-12-11 22:07:48] [SEVERE ] setting player 1 freeze to -1670789268668
[2022-12-11 22:07:49] [SEVERE ] setting player 0 freeze to -1670789269677
[2022-12-11 22:07:49] [SEVERE ] setting player 1 freeze to -1670789269677
[2022-12-11 22:07:50] [SEVERE ] Key 83 was pressed by player 0
[2022-12-11 22:07:50] [SEVERE ] player 0 placing token on slot 5
[2022-12-11 22:07:50] [SEVERE ] Key 75 was pressed by player 1
[2022-12-11 22:07:50] [SEVERE ] player 1 placing token on slot 5
[2022-12-11 22:07:50] [SEVERE ] setting player 0 freeze to -1670789270682
[2022-12-11 22:07:50] [SEVERE ] setting player 1 freeze to -1670789270682
[2022-12-11 22:07:51] [SEVERE ] Key 76 was pressed by player 1
[2022-12-11 22:07:51] [SEVERE ] player 1 placing token on slot 6
[2022-12-11 22:07:51] [SEVERE ] setting player 0 freeze to -1670789271484
[2022-12-11 22:07:51] [SEVERE ] setting player 1 freeze to 3000
[2022-12-11 22:07:51] [SEVERE ] Key 68 was pressed by player 0
[2022-12-11 22:07:51] [SEVERE ] player 0 placing token on slot 6
[2022-12-11 22:07:51] [SEVERE ] setting player 0 freeze to 3000
[2022-12-11 22:07:51] [SEVERE ] setting player 1 freeze to 2976
[2022-12-11 22:07:52] [SEVERE ] setting player 0 freeze to 1989
[2022-12-11 22:07:52] [SEVERE ] setting player 1 freeze to 1965
[2022-12-11 22:07:53] [SEVERE ] setting player 0 freeze to 978
[2022-12-11 22:07:53] [SEVERE ] setting player 1 freeze to 954
[2022-12-11 22:07:53] [SEVERE ] Key 76 was pressed by player 1
[2022-12-11 22:07:54] [SEVERE ] Key 68 was pressed by player 0
[2022-12-11 22:07:54] [SEVERE ] setting player 0 freeze to -33
[2022-12-11 22:07:54] [SEVERE ] setting player 1 freeze to -57
[2022-12-11 22:07:54] [SEVERE ] Key 76 was pressed by player 1
[2022-12-11 22:07:54] [SEVERE ] removing player 1 token from slot 6
[2022-12-11 22:07:54] [SEVERE ] Key 68 was pressed by player 0
[2022-12-11 22:07:54] [SEVERE ] removing player 0 token from slot 6
[2022-12-11 22:07:54] [SEVERE ] Key 75 was pressed by player 1
[2022-12-11 22:07:54] [SEVERE ] removing player 1 token from slot 5
[2022-12-11 22:07:55] [SEVERE ] Key 83 was pressed by player 0
[2022-12-11 22:07:55] [SEVERE ] removing player 0 token from slot 5
[2022-12-11 22:07:55] [SEVERE ] Key 65 was pressed by player 0
[2022-12-11 22:07:55] [SEVERE ] removing player 0 token from slot 4
[2022-12-11 22:07:55] [SEVERE ] setting player 0 freeze to -1043
[2022-12-11 22:07:55] [SEVERE ] setting player 1 freeze to -1067
[2022-12-11 22:07:55] [SEVERE ] Key 74 was pressed by player 1
[2022-12-11 22:07:55] [SEVERE ] removing player 1 token from slot 4
[2022-12-11 22:07:56] [SEVERE ] setting player 0 freeze to -2053
[2022-12-11 22:07:56] [SEVERE ] setting player 1 freeze to -2077
[2022-12-11 22:07:57] [SEVERE ] setting player 0 freeze to -3064
[2022-12-11 22:07:57] [SEVERE ] setting player 1 freeze to -3088
[2022-12-11 22:07:58] [SEVERE ] Key 81 was pressed by player 0
[2022-12-11 22:07:58] [SEVERE ] player 0 placing token on slot 0
[2022-12-11 22:07:58] [SEVERE ] Key 85 was pressed by player 1
[2022-12-11 22:07:58] [SEVERE ] player 1 placing token on slot 0
[2022-12-11 22:07:58] [SEVERE ] setting player 0 freeze to -4077
[2022-12-11 22:07:58] [SEVERE ] setting player 1 freeze to -4101
[2022-12-11 22:07:59] [SEVERE ] Key 69 was pressed by player 0
[2022-12-11 22:07:59] [SEVERE ] player 0 placing token on slot 2
[2022-12-11 22:07:59] [SEVERE ] Key 79 was pressed by player 1
[2022-12-11 22:07:59] [SEVERE ] player 1 placing token on slot 2
[2022-12-11 22:07:59] [SEVERE ] setting player 0 freeze to -5086
[2022-12-11 22:07:59] [SEVERE ] setting player 1 freeze to -5110
[2022-12-11 22:08:00] [SEVERE ] setting player 0 freeze to -6095
[2022-12-11 22:08:00] [SEVERE ] setting player 1 freeze to -6119
[2022-12-11 22:08:01] [SEVERE ] setting player 0 freeze to -7100
[2022-12-11 22:08:01] [SEVERE ] setting player 1 freeze to -7124
[2022-12-11 22:08:02] [SEVERE ] setting player 0 freeze to -8108
[2022-12-11 22:08:02] [SEVERE ] setting player 1 freeze to -8132
[2022-12-11 22:08:03] [SEVERE ] setting player 0 freeze to -9121
[2022-12-11 22:08:03] [SEVERE ] setting player 1 freeze to -9145
[2022-12-11 22:08:03] [SEVERE ] Key 75 was pressed by player 1
[2022-12-11 22:08:03] [SEVERE ] player 1 placing token on slot 5
[2022-12-11 22:08:03] [SEVERE ] removing player 0 token from slot 0
[2022-12-11 22:08:03] [SEVERE ] removing player 0 token from slot 2
[2022-12-11 22:08:03] [SEVERE ] removing player 0 token from slot 5
[2022-12-11 22:08:03] [SEVERE ] removing player 1 token from slot 0
[2022-12-11 22:08:03] [SEVERE ] removing player 1 token from slot 2
[2022-12-11 22:08:03] [SEVERE ] removing player 1 token from slot 5
[2022-12-11 22:08:03] [SEVERE ] setting player 1 score to 1
[2022-12-11 22:08:03] [SEVERE ] setting player 0 freeze to -9291
[2022-12-11 22:08:03] [SEVERE ] setting player 1 freeze to 1000
[2022-12-11 22:08:03] [SEVERE ] Key 83 was pressed by player 0
[2022-12-11 22:08:03] [SEVERE ] removing card from slot 0
[2022-12-11 22:08:04] [SEVERE ] removing card from slot 2
[2022-12-11 22:08:04] [SEVERE ] removing card from slot 5
[2022-12-11 22:08:04] [SEVERE ] placing card 30 in slot 0
[2022-12-11 22:08:04] [SEVERE ] Key 83 was pressed by player 0
[2022-12-11 22:08:04] [SEVERE ] placing card 21 in slot 2
[2022-12-11 22:08:04] [SEVERE ] Key 83 was pressed by player 0
[2022-12-11 22:08:04] [SEVERE ] Key 83 was pressed by player 0
[2022-12-11 22:08:04] [SEVERE ] Key 83 was pressed by player 0
[2022-12-11 22:08:04] [SEVERE ] placing card 43 in slot 5
[2022-12-11 22:08:04] [SEVERE ] setting player 0 freeze to -1670789284450
[2022-12-11 22:08:04] [SEVERE ] setting player 1 freeze to -1670789284450
[2022-12-11 22:08:04] [SEVERE ] Key 83 was pressed by player 0
[2022-12-11 22:08:04] [SEVERE ] player 0 placing token on slot 5
[2022-12-11 22:08:04] [SEVERE ] Key 83 was pressed by player 0
[2022-12-11 22:08:04] [SEVERE ] removing player 0 token from slot 5
[2022-12-11 22:08:04] [SEVERE ] Key 83 was pressed by player 0
[2022-12-11 22:08:04] [SEVERE ] player 0 placing token on slot 5
[2022-12-11 22:08:04] [SEVERE ] Key 83 was pressed by player 0
[2022-12-11 22:08:04] [SEVERE ] removing player 0 token from slot 5
[2022-12-11 22:08:04] [SEVERE ] Key 83 was pressed by player 0
[2022-12-11 22:08:04] [SEVERE ] player 0 placing token on slot 5
[2022-12-11 22:08:04] [SEVERE ] Key 83 was pressed by player 0
[2022-12-11 22:08:04] [SEVERE ] removing player 0 token from slot 5
[2022-12-11 22:08:04] [SEVERE ] Key 83 was pressed by player 0
[2022-12-11 22:08:04] [SEVERE ] player 0 placing token on slot 5
[2022-12-11 22:08:04] [SEVERE ] Key 83 was pressed by player 0
[2022-12-11 22:08:04] [SEVERE ] removing player 0 token from slot 5
[2022-12-11 22:08:04] [SEVERE ] Key 83 was pressed by player 0
[2022-12-11 22:08:04] [SEVERE ] player 0 placing token on slot 5
[2022-12-11 22:08:04] [SEVERE ] Key 83 was pressed by player 0
[2022-12-11 22:08:04] [SEVERE ] removing player 0 token from slot 5
[2022-12-11 22:08:04] [SEVERE ] Key 83 was pressed by player 0
[2022-12-11 22:08:04] [SEVERE ] player 0 placing token on slot 5
[2022-12-11 22:08:04] [SEVERE ] Key 83 was pressed by player 0
[2022-12-11 22:08:04] [SEVERE ] removing player 0 token from slot 5
[2022-12-11 22:08:04] [SEVERE ] Key 83 was pressed by player 0
[2022-12-11 22:08:04] [SEVERE ] player 0 placing token on slot 5
[2022-12-11 22:08:04] [SEVERE ] Key 83 was pressed by player 0
[2022-12-11 22:08:04] [SEVERE ] removing player 0 token from slot 5
[2022-12-11 22:08:04] [SEVERE ] Key 83 was pressed by player 0
[2022-12-11 22:08:04] [SEVERE ] player 0 placing token on slot 5
[2022-12-11 22:08:04] [SEVERE ] Key 83 was pressed by player 0
[2022-12-11 22:08:04] [SEVERE ] removing player 0 token from slot 5
[2022-12-11 22:08:04] [SEVERE ] Key 83 was pressed by player 0
[2022-12-11 22:08:04] [SEVERE ] player 0 placing token on slot 5
[2022-12-11 22:08:05] [SEVERE ] Key 83 was pressed by player 0
[2022-12-11 22:08:05] [SEVERE ] removing player 0 token from slot 5
[2022-12-11 22:08:05] [SEVERE ] Key 83 was pressed by player 0
[2022-12-11 22:08:05] [SEVERE ] player 0 placing token on slot 5
[2022-12-11 22:08:05] [SEVERE ] Key 83 was pressed by player 0
[2022-12-11 22:08:05] [SEVERE ] removing player 0 token from slot 5
[2022-12-11 22:08:05] [SEVERE ] Key 83 was pressed by player 0
[2022-12-11 22:08:05] [SEVERE ] player 0 placing token on slot 5
[2022-12-11 22:08:05] [SEVERE ] Key 83 was pressed by player 0
[2022-12-11 22:08:05] [SEVERE ] removing player 0 token from slot 5
[2022-12-11 22:08:05] [SEVERE ] Key 83 was pressed by player 0
[2022-12-11 22:08:05] [SEVERE ] player 0 placing token on slot 5
[2022-12-11 22:08:05] [SEVERE ] Key 83 was pressed by player 0
[2022-12-11 22:08:05] [SEVERE ] removing player 0 token from slot 5
[2022-12-11 22:08:05] [SEVERE ] Key 83 was pressed by player 0
[2022-12-11 22:08:05] [SEVERE ] player 0 placing token on slot 5
[2022-12-11 22:08:05] [SEVERE ] Key 83 was pressed by player 0
[2022-12-11 22:08:05] [SEVERE ] removing player 0 token from slot 5
[2022-12-11 22:08:05] [SEVERE ] Key 83 was pressed by player 0
[2022-12-11 22:08:05] [SEVERE ] player 0 placing token on slot 5
[2022-12-11 22:08:05] [SEVERE ] Key 83 was pressed by player 0
[2022-12-11 22:08:05] [SEVERE ] removing player 0 token from slot 5
[2022-12-11 22:08:05] [SEVERE ] Key 83 was pressed by player 0
[2022-12-11 22:08:05] [SEVERE ] player 0 placing token on slot 5
[2022-12-11 22:08:05] [SEVERE ] setting player 0 freeze to -1670789285461
[2022-12-11 22:08:05] [SEVERE ] setting player 1 freeze to -1670789285461
[2022-12-11 22:08:05] [SEVERE ] Key 75 was pressed by player 1
[2022-12-11 22:08:05] [SEVERE ] player 1 placing token on slot 5
[2022-12-11 22:08:06] [SEVERE ] setting player 0 freeze to -1670789286470
[2022-12-11 22:08:06] [SEVERE ] setting player 1 freeze to -1670789286470
[2022-12-11 22:08:06] [SEVERE ] Key 75 was pressed by player 1
[2022-12-11 22:08:06] [SEVERE ] removing player 1 token from slot 5
[2022-12-11 22:08:06] [SEVERE ] Key 75 was pressed by player 1
[2022-12-11 22:08:06] [SEVERE ] player 1 placing token on slot 5
[2022-12-11 22:08:06] [SEVERE ] Key 75 was pressed by player 1
[2022-12-11 22:08:06] [SEVERE ] removing player 1 token from slot 5
[2022-12-11 22:08:06] [SEVERE ] Key 75 was pressed by player 1
[2022-12-11 22:08:06] [SEVERE ] player 1 placing token on slot 5
[2022-12-11 22:08:06] [SEVERE ] Key 75 was pressed by player 1
[2022-12-11 22:08:06] [SEVERE ] removing player 1 token from slot 5
[2022-12-11 22:08:06] [SEVERE ] Key 75 was pressed by player 1
[2022-12-11 22:08:06] [SEVERE ] player 1 placing token on slot 5
[2022-12-11 22:08:06] [SEVERE ] Key 75 was pressed by player 1
[2022-12-11 22:08:06] [SEVERE ] removing player 1 token from slot 5
[2022-12-11 22:08:06] [SEVERE ] Key 75 was pressed by player 1
[2022-12-11 22:08:06] [SEVERE ] player 1 placing token on slot 5
[2022-12-11 22:08:06] [SEVERE ] Key 75 was pressed by player 1
[2022-12-11 22:08:06] [SEVERE ] removing player 1 token from slot 5
[2022-12-11 22:08:06] [SEVERE ] Key 75 was pressed by player 1
[2022-12-11 22:08:06] [SEVERE ] player 1 placing token on slot 5
[2022-12-11 22:08:06] [SEVERE ] Key 75 was pressed by player 1
[2022-12-11 22:08:06] [SEVERE ] removing player 1 token from slot 5
[2022-12-11 22:08:06] [SEVERE ] Key 75 was pressed by player 1
[2022-12-11 22:08:06] [SEVERE ] player 1 placing token on slot 5
[2022-12-11 22:08:06] [SEVERE ] Key 75 was pressed by player 1
[2022-12-11 22:08:06] [SEVERE ] removing player 1 token from slot 5
[2022-12-11 22:08:06] [SEVERE ] Key 75 was pressed by player 1
[2022-12-11 22:08:06] [SEVERE ] player 1 placing token on slot 5
[2022-12-11 22:08:06] [SEVERE ] Key 75 was pressed by player 1
[2022-12-11 22:08:06] [SEVERE ] removing player 1 token from slot 5
[2022-12-11 22:08:07] [SEVERE ] Key 75 was pressed by player 1
[2022-12-11 22:08:07] [SEVERE ] player 1 placing token on slot 5
[2022-12-11 22:08:07] [SEVERE ] Key 75 was pressed by player 1
[2022-12-11 22:08:07] [SEVERE ] removing player 1 token from slot 5
[2022-12-11 22:08:07] [SEVERE ] Key 75 was pressed by player 1
[2022-12-11 22:08:07] [SEVERE ] player 1 placing token on slot 5
[2022-12-11 22:08:07] [SEVERE ] Key 75 was pressed by player 1
[2022-12-11 22:08:07] [SEVERE ] removing player 1 token from slot 5
[2022-12-11 22:08:07] [SEVERE ] Key 75 was pressed by player 1
[2022-12-11 22:08:07] [SEVERE ] player 1 placing token on slot 5
[2022-12-11 22:08:07] [SEVERE ] Key 75 was pressed by player 1
[2022-12-11 22:08:07] [SEVERE ] removing player 1 token from slot 5
[2022-12-11 22:08:07] [SEVERE ] Key 75 was pressed by player 1
[2022-12-11 22:08:07] [SEVERE ] player 1 placing token on slot 5
[2022-12-11 22:08:07] [SEVERE ] Key 75 was pressed by player 1
[2022-12-11 22:08:07] [SEVERE ] removing player 1 token from slot 5
[2022-12-11 22:08:07] [SEVERE ] Key 83 was pressed by player 0
[2022-12-11 22:08:07] [SEVERE ] removing player 0 token from slot 5
[2022-12-11 22:08:07] [SEVERE ] setting player 0 freeze to -1670789287477
[2022-12-11 22:08:07] [SEVERE ] setting player 1 freeze to -1670789287477
[2022-12-11 22:08:08] [SEVERE ] Key 83 was pressed by player 0
[2022-12-11 22:08:08] [SEVERE ] player 0 placing token on slot 5
[2022-12-11 22:08:08] [SEVERE ] setting player 0 freeze to -1670789288484
[2022-12-11 22:08:08] [SEVERE ] setting player 1 freeze to -1670789288485
[2022-12-11 22:08:08] [SEVERE ] Key 83 was pressed by player 0
[2022-12-11 22:08:08] [SEVERE ] removing player 0 token from slot 5
[2022-12-11 22:08:08] [SEVERE ] Key 83 was pressed by player 0
[2022-12-11 22:08:08] [SEVERE ] player 0 placing token on slot 5
[2022-12-11 22:08:08] [SEVERE ] Key 83 was pressed by player 0
[2022-12-11 22:08:08] [SEVERE ] removing player 0 token from slot 5
[2022-12-11 22:08:08] [SEVERE ] Key 83 was pressed by player 0
[2022-12-11 22:08:08] [SEVERE ] player 0 placing token on slot 5
[2022-12-11 22:08:08] [SEVERE ] Key 83 was pressed by player 0
[2022-12-11 22:08:08] [SEVERE ] removing player 0 token from slot 5
[2022-12-11 22:08:08] [SEVERE ] Key 83 was pressed by player 0
[2022-12-11 22:08:08] [SEVERE ] player 0 placing token on slot 5
[2022-12-11 22:08:08] [SEVERE ] Key 83 was pressed by player 0
[2022-12-11 22:08:08] [SEVERE ] removing player 0 token from slot 5
[2022-12-11 22:08:08] [SEVERE ] Key 83 was pressed by player 0
[2022-12-11 22:08:08] [SEVERE ] player 0 placing token on slot 5
[2022-12-11 22:08:08] [SEVERE ] Key 83 was pressed by player 0
[2022-12-11 22:08:08] [SEVERE ] removing player 0 token from slot 5
[2022-12-11 22:08:08] [SEVERE ] Key 83 was pressed by player 0
[2022-12-11 22:08:08] [SEVERE ] player 0 placing token on slot 5
[2022-12-11 22:08:09] [SEVERE ] Key 83 was pressed by player 0
[2022-12-11 22:08:09] [SEVERE ] removing player 0 token from slot 5
[2022-12-11 22:08:09] [SEVERE ] Key 83 was pressed by player 0
[2022-12-11 22:08:09] [SEVERE ] player 0 placing token on slot 5
[2022-12-11 22:08:09] [SEVERE ] Key 83 was pressed by player 0
[2022-12-11 22:08:09] [SEVERE ] removing player 0 token from slot 5
[2022-12-11 22:08:09] [SEVERE ] Key 83 was pressed by player 0
[2022-12-11 22:08:09] [SEVERE ] player 0 placing token on slot 5
[2022-12-11 22:08:09] [SEVERE ] Key 83 was pressed by player 0
[2022-12-11 22:08:09] [SEVERE ] removing player 0 token from slot 5
[2022-12-11 22:08:09] [SEVERE ] Key 83 was pressed by player 0
[2022-12-11 22:08:09] [SEVERE ] player 0 placing token on slot 5
[2022-12-11 22:08:09] [SEVERE ] Key 83 was pressed by player 0
[2022-12-11 22:08:09] [SEVERE ] removing player 0 token from slot 5
[2022-12-11 22:08:09] [SEVERE ] Key 83 was pressed by player 0
[2022-12-11 22:08:09] [SEVERE ] player 0 placing token on slot 5
[2022-12-11 22:08:09] [SEVERE ] Key 83 was pressed by player 0
[2022-12-11 22:08:09] [SEVERE ] removing player 0 token from slot 5
[2022-12-11 22:08:09] [SEVERE ] Key 75 was pressed by player 1
[2022-12-11 22:08:09] [SEVERE ] player 1 placing token on slot 5
[2022-12-11 22:08:09] [SEVERE ] setting player 0 freeze to -1670789289494
[2022-12-11 22:08:09] [SEVERE ] setting player 1 freeze to -1670789289494
[2022-12-11 22:08:10] [SEVERE ] setting player 0 freeze to -1670789290502
[2022-12-11 22:08:10] [SEVERE ] setting player 1 freeze to -1670789290502
[2022-12-11 22:08:11] [SEVERE ] Key 75 was pressed by player 1
[2022-12-11 22:08:11] [SEVERE ] removing player 1 token from slot 5
[2022-12-11 22:08:11] [SEVERE ] setting player 0 freeze to -1670789291513
[2022-12-11 22:08:11] [SEVERE ] setting player 1 freeze to -1670789291513
[2022-12-11 22:08:11] [SEVERE ] Key 75 was pressed by player 1
[2022-12-11 22:08:11] [SEVERE ] player 1 placing token on slot 5
[2022-12-11 22:08:11] [SEVERE ] Key 75 was pressed by player 1
[2022-12-11 22:08:11] [SEVERE ] removing player 1 token from slot 5
[2022-12-11 22:08:11] [SEVERE ] Key 75 was pressed by player 1
[2022-12-11 22:08:11] [SEVERE ] player 1 placing token on slot 5
[2022-12-11 22:08:11] [SEVERE ] Key 75 was pressed by player 1
[2022-12-11 22:08:11] [SEVERE ] removing player 1 token from slot 5
[2022-12-11 22:08:11] [SEVERE ] Key 75 was pressed by player 1
[2022-12-11 22:08:11] [SEVERE ] player 1 placing token on slot 5
[2022-12-11 22:08:11] [SEVERE ] Key 75 was pressed by player 1
[2022-12-11 22:08:11] [SEVERE ] removing player 1 token from slot 5
[2022-12-11 22:08:11] [SEVERE ] Key 75 was pressed by player 1
[2022-12-11 22:08:11] [SEVERE ] player 1 placing token on slot 5
[2022-12-11 22:08:11] [SEVERE ] Key 75 was pressed by player 1
[2022-12-11 22:08:11] [SEVERE ] removing player 1 token from slot 5
[2022-12-11 22:08:12] [SEVERE ] Key 75 was pressed by player 1
[2022-12-11 22:08:12] [SEVERE ] player 1 placing token on slot 5
[2022-12-11 22:08:12] [SEVERE ] Key 75 was pressed by player 1
[2022-12-11 22:08:12] [SEVERE ] removing player 1 token from slot 5
[2022-12-11 22:08:12] [SEVERE ] Key 75 was pressed by player 1
[2022-12-11 22:08:12] [SEVERE ] player 1 placing token on slot 5
[2022-12-11 22:08:12] [SEVERE ] Key 75 was pressed by player 1
[2022-12-11 22:08:12] [SEVERE ] removing player 1 token from slot 5
[2022-12-11 22:08:12] [SEVERE ] Key 75 was pressed by player 1
[2022-12-11 22:08:12] [SEVERE ] player 1 placing token on slot 5
[2022-12-11 22:08:12] [SEVERE ] Key 75 was pressed by player 1
[2022-12-11 22:08:12] [SEVERE ] removing player 1 token from slot 5
[2022-12-11 22:08:12] [SEVERE ] Key 75 was pressed by player 1
[2022-12-11 22:08:12] [SEVERE ] player 1 placing token on slot 5
[2022-12-11 22:08:12] [SEVERE ] Key 75 was pressed by player 1
[2022-12-11 22:08:12] [SEVERE ] removing player 1 token from slot 5
[2022-12-11 22:08:12] [SEVERE ] Key 75 was pressed by player 1
[2022-12-11 22:08:12] [SEVERE ] player 1 placing token on slot 5
[2022-12-11 22:08:12] [SEVERE ] Key 75 was pressed by player 1
[2022-12-11 22:08:12] [SEVERE ] removing player 1 token from slot 5
[2022-12-11 22:08:12] [SEVERE ] Key 75 was pressed by player 1
[2022-12-11 22:08:12] [SEVERE ] player 1 placing token on slot 5
[2022-12-11 22:08:12] [SEVERE ] Key 75 was pressed by player 1
[2022-12-11 22:08:12] [SEVERE ] removing player 1 token from slot 5
[2022-12-11 22:08:12] [SEVERE ] Key 75 was pressed by player 1
[2022-12-11 22:08:12] [SEVERE ] player 1 placing token on slot 5
[2022-12-11 22:08:12] [SEVERE ] Key 75 was pressed by player 1
[2022-12-11 22:08:12] [SEVERE ] removing player 1 token from slot 5
[2022-12-11 22:08:12] [SEVERE ] Key 75 was pressed by player 1
[2022-12-11 22:08:12] [SEVERE ] player 1 placing token on slot 5
[2022-12-11 22:08:12] [SEVERE ] Key 75 was pressed by player 1
[2022-12-11 22:08:12] [SEVERE ] removing player 1 token from slot 5
[2022-12-11 22:08:12] [SEVERE ] setting player 0 freeze to -1670789292522
[2022-12-11 22:08:12] [SEVERE ] setting player 1 freeze to -1670789292522
[2022-12-11 22:08:12] [SEVERE ] Key 75 was pressed by player 1
[2022-12-11 22:08:12] [SEVERE ] player 1 placing token on slot 5
[2022-12-11 22:08:12] [SEVERE ] Key 65 was pressed by player 0
[2022-12-11 22:08:12] [SEVERE ] player 0 placing token on slot 4
[2022-12-11 22:08:13] [SEVERE ] setting player 0 freeze to -1670789293535
[2022-12-11 22:08:13] [SEVERE ] setting player 1 freeze to -1670789293535
[2022-12-11 22:08:14] [SEVERE ] Key 83 was pressed by player 0
[2022-12-11 22:08:14] [SEVERE ] player 0 placing token on slot 5
[2022-12-11 22:08:14] [SEVERE ] setting player 0 freeze to -1670789294543
[2022-12-11 22:08:14] [SEVERE ] setting player 1 freeze to -1670789294543
[2022-12-11 22:08:14] [SEVERE ] Key 83 was pressed by player 0
[2022-12-11 22:08:14] [SEVERE ] removing player 0 token from slot 5
[2022-12-11 22:08:14] [SEVERE ] Key 83 was pressed by player 0
[2022-12-11 22:08:14] [SEVERE ] player 0 placing token on slot 5
[2022-12-11 22:08:15] [SEVERE ] Key 83 was pressed by player 0
[2022-12-11 22:08:15] [SEVERE ] removing player 0 token from slot 5
[2022-12-11 22:08:15] [SEVERE ] Key 83 was pressed by player 0
[2022-12-11 22:08:15] [SEVERE ] player 0 placing token on slot 5
[2022-12-11 22:08:15] [SEVERE ] Key 83 was pressed by player 0
[2022-12-11 22:08:15] [SEVERE ] removing player 0 token from slot 5
[2022-12-11 22:08:15] [SEVERE ] Key 83 was pressed by player 0
[2022-12-11 22:08:15] [SEVERE ] player 0 placing token on slot 5
[2022-12-11 22:08:15] [SEVERE ] Key 83 was pressed by player 0
[2022-12-11 22:08:15] [SEVERE ] removing player 0 token from slot 5
[2022-12-11 22:08:15] [SEVERE ] Key 83 was pressed by player 0
[2022-12-11 22:08:15] [SEVERE ] player 0 placing token on slot 5
[2022-12-11 22:08:15] [SEVERE ] setting player 0 freeze to -1670789295554
[2022-12-11 22:08:15] [SEVERE ] setting player 1 freeze to -1670789295554
[2022-12-11 22:08:15] [SEVERE ] Key 83 was pressed by player 0
[2022-12-11 22:08:15] [SEVERE ] removing player 0 token from slot 5
[2022-12-11 22:08:15] [SEVERE ] Key 83 was pressed by player 0
[2022-12-11 22:08:15] [SEVERE ] player 0 placing token on slot 5
[2022-12-11 22:08:15] [SEVERE ] Key 83 was pressed by player 0
[2022-12-11 22:08:15] [SEVERE ] removing player 0 token from slot 5
[2022-12-11 22:08:15] [SEVERE ] Key 83 was pressed by player 0
[2022-12-11 22:08:15] [SEVERE ] player 0 placing token on slot 5
[2022-12-11 22:08:15] [SEVERE ] Key 83 was pressed by player 0
[2022-12-11 22:08:15] [SEVERE ] removing player 0 token from slot 5
[2022-12-11 22:08:15] [SEVERE ] Key 83 was pressed by player 0
[2022-12-11 22:08:15] [SEVERE ] player 0 placing token on slot 5
[2022-12-11 22:08:15] [SEVERE ] Key 83 was pressed by player 0
[2022-12-11 22:08:15] [SEVERE ] removing player 0 token from slot 5
[2022-12-11 22:08:15] [SEVERE ] Key 83 was pressed by player 0
[2022-12-11 22:08:15] [SEVERE ] player 0 placing token on slot 5
[2022-12-11 22:08:16] [SEVERE ] Key 83 was pressed by player 0
[2022-12-11 22:08:16] [SEVERE ] removing player 0 token from slot 5
[2022-12-11 22:08:16] [SEVERE ] Key 83 was pressed by player 0
[2022-12-11 22:08:16] [SEVERE ] player 0 placing token on slot 5
[2022-12-11 22:08:16] [SEVERE ] setting player 0 freeze to -1670789296565
[2022-12-11 22:08:16] [SEVERE ] setting player 1 freeze to -1670789296565
[2022-12-11 22:08:16] [SEVERE ] Key 83 was pressed by player 0
[2022-12-11 22:08:16] [SEVERE ] removing player 0 token from slot 5
[2022-12-11 22:08:16] [SEVERE ] Key 83 was pressed by player 0
[2022-12-11 22:08:16] [SEVERE ] player 0 placing token on slot 5
[2022-12-11 22:08:16] [SEVERE ] Key 83 was pressed by player 0
[2022-12-11 22:08:16] [SEVERE ] removing player 0 token from slot 5
[2022-12-11 22:08:16] [SEVERE ] Key 83 was pressed by player 0
[2022-12-11 22:08:16] [SEVERE ] player 0 placing token on slot 5
[2022-12-11 22:08:17] [SEVERE ] Key 83 was pressed by player 0
[2022-12-11 22:08:17] [SEVERE ] removing player 0 token from slot 5
[2022-12-11 22:08:17] [SEVERE ] Key 83 was pressed by player 0
[2022-12-11 22:08:17] [SEVERE ] player 0 placing token on slot 5
[2022-12-11 22:08:17] [SEVERE ] Key 75 was pressed by player 1
[2022-12-11 22:08:17] [SEVERE ] removing player 1 token from slot 5
[2022-12-11 22:08:17] [SEVERE ] Key 83 was pressed by player 0
[2022-12-11 22:08:17] [SEVERE ] removing player 0 token from slot 5
[2022-12-11 22:08:17] [SEVERE ] Key 83 was pressed by player 0
[2022-12-11 22:08:17] [SEVERE ] player 0 placing token on slot 5
[2022-12-11 22:08:17] [SEVERE ] setting player 0 freeze to -1670789297579
[2022-12-11 22:08:17] [SEVERE ] setting player 1 freeze to -1670789297579
[2022-12-11 22:08:17] [SEVERE ] Key 83 was pressed by player 0
[2022-12-11 22:08:17] [SEVERE ] removing player 0 token from slot 5
[2022-12-11 22:08:17] [SEVERE ] Key 83 was pressed by player 0
[2022-12-11 22:08:17] [SEVERE ] player 0 placing token on slot 5
[2022-12-11 22:08:18] [SEVERE ] Key 83 was pressed by player 0
[2022-12-11 22:08:18] [SEVERE ] removing player 0 token from slot 5
[2022-12-11 22:08:18] [SEVERE ] Key 83 was pressed by player 0
[2022-12-11 22:08:18] [SEVERE ] player 0 placing token on slot 5
[2022-12-11 22:08:18] [SEVERE ] Key 83 was pressed by player 0
[2022-12-11 22:08:18] [SEVERE ] removing player 0 token from slot 5
[2022-12-11 22:08:18] [SEVERE ] Key 83 was pressed by player 0
[2022-12-11 22:08:18] [SEVERE ] player 0 placing token on slot 5
[2022-12-11 22:08:18] [SEVERE ] setting player 0 freeze to -1670789298589
[2022-12-11 22:08:18] [SEVERE ] setting player 1 freeze to -1670789298589
[2022-12-11 22:08:18] [SEVERE ] Key 83 was pressed by player 0
[2022-12-11 22:08:18] [SEVERE ] removing player 0 token from slot 5
[2022-12-11 22:08:18] [SEVERE ] Key 83 was pressed by player 0
[2022-12-11 22:08:18] [SEVERE ] player 0 placing token on slot 5
[2022-12-11 22:08:18] [SEVERE ] Key 83 was pressed by player 0
[2022-12-11 22:08:18] [SEVERE ] removing player 0 token from slot 5
[2022-12-11 22:08:18] [SEVERE ] Key 75 was pressed by player 1
[2022-12-11 22:08:18] [SEVERE ] player 1 placing token on slot 5
[2022-12-11 22:08:19] [SEVERE ] Key 83 was pressed by player 0
[2022-12-11 22:08:19] [SEVERE ] player 0 placing token on slot 5
[2022-12-11 22:08:19] [SEVERE ] Key 83 was pressed by player 0
[2022-12-11 22:08:19] [SEVERE ] removing player 0 token from slot 5
[2022-12-11 22:08:19] [SEVERE ] Key 83 was pressed by player 0
[2022-12-11 22:08:19] [SEVERE ] player 0 placing token on slot 5
[2022-12-11 22:08:19] [SEVERE ] Key 83 was pressed by player 0
[2022-12-11 22:08:19] [SEVERE ] removing player 0 token from slot 5
[2022-12-11 22:08:19] [SEVERE ] setting player 0 freeze to -1670789299602
[2022-12-11 22:08:19] [SEVERE ] setting player 1 freeze to -1670789299602
[2022-12-11 22:08:19] [SEVERE ] Key 83 was pressed by player 0
[2022-12-11 22:08:19] [SEVERE ] player 0 placing token on slot 5
[2022-12-11 22:08:19] [SEVERE ] Key 83 was pressed by player 0
[2022-12-11 22:08:19] [SEVERE ] removing player 0 token from slot 5
[2022-12-11 22:08:19] [SEVERE ] Key 83 was pressed by player 0
[2022-12-11 22:08:19] [SEVERE ] player 0 placing token on slot 5
[2022-12-11 22:08:20] [SEVERE ] Key 83 was pressed by player 0
[2022-12-11 22:08:20] [SEVERE ] removing player 0 token from slot 5
[2022-12-11 22:08:20] [SEVERE ] Key 83 was pressed by player 0
[2022-12-11 22:08:20] [SEVERE ] player 0 placing token on slot 5
[2022-12-11 22:08:20] [SEVERE ] Key 83 was pressed by player 0
[2022-12-11 22:08:20] [SEVERE ] removing player 0 token from slot 5
[2022-12-11 22:08:20] [SEVERE ] Key 83 was pressed by player 0
[2022-12-11 22:08:20] [SEVERE ] player 0 placing token on slot 5
[2022-12-11 22:08:20] [SEVERE ] setting player 0 freeze to -1670789300609
[2022-12-11 22:08:20] [SEVERE ] setting player 1 freeze to -1670789300609
[2022-12-11 22:08:20] [SEVERE ] Key 83 was pressed by player 0
[2022-12-11 22:08:20] [SEVERE ] removing player 0 token from slot 5
[2022-12-11 22:08:20] [SEVERE ] Key 83 was pressed by player 0
[2022-12-11 22:08:20] [SEVERE ] player 0 placing token on slot 5
[2022-12-11 22:08:20] [SEVERE ] Key 75 was pressed by player 1
[2022-12-11 22:08:20] [SEVERE ] removing player 1 token from slot 5
[2022-12-11 22:08:21] [SEVERE ] Key 83 was pressed by player 0
[2022-12-11 22:08:21] [SEVERE ] removing player 0 token from slot 5
[2022-12-11 22:08:21] [SEVERE ] Key 83 was pressed by player 0
[2022-12-11 22:08:21] [SEVERE ] player 0 placing token on slot 5
[2022-12-11 22:08:21] [SEVERE ] Key 83 was pressed by player 0
[2022-12-11 22:08:21] [SEVERE ] removing player 0 token from slot 5
[2022-12-11 22:08:21] [SEVERE ] Key 83 was pressed by player 0
[2022-12-11 22:08:21] [SEVERE ] player 0 placing token on slot 5
[2022-12-11 22:08:21] [SEVERE ] setting player 0 freeze to -1670789301619
[2022-12-11 22:08:21] [SEVERE ] setting player 1 freeze to -1670789301619
[2022-12-11 22:08:21] [SEVERE ] Key 83 was pressed by player 0
[2022-12-11 22:08:21] [SEVERE ] removing player 0 token from slot 5
[2022-12-11 22:08:21] [SEVERE ] Key 83 was pressed by player 0
[2022-12-11 22:08:21] [SEVERE ] player 0 placing token on slot 5
[2022-12-11 22:08:21] [SEVERE ] Key 83 was pressed by player 0
[2022-12-11 22:08:21] [SEVERE ] removing player 0 token from slot 5
[2022-12-11 22:08:22] [SEVERE ] Key 83 was pressed by player 0
[2022-12-11 22:08:22] [SEVERE ] player 0 placing token on slot 5
[2022-12-11 22:08:22] [SEVERE ] Key 75 was pressed by player 1
[2022-12-11 22:08:22] [SEVERE ] player 1 placing token on slot 5
[2022-12-11 22:08:22] [SEVERE ] Key 83 was pressed by player 0
[2022-12-11 22:08:22] [SEVERE ] removing player 0 token from slot 5
[2022-12-11 22:08:22] [SEVERE ] Key 83 was pressed by player 0
[2022-12-11 22:08:22] [SEVERE ] player 0 placing token on slot 5
[2022-12-11 22:08:22] [SEVERE ] Key 83 was pressed by player 0
[2022-12-11 22:08:22] [SEVERE ] removing player 0 token from slot 5
[2022-12-11 22:08:22] [SEVERE ] setting player 0 freeze to -1670789302625
[2022-12-11 22:08:22] [SEVERE ] setting player 1 freeze to -1670789302625
[2022-12-11 22:08:22] [SEVERE ] Key 75 was pressed by player 1
[2022-12-11 22:08:22] [SEVERE ] removing player 1 token from slot 5
[2022-12-11 22:08:22] [SEVERE ] Key 75 was pressed by player 1
[2022-12-11 22:08:22] [SEVERE ] player 1 placing token on slot 5
[2022-12-11 22:08:22] [SEVERE ] Key 83 was pressed by player 0
[2022-12-11 22:08:22] [SEVERE ] player 0 placing token on slot 5
[2022-12-11 22:08:23] [SEVERE ] Key 75 was pressed by player 1
[2022-12-11 22:08:23] [SEVERE ] removing player 1 token from slot 5
[2022-12-11 22:08:23] [SEVERE ] Key 75 was pressed by player 1
[2022-12-11 22:08:23] [SEVERE ] player 1 placing token on slot 5
[2022-12-11 22:08:23] [SEVERE ] Key 83 was pressed by player 0
[2022-12-11 22:08:23] [SEVERE ] removing player 0 token from slot 5
[2022-12-11 22:08:23] [SEVERE ] Key 75 was pressed by player 1
[2022-12-11 22:08:23] [SEVERE ] removing player 1 token from slot 5
[2022-12-11 22:08:23] [SEVERE ] Key 75 was pressed by player 1
[2022-12-11 22:08:23] [SEVERE ] player 1 placing token on slot 5
[2022-12-11 22:08:23] [SEVERE ] Key 83 was pressed by player 0
[2022-12-11 22:08:23] [SEVERE ] player 0 placing token on slot 5
[2022-12-11 22:08:23] [SEVERE ] Key 74 was pressed by player 1
[2022-12-11 22:08:23] [SEVERE ] player 1 placing token on slot 4
[2022-12-11 22:08:23] [SEVERE ] setting player 0 freeze to -1670789303637
[2022-12-11 22:08:23] [SEVERE ] setting player 1 freeze to -1670789303637
[2022-12-11 22:08:23] [SEVERE ] Key 75 was pressed by player 1
[2022-12-11 22:08:23] [SEVERE ] removing player 1 token from slot 5
[2022-12-11 22:08:23] [SEVERE ] Key 83 was pressed by player 0
[2022-12-11 22:08:23] [SEVERE ] removing player 0 token from slot 5
[2022-12-11 22:08:23] [SEVERE ] Key 68 was pressed by player 0
[2022-12-11 22:08:23] [SEVERE ] player 0 placing token on slot 6
[2022-12-11 22:08:23] [SEVERE ] Key 74 was pressed by player 1
[2022-12-11 22:08:23] [SEVERE ] removing player 1 token from slot 4
[2022-12-11 22:08:23] [SEVERE ] Key 83 was pressed by player 0
[2022-12-11 22:08:23] [SEVERE ] player 0 placing token on slot 5
[2022-12-11 22:08:23] [SEVERE ] setting player 0 freeze to 3000
[2022-12-11 22:08:23] [SEVERE ] setting player 1 freeze to -1670789303903
[2022-12-11 22:08:23] [SEVERE ] Key 75 was pressed by player 1
[2022-12-11 22:08:23] [SEVERE ] player 1 placing token on slot 5
[2022-12-11 22:08:23] [SEVERE ] Key 68 was pressed by player 0
[2022-12-11 22:08:24] [SEVERE ] Key 74 was pressed by player 1
[2022-12-11 22:08:24] [SEVERE ] player 1 placing token on slot 4
[2022-12-11 22:08:24] [SEVERE ] Key 75 was pressed by player 1
[2022-12-11 22:08:24] [SEVERE ] removing player 1 token from slot 5
[2022-12-11 22:08:24] [SEVERE ] Key 83 was pressed by player 0
[2022-12-11 22:08:24] [SEVERE ] Key 74 was pressed by player 1
[2022-12-11 22:08:24] [SEVERE ] removing player 1 token from slot 4
[2022-12-11 22:08:24] [SEVERE ] Key 68 was pressed by player 0
[2022-12-11 22:08:24] [SEVERE ] Key 75 was pressed by player 1
[2022-12-11 22:08:24] [SEVERE ] player 1 placing token on slot 5
[2022-12-11 22:08:24] [SEVERE ] Key 83 was pressed by player 0
[2022-12-11 22:08:24] [SEVERE ] Key 68 was pressed by player 0
[2022-12-11 22:08:24] [SEVERE ] Key 74 was pressed by player 1
[2022-12-11 22:08:24] [SEVERE ] player 1 placing token on slot 4
[2022-12-11 22:08:24] [SEVERE ] Key 75 was pressed by player 1
[2022-12-11 22:08:24] [SEVERE ] removing player 1 token from slot 5
[2022-12-11 22:08:24] [SEVERE ] Key 83 was pressed by player 0
[2022-12-11 22:08:24] [SEVERE ] Key 68 was pressed by player 0
[2022-12-11 22:08:24] [SEVERE ] Key 74 was pressed by player 1
[2022-12-11 22:08:24] [SEVERE ] removing player 1 token from slot 4
[2022-12-11 22:08:24] [SEVERE ] Key 65 was pressed by player 0
[2022-12-11 22:08:24] [SEVERE ] Key 76 was pressed by player 1
[2022-12-11 22:08:24] [SEVERE ] player 1 placing token on slot 6
[2022-12-11 22:08:24] [SEVERE ] Key 68 was pressed by player 0
[2022-12-11 22:08:24] [SEVERE ] Key 74 was pressed by player 1
[2022-12-11 22:08:24] [SEVERE ] player 1 placing token on slot 4
[2022-12-11 22:08:24] [SEVERE ] Key 83 was pressed by player 0
[2022-12-11 22:08:24] [SEVERE ] Key 65 was pressed by player 0
[2022-12-11 22:08:24] [SEVERE ] Key 75 was pressed by player 1
[2022-12-11 22:08:24] [SEVERE ] player 1 placing token on slot 5
[2022-12-11 22:08:24] [SEVERE ] setting player 0 freeze to 2069
[2022-12-11 22:08:24] [SEVERE ] setting player 1 freeze to 3000
[2022-12-11 22:08:24] [SEVERE ] Key 68 was pressed by player 0
[2022-12-11 22:08:24] [SEVERE ] Key 76 was pressed by player 1
[2022-12-11 22:08:25] [SEVERE ] Key 87 was pressed by player 0
[2022-12-11 22:08:25] [SEVERE ] Key 85 was pressed by player 1
[2022-12-11 22:08:25] [SEVERE ] Key 81 was pressed by player 0
[2022-12-11 22:08:25] [SEVERE ] Key 69 was pressed by player 0
[2022-12-11 22:08:25] [SEVERE ] Key 73 was pressed by player 1
[2022-12-11 22:08:25] [SEVERE ] Key 79 was pressed by player 1
[2022-12-11 22:08:25] [SEVERE ] Key 69 was pressed by player 0
[2022-12-11 22:08:25] [SEVERE ] setting player 0 freeze to 1068
[2022-12-11 22:08:25] [SEVERE ] setting player 1 freeze to 1999
[2022-12-11 22:08:26] [SEVERE ] setting player 0 freeze to 53
[2022-12-11 22:08:26] [SEVERE ] setting player 1 freeze to 984
[2022-12-11 22:08:27] [SEVERE ] setting player 0 freeze to -960
[2022-12-11 22:08:27] [SEVERE ] setting player 1 freeze to -29
[2022-12-11 22:08:28] [SEVERE ] Key 74 was pressed by player 1
[2022-12-11 22:08:28] [SEVERE ] removing player 1 token from slot 4
[2022-12-11 22:08:28] [SEVERE ] Key 75 was pressed by player 1
[2022-12-11 22:08:28] [SEVERE ] removing player 1 token from slot 5
[2022-12-11 22:08:28] [SEVERE ] Key 76 was pressed by player 1
[2022-12-11 22:08:28] [SEVERE ] removing player 1 token from slot 6
[2022-12-11 22:08:28] [SEVERE ] setting player 0 freeze to -1970
[2022-12-11 22:08:28] [SEVERE ] setting player 1 freeze to -1039
[2022-12-11 22:08:29] [SEVERE ] Key 65 was pressed by player 0
[2022-12-11 22:08:29] [SEVERE ] removing player 0 token from slot 4
[2022-12-11 22:08:29] [SEVERE ] Key 83 was pressed by player 0
[2022-12-11 22:08:29] [SEVERE ] removing player 0 token from slot 5
[2022-12-11 22:08:29] [SEVERE ] Key 68 was pressed by player 0
[2022-12-11 22:08:29] [SEVERE ] removing player 0 token from slot 6
[2022-12-11 22:08:29] [SEVERE ] setting player 0 freeze to -2982
[2022-12-11 22:08:29] [SEVERE ] setting player 1 freeze to -2051
[2022-12-11 22:08:30] [SEVERE ] Key 69 was pressed by player 0
[2022-12-11 22:08:30] [SEVERE ] player 0 placing token on slot 2
[2022-12-11 22:08:30] [SEVERE ] Key 85 was pressed by player 1
[2022-12-11 22:08:30] [SEVERE ] player 1 placing token on slot 0
[2022-12-11 22:08:30] [SEVERE ] setting player 0 freeze to -3992
[2022-12-11 22:08:30] [SEVERE ] setting player 1 freeze to -3061
[2022-12-11 22:08:31] [SEVERE ] Key 87 was pressed by player 0
[2022-12-11 22:08:31] [SEVERE ] player 0 placing token on slot 1
[2022-12-11 22:08:31] [SEVERE ] Key 73 was pressed by player 1
[2022-12-11 22:08:31] [SEVERE ] player 1 placing token on slot 1
[2022-12-11 22:08:31] [SEVERE ] Key 83 was pressed by player 0
[2022-12-11 22:08:31] [SEVERE ] player 0 placing token on slot 5
[2022-12-11 22:08:31] [SEVERE ] setting player 0 freeze to 3000
[2022-12-11 22:08:31] [SEVERE ] setting player 1 freeze to -3940
[2022-12-11 22:08:31] [SEVERE ] Key 75 was pressed by player 1
[2022-12-11 22:08:31] [SEVERE ] player 1 placing token on slot 5
[2022-12-11 22:08:31] [SEVERE ] setting player 0 freeze to 2984
[2022-12-11 22:08:31] [SEVERE ] setting player 1 freeze to 3000
[2022-12-11 22:08:32] [SEVERE ] setting player 0 freeze to 1982
[2022-12-11 22:08:32] [SEVERE ] setting player 1 freeze to 1998
[2022-12-11 22:08:33] [SEVERE ] setting player 0 freeze to 970
[2022-12-11 22:08:33] [SEVERE ] setting player 1 freeze to 986
[2022-12-11 22:08:34] [SEVERE ] setting player 0 freeze to -41
[2022-12-11 22:08:34] [SEVERE ] setting player 1 freeze to -25
[2022-12-11 22:08:35] [SEVERE ] setting player 0 freeze to -1049
[2022-12-11 22:08:35] [SEVERE ] setting player 1 freeze to -1033
[2022-12-11 22:08:36] [SEVERE ] setting player 0 freeze to -2062
[2022-12-11 22:08:36] [SEVERE ] setting player 1 freeze to -2046
[2022-12-11 22:08:37] [SEVERE ] setting player 0 freeze to -3075
[2022-12-11 22:08:37] [SEVERE ] setting player 1 freeze to -3059
[2022-12-11 22:08:38] [SEVERE ] setting player 0 freeze to -4087
[2022-12-11 22:08:38] [SEVERE ] setting player 1 freeze to -4071
[2022-12-11 22:08:39] [SEVERE ] setting player 0 freeze to -5094
[2022-12-11 22:08:39] [SEVERE ] setting player 1 freeze to -5078
[2022-12-11 22:08:40] [SEVERE ] setting player 0 freeze to -6101
[2022-12-11 22:08:40] [SEVERE ] setting player 1 freeze to -6085
[2022-12-11 22:08:41] [SEVERE ] setting player 0 freeze to -7111
[2022-12-11 22:08:41] [SEVERE ] setting player 1 freeze to -7095
[2022-12-11 22:08:42] [SEVERE ] setting player 0 freeze to -8122
[2022-12-11 22:08:42] [SEVERE ] setting player 1 freeze to -8106
[2022-12-11 22:08:43] [SEVERE ] setting player 0 freeze to -9131
[2022-12-11 22:08:43] [SEVERE ] setting player 1 freeze to -9124
[2022-12-11 22:08:44] [SEVERE ] setting player 0 freeze to -10146
[2022-12-11 22:08:44] [SEVERE ] setting player 1 freeze to -10130
[2022-12-11 22:08:45] [SEVERE ] setting player 0 freeze to -11158
[2022-12-11 22:08:45] [SEVERE ] setting player 1 freeze to -11142
[2022-12-11 22:08:46] [SEVERE ] setting player 0 freeze to -12171
[2022-12-11 22:08:46] [SEVERE ] setting player 1 freeze to -12155
[2022-12-11 22:08:47] [SEVERE ] setting player 0 freeze to -13180
[2022-12-11 22:08:47] [SEVERE ] setting player 1 freeze to -13164
[2022-12-11 22:08:48] [SEVERE ] setting player 0 freeze to -14190
[2022-12-11 22:08:48] [SEVERE ] setting player 1 freeze to -14174
[2022-12-11 22:08:49] [SEVERE ] setting player 0 freeze to -15200
[2022-12-11 22:08:49] [SEVERE ] setting player 1 freeze to -15184
[2022-12-11 22:08:50] [SEVERE ] setting player 0 freeze to -16204
[2022-12-11 22:08:50] [SEVERE ] setting player 1 freeze to -16188
[2022-12-11 22:08:51] [SEVERE ] setting player 0 freeze to -17212
[2022-12-11 22:08:51] [SEVERE ] setting player 1 freeze to -17196
[2022-12-11 22:08:52] [SEVERE ] setting player 0 freeze to -18217
[2022-12-11 22:08:52] [SEVERE ] setting player 1 freeze to -18201
[2022-12-11 22:08:53] [SEVERE ] setting player 0 freeze to -19227
[2022-12-11 22:08:53] [SEVERE ] setting player 1 freeze to -19211
[2022-12-11 22:08:55] [SEVERE ] setting player 0 freeze to -20236
[2022-12-11 22:08:55] [SEVERE ] setting player 1 freeze to -20220
[2022-12-11 22:08:56] [SEVERE ] setting player 0 freeze to -21243
[2022-12-11 22:08:56] [SEVERE ] setting player 1 freeze to -21227
[2022-12-11 22:08:57] [SEVERE ] setting player 0 freeze to -22254
[2022-12-11 22:08:57] [SEVERE ] setting player 1 freeze to -22238
[2022-12-11 22:08:58] [SEVERE ] setting player 0 freeze to -23269
[2022-12-11 22:08:58] [SEVERE ] setting player 1 freeze to -23253
[2022-12-11 22:08:59] [SEVERE ] setting player 0 freeze to -24278
[2022-12-11 22:08:59] [SEVERE ] setting player 1 freeze to -24262
[2022-12-11 22:09:00] [SEVERE ] setting player 0 freeze to -25292
[2022-12-11 22:09:00] [SEVERE ] setting player 1 freeze to -25276
[2022-12-11 22:09:01] [SEVERE ] setting player 0 freeze to -26296
[2022-12-11 22:09:01] [SEVERE ] setting player 1 freeze to -26280
[2022-12-11 22:09:02] [SEVERE ] setting player 0 freeze to -27306
[2022-12-11 22:09:02] [SEVERE ] setting player 1 freeze to -27290
[2022-12-11 22:09:03] [SEVERE ] setting player 0 freeze to -28318
[2022-12-11 22:09:03] [SEVERE ] setting player 1 freeze to -28302
[2022-12-11 22:09:04] [SEVERE ] setting player 0 freeze to -29328
[2022-12-11 22:09:04] [SEVERE ] setting player 1 freeze to -29312
[2022-12-11 22:09:05] [SEVERE ] setting player 0 freeze to -30337
[2022-12-11 22:09:05] [SEVERE ] setting player 1 freeze to -30321
[2022-12-11 22:09:05] [SEVERE ] setting player 0 freeze to -30337
[2022-12-11 22:09:05] [SEVERE ] setting player 1 freeze to -30321
[2022-12-11 22:09:05] [SEVERE ] removing player 0 token from slot 1
[2022-12-11 22:09:05] [SEVERE ] removing player 0 token from slot 2
[2022-12-11 22:09:05] [SEVERE ] removing player 0 token from slot 5
[2022-12-11 22:09:05] [SEVERE ] removing player 1 token from slot 0
[2022-12-11 22:09:05] [SEVERE ] removing player 1 token from slot 1
[2022-12-11 22:09:05] [SEVERE ] removing player 1 token from slot 5
[2022-12-11 22:09:05] [SEVERE ] removing card from slot 0
[2022-12-11 22:09:05] [SEVERE ] removing card from slot 1
[2022-12-11 22:09:05] [SEVERE ] removing card from slot 2
[2022-12-11 22:09:05] [SEVERE ] removing card from slot 3
[2022-12-11 22:09:05] [SEVERE ] removing card from slot 4
[2022-12-11 22:09:05] [SEVERE ] removing card from slot 5
[2022-12-11 22:09:05] [SEVERE ] removing card from slot 6
[2022-12-11 22:09:05] [SEVERE ] removing card from slot 7
[2022-12-11 22:09:06] [SEVERE ] removing card from slot 8
[2022-12-11 22:09:06] [SEVERE ] removing card from slot 9
[2022-12-11 22:09:06] [SEVERE ] removing card from slot 10
[2022-12-11 22:09:06] [SEVERE ] removing card from slot 11
[2022-12-11 22:09:06] [SEVERE ] setting player 0 freeze to -1670789346416
[2022-12-11 22:09:06] [SEVERE ] setting player 1 freeze to -1670789346416
[2022-12-11 22:09:06] [SEVERE ] placing card 8 in slot 0
[2022-12-11 22:09:06] [SEVERE ] placing card 43 in slot 1
[2022-12-11 22:09:06] [SEVERE ] placing card 27 in slot 2
[2022-12-11 22:09:06] [SEVERE ] placing card 51 in slot 3
[2022-12-11 22:09:06] [SEVERE ] placing card 17 in slot 4
[2022-12-11 22:09:07] [SEVERE ] placing card 32 in slot 5
[2022-12-11 22:09:07] [SEVERE ] placing card 46 in slot 6
[2022-12-11 22:09:07] [SEVERE ] placing card 41 in slot 7
[2022-12-11 22:09:07] [SEVERE ] placing card 47 in slot 8
[2022-12-11 22:09:07] [SEVERE ] placing card 67 in slot 9
[2022-12-11 22:09:07] [SEVERE ] placing card 44 in slot 10
[2022-12-11 22:09:07] [SEVERE ] placing card 70 in slot 11
[2022-12-11 22:09:07] [SEVERE ] setting player 0 freeze to -1670789347725
[2022-12-11 22:09:07] [SEVERE ] setting player 1 freeze to -1670789347725
[2022-12-11 22:09:08] [SEVERE ] setting player 0 freeze to -1670789348738
[2022-12-11 22:09:08] [SEVERE ] setting player 1 freeze to -1670789348738
[2022-12-11 22:09:09] [SEVERE ] setting player 0 freeze to -1670789349750
[2022-12-11 22:09:09] [SEVERE ] setting player 1 freeze to -1670789349750
[2022-12-11 22:09:10] [SEVERE ] setting player 0 freeze to -1670789350759
[2022-12-11 22:09:10] [SEVERE ] setting player 1 freeze to -1670789350759
[2022-12-11 22:09:11] [SEVERE ] Exit button pressed
[2022-12-11 22:09:11] [SEVERE ] setting player 0 freeze to -1670789351772
[2022-12-11 22:09:11] [SEVERE ] setting player 1 freeze to -1670789351772
[2022-12-11 22:09:11] [SEVERE ] setting player 0 freeze to -1670789351772
[2022-12-11 22:09:11] [SEVERE ] setting player 1 freeze to -1670789351772
[2022-12-11 22:09:11] [SEVERE ] removing card from slot 0
[2022-12-11 22:09:11] [SEVERE ] removing card from slot 1
[2022-12-11 22:09:12] [SEVERE ] removing card from slot 2
[2022-12-11 22:09:12] [SEVERE ] removing card from slot 3
[2022-12-11 22:09:12] [SEVERE ] removing card from slot 4
[2022-12-11 22:09:12] [SEVERE ] removing card from slot 5
[2022-12-11 22:09:12] [SEVERE ] removing card from slot 6
[2022-12-11 22:09:12] [SEVERE ] removing card from slot 7
[2022-12-11 22:09:12] [SEVERE ] removing card from slot 8
[2022-12-11 22:09:12] [SEVERE ] removing card from slot 9
[2022-12-11 22:09:12] [SEVERE ] removing card from slot 10
[2022-12-11 22:09:13] [SEVERE ] removing card from slot 11
[2022-12-11 22:09:13] [SEVERE ] setting player 0 freeze to -1670789353094
[2022-12-11 22:09:13] [SEVERE ] setting player 1 freeze to -1670789353094
[2022-12-11 22:09:13] [INFO   ] Thread main terminated.
