[2022-12-11 20:08:46] [INFO   ] cannot read configuration file config.properties trying from resources.
[2022-12-11 20:08:46] [INFO   ] configuration file was loaded from resources directory.
[2022-12-11 20:08:46] [SEVERE ] placing card 32 in slot 0
[2022-12-11 20:08:46] [SEVERE ] placing card 62 in slot 1
[2022-12-11 20:08:46] [SEVERE ] placing card 73 in slot 2
[2022-12-11 20:08:47] [SEVERE ] placing card 46 in slot 3
[2022-12-11 20:08:47] [SEVERE ] placing card 80 in slot 4
[2022-12-11 20:08:47] [SEVERE ] placing card 57 in slot 5
[2022-12-11 20:08:47] [SEVERE ] placing card 68 in slot 6
[2022-12-11 20:08:47] [SEVERE ] placing card 28 in slot 7
[2022-12-11 20:08:47] [SEVERE ] placing card 6 in slot 8
[2022-12-11 20:08:47] [SEVERE ] placing card 66 in slot 9
[2022-12-11 20:08:47] [SEVERE ] Key 65 was pressed by player 0
[2022-12-11 20:08:47] [SEVERE ] placing card 78 in slot 10
[2022-12-11 20:08:47] [SEVERE ] Key 83 was pressed by player 0
[2022-12-11 20:08:47] [SEVERE ] Key 68 was pressed by player 0
[2022-12-11 20:08:47] [SEVERE ] placing card 26 in slot 11
[2022-12-11 20:08:47] [SEVERE ] setting player 0 freeze to -1670782127956
[2022-12-11 20:08:47] [SEVERE ] setting player 1 freeze to -1670782127957
[2022-12-11 20:08:48] [SEVERE ] Key 65 was pressed by player 0
[2022-12-11 20:08:48] [SEVERE ] player 0 placing token on slot 4
[2022-12-11 20:08:48] [SEVERE ] setting player 0 freeze to -1670782128980
[2022-12-11 20:08:48] [SEVERE ] setting player 1 freeze to -1670782128981
[2022-12-11 20:08:49] [SEVERE ] Key 83 was pressed by player 0
[2022-12-11 20:08:49] [SEVERE ] player 0 placing token on slot 5
[2022-12-11 20:08:49] [SEVERE ] Key 68 was pressed by player 0
[2022-12-11 20:08:49] [SEVERE ] player 0 placing token on slot 6
