[2022-12-11 18:28:22] [INFO   ] cannot read configuration file config.properties trying from resources.
[2022-12-11 18:28:22] [INFO   ] configuration file was loaded from resources directory.
[2022-12-11 18:28:23] [SEVERE ] placing card 79 in slot 0
[2022-12-11 18:28:23] [SEVERE ] placing card 21 in slot 1
[2022-12-11 18:28:23] [SEVERE ] placing card 6 in slot 2
[2022-12-11 18:28:23] [SEVERE ] placing card 7 in slot 3
[2022-12-11 18:28:23] [SEVERE ] placing card 55 in slot 4
[2022-12-11 18:28:23] [SEVERE ] placing card 45 in slot 5
[2022-12-11 18:28:24] [SEVERE ] placing card 73 in slot 6
[2022-12-11 18:28:24] [SEVERE ] placing card 5 in slot 7
[2022-12-11 18:28:24] [SEVERE ] placing card 77 in slot 8
[2022-12-11 18:28:24] [SEVERE ] placing card 42 in slot 9
[2022-12-11 18:28:24] [SEVERE ] placing card 80 in slot 10
[2022-12-11 18:28:24] [SEVERE ] placing card 60 in slot 11
[2022-12-11 18:28:24] [SEVERE ] setting player 0 freeze to -1670776104654
[2022-12-11 18:28:24] [SEVERE ] setting player 1 freeze to -1670776104655
[2022-12-11 18:28:25] [SEVERE ] setting player 0 freeze to -1670776105670
[2022-12-11 18:28:25] [SEVERE ] setting player 1 freeze to -1670776105670
[2022-12-11 18:28:26] [SEVERE ] setting player 0 freeze to -1670776106679
[2022-12-11 18:28:26] [SEVERE ] setting player 1 freeze to -1670776106680
[2022-12-11 18:28:27] [SEVERE ] setting player 0 freeze to -1670776107691
[2022-12-11 18:28:27] [SEVERE ] setting player 1 freeze to -1670776107692
[2022-12-11 18:28:28] [SEVERE ] setting player 0 freeze to -1670776108705
[2022-12-11 18:28:28] [SEVERE ] setting player 1 freeze to -1670776108705
[2022-12-11 18:28:29] [SEVERE ] setting player 0 freeze to -1670776109720
[2022-12-11 18:28:29] [SEVERE ] setting player 1 freeze to -1670776109720
[2022-12-11 18:28:30] [SEVERE ] setting player 0 freeze to -1670776110729
[2022-12-11 18:28:30] [SEVERE ] setting player 1 freeze to -1670776110730
[2022-12-11 18:28:31] [SEVERE ] setting player 0 freeze to -1670776111736
[2022-12-11 18:28:31] [SEVERE ] setting player 1 freeze to -1670776111737
[2022-12-11 18:28:32] [SEVERE ] setting player 0 freeze to -1670776112748
[2022-12-11 18:28:32] [SEVERE ] setting player 1 freeze to -1670776112749
[2022-12-11 18:28:33] [SEVERE ] setting player 0 freeze to -1670776113764
[2022-12-11 18:28:33] [SEVERE ] setting player 1 freeze to -1670776113765
[2022-12-11 18:28:34] [SEVERE ] setting player 0 freeze to -1670776114776
[2022-12-11 18:28:34] [SEVERE ] setting player 1 freeze to -1670776114777
[2022-12-11 18:28:35] [SEVERE ] setting player 0 freeze to -1670776115787
[2022-12-11 18:28:35] [SEVERE ] setting player 1 freeze to -1670776115788
[2022-12-11 18:28:36] [SEVERE ] setting player 0 freeze to -1670776116800
[2022-12-11 18:28:36] [SEVERE ] setting player 1 freeze to -1670776116800
[2022-12-11 18:28:37] [SEVERE ] Key 65 was pressed by player 0
[2022-12-11 18:28:37] [SEVERE ] player 0 placing token on slot 4
[2022-12-11 18:28:37] [SEVERE ] Key 83 was pressed by player 0
[2022-12-11 18:28:37] [SEVERE ] player 0 placing token on slot 5
[2022-12-11 18:28:37] [SEVERE ] Key 68 was pressed by player 0
[2022-12-11 18:28:37] [SEVERE ] player 0 placing token on slot 6
[2022-12-11 18:28:37] [SEVERE ] setting player 0 freeze to 3000
[2022-12-11 18:28:37] [SEVERE ] setting player 1 freeze to -1670776117811
[2022-12-11 18:28:38] [SEVERE ] setting player 0 freeze to 1995
[2022-12-11 18:28:38] [SEVERE ] setting player 1 freeze to -1670776118816
[2022-12-11 18:28:39] [SEVERE ] setting player 0 freeze to 982
[2022-12-11 18:28:39] [SEVERE ] setting player 1 freeze to -1670776119829
[2022-12-11 18:28:40] [SEVERE ] setting player 0 freeze to -26
[2022-12-11 18:28:40] [SEVERE ] setting player 1 freeze to -1670776120837
[2022-12-11 18:28:41] [SEVERE ] setting player 0 freeze to -1037
[2022-12-11 18:28:41] [SEVERE ] setting player 1 freeze to -1670776121847
[2022-12-11 18:28:42] [SEVERE ] Key 74 was pressed by player 1
[2022-12-11 18:28:42] [SEVERE ] player 1 placing token on slot 4
[2022-12-11 18:28:42] [SEVERE ] Key 74 was pressed by player 1
[2022-12-11 18:28:42] [SEVERE ] removing player 1 token from slot 4
[2022-12-11 18:28:42] [SEVERE ] setting player 0 freeze to -2053
[2022-12-11 18:28:42] [SEVERE ] setting player 1 freeze to -1670776122864
[2022-12-11 18:28:43] [SEVERE ] Key 76 was pressed by player 1
[2022-12-11 18:28:43] [SEVERE ] player 1 placing token on slot 6
[2022-12-11 18:28:43] [SEVERE ] setting player 0 freeze to -3063
[2022-12-11 18:28:43] [SEVERE ] setting player 1 freeze to -1670776123873
[2022-12-11 18:28:44] [SEVERE ] Key 59 was pressed by player 1
[2022-12-11 18:28:44] [SEVERE ] player 1 placing token on slot 7
[2022-12-11 18:28:44] [SEVERE ] setting player 0 freeze to -4077
[2022-12-11 18:28:44] [SEVERE ] setting player 1 freeze to -1670776124888
[2022-12-11 18:28:45] [SEVERE ] Key 77 was pressed by player 1
[2022-12-11 18:28:45] [SEVERE ] player 1 placing token on slot 8
[2022-12-11 18:28:45] [SEVERE ] setting player 1 score to 1
[2022-12-11 18:28:45] [SEVERE ] setting player 0 freeze to -5089
[2022-12-11 18:28:45] [SEVERE ] setting player 1 freeze to 999
[2022-12-11 18:28:46] [SEVERE ] setting player 0 freeze to -6098
[2022-12-11 18:28:46] [SEVERE ] setting player 1 freeze to -10
[2022-12-11 18:28:47] [SEVERE ] Key 77 was pressed by player 1
[2022-12-11 18:28:47] [SEVERE ] player 1 placing token on slot 8
[2022-12-11 18:28:47] [SEVERE ] setting player 0 freeze to -7109
[2022-12-11 18:28:47] [SEVERE ] setting player 1 freeze to -1022
[2022-12-11 18:28:48] [SEVERE ] setting player 0 freeze to -8121
[2022-12-11 18:28:48] [SEVERE ] setting player 1 freeze to -2034
[2022-12-11 18:28:49] [SEVERE ] setting player 0 freeze to -9135
[2022-12-11 18:28:49] [SEVERE ] setting player 1 freeze to -3047
[2022-12-11 18:28:50] [SEVERE ] Key 77 was pressed by player 1
[2022-12-11 18:28:50] [SEVERE ] removing player 1 token from slot 8
[2022-12-11 18:28:50] [SEVERE ] Key 44 was pressed by player 1
[2022-12-11 18:28:50] [SEVERE ] player 1 placing token on slot 9
[2022-12-11 18:28:50] [SEVERE ] setting player 0 freeze to -10147
[2022-12-11 18:28:50] [SEVERE ] setting player 1 freeze to -4060
[2022-12-11 18:28:51] [SEVERE ] setting player 0 freeze to -11160
[2022-12-11 18:28:51] [SEVERE ] setting player 1 freeze to -5073
[2022-12-11 18:28:52] [SEVERE ] setting player 0 freeze to -12165
[2022-12-11 18:28:52] [SEVERE ] setting player 1 freeze to -6078
[2022-12-11 18:28:53] [SEVERE ] setting player 0 freeze to -13177
[2022-12-11 18:28:53] [SEVERE ] setting player 1 freeze to -7089
[2022-12-11 18:28:54] [SEVERE ] Key 44 was pressed by player 1
[2022-12-11 18:28:54] [SEVERE ] removing player 1 token from slot 9
[2022-12-11 18:28:54] [SEVERE ] setting player 0 freeze to -14188
[2022-12-11 18:28:54] [SEVERE ] setting player 1 freeze to -8101
[2022-12-11 18:28:54] [SEVERE ] setting player 0 freeze to -14189
[2022-12-11 18:28:54] [SEVERE ] setting player 1 freeze to -8102
[2022-12-11 18:28:55] [SEVERE ] removing card from slot 0
[2022-12-11 18:28:55] [SEVERE ] Key 59 was pressed by player 1
[2022-12-11 18:28:55] [SEVERE ] removing card from slot 1
[2022-12-11 18:28:55] [SEVERE ] removing card from slot 2
[2022-12-11 18:28:55] [SEVERE ] Key 76 was pressed by player 1
[2022-12-11 18:28:55] [SEVERE ] removing card from slot 3
[2022-12-11 18:28:55] [SEVERE ] removing card from slot 4
[2022-12-11 18:28:55] [SEVERE ] removing card from slot 5
[2022-12-11 18:28:55] [SEVERE ] removing card from slot 6
[2022-12-11 18:28:55] [SEVERE ] removing card from slot 7
[2022-12-11 18:28:55] [SEVERE ] removing card from slot 8
[2022-12-11 18:28:56] [SEVERE ] removing card from slot 9
[2022-12-11 18:28:56] [SEVERE ] removing card from slot 10
[2022-12-11 18:28:56] [SEVERE ] removing card from slot 11
[2022-12-11 18:28:56] [SEVERE ] removing player 0 token from slot 4
[2022-12-11 18:28:56] [SEVERE ] removing player 0 token from slot 5
[2022-12-11 18:28:56] [SEVERE ] setting player 0 freeze to -1670776136304
[2022-12-11 18:28:56] [SEVERE ] setting player 1 freeze to -1670776136305
[2022-12-11 18:28:56] [SEVERE ] placing card 34 in slot 0
[2022-12-11 18:28:56] [SEVERE ] placing card 26 in slot 1
[2022-12-11 18:28:56] [SEVERE ] placing card 38 in slot 2
[2022-12-11 18:28:56] [SEVERE ] placing card 43 in slot 3
[2022-12-11 18:28:56] [SEVERE ] placing card 62 in slot 4
[2022-12-11 18:28:56] [SEVERE ] placing card 41 in slot 5
[2022-12-11 18:28:57] [SEVERE ] placing card 58 in slot 6
[2022-12-11 18:28:57] [SEVERE ] placing card 44 in slot 7
[2022-12-11 18:28:57] [SEVERE ] placing card 16 in slot 8
[2022-12-11 18:28:57] [SEVERE ] placing card 33 in slot 9
[2022-12-11 18:28:57] [SEVERE ] placing card 54 in slot 10
[2022-12-11 18:28:57] [SEVERE ] placing card 63 in slot 11
[2022-12-11 18:28:57] [SEVERE ] setting player 0 freeze to -1670776137606
[2022-12-11 18:28:57] [SEVERE ] setting player 1 freeze to -1670776137606
[2022-12-11 18:28:58] [SEVERE ] setting player 0 freeze to -1670776138619
[2022-12-11 18:28:58] [SEVERE ] setting player 1 freeze to -1670776138619
[2022-12-11 18:28:59] [SEVERE ] setting player 0 freeze to -1670776139633
[2022-12-11 18:28:59] [SEVERE ] setting player 1 freeze to -1670776139633
[2022-12-11 18:29:00] [SEVERE ] setting player 0 freeze to -1670776140645
[2022-12-11 18:29:00] [SEVERE ] setting player 1 freeze to -1670776140645
[2022-12-11 18:29:01] [SEVERE ] setting player 0 freeze to -1670776141655
[2022-12-11 18:29:01] [SEVERE ] setting player 1 freeze to -1670776141656
[2022-12-11 18:29:02] [SEVERE ] setting player 0 freeze to -1670776142663
[2022-12-11 18:29:02] [SEVERE ] setting player 1 freeze to -1670776142664
[2022-12-11 18:29:03] [SEVERE ] Key 81 was pressed by player 0
[2022-12-11 18:29:03] [SEVERE ] player 0 placing token on slot 0
[2022-12-11 18:29:03] [SEVERE ] setting player 0 freeze to -1670776143672
[2022-12-11 18:29:03] [SEVERE ] setting player 1 freeze to -1670776143673
[2022-12-11 18:29:03] [SEVERE ] Key 87 was pressed by player 0
[2022-12-11 18:29:03] [SEVERE ] player 0 placing token on slot 1
[2022-12-11 18:29:04] [SEVERE ] Key 69 was pressed by player 0
[2022-12-11 18:29:04] [SEVERE ] player 0 placing token on slot 2
[2022-12-11 18:29:04] [SEVERE ] setting player 0 score to 1
[2022-12-11 18:29:04] [SEVERE ] setting player 0 freeze to 999
[2022-12-11 18:29:04] [SEVERE ] setting player 1 freeze to -1670776144684
[2022-12-11 18:29:05] [SEVERE ] setting player 0 freeze to -12
[2022-12-11 18:29:05] [SEVERE ] setting player 1 freeze to -1670776145695
[2022-12-11 18:29:06] [SEVERE ] setting player 0 freeze to -1022
[2022-12-11 18:29:06] [SEVERE ] setting player 1 freeze to -1670776146706
[2022-12-11 18:29:07] [SEVERE ] setting player 0 freeze to -2036
[2022-12-11 18:29:07] [SEVERE ] setting player 1 freeze to -1670776147720
[2022-12-11 18:29:08] [SEVERE ] setting player 0 freeze to -3046
[2022-12-11 18:29:08] [SEVERE ] setting player 1 freeze to -1670776148730
[2022-12-11 18:29:09] [SEVERE ] Key 81 was pressed by player 0
[2022-12-11 18:29:09] [SEVERE ] player 0 placing token on slot 0
[2022-12-11 18:29:09] [SEVERE ] setting player 0 freeze to -4056
[2022-12-11 18:29:09] [SEVERE ] setting player 1 freeze to -1670776149739
[2022-12-11 18:29:10] [SEVERE ] Key 87 was pressed by player 0
[2022-12-11 18:29:10] [SEVERE ] player 0 placing token on slot 1
[2022-12-11 18:29:10] [SEVERE ] Key 69 was pressed by player 0
[2022-12-11 18:29:10] [SEVERE ] player 0 placing token on slot 2
[2022-12-11 18:29:10] [SEVERE ] setting player 0 score to 2
[2022-12-11 18:29:10] [SEVERE ] setting player 0 freeze to 999
[2022-12-11 18:29:10] [SEVERE ] setting player 1 freeze to -1670776150753
[2022-12-11 18:29:11] [SEVERE ] setting player 0 freeze to -13
[2022-12-11 18:29:11] [SEVERE ] setting player 1 freeze to -1670776151766
[2022-12-11 18:29:12] [SEVERE ] setting player 0 freeze to -1024
[2022-12-11 18:29:12] [SEVERE ] setting player 1 freeze to -1670776152777
[2022-12-11 18:29:13] [SEVERE ] setting player 0 freeze to -2038
[2022-12-11 18:29:13] [SEVERE ] setting player 1 freeze to -1670776153791
[2022-12-11 18:29:14] [SEVERE ] setting player 0 freeze to -3048
[2022-12-11 18:29:14] [SEVERE ] setting player 1 freeze to -1670776154801
[2022-12-11 18:29:15] [SEVERE ] setting player 0 freeze to -4056
[2022-12-11 18:29:15] [SEVERE ] setting player 1 freeze to -1670776155819
[2022-12-11 18:29:16] [SEVERE ] Key 81 was pressed by player 0
[2022-12-11 18:29:16] [SEVERE ] player 0 placing token on slot 0
[2022-12-11 18:29:16] [SEVERE ] Key 81 was pressed by player 0
[2022-12-11 18:29:16] [SEVERE ] removing player 0 token from slot 0
[2022-12-11 18:29:16] [SEVERE ] Key 81 was pressed by player 0
[2022-12-11 18:29:16] [SEVERE ] player 0 placing token on slot 0
[2022-12-11 18:29:16] [SEVERE ] setting player 0 freeze to -5068
[2022-12-11 18:29:16] [SEVERE ] setting player 1 freeze to -1670776156821
[2022-12-11 18:29:17] [SEVERE ] setting player 0 freeze to -6077
[2022-12-11 18:29:17] [SEVERE ] setting player 1 freeze to -1670776157829
[2022-12-11 18:29:18] [SEVERE ] setting player 0 freeze to -7087
[2022-12-11 18:29:18] [SEVERE ] setting player 1 freeze to -1670776158839
[2022-12-11 18:29:19] [SEVERE ] Key 69 was pressed by player 0
[2022-12-11 18:29:19] [SEVERE ] player 0 placing token on slot 2
[2022-12-11 18:29:19] [SEVERE ] Key 87 was pressed by player 0
[2022-12-11 18:29:19] [SEVERE ] player 0 placing token on slot 1
[2022-12-11 18:29:19] [SEVERE ] Key 81 was pressed by player 0
[2022-12-11 18:29:19] [SEVERE ] removing player 0 token from slot 0
[2022-12-11 18:29:19] [SEVERE ] setting player 0 freeze to -8102
[2022-12-11 18:29:19] [SEVERE ] setting player 1 freeze to -1670776159854
[2022-12-11 18:29:20] [SEVERE ] Key 81 was pressed by player 0
[2022-12-11 18:29:20] [SEVERE ] player 0 placing token on slot 0
[2022-12-11 18:29:20] [SEVERE ] Key 87 was pressed by player 0
[2022-12-11 18:29:20] [SEVERE ] removing player 0 token from slot 1
[2022-12-11 18:29:20] [SEVERE ] Key 69 was pressed by player 0
[2022-12-11 18:29:20] [SEVERE ] removing player 0 token from slot 2
[2022-12-11 18:29:20] [SEVERE ] setting player 0 freeze to -9116
[2022-12-11 18:29:20] [SEVERE ] setting player 1 freeze to -1670776160868
[2022-12-11 18:29:20] [SEVERE ] Key 81 was pressed by player 0
[2022-12-11 18:29:20] [SEVERE ] removing player 0 token from slot 0
[2022-12-11 18:29:21] [SEVERE ] setting player 0 freeze to -10129
[2022-12-11 18:29:21] [SEVERE ] setting player 1 freeze to -1670776161882
